ARM GAS  C:\Users\Javier\AppData\Local\Temp\ccqGjbWS.s 			page 1


   1              		.syntax unified
   2              		.cpu cortex-m3
   3              		.fpu softvfp
   4              		.eabi_attribute 20, 1
   5              		.eabi_attribute 21, 1
   6              		.eabi_attribute 23, 3
   7              		.eabi_attribute 24, 1
   8              		.eabi_attribute 25, 1
   9              		.eabi_attribute 26, 1
  10              		.eabi_attribute 30, 1
  11              		.eabi_attribute 34, 1
  12              		.eabi_attribute 18, 4
  13              		.thumb
  14              		.file	"gnome.c"
  15              		.text
  16              	.Ltext0:
  17              		.cfi_sections	.debug_frame
  18              		.section	.text.gnome_switch_clk,"ax",%progbits
  19              		.align	2
  20              		.global	gnome_switch_clk
  21              		.thumb
  22              		.thumb_func
  23              		.type	gnome_switch_clk, %function
  24              	gnome_switch_clk:
  25              	.LFB63:
  26              		.file 1 ".\\gnome.c"
   1:.\gnome.c     **** /* ========================================
   2:.\gnome.c     ****  *
   3:.\gnome.c     ****  * Copyright YOUR COMPANY, THE YEAR
   4:.\gnome.c     ****  * All Rights Reserved
   5:.\gnome.c     ****  * UNPUBLISHED, LICENSED SOFTWARE.
   6:.\gnome.c     ****  *
   7:.\gnome.c     ****  * CONFIDENTIAL AND PROPRIETARY INFORMATION
   8:.\gnome.c     ****  * WHICH IS THE PROPERTY OF your company.
   9:.\gnome.c     ****  *
  10:.\gnome.c     ****  * ========================================
  11:.\gnome.c     **** */
  12:.\gnome.c     **** 
  13:.\gnome.c     **** #include "gnome.h"
  14:.\gnome.c     **** #include "gnome_config.h"
  15:.\gnome.c     **** #include "gnome_inst_decoder.h"
  16:.\gnome.c     **** #include "gnome_execute.h"
  17:.\gnome.c     **** #include "gnome_memory.h"
  18:.\gnome.c     **** #include "gnome_lcd.h"
  19:.\gnome.c     **** #include "gnome_debug.h"
  20:.\gnome.c     **** #include "gnome_it.h"
  21:.\gnome.c     **** 
  22:.\gnome.c     **** void gnome_switch_clk() {
  27              		.loc 1 22 0
  28              		.cfi_startproc
  29              		@ args = 0, pretend = 0, frame = 0
  30              		@ frame_needed = 0, uses_anonymous_args = 0
  31              		@ link register save eliminated.
  32 0000 7047     		bx	lr
  33              		.cfi_endproc
  34              	.LFE63:
  35              		.size	gnome_switch_clk, .-gnome_switch_clk
ARM GAS  C:\Users\Javier\AppData\Local\Temp\ccqGjbWS.s 			page 2


  36 0002 00BF     		.section	.text.gnome_assert_reset,"ax",%progbits
  37              		.align	2
  38              		.global	gnome_assert_reset
  39              		.thumb
  40              		.thumb_func
  41              		.type	gnome_assert_reset, %function
  42              	gnome_assert_reset:
  43              	.LFB64:
  23:.\gnome.c     ****     #ifndef GNOME_VIA_GNOME_CLK_OPT_OUT 
  24:.\gnome.c     ****         // Set CLK pointer
  25:.\gnome.c     ****         reg8 *clk = GNOME_VIA_GNOME_CLK_ADDR;
  26:.\gnome.c     ****         *clk = !*clk;
  27:.\gnome.c     ****     #endif
  28:.\gnome.c     **** }
  29:.\gnome.c     **** 
  30:.\gnome.c     **** void gnome_assert_reset() {
  44              		.loc 1 30 0
  45              		.cfi_startproc
  46              		@ args = 0, pretend = 0, frame = 0
  47              		@ frame_needed = 0, uses_anonymous_args = 0
  48              		.loc 1 30 0
  49 0000 10B5     		push	{r4, lr}
  50              		.cfi_def_cfa_offset 8
  51              		.cfi_offset 4, -8
  52              		.cfi_offset 14, -4
  53              	.LVL0:
  31:.\gnome.c     ****     #ifndef GNOME_VIA_GNOME_RES_OPT_OUT 
  32:.\gnome.c     ****         // Set CLK pointer
  33:.\gnome.c     ****         reg8 *res = GNOME_VIA_GNOME_RES_ADDR;
  34:.\gnome.c     ****         *res = 1;
  54              		.loc 1 34 0
  55 0002 044C     		ldr	r4, .L4
  56 0004 0120     		movs	r0, #1
  57 0006 2070     		strb	r0, [r4]
  35:.\gnome.c     ****         CyDelay(1);
  58              		.loc 1 35 0
  59 0008 FFF7FEFF 		bl	CyDelay
  60              	.LVL1:
  36:.\gnome.c     ****         *res = 0;
  61              		.loc 1 36 0
  62 000c 0023     		movs	r3, #0
  63 000e 2370     		strb	r3, [r4]
  64 0010 10BD     		pop	{r4, pc}
  65              	.L5:
  66 0012 00BF     		.align	2
  67              	.L4:
  68 0014 73640040 		.word	1073767539
  69              		.cfi_endproc
  70              	.LFE64:
  71              		.size	gnome_assert_reset, .-gnome_assert_reset
  72              		.section	.text.gnome_power_on_reset,"ax",%progbits
  73              		.align	2
  74              		.global	gnome_power_on_reset
  75              		.thumb
  76              		.thumb_func
  77              		.type	gnome_power_on_reset, %function
  78              	gnome_power_on_reset:
ARM GAS  C:\Users\Javier\AppData\Local\Temp\ccqGjbWS.s 			page 3


  79              	.LFB65:
  37:.\gnome.c     ****     #endif
  38:.\gnome.c     **** }
  39:.\gnome.c     **** 
  40:.\gnome.c     **** void gnome_power_on_reset() {
  80              		.loc 1 40 0
  81              		.cfi_startproc
  82              		@ args = 0, pretend = 0, frame = 0
  83              		@ frame_needed = 0, uses_anonymous_args = 0
  84 0000 10B5     		push	{r4, lr}
  85              		.cfi_def_cfa_offset 8
  86              		.cfi_offset 4, -8
  87              		.cfi_offset 14, -4
  41:.\gnome.c     ****     // Se realiza la lectura de los c贸digos de operacion a ejecutar desde la EEPROM.
  42:.\gnome.c     ****     // Inicializa EEPROM
  43:.\gnome.c     ****     EEPROM_Start();
  88              		.loc 1 43 0
  89 0002 FFF7FEFF 		bl	EEPROM_Start
  90              	.LVL2:
  44:.\gnome.c     ****     
  45:.\gnome.c     ****     // Inicializa contexto normal
  46:.\gnome.c     ****     normal_context.accumulator = 0;
  91              		.loc 1 46 0
  92 0006 1B4A     		ldr	r2, .L14
  93 0008 0023     		movs	r3, #0
  94 000a 1370     		strb	r3, [r2]
  47:.\gnome.c     ****     normal_context.flags.C = 0;
  95              		.loc 1 47 0
  96 000c 5370     		strb	r3, [r2, #1]
  48:.\gnome.c     ****     normal_context.flags.Z = 0;
  97              		.loc 1 48 0
  98 000e 9370     		strb	r3, [r2, #2]
  49:.\gnome.c     ****     normal_context.ind_addr_reg.data = 0;
  99              		.loc 1 49 0
 100 0010 5372     		strb	r3, [r2, #9]
  50:.\gnome.c     ****     normal_context.ind_addr_reg.ptr = 0;
 101              		.loc 1 50 0
 102 0012 9372     		strb	r3, [r2, #10]
  51:.\gnome.c     ****     normal_context.PC = GNOME_RESET_VECTOR;
 103              		.loc 1 51 0
 104 0014 D370     		strb	r3, [r2, #3]
  52:.\gnome.c     ****     normal_context.stack.ptr = 0;
 105              		.loc 1 52 0
 106 0016 1372     		strb	r3, [r2, #8]
 107              	.LVL3:
  53:.\gnome.c     ****     
  54:.\gnome.c     ****     int i = 0;
  55:.\gnome.c     ****     for (i = 0; i < GNOME_STACK_SIZE; i++) {
 108              		.loc 1 55 0
 109 0018 04E0     		b	.L7
 110              	.LVL4:
 111              	.L8:
  56:.\gnome.c     ****         normal_context.stack.data[i] = 0;
 112              		.loc 1 56 0 discriminator 3
 113 001a 164A     		ldr	r2, .L14
 114 001c 1A44     		add	r2, r2, r3
 115 001e 0021     		movs	r1, #0
ARM GAS  C:\Users\Javier\AppData\Local\Temp\ccqGjbWS.s 			page 4


 116 0020 1171     		strb	r1, [r2, #4]
  55:.\gnome.c     ****         normal_context.stack.data[i] = 0;
 117              		.loc 1 55 0 discriminator 3
 118 0022 0133     		adds	r3, r3, #1
 119              	.LVL5:
 120              	.L7:
  55:.\gnome.c     ****         normal_context.stack.data[i] = 0;
 121              		.loc 1 55 0 is_stmt 0 discriminator 1
 122 0024 032B     		cmp	r3, #3
 123 0026 F8DD     		ble	.L8
  57:.\gnome.c     ****     }
  58:.\gnome.c     ****     
  59:.\gnome.c     ****     // Inicializa contexto interrupci贸n
  60:.\gnome.c     ****     it_context.accumulator = 0;
 124              		.loc 1 60 0 is_stmt 1
 125 0028 134A     		ldr	r2, .L14+4
 126 002a 0023     		movs	r3, #0
 127              	.LVL6:
 128 002c 1370     		strb	r3, [r2]
  61:.\gnome.c     ****     it_context.flags.C = 0;
 129              		.loc 1 61 0
 130 002e 5370     		strb	r3, [r2, #1]
  62:.\gnome.c     ****     it_context.flags.Z = 0;
 131              		.loc 1 62 0
 132 0030 9370     		strb	r3, [r2, #2]
  63:.\gnome.c     ****     it_context.ind_addr_reg.data = 0;
 133              		.loc 1 63 0
 134 0032 5372     		strb	r3, [r2, #9]
  64:.\gnome.c     ****     it_context.ind_addr_reg.ptr = 0;
 135              		.loc 1 64 0
 136 0034 9372     		strb	r3, [r2, #10]
  65:.\gnome.c     ****     it_context.PC = GNOME_IT_VECTOR;
 137              		.loc 1 65 0
 138 0036 E021     		movs	r1, #224
 139 0038 D170     		strb	r1, [r2, #3]
  66:.\gnome.c     ****     it_context.stack.ptr = 0;
 140              		.loc 1 66 0
 141 003a 1372     		strb	r3, [r2, #8]
 142              	.LVL7:
  67:.\gnome.c     ****     
  68:.\gnome.c     ****     for (i = 0; i < GNOME_STACK_SIZE; i++) {
 143              		.loc 1 68 0
 144 003c 04E0     		b	.L9
 145              	.LVL8:
 146              	.L10:
  69:.\gnome.c     ****         it_context.stack.data[i] = 0;
 147              		.loc 1 69 0 discriminator 3
 148 003e 0E4A     		ldr	r2, .L14+4
 149 0040 1A44     		add	r2, r2, r3
 150 0042 0021     		movs	r1, #0
 151 0044 1171     		strb	r1, [r2, #4]
  68:.\gnome.c     ****         it_context.stack.data[i] = 0;
 152              		.loc 1 68 0 discriminator 3
 153 0046 0133     		adds	r3, r3, #1
 154              	.LVL9:
 155              	.L9:
  68:.\gnome.c     ****         it_context.stack.data[i] = 0;
ARM GAS  C:\Users\Javier\AppData\Local\Temp\ccqGjbWS.s 			page 5


 156              		.loc 1 68 0 is_stmt 0 discriminator 1
 157 0048 032B     		cmp	r3, #3
 158 004a F8DD     		ble	.L10
  70:.\gnome.c     ****     }
  71:.\gnome.c     ****     
  72:.\gnome.c     ****     // Inicializa puertos de memoria
  73:.\gnome.c     ****     via_state.port0_ptr = 0;
 159              		.loc 1 73 0 is_stmt 1
 160 004c 0B4B     		ldr	r3, .L14+8
 161              	.LVL10:
 162 004e 0024     		movs	r4, #0
 163 0050 5C70     		strb	r4, [r3, #1]
  74:.\gnome.c     ****     via_state.port1_ptr = 0;
 164              		.loc 1 74 0
 165 0052 9C70     		strb	r4, [r3, #2]
  75:.\gnome.c     ****     
  76:.\gnome.c     ****     // Asignamos el contexto de ejecuci贸n
  77:.\gnome.c     ****     current_context = &normal_context;
 166              		.loc 1 77 0
 167 0054 074A     		ldr	r2, .L14
 168 0056 0A4B     		ldr	r3, .L14+12
 169 0058 1A60     		str	r2, [r3]
 170              	.LVL11:
  78:.\gnome.c     ****     
  79:.\gnome.c     ****     // Carga la memoria de programa desde la EEPROM en RAM
  80:.\gnome.c     ****     for(i = 0; i < 256; i++) {
 171              		.loc 1 80 0
 172 005a 05E0     		b	.L11
 173              	.LVL12:
 174              	.L12:
  81:.\gnome.c     ****         rom[i] = EEPROM_ReadByte(i);
 175              		.loc 1 81 0 discriminator 3
 176 005c A0B2     		uxth	r0, r4
 177 005e FFF7FEFF 		bl	EEPROM_ReadByte
 178              	.LVL13:
 179 0062 084B     		ldr	r3, .L14+16
 180 0064 1855     		strb	r0, [r3, r4]
  80:.\gnome.c     ****         rom[i] = EEPROM_ReadByte(i);
 181              		.loc 1 80 0 discriminator 3
 182 0066 0134     		adds	r4, r4, #1
 183              	.LVL14:
 184              	.L11:
  80:.\gnome.c     ****         rom[i] = EEPROM_ReadByte(i);
 185              		.loc 1 80 0 is_stmt 0 discriminator 1
 186 0068 FF2C     		cmp	r4, #255
 187 006a F7DD     		ble	.L12
  82:.\gnome.c     ****     }
  83:.\gnome.c     ****     
  84:.\gnome.c     ****     gnome_assert_reset();
 188              		.loc 1 84 0 is_stmt 1
 189 006c FFF7FEFF 		bl	gnome_assert_reset
 190              	.LVL15:
 191 0070 10BD     		pop	{r4, pc}
 192              	.LVL16:
 193              	.L15:
 194 0072 00BF     		.align	2
 195              	.L14:
ARM GAS  C:\Users\Javier\AppData\Local\Temp\ccqGjbWS.s 			page 6


 196 0074 00000000 		.word	normal_context
 197 0078 00000000 		.word	it_context
 198 007c 00000000 		.word	via_state
 199 0080 00000000 		.word	current_context
 200 0084 00000000 		.word	rom
 201              		.cfi_endproc
 202              	.LFE65:
 203              		.size	gnome_power_on_reset, .-gnome_power_on_reset
 204              		.section	.text.gnome_start,"ax",%progbits
 205              		.align	2
 206              		.global	gnome_start
 207              		.thumb
 208              		.thumb_func
 209              		.type	gnome_start, %function
 210              	gnome_start:
 211              	.LFB66:
  85:.\gnome.c     **** }
  86:.\gnome.c     **** 
  87:.\gnome.c     **** void gnome_start() {
 212              		.loc 1 87 0
 213              		.cfi_startproc
 214              		@ args = 0, pretend = 0, frame = 0
 215              		@ frame_needed = 0, uses_anonymous_args = 0
 216 0000 10B5     		push	{r4, lr}
 217              		.cfi_def_cfa_offset 8
 218              		.cfi_offset 4, -8
 219              		.cfi_offset 14, -4
  88:.\gnome.c     **** 
  89:.\gnome.c     ****     // Config LCD
  90:.\gnome.c     ****     setup_lcd(&lcd);
 220              		.loc 1 90 0
 221 0002 1048     		ldr	r0, .L19
 222 0004 FFF7FEFF 		bl	setup_lcd
 223              	.LVL17:
  91:.\gnome.c     ****     
  92:.\gnome.c     ****     // Reset del micro
  93:.\gnome.c     ****     gnome_power_on_reset();
 224              		.loc 1 93 0
 225 0008 FFF7FEFF 		bl	gnome_power_on_reset
 226              	.LVL18:
  94:.\gnome.c     ****     
  95:.\gnome.c     ****     // Inicializaci贸n del debugger
  96:.\gnome.c     ****     gnome_debug_init();
 227              		.loc 1 96 0
 228 000c FFF7FEFF 		bl	gnome_debug_init
 229              	.LVL19:
  97:.\gnome.c     ****     
  98:.\gnome.c     ****     // Habilitar interrupciones
  99:.\gnome.c     ****     gnome_it_init();
 230              		.loc 1 99 0
 231 0010 FFF7FEFF 		bl	gnome_it_init
 232              	.LVL20:
 100:.\gnome.c     ****     
 101:.\gnome.c     ****     uint8_t code = 0;
 233              		.loc 1 101 0
 234 0014 0024     		movs	r4, #0
 235              	.LVL21:
ARM GAS  C:\Users\Javier\AppData\Local\Temp\ccqGjbWS.s 			page 7


 236              	.L17:
 237              	.LBB2:
 102:.\gnome.c     ****     while(1) {
 103:.\gnome.c     ****         
 104:.\gnome.c     ****         gnome_debug_loop(code);
 238              		.loc 1 104 0 discriminator 1
 239 0016 2046     		mov	r0, r4
 240 0018 FFF7FEFF 		bl	gnome_debug_loop
 241              	.LVL22:
 105:.\gnome.c     ****         update_lcd(&lcd);
 242              		.loc 1 105 0 discriminator 1
 243 001c 0948     		ldr	r0, .L19
 244 001e FFF7FEFF 		bl	update_lcd
 245              	.LVL23:
 106:.\gnome.c     ****         
 107:.\gnome.c     ****         CyGlobalIntDisable;
 246              		.loc 1 107 0 discriminator 1
 247              	@ 107 ".\gnome.c" 1
 248 0022 72B6     		CPSID   i
 249              	@ 0 "" 2
 108:.\gnome.c     ****         
 109:.\gnome.c     ****         gnome_switch_clk();
 110:.\gnome.c     ****         
 111:.\gnome.c     ****         // Fetch Instruction & Increment PC
 112:.\gnome.c     ****         code = rom[current_context->PC & 0xFF]; 
 250              		.loc 1 112 0 discriminator 1
 251              		.thumb
 252 0024 084B     		ldr	r3, .L19+4
 253 0026 1A68     		ldr	r2, [r3]
 254 0028 D378     		ldrb	r3, [r2, #3]	@ zero_extendqisi2
 255 002a 0849     		ldr	r1, .L19+8
 256 002c CC5C     		ldrb	r4, [r1, r3]	@ zero_extendqisi2
 257              	.LVL24:
 113:.\gnome.c     ****         current_context->PC++;
 258              		.loc 1 113 0 discriminator 1
 259 002e 0133     		adds	r3, r3, #1
 260 0030 D370     		strb	r3, [r2, #3]
 114:.\gnome.c     ****         
 115:.\gnome.c     ****         gnome_switch_clk();
 116:.\gnome.c     ****         gnome_switch_clk();
 117:.\gnome.c     ****         
 118:.\gnome.c     ****         // Decode Instruction
 119:.\gnome.c     ****         inst_enum inst = decodeInstruction(code);
 261              		.loc 1 119 0 discriminator 1
 262 0032 2046     		mov	r0, r4
 263 0034 FFF7FEFF 		bl	decodeInstruction
 264              	.LVL25:
 120:.\gnome.c     ****         
 121:.\gnome.c     ****         gnome_switch_clk();
 122:.\gnome.c     ****         gnome_switch_clk();
 123:.\gnome.c     ****         
 124:.\gnome.c     ****         // Execute instruction
 125:.\gnome.c     ****         exectute(inst, code);
 265              		.loc 1 125 0 discriminator 1
 266 0038 2146     		mov	r1, r4
 267 003a FFF7FEFF 		bl	exectute
 268              	.LVL26:
ARM GAS  C:\Users\Javier\AppData\Local\Temp\ccqGjbWS.s 			page 8


 126:.\gnome.c     ****         
 127:.\gnome.c     ****         gnome_switch_clk();
 128:.\gnome.c     ****                 
 129:.\gnome.c     ****         // Habilitar interrupciones entre instrucciones
 130:.\gnome.c     ****         CYGlobalIntEnable;
 269              		.loc 1 130 0 discriminator 1
 270              	@ 130 ".\gnome.c" 1
 271 003e 62B6     		CPSIE   i
 272              	@ 0 "" 2
 273              		.thumb
 274              	.LBE2:
 131:.\gnome.c     ****     }
 275              		.loc 1 131 0 discriminator 1
 276 0040 E9E7     		b	.L17
 277              	.L20:
 278 0042 00BF     		.align	2
 279              	.L19:
 280 0044 00000000 		.word	lcd
 281 0048 00000000 		.word	current_context
 282 004c 00000000 		.word	rom
 283              		.cfi_endproc
 284              	.LFE66:
 285              		.size	gnome_start, .-gnome_start
 286              		.comm	gnome_console,16,4
 287              		.comm	gnome_debug_state,18,4
 288              		.comm	lcd_update,1,1
 289              		.comm	lcd,134,4
 290              		.comm	via_state,3,4
 291              		.comm	rom,256,4
 292              		.comm	registers,16,4
 293              		.comm	current_context,4,4
 294              		.comm	it_context,11,4
 295              		.comm	normal_context,11,4
 296              		.text
 297              	.Letext0:
 298              		.file 2 "c:\\program files (x86)\\cypress\\psoc creator\\3.3\\psoc creator\\import\\gnu\\arm\\4.9.
 299              		.file 3 "c:\\program files (x86)\\cypress\\psoc creator\\3.3\\psoc creator\\import\\gnu\\arm\\4.9.
 300              		.file 4 "Generated_Source\\PSoC5/cytypes.h"
 301              		.file 5 ".\\gnome_registers.h"
 302              		.file 6 ".\\gnome_memory.h"
 303              		.file 7 ".\\i2cLCD.h"
 304              		.file 8 ".\\gnome_debug.h"
 305              		.file 9 "Generated_Source\\PSoC5/core_cm3.h"
 306              		.file 10 ".\\gnome_lcd.h"
 307              		.file 11 "Generated_Source\\PSoC5/CyLib.h"
 308              		.file 12 "Generated_Source\\PSoC5/EEPROM.h"
 309              		.file 13 ".\\gnome_inst_decoder.h"
 310              		.file 14 ".\\gnome_execute.h"
 311              		.file 15 ".\\gnome_it.h"
 312              		.section	.debug_info,"",%progbits
 313              	.Ldebug_info0:
 314 0000 8B060000 		.4byte	0x68b
 315 0004 0400     		.2byte	0x4
 316 0006 00000000 		.4byte	.Ldebug_abbrev0
 317 000a 04       		.byte	0x4
 318 000b 01       		.uleb128 0x1
 319 000c E4000000 		.4byte	.LASF86
ARM GAS  C:\Users\Javier\AppData\Local\Temp\ccqGjbWS.s 			page 9


 320 0010 01       		.byte	0x1
 321 0011 A3000000 		.4byte	.LASF87
 322 0015 A7020000 		.4byte	.LASF88
 323 0019 00000000 		.4byte	.Ldebug_ranges0+0
 324 001d 00000000 		.4byte	0
 325 0021 00000000 		.4byte	.Ldebug_line0
 326 0025 02       		.uleb128 0x2
 327 0026 01       		.byte	0x1
 328 0027 06       		.byte	0x6
 329 0028 D0010000 		.4byte	.LASF0
 330 002c 03       		.uleb128 0x3
 331 002d B4040000 		.4byte	.LASF4
 332 0031 02       		.byte	0x2
 333 0032 1D       		.byte	0x1d
 334 0033 37000000 		.4byte	0x37
 335 0037 02       		.uleb128 0x2
 336 0038 01       		.byte	0x1
 337 0039 08       		.byte	0x8
 338 003a 99020000 		.4byte	.LASF1
 339 003e 02       		.uleb128 0x2
 340 003f 02       		.byte	0x2
 341 0040 05       		.byte	0x5
 342 0041 47000000 		.4byte	.LASF2
 343 0045 02       		.uleb128 0x2
 344 0046 02       		.byte	0x2
 345 0047 07       		.byte	0x7
 346 0048 A0030000 		.4byte	.LASF3
 347 004c 03       		.uleb128 0x3
 348 004d 32040000 		.4byte	.LASF5
 349 0051 02       		.byte	0x2
 350 0052 3F       		.byte	0x3f
 351 0053 57000000 		.4byte	0x57
 352 0057 02       		.uleb128 0x2
 353 0058 04       		.byte	0x4
 354 0059 05       		.byte	0x5
 355 005a 85040000 		.4byte	.LASF6
 356 005e 02       		.uleb128 0x2
 357 005f 04       		.byte	0x4
 358 0060 07       		.byte	0x7
 359 0061 E6030000 		.4byte	.LASF7
 360 0065 02       		.uleb128 0x2
 361 0066 08       		.byte	0x8
 362 0067 05       		.byte	0x5
 363 0068 7E000000 		.4byte	.LASF8
 364 006c 02       		.uleb128 0x2
 365 006d 08       		.byte	0x8
 366 006e 07       		.byte	0x7
 367 006f 17020000 		.4byte	.LASF9
 368 0073 04       		.uleb128 0x4
 369 0074 04       		.byte	0x4
 370 0075 05       		.byte	0x5
 371 0076 696E7400 		.ascii	"int\000"
 372 007a 02       		.uleb128 0x2
 373 007b 04       		.byte	0x4
 374 007c 07       		.byte	0x7
 375 007d 2B030000 		.4byte	.LASF10
 376 0081 03       		.uleb128 0x3
ARM GAS  C:\Users\Javier\AppData\Local\Temp\ccqGjbWS.s 			page 10


 377 0082 A9010000 		.4byte	.LASF11
 378 0086 03       		.byte	0x3
 379 0087 15       		.byte	0x15
 380 0088 2C000000 		.4byte	0x2c
 381 008c 03       		.uleb128 0x3
 382 008d 98030000 		.4byte	.LASF12
 383 0091 03       		.byte	0x3
 384 0092 2C       		.byte	0x2c
 385 0093 4C000000 		.4byte	0x4c
 386 0097 05       		.uleb128 0x5
 387 0098 BC010000 		.4byte	.LASF13
 388 009c 04       		.byte	0x4
 389 009d 3801     		.2byte	0x138
 390 009f 37000000 		.4byte	0x37
 391 00a3 05       		.uleb128 0x5
 392 00a4 A2010000 		.4byte	.LASF14
 393 00a8 04       		.byte	0x4
 394 00a9 3901     		.2byte	0x139
 395 00ab 45000000 		.4byte	0x45
 396 00af 05       		.uleb128 0x5
 397 00b0 DA030000 		.4byte	.LASF15
 398 00b4 04       		.byte	0x4
 399 00b5 3A01     		.2byte	0x13a
 400 00b7 5E000000 		.4byte	0x5e
 401 00bb 02       		.uleb128 0x2
 402 00bc 04       		.byte	0x4
 403 00bd 04       		.byte	0x4
 404 00be E3010000 		.4byte	.LASF16
 405 00c2 02       		.uleb128 0x2
 406 00c3 08       		.byte	0x8
 407 00c4 04       		.byte	0x4
 408 00c5 02040000 		.4byte	.LASF17
 409 00c9 02       		.uleb128 0x2
 410 00ca 01       		.byte	0x1
 411 00cb 08       		.byte	0x8
 412 00cc 80030000 		.4byte	.LASF18
 413 00d0 05       		.uleb128 0x5
 414 00d1 E1030000 		.4byte	.LASF19
 415 00d5 04       		.byte	0x4
 416 00d6 E201     		.2byte	0x1e2
 417 00d8 DC000000 		.4byte	0xdc
 418 00dc 06       		.uleb128 0x6
 419 00dd 97000000 		.4byte	0x97
 420 00e1 02       		.uleb128 0x2
 421 00e2 04       		.byte	0x4
 422 00e3 07       		.byte	0x7
 423 00e4 75040000 		.4byte	.LASF20
 424 00e8 06       		.uleb128 0x6
 425 00e9 81000000 		.4byte	0x81
 426 00ed 07       		.uleb128 0x7
 427 00ee 02       		.byte	0x2
 428 00ef 05       		.byte	0x5
 429 00f0 19       		.byte	0x19
 430 00f1 0A010000 		.4byte	0x10a
 431 00f5 08       		.uleb128 0x8
 432 00f6 4300     		.ascii	"C\000"
 433 00f8 05       		.byte	0x5
ARM GAS  C:\Users\Javier\AppData\Local\Temp\ccqGjbWS.s 			page 11


 434 00f9 1A       		.byte	0x1a
 435 00fa 81000000 		.4byte	0x81
 436 00fe 00       		.byte	0
 437 00ff 08       		.uleb128 0x8
 438 0100 5A00     		.ascii	"Z\000"
 439 0102 05       		.byte	0x5
 440 0103 1B       		.byte	0x1b
 441 0104 81000000 		.4byte	0x81
 442 0108 01       		.byte	0x1
 443 0109 00       		.byte	0
 444 010a 03       		.uleb128 0x3
 445 010b 52040000 		.4byte	.LASF21
 446 010f 05       		.byte	0x5
 447 0110 1C       		.byte	0x1c
 448 0111 ED000000 		.4byte	0xed
 449 0115 07       		.uleb128 0x7
 450 0116 05       		.byte	0x5
 451 0117 05       		.byte	0x5
 452 0118 20       		.byte	0x20
 453 0119 36010000 		.4byte	0x136
 454 011d 09       		.uleb128 0x9
 455 011e CE030000 		.4byte	.LASF22
 456 0122 05       		.byte	0x5
 457 0123 21       		.byte	0x21
 458 0124 36010000 		.4byte	0x136
 459 0128 00       		.byte	0
 460 0129 08       		.uleb128 0x8
 461 012a 70747200 		.ascii	"ptr\000"
 462 012e 05       		.byte	0x5
 463 012f 22       		.byte	0x22
 464 0130 81000000 		.4byte	0x81
 465 0134 04       		.byte	0x4
 466 0135 00       		.byte	0
 467 0136 0A       		.uleb128 0xa
 468 0137 81000000 		.4byte	0x81
 469 013b 46010000 		.4byte	0x146
 470 013f 0B       		.uleb128 0xb
 471 0140 E1000000 		.4byte	0xe1
 472 0144 03       		.byte	0x3
 473 0145 00       		.byte	0
 474 0146 03       		.uleb128 0x3
 475 0147 73030000 		.4byte	.LASF23
 476 014b 05       		.byte	0x5
 477 014c 23       		.byte	0x23
 478 014d 15010000 		.4byte	0x115
 479 0151 07       		.uleb128 0x7
 480 0152 02       		.byte	0x2
 481 0153 05       		.byte	0x5
 482 0154 25       		.byte	0x25
 483 0155 72010000 		.4byte	0x172
 484 0159 09       		.uleb128 0x9
 485 015a CE030000 		.4byte	.LASF22
 486 015e 05       		.byte	0x5
 487 015f 26       		.byte	0x26
 488 0160 81000000 		.4byte	0x81
 489 0164 00       		.byte	0
 490 0165 08       		.uleb128 0x8
ARM GAS  C:\Users\Javier\AppData\Local\Temp\ccqGjbWS.s 			page 12


 491 0166 70747200 		.ascii	"ptr\000"
 492 016a 05       		.byte	0x5
 493 016b 27       		.byte	0x27
 494 016c 81000000 		.4byte	0x81
 495 0170 01       		.byte	0x1
 496 0171 00       		.byte	0
 497 0172 03       		.uleb128 0x3
 498 0173 28000000 		.4byte	.LASF24
 499 0177 05       		.byte	0x5
 500 0178 28       		.byte	0x28
 501 0179 51010000 		.4byte	0x151
 502 017d 0C       		.uleb128 0xc
 503 017e 01       		.byte	0x1
 504 017f 05       		.byte	0x5
 505 0180 2C       		.byte	0x2c
 506 0181 FE010000 		.4byte	0x1fe
 507 0185 0D       		.uleb128 0xd
 508 0186 51000000 		.4byte	.LASF25
 509 018a 00       		.sleb128 0
 510 018b 0D       		.uleb128 0xd
 511 018c 43020000 		.4byte	.LASF26
 512 0190 01       		.sleb128 1
 513 0191 0D       		.uleb128 0xd
 514 0192 21000000 		.4byte	.LASF27
 515 0196 02       		.sleb128 2
 516 0197 0D       		.uleb128 0xd
 517 0198 77000000 		.4byte	.LASF28
 518 019c 03       		.sleb128 3
 519 019d 0D       		.uleb128 0xd
 520 019e C2010000 		.4byte	.LASF29
 521 01a2 04       		.sleb128 4
 522 01a3 0E       		.uleb128 0xe
 523 01a4 72747300 		.ascii	"rts\000"
 524 01a8 05       		.sleb128 5
 525 01a9 0E       		.uleb128 0xe
 526 01aa 6A737200 		.ascii	"jsr\000"
 527 01ae 06       		.sleb128 6
 528 01af 0E       		.uleb128 0xe
 529 01b0 72746900 		.ascii	"rti\000"
 530 01b4 07       		.sleb128 7
 531 01b5 0D       		.uleb128 0xd
 532 01b6 7E040000 		.4byte	.LASF30
 533 01ba 08       		.sleb128 8
 534 01bb 0E       		.uleb128 0xe
 535 01bc 726F7200 		.ascii	"ror\000"
 536 01c0 09       		.sleb128 9
 537 01c1 0E       		.uleb128 0xe
 538 01c2 726F6C00 		.ascii	"rol\000"
 539 01c6 0A       		.sleb128 10
 540 01c7 0E       		.uleb128 0xe
 541 01c8 6E6F7000 		.ascii	"nop\000"
 542 01cc 0B       		.sleb128 11
 543 01cd 0D       		.uleb128 0xd
 544 01ce 10020000 		.4byte	.LASF31
 545 01d2 0C       		.sleb128 12
 546 01d3 0D       		.uleb128 0xd
 547 01d4 8C000000 		.4byte	.LASF32
ARM GAS  C:\Users\Javier\AppData\Local\Temp\ccqGjbWS.s 			page 13


 548 01d8 0D       		.sleb128 13
 549 01d9 0D       		.uleb128 0xd
 550 01da 2E020000 		.4byte	.LASF33
 551 01de 0E       		.sleb128 14
 552 01df 0D       		.uleb128 0xd
 553 01e0 55030000 		.4byte	.LASF34
 554 01e4 0F       		.sleb128 15
 555 01e5 0D       		.uleb128 0xd
 556 01e6 92020000 		.4byte	.LASF35
 557 01ea 10       		.sleb128 16
 558 01eb 0D       		.uleb128 0xd
 559 01ec DC010000 		.4byte	.LASF36
 560 01f0 11       		.sleb128 17
 561 01f1 0D       		.uleb128 0xd
 562 01f2 AD040000 		.4byte	.LASF37
 563 01f6 12       		.sleb128 18
 564 01f7 0D       		.uleb128 0xd
 565 01f8 17030000 		.4byte	.LASF38
 566 01fc 13       		.sleb128 19
 567 01fd 00       		.byte	0
 568 01fe 03       		.uleb128 0x3
 569 01ff 98010000 		.4byte	.LASF39
 570 0203 05       		.byte	0x5
 571 0204 41       		.byte	0x41
 572 0205 7D010000 		.4byte	0x17d
 573 0209 07       		.uleb128 0x7
 574 020a 0B       		.byte	0xb
 575 020b 05       		.byte	0x5
 576 020c 45       		.byte	0x45
 577 020d 4D020000 		.4byte	0x24d
 578 0211 09       		.uleb128 0x9
 579 0212 FA010000 		.4byte	.LASF40
 580 0216 05       		.byte	0x5
 581 0217 46       		.byte	0x46
 582 0218 81000000 		.4byte	0x81
 583 021c 00       		.byte	0
 584 021d 09       		.uleb128 0x9
 585 021e 05030000 		.4byte	.LASF41
 586 0222 05       		.byte	0x5
 587 0223 47       		.byte	0x47
 588 0224 0A010000 		.4byte	0x10a
 589 0228 01       		.byte	0x1
 590 0229 08       		.uleb128 0x8
 591 022a 504300   		.ascii	"PC\000"
 592 022d 05       		.byte	0x5
 593 022e 48       		.byte	0x48
 594 022f 81000000 		.4byte	0x81
 595 0233 03       		.byte	0x3
 596 0234 09       		.uleb128 0x9
 597 0235 38030000 		.4byte	.LASF42
 598 0239 05       		.byte	0x5
 599 023a 49       		.byte	0x49
 600 023b 46010000 		.4byte	0x146
 601 023f 04       		.byte	0x4
 602 0240 09       		.uleb128 0x9
 603 0241 14000000 		.4byte	.LASF43
 604 0245 05       		.byte	0x5
ARM GAS  C:\Users\Javier\AppData\Local\Temp\ccqGjbWS.s 			page 14


 605 0246 4A       		.byte	0x4a
 606 0247 72010000 		.4byte	0x172
 607 024b 09       		.byte	0x9
 608 024c 00       		.byte	0
 609 024d 03       		.uleb128 0x3
 610 024e 63000000 		.4byte	.LASF44
 611 0252 05       		.byte	0x5
 612 0253 4B       		.byte	0x4b
 613 0254 09020000 		.4byte	0x209
 614 0258 07       		.uleb128 0x7
 615 0259 03       		.byte	0x3
 616 025a 06       		.byte	0x6
 617 025b 13       		.byte	0x13
 618 025c 85020000 		.4byte	0x285
 619 0260 09       		.uleb128 0x9
 620 0261 49020000 		.4byte	.LASF45
 621 0265 06       		.byte	0x6
 622 0266 14       		.byte	0x14
 623 0267 81000000 		.4byte	0x81
 624 026b 00       		.byte	0
 625 026c 09       		.uleb128 0x9
 626 026d F8030000 		.4byte	.LASF46
 627 0271 06       		.byte	0x6
 628 0272 15       		.byte	0x15
 629 0273 81000000 		.4byte	0x81
 630 0277 01       		.byte	0x1
 631 0278 09       		.uleb128 0x9
 632 0279 59000000 		.4byte	.LASF47
 633 027d 06       		.byte	0x6
 634 027e 16       		.byte	0x16
 635 027f 81000000 		.4byte	0x81
 636 0283 02       		.byte	0x2
 637 0284 00       		.byte	0
 638 0285 03       		.uleb128 0x3
 639 0286 37020000 		.4byte	.LASF48
 640 028a 06       		.byte	0x6
 641 028b 17       		.byte	0x17
 642 028c 58020000 		.4byte	0x258
 643 0290 07       		.uleb128 0x7
 644 0291 86       		.byte	0x86
 645 0292 07       		.byte	0x7
 646 0293 3F       		.byte	0x3f
 647 0294 ED020000 		.4byte	0x2ed
 648 0298 09       		.uleb128 0x9
 649 0299 B1010000 		.4byte	.LASF49
 650 029d 07       		.byte	0x7
 651 029e 40       		.byte	0x40
 652 029f 81000000 		.4byte	0x81
 653 02a3 00       		.byte	0
 654 02a4 09       		.uleb128 0x9
 655 02a5 5A040000 		.4byte	.LASF50
 656 02a9 07       		.byte	0x7
 657 02aa 41       		.byte	0x41
 658 02ab 81000000 		.4byte	0x81
 659 02af 01       		.byte	0x1
 660 02b0 09       		.uleb128 0x9
 661 02b1 C7010000 		.4byte	.LASF51
ARM GAS  C:\Users\Javier\AppData\Local\Temp\ccqGjbWS.s 			page 15


 662 02b5 07       		.byte	0x7
 663 02b6 42       		.byte	0x42
 664 02b7 81000000 		.4byte	0x81
 665 02bb 02       		.byte	0x2
 666 02bc 09       		.uleb128 0x9
 667 02bd 6D000000 		.4byte	.LASF52
 668 02c1 07       		.byte	0x7
 669 02c2 43       		.byte	0x43
 670 02c3 81000000 		.4byte	0x81
 671 02c7 03       		.byte	0x3
 672 02c8 09       		.uleb128 0x9
 673 02c9 1F040000 		.4byte	.LASF53
 674 02cd 07       		.byte	0x7
 675 02ce 44       		.byte	0x44
 676 02cf 81000000 		.4byte	0x81
 677 02d3 04       		.byte	0x4
 678 02d4 09       		.uleb128 0x9
 679 02d5 84010000 		.4byte	.LASF54
 680 02d9 07       		.byte	0x7
 681 02da 45       		.byte	0x45
 682 02db 81000000 		.4byte	0x81
 683 02df 05       		.byte	0x5
 684 02e0 09       		.uleb128 0x9
 685 02e1 09040000 		.4byte	.LASF55
 686 02e5 07       		.byte	0x7
 687 02e6 46       		.byte	0x46
 688 02e7 ED020000 		.4byte	0x2ed
 689 02eb 06       		.byte	0x6
 690 02ec 00       		.byte	0
 691 02ed 0A       		.uleb128 0xa
 692 02ee C9000000 		.4byte	0xc9
 693 02f2 03030000 		.4byte	0x303
 694 02f6 0B       		.uleb128 0xb
 695 02f7 E1000000 		.4byte	0xe1
 696 02fb 07       		.byte	0x7
 697 02fc 0B       		.uleb128 0xb
 698 02fd E1000000 		.4byte	0xe1
 699 0301 0F       		.byte	0xf
 700 0302 00       		.byte	0
 701 0303 03       		.uleb128 0x3
 702 0304 BC000000 		.4byte	.LASF56
 703 0308 07       		.byte	0x7
 704 0309 47       		.byte	0x47
 705 030a 90020000 		.4byte	0x290
 706 030e 07       		.uleb128 0x7
 707 030f 02       		.byte	0x2
 708 0310 08       		.byte	0x8
 709 0311 13       		.byte	0x13
 710 0312 2E030000 		.4byte	0x32e
 711 0316 08       		.uleb128 0x8
 712 0317 706300   		.ascii	"pc\000"
 713 031a 08       		.byte	0x8
 714 031b 14       		.byte	0x14
 715 031c 81000000 		.4byte	0x81
 716 0320 00       		.byte	0
 717 0321 09       		.uleb128 0x9
 718 0322 9C000000 		.4byte	.LASF57
ARM GAS  C:\Users\Javier\AppData\Local\Temp\ccqGjbWS.s 			page 16


 719 0326 08       		.byte	0x8
 720 0327 15       		.byte	0x15
 721 0328 81000000 		.4byte	0x81
 722 032c 01       		.byte	0x1
 723 032d 00       		.byte	0
 724 032e 03       		.uleb128 0x3
 725 032f 85030000 		.4byte	.LASF58
 726 0333 08       		.byte	0x8
 727 0334 16       		.byte	0x16
 728 0335 0E030000 		.4byte	0x30e
 729 0339 07       		.uleb128 0x7
 730 033a 12       		.byte	0x12
 731 033b 08       		.byte	0x8
 732 033c 18       		.byte	0x18
 733 033d 66030000 		.4byte	0x366
 734 0341 09       		.uleb128 0x9
 735 0342 9C000000 		.4byte	.LASF57
 736 0346 08       		.byte	0x8
 737 0347 19       		.byte	0x19
 738 0348 81000000 		.4byte	0x81
 739 034c 00       		.byte	0
 740 034d 09       		.uleb128 0x9
 741 034e 7B030000 		.4byte	.LASF59
 742 0352 08       		.byte	0x8
 743 0353 1A       		.byte	0x1a
 744 0354 E8000000 		.4byte	0xe8
 745 0358 01       		.byte	0x1
 746 0359 09       		.uleb128 0x9
 747 035a 1F030000 		.4byte	.LASF60
 748 035e 08       		.byte	0x8
 749 035f 1B       		.byte	0x1b
 750 0360 66030000 		.4byte	0x366
 751 0364 02       		.byte	0x2
 752 0365 00       		.byte	0
 753 0366 0A       		.uleb128 0xa
 754 0367 2E030000 		.4byte	0x32e
 755 036b 76030000 		.4byte	0x376
 756 036f 0B       		.uleb128 0xb
 757 0370 E1000000 		.4byte	0xe1
 758 0374 07       		.byte	0x7
 759 0375 00       		.byte	0
 760 0376 03       		.uleb128 0x3
 761 0377 00000000 		.4byte	.LASF61
 762 037b 08       		.byte	0x8
 763 037c 1C       		.byte	0x1c
 764 037d 39030000 		.4byte	0x339
 765 0381 07       		.uleb128 0x7
 766 0382 10       		.byte	0x10
 767 0383 08       		.byte	0x8
 768 0384 20       		.byte	0x20
 769 0385 A2030000 		.4byte	0x3a2
 770 0389 09       		.uleb128 0x9
 771 038a D3030000 		.4byte	.LASF62
 772 038e 08       		.byte	0x8
 773 038f 21       		.byte	0x21
 774 0390 A2030000 		.4byte	0x3a2
 775 0394 00       		.byte	0
ARM GAS  C:\Users\Javier\AppData\Local\Temp\ccqGjbWS.s 			page 17


 776 0395 08       		.uleb128 0x8
 777 0396 70747200 		.ascii	"ptr\000"
 778 039a 08       		.byte	0x8
 779 039b 22       		.byte	0x22
 780 039c 81000000 		.4byte	0x81
 781 03a0 0F       		.byte	0xf
 782 03a1 00       		.byte	0
 783 03a2 0A       		.uleb128 0xa
 784 03a3 C9000000 		.4byte	0xc9
 785 03a7 B2030000 		.4byte	0x3b2
 786 03ab 0B       		.uleb128 0xb
 787 03ac E1000000 		.4byte	0xe1
 788 03b0 0E       		.byte	0xe
 789 03b1 00       		.byte	0
 790 03b2 03       		.uleb128 0x3
 791 03b3 3C040000 		.4byte	.LASF63
 792 03b7 08       		.byte	0x8
 793 03b8 23       		.byte	0x23
 794 03b9 81030000 		.4byte	0x381
 795 03bd 0F       		.uleb128 0xf
 796 03be E9010000 		.4byte	.LASF89
 797 03c2 01       		.byte	0x1
 798 03c3 16       		.byte	0x16
 799 03c4 00000000 		.4byte	.LFB63
 800 03c8 02000000 		.4byte	.LFE63-.LFB63
 801 03cc 01       		.uleb128 0x1
 802 03cd 9C       		.byte	0x9c
 803 03ce 10       		.uleb128 0x10
 804 03cf D1000000 		.4byte	.LASF64
 805 03d3 01       		.byte	0x1
 806 03d4 1E       		.byte	0x1e
 807 03d5 00000000 		.4byte	.LFB64
 808 03d9 18000000 		.4byte	.LFE64-.LFB64
 809 03dd 01       		.uleb128 0x1
 810 03de 9C       		.byte	0x9c
 811 03df 02040000 		.4byte	0x402
 812 03e3 11       		.uleb128 0x11
 813 03e4 72657300 		.ascii	"res\000"
 814 03e8 01       		.byte	0x1
 815 03e9 21       		.byte	0x21
 816 03ea 02040000 		.4byte	0x402
 817 03ee 73640040 		.4byte	0x40006473
 818 03f2 12       		.uleb128 0x12
 819 03f3 0C000000 		.4byte	.LVL1
 820 03f7 F5050000 		.4byte	0x5f5
 821 03fb 13       		.uleb128 0x13
 822 03fc 01       		.uleb128 0x1
 823 03fd 50       		.byte	0x50
 824 03fe 01       		.uleb128 0x1
 825 03ff 31       		.byte	0x31
 826 0400 00       		.byte	0
 827 0401 00       		.byte	0
 828 0402 14       		.uleb128 0x14
 829 0403 04       		.byte	0x4
 830 0404 D0000000 		.4byte	0xd0
 831 0408 10       		.uleb128 0x10
 832 0409 F0020000 		.4byte	.LASF65
ARM GAS  C:\Users\Javier\AppData\Local\Temp\ccqGjbWS.s 			page 18


 833 040d 01       		.byte	0x1
 834 040e 28       		.byte	0x28
 835 040f 00000000 		.4byte	.LFB65
 836 0413 88000000 		.4byte	.LFE65-.LFB65
 837 0417 01       		.uleb128 0x1
 838 0418 9C       		.byte	0x9c
 839 0419 51040000 		.4byte	0x451
 840 041d 15       		.uleb128 0x15
 841 041e 6900     		.ascii	"i\000"
 842 0420 01       		.byte	0x1
 843 0421 36       		.byte	0x36
 844 0422 73000000 		.4byte	0x73
 845 0426 00000000 		.4byte	.LLST0
 846 042a 16       		.uleb128 0x16
 847 042b 06000000 		.4byte	.LVL2
 848 042f 06060000 		.4byte	0x606
 849 0433 17       		.uleb128 0x17
 850 0434 62000000 		.4byte	.LVL13
 851 0438 0D060000 		.4byte	0x60d
 852 043c 47040000 		.4byte	0x447
 853 0440 13       		.uleb128 0x13
 854 0441 01       		.uleb128 0x1
 855 0442 50       		.byte	0x50
 856 0443 02       		.uleb128 0x2
 857 0444 74       		.byte	0x74
 858 0445 00       		.sleb128 0
 859 0446 00       		.byte	0
 860 0447 16       		.uleb128 0x16
 861 0448 70000000 		.4byte	.LVL15
 862 044c CE030000 		.4byte	0x3ce
 863 0450 00       		.byte	0
 864 0451 10       		.uleb128 0x10
 865 0452 0B030000 		.4byte	.LASF66
 866 0456 01       		.byte	0x1
 867 0457 57       		.byte	0x57
 868 0458 00000000 		.4byte	.LFB66
 869 045c 50000000 		.4byte	.LFE66-.LFB66
 870 0460 01       		.uleb128 0x1
 871 0461 9C       		.byte	0x9c
 872 0462 14050000 		.4byte	0x514
 873 0466 18       		.uleb128 0x18
 874 0467 3E030000 		.4byte	.LASF67
 875 046b 01       		.byte	0x1
 876 046c 65       		.byte	0x65
 877 046d 81000000 		.4byte	0x81
 878 0471 4D000000 		.4byte	.LLST1
 879 0475 19       		.uleb128 0x19
 880 0476 16000000 		.4byte	.LBB2
 881 047a 2A000000 		.4byte	.LBE2-.LBB2
 882 047e E1040000 		.4byte	0x4e1
 883 0482 18       		.uleb128 0x18
 884 0483 8D020000 		.4byte	.LASF68
 885 0487 01       		.byte	0x1
 886 0488 77       		.byte	0x77
 887 0489 FE010000 		.4byte	0x1fe
 888 048d 6C000000 		.4byte	.LLST2
 889 0491 17       		.uleb128 0x17
ARM GAS  C:\Users\Javier\AppData\Local\Temp\ccqGjbWS.s 			page 19


 890 0492 1C000000 		.4byte	.LVL22
 891 0496 22060000 		.4byte	0x622
 892 049a A5040000 		.4byte	0x4a5
 893 049e 13       		.uleb128 0x13
 894 049f 01       		.uleb128 0x1
 895 04a0 50       		.byte	0x50
 896 04a1 02       		.uleb128 0x2
 897 04a2 74       		.byte	0x74
 898 04a3 00       		.sleb128 0
 899 04a4 00       		.byte	0
 900 04a5 17       		.uleb128 0x17
 901 04a6 22000000 		.4byte	.LVL23
 902 04aa 33060000 		.4byte	0x633
 903 04ae BC040000 		.4byte	0x4bc
 904 04b2 13       		.uleb128 0x13
 905 04b3 01       		.uleb128 0x1
 906 04b4 50       		.byte	0x50
 907 04b5 05       		.uleb128 0x5
 908 04b6 03       		.byte	0x3
 909 04b7 00000000 		.4byte	lcd
 910 04bb 00       		.byte	0
 911 04bc 17       		.uleb128 0x17
 912 04bd 38000000 		.4byte	.LVL25
 913 04c1 40060000 		.4byte	0x640
 914 04c5 D0040000 		.4byte	0x4d0
 915 04c9 13       		.uleb128 0x13
 916 04ca 01       		.uleb128 0x1
 917 04cb 50       		.byte	0x50
 918 04cc 02       		.uleb128 0x2
 919 04cd 74       		.byte	0x74
 920 04ce 00       		.sleb128 0
 921 04cf 00       		.byte	0
 922 04d0 12       		.uleb128 0x12
 923 04d1 3E000000 		.4byte	.LVL26
 924 04d5 55060000 		.4byte	0x655
 925 04d9 13       		.uleb128 0x13
 926 04da 01       		.uleb128 0x1
 927 04db 51       		.byte	0x51
 928 04dc 02       		.uleb128 0x2
 929 04dd 74       		.byte	0x74
 930 04de 00       		.sleb128 0
 931 04df 00       		.byte	0
 932 04e0 00       		.byte	0
 933 04e1 17       		.uleb128 0x17
 934 04e2 08000000 		.4byte	.LVL17
 935 04e6 6B060000 		.4byte	0x66b
 936 04ea F8040000 		.4byte	0x4f8
 937 04ee 13       		.uleb128 0x13
 938 04ef 01       		.uleb128 0x1
 939 04f0 50       		.byte	0x50
 940 04f1 05       		.uleb128 0x5
 941 04f2 03       		.byte	0x3
 942 04f3 00000000 		.4byte	lcd
 943 04f7 00       		.byte	0
 944 04f8 16       		.uleb128 0x16
 945 04f9 0C000000 		.4byte	.LVL18
 946 04fd 08040000 		.4byte	0x408
ARM GAS  C:\Users\Javier\AppData\Local\Temp\ccqGjbWS.s 			page 20


 947 0501 16       		.uleb128 0x16
 948 0502 10000000 		.4byte	.LVL19
 949 0506 78060000 		.4byte	0x678
 950 050a 16       		.uleb128 0x16
 951 050b 14000000 		.4byte	.LVL20
 952 050f 85060000 		.4byte	0x685
 953 0513 00       		.byte	0
 954 0514 1A       		.uleb128 0x1a
 955 0515 8E040000 		.4byte	.LASF69
 956 0519 09       		.byte	0x9
 957 051a 5506     		.2byte	0x655
 958 051c 20050000 		.4byte	0x520
 959 0520 06       		.uleb128 0x6
 960 0521 8C000000 		.4byte	0x8c
 961 0525 1B       		.uleb128 0x1b
 962 0526 AD000000 		.4byte	.LASF70
 963 052a 05       		.byte	0x5
 964 052b 51       		.byte	0x51
 965 052c 4D020000 		.4byte	0x24d
 966 0530 05       		.uleb128 0x5
 967 0531 03       		.byte	0x3
 968 0532 00000000 		.4byte	normal_context
 969 0536 1B       		.uleb128 0x1b
 970 0537 68030000 		.4byte	.LASF71
 971 053b 05       		.byte	0x5
 972 053c 52       		.byte	0x52
 973 053d 4D020000 		.4byte	0x24d
 974 0541 05       		.uleb128 0x5
 975 0542 03       		.byte	0x3
 976 0543 00000000 		.4byte	it_context
 977 0547 1B       		.uleb128 0x1b
 978 0548 6F020000 		.4byte	.LASF72
 979 054c 05       		.byte	0x5
 980 054d 54       		.byte	0x54
 981 054e 58050000 		.4byte	0x558
 982 0552 05       		.uleb128 0x5
 983 0553 03       		.byte	0x3
 984 0554 00000000 		.4byte	current_context
 985 0558 14       		.uleb128 0x14
 986 0559 04       		.byte	0x4
 987 055a 4D020000 		.4byte	0x24d
 988 055e 0A       		.uleb128 0xa
 989 055f 81000000 		.4byte	0x81
 990 0563 6E050000 		.4byte	0x56e
 991 0567 0B       		.uleb128 0xb
 992 0568 E1000000 		.4byte	0xe1
 993 056c 0F       		.byte	0xf
 994 056d 00       		.byte	0
 995 056e 1B       		.uleb128 0x1b
 996 056f 92000000 		.4byte	.LASF73
 997 0573 05       		.byte	0x5
 998 0574 56       		.byte	0x56
 999 0575 5E050000 		.4byte	0x55e
 1000 0579 05       		.uleb128 0x5
 1001 057a 03       		.byte	0x3
 1002 057b 00000000 		.4byte	registers
 1003 057f 0A       		.uleb128 0xa
ARM GAS  C:\Users\Javier\AppData\Local\Temp\ccqGjbWS.s 			page 21


 1004 0580 81000000 		.4byte	0x81
 1005 0584 8F050000 		.4byte	0x58f
 1006 0588 0B       		.uleb128 0xb
 1007 0589 E1000000 		.4byte	0xe1
 1008 058d FF       		.byte	0xff
 1009 058e 00       		.byte	0
 1010 058f 1C       		.uleb128 0x1c
 1011 0590 726F6D00 		.ascii	"rom\000"
 1012 0594 05       		.byte	0x5
 1013 0595 59       		.byte	0x59
 1014 0596 7F050000 		.4byte	0x57f
 1015 059a 05       		.uleb128 0x5
 1016 059b 03       		.byte	0x3
 1017 059c 00000000 		.4byte	rom
 1018 05a0 1B       		.uleb128 0x1b
 1019 05a1 A3040000 		.4byte	.LASF74
 1020 05a5 06       		.byte	0x6
 1021 05a6 19       		.byte	0x19
 1022 05a7 85020000 		.4byte	0x285
 1023 05ab 05       		.uleb128 0x5
 1024 05ac 03       		.byte	0x3
 1025 05ad 00000000 		.4byte	via_state
 1026 05b1 1C       		.uleb128 0x1c
 1027 05b2 6C636400 		.ascii	"lcd\000"
 1028 05b6 0A       		.byte	0xa
 1029 05b7 12       		.byte	0x12
 1030 05b8 03030000 		.4byte	0x303
 1031 05bc 05       		.uleb128 0x5
 1032 05bd 03       		.byte	0x3
 1033 05be 00000000 		.4byte	lcd
 1034 05c2 1B       		.uleb128 0x1b
 1035 05c3 5D030000 		.4byte	.LASF75
 1036 05c7 0A       		.byte	0xa
 1037 05c8 14       		.byte	0x14
 1038 05c9 E8000000 		.4byte	0xe8
 1039 05cd 05       		.uleb128 0x5
 1040 05ce 03       		.byte	0x3
 1041 05cf 00000000 		.4byte	lcd_update
 1042 05d3 1B       		.uleb128 0x1b
 1043 05d4 43030000 		.4byte	.LASF76
 1044 05d8 08       		.byte	0x8
 1045 05d9 1E       		.byte	0x1e
 1046 05da 76030000 		.4byte	0x376
 1047 05de 05       		.uleb128 0x5
 1048 05df 03       		.byte	0x3
 1049 05e0 00000000 		.4byte	gnome_debug_state
 1050 05e4 1B       		.uleb128 0x1b
 1051 05e5 7F020000 		.4byte	.LASF77
 1052 05e9 08       		.byte	0x8
 1053 05ea 25       		.byte	0x25
 1054 05eb B2030000 		.4byte	0x3b2
 1055 05ef 05       		.uleb128 0x5
 1056 05f0 03       		.byte	0x3
 1057 05f1 00000000 		.4byte	gnome_console
 1058 05f5 1D       		.uleb128 0x1d
 1059 05f6 9B040000 		.4byte	.LASF78
 1060 05fa 0B       		.byte	0xb
ARM GAS  C:\Users\Javier\AppData\Local\Temp\ccqGjbWS.s 			page 22


 1061 05fb 77       		.byte	0x77
 1062 05fc 06060000 		.4byte	0x606
 1063 0600 1E       		.uleb128 0x1e
 1064 0601 AF000000 		.4byte	0xaf
 1065 0605 00       		.byte	0
 1066 0606 1F       		.uleb128 0x1f
 1067 0607 C1030000 		.4byte	.LASF90
 1068 060b 0C       		.byte	0xc
 1069 060c 1F       		.byte	0x1f
 1070 060d 20       		.uleb128 0x20
 1071 060e 37000000 		.4byte	.LASF80
 1072 0612 0C       		.byte	0xc
 1073 0613 23       		.byte	0x23
 1074 0614 97000000 		.4byte	0x97
 1075 0618 22060000 		.4byte	0x622
 1076 061c 1E       		.uleb128 0x1e
 1077 061d A3000000 		.4byte	0xa3
 1078 0621 00       		.byte	0
 1079 0622 1D       		.uleb128 0x1d
 1080 0623 55020000 		.4byte	.LASF79
 1081 0627 08       		.byte	0x8
 1082 0628 28       		.byte	0x28
 1083 0629 33060000 		.4byte	0x633
 1084 062d 1E       		.uleb128 0x1e
 1085 062e 81000000 		.4byte	0x81
 1086 0632 00       		.byte	0
 1087 0633 21       		.uleb128 0x21
 1088 0634 27040000 		.4byte	.LASF83
 1089 0638 0A       		.byte	0xa
 1090 0639 17       		.byte	0x17
 1091 063a 40060000 		.4byte	0x640
 1092 063e 22       		.uleb128 0x22
 1093 063f 00       		.byte	0
 1094 0640 20       		.uleb128 0x20
 1095 0641 72010000 		.4byte	.LASF81
 1096 0645 0D       		.byte	0xd
 1097 0646 13       		.byte	0x13
 1098 0647 FE010000 		.4byte	0x1fe
 1099 064b 55060000 		.4byte	0x655
 1100 064f 1E       		.uleb128 0x1e
 1101 0650 81000000 		.4byte	0x81
 1102 0654 00       		.byte	0
 1103 0655 1D       		.uleb128 0x1d
 1104 0656 66020000 		.4byte	.LASF82
 1105 065a 0E       		.byte	0xe
 1106 065b 12       		.byte	0x12
 1107 065c 6B060000 		.4byte	0x66b
 1108 0660 1E       		.uleb128 0x1e
 1109 0661 FE010000 		.4byte	0x1fe
 1110 0665 1E       		.uleb128 0x1e
 1111 0666 81000000 		.4byte	0x81
 1112 066a 00       		.byte	0
 1113 066b 21       		.uleb128 0x21
 1114 066c 06020000 		.4byte	.LASF84
 1115 0670 0A       		.byte	0xa
 1116 0671 16       		.byte	0x16
 1117 0672 78060000 		.4byte	0x678
ARM GAS  C:\Users\Javier\AppData\Local\Temp\ccqGjbWS.s 			page 23


 1118 0676 22       		.uleb128 0x22
 1119 0677 00       		.byte	0
 1120 0678 21       		.uleb128 0x21
 1121 0679 64040000 		.4byte	.LASF85
 1122 067d 08       		.byte	0x8
 1123 067e 27       		.byte	0x27
 1124 067f 85060000 		.4byte	0x685
 1125 0683 22       		.uleb128 0x22
 1126 0684 00       		.byte	0
 1127 0685 23       		.uleb128 0x23
 1128 0686 B3030000 		.4byte	.LASF91
 1129 068a 0F       		.byte	0xf
 1130 068b 10       		.byte	0x10
 1131 068c 22       		.uleb128 0x22
 1132 068d 00       		.byte	0
 1133 068e 00       		.byte	0
 1134              		.section	.debug_abbrev,"",%progbits
 1135              	.Ldebug_abbrev0:
 1136 0000 01       		.uleb128 0x1
 1137 0001 11       		.uleb128 0x11
 1138 0002 01       		.byte	0x1
 1139 0003 25       		.uleb128 0x25
 1140 0004 0E       		.uleb128 0xe
 1141 0005 13       		.uleb128 0x13
 1142 0006 0B       		.uleb128 0xb
 1143 0007 03       		.uleb128 0x3
 1144 0008 0E       		.uleb128 0xe
 1145 0009 1B       		.uleb128 0x1b
 1146 000a 0E       		.uleb128 0xe
 1147 000b 55       		.uleb128 0x55
 1148 000c 17       		.uleb128 0x17
 1149 000d 11       		.uleb128 0x11
 1150 000e 01       		.uleb128 0x1
 1151 000f 10       		.uleb128 0x10
 1152 0010 17       		.uleb128 0x17
 1153 0011 00       		.byte	0
 1154 0012 00       		.byte	0
 1155 0013 02       		.uleb128 0x2
 1156 0014 24       		.uleb128 0x24
 1157 0015 00       		.byte	0
 1158 0016 0B       		.uleb128 0xb
 1159 0017 0B       		.uleb128 0xb
 1160 0018 3E       		.uleb128 0x3e
 1161 0019 0B       		.uleb128 0xb
 1162 001a 03       		.uleb128 0x3
 1163 001b 0E       		.uleb128 0xe
 1164 001c 00       		.byte	0
 1165 001d 00       		.byte	0
 1166 001e 03       		.uleb128 0x3
 1167 001f 16       		.uleb128 0x16
 1168 0020 00       		.byte	0
 1169 0021 03       		.uleb128 0x3
 1170 0022 0E       		.uleb128 0xe
 1171 0023 3A       		.uleb128 0x3a
 1172 0024 0B       		.uleb128 0xb
 1173 0025 3B       		.uleb128 0x3b
 1174 0026 0B       		.uleb128 0xb
ARM GAS  C:\Users\Javier\AppData\Local\Temp\ccqGjbWS.s 			page 24


 1175 0027 49       		.uleb128 0x49
 1176 0028 13       		.uleb128 0x13
 1177 0029 00       		.byte	0
 1178 002a 00       		.byte	0
 1179 002b 04       		.uleb128 0x4
 1180 002c 24       		.uleb128 0x24
 1181 002d 00       		.byte	0
 1182 002e 0B       		.uleb128 0xb
 1183 002f 0B       		.uleb128 0xb
 1184 0030 3E       		.uleb128 0x3e
 1185 0031 0B       		.uleb128 0xb
 1186 0032 03       		.uleb128 0x3
 1187 0033 08       		.uleb128 0x8
 1188 0034 00       		.byte	0
 1189 0035 00       		.byte	0
 1190 0036 05       		.uleb128 0x5
 1191 0037 16       		.uleb128 0x16
 1192 0038 00       		.byte	0
 1193 0039 03       		.uleb128 0x3
 1194 003a 0E       		.uleb128 0xe
 1195 003b 3A       		.uleb128 0x3a
 1196 003c 0B       		.uleb128 0xb
 1197 003d 3B       		.uleb128 0x3b
 1198 003e 05       		.uleb128 0x5
 1199 003f 49       		.uleb128 0x49
 1200 0040 13       		.uleb128 0x13
 1201 0041 00       		.byte	0
 1202 0042 00       		.byte	0
 1203 0043 06       		.uleb128 0x6
 1204 0044 35       		.uleb128 0x35
 1205 0045 00       		.byte	0
 1206 0046 49       		.uleb128 0x49
 1207 0047 13       		.uleb128 0x13
 1208 0048 00       		.byte	0
 1209 0049 00       		.byte	0
 1210 004a 07       		.uleb128 0x7
 1211 004b 13       		.uleb128 0x13
 1212 004c 01       		.byte	0x1
 1213 004d 0B       		.uleb128 0xb
 1214 004e 0B       		.uleb128 0xb
 1215 004f 3A       		.uleb128 0x3a
 1216 0050 0B       		.uleb128 0xb
 1217 0051 3B       		.uleb128 0x3b
 1218 0052 0B       		.uleb128 0xb
 1219 0053 01       		.uleb128 0x1
 1220 0054 13       		.uleb128 0x13
 1221 0055 00       		.byte	0
 1222 0056 00       		.byte	0
 1223 0057 08       		.uleb128 0x8
 1224 0058 0D       		.uleb128 0xd
 1225 0059 00       		.byte	0
 1226 005a 03       		.uleb128 0x3
 1227 005b 08       		.uleb128 0x8
 1228 005c 3A       		.uleb128 0x3a
 1229 005d 0B       		.uleb128 0xb
 1230 005e 3B       		.uleb128 0x3b
 1231 005f 0B       		.uleb128 0xb
ARM GAS  C:\Users\Javier\AppData\Local\Temp\ccqGjbWS.s 			page 25


 1232 0060 49       		.uleb128 0x49
 1233 0061 13       		.uleb128 0x13
 1234 0062 38       		.uleb128 0x38
 1235 0063 0B       		.uleb128 0xb
 1236 0064 00       		.byte	0
 1237 0065 00       		.byte	0
 1238 0066 09       		.uleb128 0x9
 1239 0067 0D       		.uleb128 0xd
 1240 0068 00       		.byte	0
 1241 0069 03       		.uleb128 0x3
 1242 006a 0E       		.uleb128 0xe
 1243 006b 3A       		.uleb128 0x3a
 1244 006c 0B       		.uleb128 0xb
 1245 006d 3B       		.uleb128 0x3b
 1246 006e 0B       		.uleb128 0xb
 1247 006f 49       		.uleb128 0x49
 1248 0070 13       		.uleb128 0x13
 1249 0071 38       		.uleb128 0x38
 1250 0072 0B       		.uleb128 0xb
 1251 0073 00       		.byte	0
 1252 0074 00       		.byte	0
 1253 0075 0A       		.uleb128 0xa
 1254 0076 01       		.uleb128 0x1
 1255 0077 01       		.byte	0x1
 1256 0078 49       		.uleb128 0x49
 1257 0079 13       		.uleb128 0x13
 1258 007a 01       		.uleb128 0x1
 1259 007b 13       		.uleb128 0x13
 1260 007c 00       		.byte	0
 1261 007d 00       		.byte	0
 1262 007e 0B       		.uleb128 0xb
 1263 007f 21       		.uleb128 0x21
 1264 0080 00       		.byte	0
 1265 0081 49       		.uleb128 0x49
 1266 0082 13       		.uleb128 0x13
 1267 0083 2F       		.uleb128 0x2f
 1268 0084 0B       		.uleb128 0xb
 1269 0085 00       		.byte	0
 1270 0086 00       		.byte	0
 1271 0087 0C       		.uleb128 0xc
 1272 0088 04       		.uleb128 0x4
 1273 0089 01       		.byte	0x1
 1274 008a 0B       		.uleb128 0xb
 1275 008b 0B       		.uleb128 0xb
 1276 008c 3A       		.uleb128 0x3a
 1277 008d 0B       		.uleb128 0xb
 1278 008e 3B       		.uleb128 0x3b
 1279 008f 0B       		.uleb128 0xb
 1280 0090 01       		.uleb128 0x1
 1281 0091 13       		.uleb128 0x13
 1282 0092 00       		.byte	0
 1283 0093 00       		.byte	0
 1284 0094 0D       		.uleb128 0xd
 1285 0095 28       		.uleb128 0x28
 1286 0096 00       		.byte	0
 1287 0097 03       		.uleb128 0x3
 1288 0098 0E       		.uleb128 0xe
ARM GAS  C:\Users\Javier\AppData\Local\Temp\ccqGjbWS.s 			page 26


 1289 0099 1C       		.uleb128 0x1c
 1290 009a 0D       		.uleb128 0xd
 1291 009b 00       		.byte	0
 1292 009c 00       		.byte	0
 1293 009d 0E       		.uleb128 0xe
 1294 009e 28       		.uleb128 0x28
 1295 009f 00       		.byte	0
 1296 00a0 03       		.uleb128 0x3
 1297 00a1 08       		.uleb128 0x8
 1298 00a2 1C       		.uleb128 0x1c
 1299 00a3 0D       		.uleb128 0xd
 1300 00a4 00       		.byte	0
 1301 00a5 00       		.byte	0
 1302 00a6 0F       		.uleb128 0xf
 1303 00a7 2E       		.uleb128 0x2e
 1304 00a8 00       		.byte	0
 1305 00a9 3F       		.uleb128 0x3f
 1306 00aa 19       		.uleb128 0x19
 1307 00ab 03       		.uleb128 0x3
 1308 00ac 0E       		.uleb128 0xe
 1309 00ad 3A       		.uleb128 0x3a
 1310 00ae 0B       		.uleb128 0xb
 1311 00af 3B       		.uleb128 0x3b
 1312 00b0 0B       		.uleb128 0xb
 1313 00b1 11       		.uleb128 0x11
 1314 00b2 01       		.uleb128 0x1
 1315 00b3 12       		.uleb128 0x12
 1316 00b4 06       		.uleb128 0x6
 1317 00b5 40       		.uleb128 0x40
 1318 00b6 18       		.uleb128 0x18
 1319 00b7 9742     		.uleb128 0x2117
 1320 00b9 19       		.uleb128 0x19
 1321 00ba 00       		.byte	0
 1322 00bb 00       		.byte	0
 1323 00bc 10       		.uleb128 0x10
 1324 00bd 2E       		.uleb128 0x2e
 1325 00be 01       		.byte	0x1
 1326 00bf 3F       		.uleb128 0x3f
 1327 00c0 19       		.uleb128 0x19
 1328 00c1 03       		.uleb128 0x3
 1329 00c2 0E       		.uleb128 0xe
 1330 00c3 3A       		.uleb128 0x3a
 1331 00c4 0B       		.uleb128 0xb
 1332 00c5 3B       		.uleb128 0x3b
 1333 00c6 0B       		.uleb128 0xb
 1334 00c7 11       		.uleb128 0x11
 1335 00c8 01       		.uleb128 0x1
 1336 00c9 12       		.uleb128 0x12
 1337 00ca 06       		.uleb128 0x6
 1338 00cb 40       		.uleb128 0x40
 1339 00cc 18       		.uleb128 0x18
 1340 00cd 9742     		.uleb128 0x2117
 1341 00cf 19       		.uleb128 0x19
 1342 00d0 01       		.uleb128 0x1
 1343 00d1 13       		.uleb128 0x13
 1344 00d2 00       		.byte	0
 1345 00d3 00       		.byte	0
ARM GAS  C:\Users\Javier\AppData\Local\Temp\ccqGjbWS.s 			page 27


 1346 00d4 11       		.uleb128 0x11
 1347 00d5 34       		.uleb128 0x34
 1348 00d6 00       		.byte	0
 1349 00d7 03       		.uleb128 0x3
 1350 00d8 08       		.uleb128 0x8
 1351 00d9 3A       		.uleb128 0x3a
 1352 00da 0B       		.uleb128 0xb
 1353 00db 3B       		.uleb128 0x3b
 1354 00dc 0B       		.uleb128 0xb
 1355 00dd 49       		.uleb128 0x49
 1356 00de 13       		.uleb128 0x13
 1357 00df 1C       		.uleb128 0x1c
 1358 00e0 06       		.uleb128 0x6
 1359 00e1 00       		.byte	0
 1360 00e2 00       		.byte	0
 1361 00e3 12       		.uleb128 0x12
 1362 00e4 898201   		.uleb128 0x4109
 1363 00e7 01       		.byte	0x1
 1364 00e8 11       		.uleb128 0x11
 1365 00e9 01       		.uleb128 0x1
 1366 00ea 31       		.uleb128 0x31
 1367 00eb 13       		.uleb128 0x13
 1368 00ec 00       		.byte	0
 1369 00ed 00       		.byte	0
 1370 00ee 13       		.uleb128 0x13
 1371 00ef 8A8201   		.uleb128 0x410a
 1372 00f2 00       		.byte	0
 1373 00f3 02       		.uleb128 0x2
 1374 00f4 18       		.uleb128 0x18
 1375 00f5 9142     		.uleb128 0x2111
 1376 00f7 18       		.uleb128 0x18
 1377 00f8 00       		.byte	0
 1378 00f9 00       		.byte	0
 1379 00fa 14       		.uleb128 0x14
 1380 00fb 0F       		.uleb128 0xf
 1381 00fc 00       		.byte	0
 1382 00fd 0B       		.uleb128 0xb
 1383 00fe 0B       		.uleb128 0xb
 1384 00ff 49       		.uleb128 0x49
 1385 0100 13       		.uleb128 0x13
 1386 0101 00       		.byte	0
 1387 0102 00       		.byte	0
 1388 0103 15       		.uleb128 0x15
 1389 0104 34       		.uleb128 0x34
 1390 0105 00       		.byte	0
 1391 0106 03       		.uleb128 0x3
 1392 0107 08       		.uleb128 0x8
 1393 0108 3A       		.uleb128 0x3a
 1394 0109 0B       		.uleb128 0xb
 1395 010a 3B       		.uleb128 0x3b
 1396 010b 0B       		.uleb128 0xb
 1397 010c 49       		.uleb128 0x49
 1398 010d 13       		.uleb128 0x13
 1399 010e 02       		.uleb128 0x2
 1400 010f 17       		.uleb128 0x17
 1401 0110 00       		.byte	0
 1402 0111 00       		.byte	0
ARM GAS  C:\Users\Javier\AppData\Local\Temp\ccqGjbWS.s 			page 28


 1403 0112 16       		.uleb128 0x16
 1404 0113 898201   		.uleb128 0x4109
 1405 0116 00       		.byte	0
 1406 0117 11       		.uleb128 0x11
 1407 0118 01       		.uleb128 0x1
 1408 0119 31       		.uleb128 0x31
 1409 011a 13       		.uleb128 0x13
 1410 011b 00       		.byte	0
 1411 011c 00       		.byte	0
 1412 011d 17       		.uleb128 0x17
 1413 011e 898201   		.uleb128 0x4109
 1414 0121 01       		.byte	0x1
 1415 0122 11       		.uleb128 0x11
 1416 0123 01       		.uleb128 0x1
 1417 0124 31       		.uleb128 0x31
 1418 0125 13       		.uleb128 0x13
 1419 0126 01       		.uleb128 0x1
 1420 0127 13       		.uleb128 0x13
 1421 0128 00       		.byte	0
 1422 0129 00       		.byte	0
 1423 012a 18       		.uleb128 0x18
 1424 012b 34       		.uleb128 0x34
 1425 012c 00       		.byte	0
 1426 012d 03       		.uleb128 0x3
 1427 012e 0E       		.uleb128 0xe
 1428 012f 3A       		.uleb128 0x3a
 1429 0130 0B       		.uleb128 0xb
 1430 0131 3B       		.uleb128 0x3b
 1431 0132 0B       		.uleb128 0xb
 1432 0133 49       		.uleb128 0x49
 1433 0134 13       		.uleb128 0x13
 1434 0135 02       		.uleb128 0x2
 1435 0136 17       		.uleb128 0x17
 1436 0137 00       		.byte	0
 1437 0138 00       		.byte	0
 1438 0139 19       		.uleb128 0x19
 1439 013a 0B       		.uleb128 0xb
 1440 013b 01       		.byte	0x1
 1441 013c 11       		.uleb128 0x11
 1442 013d 01       		.uleb128 0x1
 1443 013e 12       		.uleb128 0x12
 1444 013f 06       		.uleb128 0x6
 1445 0140 01       		.uleb128 0x1
 1446 0141 13       		.uleb128 0x13
 1447 0142 00       		.byte	0
 1448 0143 00       		.byte	0
 1449 0144 1A       		.uleb128 0x1a
 1450 0145 34       		.uleb128 0x34
 1451 0146 00       		.byte	0
 1452 0147 03       		.uleb128 0x3
 1453 0148 0E       		.uleb128 0xe
 1454 0149 3A       		.uleb128 0x3a
 1455 014a 0B       		.uleb128 0xb
 1456 014b 3B       		.uleb128 0x3b
 1457 014c 05       		.uleb128 0x5
 1458 014d 49       		.uleb128 0x49
 1459 014e 13       		.uleb128 0x13
ARM GAS  C:\Users\Javier\AppData\Local\Temp\ccqGjbWS.s 			page 29


 1460 014f 3F       		.uleb128 0x3f
 1461 0150 19       		.uleb128 0x19
 1462 0151 3C       		.uleb128 0x3c
 1463 0152 19       		.uleb128 0x19
 1464 0153 00       		.byte	0
 1465 0154 00       		.byte	0
 1466 0155 1B       		.uleb128 0x1b
 1467 0156 34       		.uleb128 0x34
 1468 0157 00       		.byte	0
 1469 0158 03       		.uleb128 0x3
 1470 0159 0E       		.uleb128 0xe
 1471 015a 3A       		.uleb128 0x3a
 1472 015b 0B       		.uleb128 0xb
 1473 015c 3B       		.uleb128 0x3b
 1474 015d 0B       		.uleb128 0xb
 1475 015e 49       		.uleb128 0x49
 1476 015f 13       		.uleb128 0x13
 1477 0160 3F       		.uleb128 0x3f
 1478 0161 19       		.uleb128 0x19
 1479 0162 02       		.uleb128 0x2
 1480 0163 18       		.uleb128 0x18
 1481 0164 00       		.byte	0
 1482 0165 00       		.byte	0
 1483 0166 1C       		.uleb128 0x1c
 1484 0167 34       		.uleb128 0x34
 1485 0168 00       		.byte	0
 1486 0169 03       		.uleb128 0x3
 1487 016a 08       		.uleb128 0x8
 1488 016b 3A       		.uleb128 0x3a
 1489 016c 0B       		.uleb128 0xb
 1490 016d 3B       		.uleb128 0x3b
 1491 016e 0B       		.uleb128 0xb
 1492 016f 49       		.uleb128 0x49
 1493 0170 13       		.uleb128 0x13
 1494 0171 3F       		.uleb128 0x3f
 1495 0172 19       		.uleb128 0x19
 1496 0173 02       		.uleb128 0x2
 1497 0174 18       		.uleb128 0x18
 1498 0175 00       		.byte	0
 1499 0176 00       		.byte	0
 1500 0177 1D       		.uleb128 0x1d
 1501 0178 2E       		.uleb128 0x2e
 1502 0179 01       		.byte	0x1
 1503 017a 3F       		.uleb128 0x3f
 1504 017b 19       		.uleb128 0x19
 1505 017c 03       		.uleb128 0x3
 1506 017d 0E       		.uleb128 0xe
 1507 017e 3A       		.uleb128 0x3a
 1508 017f 0B       		.uleb128 0xb
 1509 0180 3B       		.uleb128 0x3b
 1510 0181 0B       		.uleb128 0xb
 1511 0182 27       		.uleb128 0x27
 1512 0183 19       		.uleb128 0x19
 1513 0184 3C       		.uleb128 0x3c
 1514 0185 19       		.uleb128 0x19
 1515 0186 01       		.uleb128 0x1
 1516 0187 13       		.uleb128 0x13
ARM GAS  C:\Users\Javier\AppData\Local\Temp\ccqGjbWS.s 			page 30


 1517 0188 00       		.byte	0
 1518 0189 00       		.byte	0
 1519 018a 1E       		.uleb128 0x1e
 1520 018b 05       		.uleb128 0x5
 1521 018c 00       		.byte	0
 1522 018d 49       		.uleb128 0x49
 1523 018e 13       		.uleb128 0x13
 1524 018f 00       		.byte	0
 1525 0190 00       		.byte	0
 1526 0191 1F       		.uleb128 0x1f
 1527 0192 2E       		.uleb128 0x2e
 1528 0193 00       		.byte	0
 1529 0194 3F       		.uleb128 0x3f
 1530 0195 19       		.uleb128 0x19
 1531 0196 03       		.uleb128 0x3
 1532 0197 0E       		.uleb128 0xe
 1533 0198 3A       		.uleb128 0x3a
 1534 0199 0B       		.uleb128 0xb
 1535 019a 3B       		.uleb128 0x3b
 1536 019b 0B       		.uleb128 0xb
 1537 019c 27       		.uleb128 0x27
 1538 019d 19       		.uleb128 0x19
 1539 019e 3C       		.uleb128 0x3c
 1540 019f 19       		.uleb128 0x19
 1541 01a0 00       		.byte	0
 1542 01a1 00       		.byte	0
 1543 01a2 20       		.uleb128 0x20
 1544 01a3 2E       		.uleb128 0x2e
 1545 01a4 01       		.byte	0x1
 1546 01a5 3F       		.uleb128 0x3f
 1547 01a6 19       		.uleb128 0x19
 1548 01a7 03       		.uleb128 0x3
 1549 01a8 0E       		.uleb128 0xe
 1550 01a9 3A       		.uleb128 0x3a
 1551 01aa 0B       		.uleb128 0xb
 1552 01ab 3B       		.uleb128 0x3b
 1553 01ac 0B       		.uleb128 0xb
 1554 01ad 27       		.uleb128 0x27
 1555 01ae 19       		.uleb128 0x19
 1556 01af 49       		.uleb128 0x49
 1557 01b0 13       		.uleb128 0x13
 1558 01b1 3C       		.uleb128 0x3c
 1559 01b2 19       		.uleb128 0x19
 1560 01b3 01       		.uleb128 0x1
 1561 01b4 13       		.uleb128 0x13
 1562 01b5 00       		.byte	0
 1563 01b6 00       		.byte	0
 1564 01b7 21       		.uleb128 0x21
 1565 01b8 2E       		.uleb128 0x2e
 1566 01b9 01       		.byte	0x1
 1567 01ba 3F       		.uleb128 0x3f
 1568 01bb 19       		.uleb128 0x19
 1569 01bc 03       		.uleb128 0x3
 1570 01bd 0E       		.uleb128 0xe
 1571 01be 3A       		.uleb128 0x3a
 1572 01bf 0B       		.uleb128 0xb
 1573 01c0 3B       		.uleb128 0x3b
ARM GAS  C:\Users\Javier\AppData\Local\Temp\ccqGjbWS.s 			page 31


 1574 01c1 0B       		.uleb128 0xb
 1575 01c2 3C       		.uleb128 0x3c
 1576 01c3 19       		.uleb128 0x19
 1577 01c4 01       		.uleb128 0x1
 1578 01c5 13       		.uleb128 0x13
 1579 01c6 00       		.byte	0
 1580 01c7 00       		.byte	0
 1581 01c8 22       		.uleb128 0x22
 1582 01c9 18       		.uleb128 0x18
 1583 01ca 00       		.byte	0
 1584 01cb 00       		.byte	0
 1585 01cc 00       		.byte	0
 1586 01cd 23       		.uleb128 0x23
 1587 01ce 2E       		.uleb128 0x2e
 1588 01cf 01       		.byte	0x1
 1589 01d0 3F       		.uleb128 0x3f
 1590 01d1 19       		.uleb128 0x19
 1591 01d2 03       		.uleb128 0x3
 1592 01d3 0E       		.uleb128 0xe
 1593 01d4 3A       		.uleb128 0x3a
 1594 01d5 0B       		.uleb128 0xb
 1595 01d6 3B       		.uleb128 0x3b
 1596 01d7 0B       		.uleb128 0xb
 1597 01d8 3C       		.uleb128 0x3c
 1598 01d9 19       		.uleb128 0x19
 1599 01da 00       		.byte	0
 1600 01db 00       		.byte	0
 1601 01dc 00       		.byte	0
 1602              		.section	.debug_loc,"",%progbits
 1603              	.Ldebug_loc0:
 1604              	.LLST0:
 1605 0000 18000000 		.4byte	.LVL3
 1606 0004 1A000000 		.4byte	.LVL4
 1607 0008 0200     		.2byte	0x2
 1608 000a 30       		.byte	0x30
 1609 000b 9F       		.byte	0x9f
 1610 000c 1A000000 		.4byte	.LVL4
 1611 0010 2C000000 		.4byte	.LVL6
 1612 0014 0100     		.2byte	0x1
 1613 0016 53       		.byte	0x53
 1614 0017 3C000000 		.4byte	.LVL7
 1615 001b 3E000000 		.4byte	.LVL8
 1616 001f 0200     		.2byte	0x2
 1617 0021 30       		.byte	0x30
 1618 0022 9F       		.byte	0x9f
 1619 0023 3E000000 		.4byte	.LVL8
 1620 0027 4E000000 		.4byte	.LVL10
 1621 002b 0100     		.2byte	0x1
 1622 002d 53       		.byte	0x53
 1623 002e 5A000000 		.4byte	.LVL11
 1624 0032 5C000000 		.4byte	.LVL12
 1625 0036 0200     		.2byte	0x2
 1626 0038 30       		.byte	0x30
 1627 0039 9F       		.byte	0x9f
 1628 003a 5C000000 		.4byte	.LVL12
 1629 003e 72000000 		.4byte	.LVL16
 1630 0042 0100     		.2byte	0x1
ARM GAS  C:\Users\Javier\AppData\Local\Temp\ccqGjbWS.s 			page 32


 1631 0044 54       		.byte	0x54
 1632 0045 00000000 		.4byte	0
 1633 0049 00000000 		.4byte	0
 1634              	.LLST1:
 1635 004d 14000000 		.4byte	.LVL20
 1636 0051 16000000 		.4byte	.LVL21
 1637 0055 0200     		.2byte	0x2
 1638 0057 30       		.byte	0x30
 1639 0058 9F       		.byte	0x9f
 1640 0059 16000000 		.4byte	.LVL21
 1641 005d 50000000 		.4byte	.LFE66
 1642 0061 0100     		.2byte	0x1
 1643 0063 54       		.byte	0x54
 1644 0064 00000000 		.4byte	0
 1645 0068 00000000 		.4byte	0
 1646              	.LLST2:
 1647 006c 38000000 		.4byte	.LVL25
 1648 0070 3D000000 		.4byte	.LVL26-1
 1649 0074 0100     		.2byte	0x1
 1650 0076 50       		.byte	0x50
 1651 0077 00000000 		.4byte	0
 1652 007b 00000000 		.4byte	0
 1653              		.section	.debug_aranges,"",%progbits
 1654 0000 34000000 		.4byte	0x34
 1655 0004 0200     		.2byte	0x2
 1656 0006 00000000 		.4byte	.Ldebug_info0
 1657 000a 04       		.byte	0x4
 1658 000b 00       		.byte	0
 1659 000c 0000     		.2byte	0
 1660 000e 0000     		.2byte	0
 1661 0010 00000000 		.4byte	.LFB63
 1662 0014 02000000 		.4byte	.LFE63-.LFB63
 1663 0018 00000000 		.4byte	.LFB64
 1664 001c 18000000 		.4byte	.LFE64-.LFB64
 1665 0020 00000000 		.4byte	.LFB65
 1666 0024 88000000 		.4byte	.LFE65-.LFB65
 1667 0028 00000000 		.4byte	.LFB66
 1668 002c 50000000 		.4byte	.LFE66-.LFB66
 1669 0030 00000000 		.4byte	0
 1670 0034 00000000 		.4byte	0
 1671              		.section	.debug_ranges,"",%progbits
 1672              	.Ldebug_ranges0:
 1673 0000 00000000 		.4byte	.LFB63
 1674 0004 02000000 		.4byte	.LFE63
 1675 0008 00000000 		.4byte	.LFB64
 1676 000c 18000000 		.4byte	.LFE64
 1677 0010 00000000 		.4byte	.LFB65
 1678 0014 88000000 		.4byte	.LFE65
 1679 0018 00000000 		.4byte	.LFB66
 1680 001c 50000000 		.4byte	.LFE66
 1681 0020 00000000 		.4byte	0
 1682 0024 00000000 		.4byte	0
 1683              		.section	.debug_line,"",%progbits
 1684              	.Ldebug_line0:
 1685 0000 BF020000 		.section	.debug_str,"MS",%progbits,1
 1685      0200FD01 
 1685      00000201 
ARM GAS  C:\Users\Javier\AppData\Local\Temp\ccqGjbWS.s 			page 33


 1685      FB0E0D00 
 1685      01010101 
 1686              	.LASF61:
 1687 0000 44656275 		.ascii	"Debug_state_typedef\000"
 1687      675F7374 
 1687      6174655F 
 1687      74797065 
 1687      64656600 
 1688              	.LASF43:
 1689 0014 696E645F 		.ascii	"ind_addr_reg\000"
 1689      61646472 
 1689      5F726567 
 1689      00
 1690              	.LASF27:
 1691 0021 736B6970 		.ascii	"skip_c\000"
 1691      5F6300
 1692              	.LASF24:
 1693 0028 696E645F 		.ascii	"ind_addr_reg_t\000"
 1693      61646472 
 1693      5F726567 
 1693      5F7400
 1694              	.LASF80:
 1695 0037 45455052 		.ascii	"EEPROM_ReadByte\000"
 1695      4F4D5F52 
 1695      65616442 
 1695      79746500 
 1696              	.LASF2:
 1697 0047 73686F72 		.ascii	"short int\000"
 1697      7420696E 
 1697      7400
 1698              	.LASF25:
 1699 0051 636C6561 		.ascii	"clear_c\000"
 1699      725F6300 
 1700              	.LASF47:
 1701 0059 706F7274 		.ascii	"port1_ptr\000"
 1701      315F7074 
 1701      7200
 1702              	.LASF44:
 1703 0063 636F6E74 		.ascii	"context_t\000"
 1703      6578745F 
 1703      7400
 1704              	.LASF52:
 1705 006d 64697370 		.ascii	"displayON\000"
 1705      6C61794F 
 1705      4E00
 1706              	.LASF28:
 1707 0077 736B6970 		.ascii	"skip_z\000"
 1707      5F7A00
 1708              	.LASF8:
 1709 007e 6C6F6E67 		.ascii	"long long int\000"
 1709      206C6F6E 
 1709      6720696E 
 1709      7400
 1710              	.LASF32:
 1711 008c 6164645F 		.ascii	"add_d\000"
 1711      6400
 1712              	.LASF73:
ARM GAS  C:\Users\Javier\AppData\Local\Temp\ccqGjbWS.s 			page 34


 1713 0092 72656769 		.ascii	"registers\000"
 1713      73746572 
 1713      7300
 1714              	.LASF57:
 1715 009c 61637469 		.ascii	"active\000"
 1715      766500
 1716              	.LASF87:
 1717 00a3 2E5C676E 		.ascii	".\\gnome.c\000"
 1717      6F6D652E 
 1717      6300
 1718              	.LASF70:
 1719 00ad 6E6F726D 		.ascii	"normal_context\000"
 1719      616C5F63 
 1719      6F6E7465 
 1719      787400
 1720              	.LASF56:
 1721 00bc 6932634C 		.ascii	"i2cLCD_HandleTypeDef\000"
 1721      43445F48 
 1721      616E646C 
 1721      65547970 
 1721      65446566 
 1722              	.LASF64:
 1723 00d1 676E6F6D 		.ascii	"gnome_assert_reset\000"
 1723      655F6173 
 1723      73657274 
 1723      5F726573 
 1723      657400
 1724              	.LASF86:
 1725 00e4 474E5520 		.ascii	"GNU C 4.9.3 20150303 (release) [ARM/embedded-4_9-br"
 1725      4320342E 
 1725      392E3320 
 1725      32303135 
 1725      30333033 
 1726 0117 616E6368 		.ascii	"anch revision 221220] -mcpu=cortex-m3 -mthumb -g -O"
 1726      20726576 
 1726      6973696F 
 1726      6E203232 
 1726      31323230 
 1727 014a 67202D66 		.ascii	"g -ffunction-sections -ffat-lto-objects\000"
 1727      66756E63 
 1727      74696F6E 
 1727      2D736563 
 1727      74696F6E 
 1728              	.LASF81:
 1729 0172 6465636F 		.ascii	"decodeInstruction\000"
 1729      6465496E 
 1729      73747275 
 1729      6374696F 
 1729      6E00
 1730              	.LASF54:
 1731 0184 6E756D62 		.ascii	"numberOfCustomChars\000"
 1731      65724F66 
 1731      43757374 
 1731      6F6D4368 
 1731      61727300 
 1732              	.LASF39:
 1733 0198 696E7374 		.ascii	"inst_enum\000"
ARM GAS  C:\Users\Javier\AppData\Local\Temp\ccqGjbWS.s 			page 35


 1733      5F656E75 
 1733      6D00
 1734              	.LASF14:
 1735 01a2 75696E74 		.ascii	"uint16\000"
 1735      313600
 1736              	.LASF11:
 1737 01a9 75696E74 		.ascii	"uint8_t\000"
 1737      385F7400 
 1738              	.LASF49:
 1739 01b1 64657641 		.ascii	"devAddress\000"
 1739      64647265 
 1739      737300
 1740              	.LASF13:
 1741 01bc 75696E74 		.ascii	"uint8\000"
 1741      3800
 1742              	.LASF29:
 1743 01c2 70757368 		.ascii	"push\000"
 1743      00
 1744              	.LASF51:
 1745 01c7 63757273 		.ascii	"cursorON\000"
 1745      6F724F4E 
 1745      00
 1746              	.LASF0:
 1747 01d0 7369676E 		.ascii	"signed char\000"
 1747      65642063 
 1747      68617200 
 1748              	.LASF36:
 1749 01dc 786F725F 		.ascii	"xor_rd\000"
 1749      726400
 1750              	.LASF16:
 1751 01e3 666C6F61 		.ascii	"float\000"
 1751      7400
 1752              	.LASF89:
 1753 01e9 676E6F6D 		.ascii	"gnome_switch_clk\000"
 1753      655F7377 
 1753      69746368 
 1753      5F636C6B 
 1753      00
 1754              	.LASF40:
 1755 01fa 61636375 		.ascii	"accumulator\000"
 1755      6D756C61 
 1755      746F7200 
 1756              	.LASF84:
 1757 0206 73657475 		.ascii	"setup_lcd\000"
 1757      705F6C63 
 1757      6400
 1758              	.LASF31:
 1759 0210 6C6F6164 		.ascii	"load_d\000"
 1759      5F6400
 1760              	.LASF9:
 1761 0217 6C6F6E67 		.ascii	"long long unsigned int\000"
 1761      206C6F6E 
 1761      6720756E 
 1761      7369676E 
 1761      65642069 
 1762              	.LASF33:
 1763 022e 73746F72 		.ascii	"store_rd\000"
ARM GAS  C:\Users\Javier\AppData\Local\Temp\ccqGjbWS.s 			page 36


 1763      655F7264 
 1763      00
 1764              	.LASF48:
 1765 0237 7669615F 		.ascii	"via_state_t\000"
 1765      73746174 
 1765      655F7400 
 1766              	.LASF26:
 1767 0243 7365745F 		.ascii	"set_c\000"
 1767      6300
 1768              	.LASF45:
 1769 0249 636F6E66 		.ascii	"config_mask\000"
 1769      69675F6D 
 1769      61736B00 
 1770              	.LASF79:
 1771 0255 676E6F6D 		.ascii	"gnome_debug_loop\000"
 1771      655F6465 
 1771      6275675F 
 1771      6C6F6F70 
 1771      00
 1772              	.LASF82:
 1773 0266 65786563 		.ascii	"exectute\000"
 1773      74757465 
 1773      00
 1774              	.LASF72:
 1775 026f 63757272 		.ascii	"current_context\000"
 1775      656E745F 
 1775      636F6E74 
 1775      65787400 
 1776              	.LASF77:
 1777 027f 676E6F6D 		.ascii	"gnome_console\000"
 1777      655F636F 
 1777      6E736F6C 
 1777      6500
 1778              	.LASF68:
 1779 028d 696E7374 		.ascii	"inst\000"
 1779      00
 1780              	.LASF35:
 1781 0292 6164645F 		.ascii	"add_rd\000"
 1781      726400
 1782              	.LASF1:
 1783 0299 756E7369 		.ascii	"unsigned char\000"
 1783      676E6564 
 1783      20636861 
 1783      7200
 1784              	.LASF88:
 1785 02a7 433A5C55 		.ascii	"C:\\Users\\Javier\\Documents\\PSoC Creator\\gnome_w"
 1785      73657273 
 1785      5C4A6176 
 1785      6965725C 
 1785      446F6375 
 1786 02d5 6F726B73 		.ascii	"orkspace\\gnome_cajas.cydsn\000"
 1786      70616365 
 1786      5C676E6F 
 1786      6D655F63 
 1786      616A6173 
 1787              	.LASF65:
 1788 02f0 676E6F6D 		.ascii	"gnome_power_on_reset\000"
ARM GAS  C:\Users\Javier\AppData\Local\Temp\ccqGjbWS.s 			page 37


 1788      655F706F 
 1788      7765725F 
 1788      6F6E5F72 
 1788      65736574 
 1789              	.LASF41:
 1790 0305 666C6167 		.ascii	"flags\000"
 1790      7300
 1791              	.LASF66:
 1792 030b 676E6F6D 		.ascii	"gnome_start\000"
 1792      655F7374 
 1792      61727400 
 1793              	.LASF38:
 1794 0317 6A6D705F 		.ascii	"jmp_add\000"
 1794      61646400 
 1795              	.LASF60:
 1796 031f 62726561 		.ascii	"breakpoints\000"
 1796      6B706F69 
 1796      6E747300 
 1797              	.LASF10:
 1798 032b 756E7369 		.ascii	"unsigned int\000"
 1798      676E6564 
 1798      20696E74 
 1798      00
 1799              	.LASF42:
 1800 0338 73746163 		.ascii	"stack\000"
 1800      6B00
 1801              	.LASF67:
 1802 033e 636F6465 		.ascii	"code\000"
 1802      00
 1803              	.LASF76:
 1804 0343 676E6F6D 		.ascii	"gnome_debug_state\000"
 1804      655F6465 
 1804      6275675F 
 1804      73746174 
 1804      6500
 1805              	.LASF34:
 1806 0355 6C6F6164 		.ascii	"load_rd\000"
 1806      5F726400 
 1807              	.LASF75:
 1808 035d 6C63645F 		.ascii	"lcd_update\000"
 1808      75706461 
 1808      746500
 1809              	.LASF71:
 1810 0368 69745F63 		.ascii	"it_context\000"
 1810      6F6E7465 
 1810      787400
 1811              	.LASF23:
 1812 0373 73746163 		.ascii	"stack_t\000"
 1812      6B5F7400 
 1813              	.LASF59:
 1814 037b 73746F70 		.ascii	"stop\000"
 1814      00
 1815              	.LASF18:
 1816 0380 63686172 		.ascii	"char\000"
 1816      00
 1817              	.LASF58:
 1818 0385 42726561 		.ascii	"Breakpoint_typedef\000"
ARM GAS  C:\Users\Javier\AppData\Local\Temp\ccqGjbWS.s 			page 38


 1818      6B706F69 
 1818      6E745F74 
 1818      79706564 
 1818      656600
 1819              	.LASF12:
 1820 0398 696E7433 		.ascii	"int32_t\000"
 1820      325F7400 
 1821              	.LASF3:
 1822 03a0 73686F72 		.ascii	"short unsigned int\000"
 1822      7420756E 
 1822      7369676E 
 1822      65642069 
 1822      6E7400
 1823              	.LASF91:
 1824 03b3 676E6F6D 		.ascii	"gnome_it_init\000"
 1824      655F6974 
 1824      5F696E69 
 1824      7400
 1825              	.LASF90:
 1826 03c1 45455052 		.ascii	"EEPROM_Start\000"
 1826      4F4D5F53 
 1826      74617274 
 1826      00
 1827              	.LASF22:
 1828 03ce 64617461 		.ascii	"data\000"
 1828      00
 1829              	.LASF62:
 1830 03d3 62756666 		.ascii	"buffer\000"
 1830      657200
 1831              	.LASF15:
 1832 03da 75696E74 		.ascii	"uint32\000"
 1832      333200
 1833              	.LASF19:
 1834 03e1 72656738 		.ascii	"reg8\000"
 1834      00
 1835              	.LASF7:
 1836 03e6 6C6F6E67 		.ascii	"long unsigned int\000"
 1836      20756E73 
 1836      69676E65 
 1836      6420696E 
 1836      7400
 1837              	.LASF46:
 1838 03f8 706F7274 		.ascii	"port0_ptr\000"
 1838      305F7074 
 1838      7200
 1839              	.LASF17:
 1840 0402 646F7562 		.ascii	"double\000"
 1840      6C6500
 1841              	.LASF55:
 1842 0409 63757374 		.ascii	"customCharIdentifiers\000"
 1842      6F6D4368 
 1842      61724964 
 1842      656E7469 
 1842      66696572 
 1843              	.LASF53:
 1844 041f 626C696E 		.ascii	"blinkON\000"
 1844      6B4F4E00 
ARM GAS  C:\Users\Javier\AppData\Local\Temp\ccqGjbWS.s 			page 39


 1845              	.LASF83:
 1846 0427 75706461 		.ascii	"update_lcd\000"
 1846      74655F6C 
 1846      636400
 1847              	.LASF5:
 1848 0432 5F5F696E 		.ascii	"__int32_t\000"
 1848      7433325F 
 1848      7400
 1849              	.LASF63:
 1850 043c 44656275 		.ascii	"Debug_console_typedef\000"
 1850      675F636F 
 1850      6E736F6C 
 1850      655F7479 
 1850      70656465 
 1851              	.LASF21:
 1852 0452 666C6167 		.ascii	"flags_t\000"
 1852      735F7400 
 1853              	.LASF50:
 1854 045a 6261636B 		.ascii	"backlight\000"
 1854      6C696768 
 1854      7400
 1855              	.LASF85:
 1856 0464 676E6F6D 		.ascii	"gnome_debug_init\000"
 1856      655F6465 
 1856      6275675F 
 1856      696E6974 
 1856      00
 1857              	.LASF20:
 1858 0475 73697A65 		.ascii	"sizetype\000"
 1858      74797065 
 1858      00
 1859              	.LASF30:
 1860 047e 6272616E 		.ascii	"branch\000"
 1860      636800
 1861              	.LASF6:
 1862 0485 6C6F6E67 		.ascii	"long int\000"
 1862      20696E74 
 1862      00
 1863              	.LASF69:
 1864 048e 49544D5F 		.ascii	"ITM_RxBuffer\000"
 1864      52784275 
 1864      66666572 
 1864      00
 1865              	.LASF78:
 1866 049b 43794465 		.ascii	"CyDelay\000"
 1866      6C617900 
 1867              	.LASF74:
 1868 04a3 7669615F 		.ascii	"via_state\000"
 1868      73746174 
 1868      6500
 1869              	.LASF37:
 1870 04ad 616E645F 		.ascii	"and_rd\000"
 1870      726400
 1871              	.LASF4:
 1872 04b4 5F5F7569 		.ascii	"__uint8_t\000"
 1872      6E74385F 
 1872      7400
ARM GAS  C:\Users\Javier\AppData\Local\Temp\ccqGjbWS.s 			page 40


 1873              		.ident	"GCC: (GNU Tools for ARM Embedded Processors) 4.9.3 20150303 (release) [ARM/embedded-4_9-br
