ARM GAS  C:\Users\Javier\AppData\Local\Temp\ccxBFzCC.s 			page 1


   1              		.syntax unified
   2              		.cpu cortex-m3
   3              		.fpu softvfp
   4              		.eabi_attribute 20, 1
   5              		.eabi_attribute 21, 1
   6              		.eabi_attribute 23, 3
   7              		.eabi_attribute 24, 1
   8              		.eabi_attribute 25, 1
   9              		.eabi_attribute 26, 1
  10              		.eabi_attribute 30, 1
  11              		.eabi_attribute 34, 1
  12              		.eabi_attribute 18, 4
  13              		.thumb
  14              		.file	"gnome_memory.c"
  15              		.text
  16              	.Ltext0:
  17              		.cfi_sections	.debug_frame
  18              		.section	.text.gnome_store_reg,"ax",%progbits
  19              		.align	2
  20              		.global	gnome_store_reg
  21              		.thumb
  22              		.thumb_func
  23              		.type	gnome_store_reg, %function
  24              	gnome_store_reg:
  25              	.LFB63:
  26              		.file 1 ".\\gnome_memory.c"
   1:.\gnome_memory.c **** /* ========================================
   2:.\gnome_memory.c ****  *
   3:.\gnome_memory.c ****  * Copyright YOUR COMPANY, THE YEAR
   4:.\gnome_memory.c ****  * All Rights Reserved
   5:.\gnome_memory.c ****  * UNPUBLISHED, LICENSED SOFTWARE.
   6:.\gnome_memory.c ****  *
   7:.\gnome_memory.c ****  * CONFIDENTIAL AND PROPRIETARY INFORMATION
   8:.\gnome_memory.c ****  * WHICH IS THE PROPERTY OF your company.
   9:.\gnome_memory.c ****  *
  10:.\gnome_memory.c ****  * ========================================
  11:.\gnome_memory.c **** */
  12:.\gnome_memory.c **** 
  13:.\gnome_memory.c **** #include "gnome_memory.h"
  14:.\gnome_memory.c **** 
  15:.\gnome_memory.c **** void gnome_store_reg(uint8_t regist) {
  27              		.loc 1 15 0
  28              		.cfi_startproc
  29              		@ args = 0, pretend = 0, frame = 0
  30              		@ frame_needed = 0, uses_anonymous_args = 0
  31              		@ link register save eliminated.
  32              	.LVL0:
  33              	.LBB2:
  16:.\gnome_memory.c ****     if (GNOME_VIA_ACTIVE) {
  17:.\gnome_memory.c ****         reg8 *mem_mapped_reg;
  18:.\gnome_memory.c ****         uint8_t intermediateValue;
  19:.\gnome_memory.c ****         switch (regist & 0x0F) {
  34              		.loc 1 19 0
  35 0000 00F00F00 		and	r0, r0, #15
  36              	.LVL1:
  37 0004 0E28     		cmp	r0, #14
  38 0006 21D0     		beq	.L3
ARM GAS  C:\Users\Javier\AppData\Local\Temp\ccxBFzCC.s 			page 2


  39 0008 0F28     		cmp	r0, #15
  40 000a 3FD0     		beq	.L4
  41 000c 0D28     		cmp	r0, #13
  42 000e 5DD1     		bne	.L12
  20:.\gnome_memory.c ****             #if !defined(GNOME_VIA_CONFIG_OUT_OPT_OUT) /* Check for removal by optimization */
  21:.\gnome_memory.c ****             case GNOME_VIA_CONFIG:
  22:.\gnome_memory.c ****                 if(via_state.config_mask & 0x80) {
  43              		.loc 1 22 0
  44 0010 324B     		ldr	r3, .L13
  45 0012 1B78     		ldrb	r3, [r3]	@ zero_extendqisi2
  46 0014 DAB2     		uxtb	r2, r3
  47 0016 12F0800F 		tst	r2, #128
  48 001a 0FD0     		beq	.L6
  49              	.LVL2:
  23:.\gnome_memory.c ****                     mem_mapped_reg = GNOME_VIA_CONFIG_OUT_ADDR;
  24:.\gnome_memory.c ****                     intermediateValue = *mem_mapped_reg & ~via_state.config_mask; // Ponemos a cero
  50              		.loc 1 24 0
  51 001c 3048     		ldr	r0, .L13+4
  52 001e 0178     		ldrb	r1, [r0]	@ zero_extendqisi2
  53 0020 21EA0202 		bic	r2, r1, r2
  54              	.LVL3:
  25:.\gnome_memory.c ****                     *mem_mapped_reg = ((current_context->accumulator & via_state.config_mask) | int
  55              		.loc 1 25 0
  56 0024 2F49     		ldr	r1, .L13+8
  57 0026 0968     		ldr	r1, [r1]
  58 0028 0978     		ldrb	r1, [r1]	@ zero_extendqisi2
  59 002a 0B40     		ands	r3, r3, r1
  60 002c 1343     		orrs	r3, r3, r2
  61 002e 03F00F03 		and	r3, r3, #15
  62 0032 0370     		strb	r3, [r0]
  26:.\gnome_memory.c ****                     via_state.config_mask = 0;
  63              		.loc 1 26 0
  64 0034 0022     		movs	r2, #0
  65              	.LVL4:
  66 0036 294B     		ldr	r3, .L13
  67 0038 1A70     		strb	r2, [r3]
  68 003a 7047     		bx	lr
  69              	.LVL5:
  70              	.L6:
  27:.\gnome_memory.c ****                 } else {
  28:.\gnome_memory.c ****                     // 0x80 indica una petición de escritura, incluso si la máscara es cero.
  29:.\gnome_memory.c ****                     via_state.config_mask = current_context->accumulator | 0x80;
  71              		.loc 1 29 0
  72 003c 294B     		ldr	r3, .L13+8
  73 003e 1B68     		ldr	r3, [r3]
  74 0040 1B78     		ldrb	r3, [r3]	@ zero_extendqisi2
  75 0042 63F07F03 		orn	r3, r3, #127
  76 0046 254A     		ldr	r2, .L13
  77 0048 1370     		strb	r3, [r2]
  78 004a 7047     		bx	lr
  79              	.L3:
  80              	.LVL6:
  30:.\gnome_memory.c ****                 }
  31:.\gnome_memory.c ****                 break;
  32:.\gnome_memory.c ****             #endif
  33:.\gnome_memory.c ****             #if !defined(GNOME_VIA_PORT0_OUT_OPT_OUT) /* Check for removal by optimization */
  34:.\gnome_memory.c ****             case GNOME_VIA_PORT0:
ARM GAS  C:\Users\Javier\AppData\Local\Temp\ccxBFzCC.s 			page 3


  35:.\gnome_memory.c ****                 mem_mapped_reg = GNOME_VIA_PORT0_OUT_ADDR;
  36:.\gnome_memory.c ****                 if (via_state.port0_ptr) {
  81              		.loc 1 36 0
  82 004c 234B     		ldr	r3, .L13
  83 004e 5B78     		ldrb	r3, [r3, #1]	@ zero_extendqisi2
  84 0050 5BB1     		cbz	r3, .L8
  37:.\gnome_memory.c ****                     intermediateValue = 0x0F & *mem_mapped_reg;
  85              		.loc 1 37 0
  86 0052 254A     		ldr	r2, .L13+12
  87 0054 1378     		ldrb	r3, [r2]	@ zero_extendqisi2
  88 0056 03F00F03 		and	r3, r3, #15
  89              	.LVL7:
  38:.\gnome_memory.c ****                     *mem_mapped_reg =  (intermediateValue + (current_context->accumulator << 4));
  90              		.loc 1 38 0
  91 005a 2249     		ldr	r1, .L13+8
  92 005c 0968     		ldr	r1, [r1]
  93 005e 0978     		ldrb	r1, [r1]	@ zero_extendqisi2
  94 0060 03EB0113 		add	r3, r3, r1, lsl #4
  95              	.LVL8:
  96 0064 DBB2     		uxtb	r3, r3
  97 0066 1370     		strb	r3, [r2]
  98 0068 09E0     		b	.L9
  99              	.L8:
  39:.\gnome_memory.c ****                 } else {
  40:.\gnome_memory.c ****                     intermediateValue = 0xF0 & *mem_mapped_reg;
 100              		.loc 1 40 0
 101 006a 1F4A     		ldr	r2, .L13+12
 102 006c 1378     		ldrb	r3, [r2]	@ zero_extendqisi2
 103 006e 03F0F003 		and	r3, r3, #240
 104              	.LVL9:
  41:.\gnome_memory.c ****                     *mem_mapped_reg =  (intermediateValue + current_context->accumulator);
 105              		.loc 1 41 0
 106 0072 1C49     		ldr	r1, .L13+8
 107 0074 0968     		ldr	r1, [r1]
 108 0076 0978     		ldrb	r1, [r1]	@ zero_extendqisi2
 109 0078 0B44     		add	r3, r3, r1
 110              	.LVL10:
 111 007a DBB2     		uxtb	r3, r3
 112 007c 1370     		strb	r3, [r2]
 113              	.L9:
  42:.\gnome_memory.c ****                 }
  43:.\gnome_memory.c ****                 via_state.port0_ptr = !via_state.port0_ptr;
 114              		.loc 1 43 0
 115 007e 174A     		ldr	r2, .L13
 116 0080 5378     		ldrb	r3, [r2, #1]	@ zero_extendqisi2
 117 0082 B3FA83F3 		clz	r3, r3
 118 0086 5B09     		lsrs	r3, r3, #5
 119 0088 5370     		strb	r3, [r2, #1]
  44:.\gnome_memory.c ****                 break;
 120              		.loc 1 44 0
 121 008a 7047     		bx	lr
 122              	.LVL11:
 123              	.L4:
  45:.\gnome_memory.c ****             #endif
  46:.\gnome_memory.c ****             #if !defined(GNOME_VIA_PORT1_OUT_OPT_OUT) /* Check for removal by optimization */
  47:.\gnome_memory.c ****             case GNOME_VIA_PORT1:
  48:.\gnome_memory.c ****                 mem_mapped_reg = GNOME_VIA_PORT1_OUT_ADDR;
ARM GAS  C:\Users\Javier\AppData\Local\Temp\ccxBFzCC.s 			page 4


  49:.\gnome_memory.c ****                 if (via_state.port1_ptr) {
 124              		.loc 1 49 0
 125 008c 134B     		ldr	r3, .L13
 126 008e 9B78     		ldrb	r3, [r3, #2]	@ zero_extendqisi2
 127 0090 5BB1     		cbz	r3, .L10
  50:.\gnome_memory.c ****                     intermediateValue = 0x0F & *mem_mapped_reg;
 128              		.loc 1 50 0
 129 0092 164A     		ldr	r2, .L13+16
 130 0094 1378     		ldrb	r3, [r2]	@ zero_extendqisi2
 131 0096 03F00F03 		and	r3, r3, #15
 132              	.LVL12:
  51:.\gnome_memory.c ****                     *mem_mapped_reg =  (intermediateValue + (current_context->accumulator << 4));
 133              		.loc 1 51 0
 134 009a 1249     		ldr	r1, .L13+8
 135 009c 0968     		ldr	r1, [r1]
 136 009e 0978     		ldrb	r1, [r1]	@ zero_extendqisi2
 137 00a0 03EB0113 		add	r3, r3, r1, lsl #4
 138              	.LVL13:
 139 00a4 DBB2     		uxtb	r3, r3
 140 00a6 1370     		strb	r3, [r2]
 141 00a8 09E0     		b	.L11
 142              	.L10:
  52:.\gnome_memory.c ****                 } else {
  53:.\gnome_memory.c ****                     intermediateValue = 0xF0 & *mem_mapped_reg;
 143              		.loc 1 53 0
 144 00aa 104A     		ldr	r2, .L13+16
 145 00ac 1378     		ldrb	r3, [r2]	@ zero_extendqisi2
 146 00ae 03F0F003 		and	r3, r3, #240
 147              	.LVL14:
  54:.\gnome_memory.c ****                     *mem_mapped_reg =  (intermediateValue + current_context->accumulator);
 148              		.loc 1 54 0
 149 00b2 0C49     		ldr	r1, .L13+8
 150 00b4 0968     		ldr	r1, [r1]
 151 00b6 0978     		ldrb	r1, [r1]	@ zero_extendqisi2
 152 00b8 0B44     		add	r3, r3, r1
 153              	.LVL15:
 154 00ba DBB2     		uxtb	r3, r3
 155 00bc 1370     		strb	r3, [r2]
 156              	.L11:
  55:.\gnome_memory.c ****                 }
  56:.\gnome_memory.c ****                 via_state.port1_ptr = !via_state.port1_ptr;                
 157              		.loc 1 56 0
 158 00be 074A     		ldr	r2, .L13
 159 00c0 9378     		ldrb	r3, [r2, #2]	@ zero_extendqisi2
 160 00c2 B3FA83F3 		clz	r3, r3
 161 00c6 5B09     		lsrs	r3, r3, #5
 162 00c8 9370     		strb	r3, [r2, #2]
  57:.\gnome_memory.c ****                 break;
 163              		.loc 1 57 0
 164 00ca 7047     		bx	lr
 165              	.LVL16:
 166              	.L12:
  58:.\gnome_memory.c ****             #endif
  59:.\gnome_memory.c ****             default:
  60:.\gnome_memory.c ****                 registers[regist & 0x0f] = current_context->accumulator & ((1<<GNOME_WORD_SIZE) -1)
 167              		.loc 1 60 0
 168 00cc 054B     		ldr	r3, .L13+8
ARM GAS  C:\Users\Javier\AppData\Local\Temp\ccxBFzCC.s 			page 5


 169 00ce 1B68     		ldr	r3, [r3]
 170 00d0 1B78     		ldrb	r3, [r3]	@ zero_extendqisi2
 171 00d2 03F00F03 		and	r3, r3, #15
 172 00d6 064A     		ldr	r2, .L13+20
 173 00d8 1354     		strb	r3, [r2, r0]
 174 00da 7047     		bx	lr
 175              	.L14:
 176              		.align	2
 177              	.L13:
 178 00dc 00000000 		.word	via_state
 179 00e0 75640040 		.word	1073767541
 180 00e4 00000000 		.word	current_context
 181 00e8 72640040 		.word	1073767538
 182 00ec 77640040 		.word	1073767543
 183 00f0 00000000 		.word	registers
 184              	.LBE2:
 185              		.cfi_endproc
 186              	.LFE63:
 187              		.size	gnome_store_reg, .-gnome_store_reg
 188              		.section	.text.gnome_load_reg,"ax",%progbits
 189              		.align	2
 190              		.global	gnome_load_reg
 191              		.thumb
 192              		.thumb_func
 193              		.type	gnome_load_reg, %function
 194              	gnome_load_reg:
 195              	.LFB64:
  61:.\gnome_memory.c ****                 break;
  62:.\gnome_memory.c ****         }
  63:.\gnome_memory.c ****     } else {
  64:.\gnome_memory.c ****         registers[regist & 0x0f] = current_context->accumulator;
  65:.\gnome_memory.c ****     }
  66:.\gnome_memory.c **** }
  67:.\gnome_memory.c **** 
  68:.\gnome_memory.c **** uint8_t gnome_load_reg(uint8_t regist) {
 196              		.loc 1 68 0
 197              		.cfi_startproc
 198              		@ args = 0, pretend = 0, frame = 0
 199              		@ frame_needed = 0, uses_anonymous_args = 0
 200              		@ link register save eliminated.
 201              	.LVL17:
 202              	.LBB3:
  69:.\gnome_memory.c ****     if (GNOME_VIA_ACTIVE) {
  70:.\gnome_memory.c ****         reg8 *mem_mapped_reg;
  71:.\gnome_memory.c ****         uint8_t retVal;
  72:.\gnome_memory.c ****         switch (regist & 0xF) {
 203              		.loc 1 72 0
 204 0000 00F00F00 		and	r0, r0, #15
 205              	.LVL18:
 206 0004 0E28     		cmp	r0, #14
 207 0006 08D0     		beq	.L17
 208 0008 0F28     		cmp	r0, #15
 209 000a 17D0     		beq	.L18
 210 000c 0D28     		cmp	r0, #13
 211 000e 26D1     		bne	.L25
 212              	.LVL19:
  73:.\gnome_memory.c ****             #if !defined(GNOME_VIA_CONFIG_IN_OPT_OUT) /* Check for removal by optimization */
ARM GAS  C:\Users\Javier\AppData\Local\Temp\ccxBFzCC.s 			page 6


  74:.\gnome_memory.c ****             case GNOME_VIA_CONFIG:
  75:.\gnome_memory.c ****                 mem_mapped_reg = GNOME_VIA_CONFIG_IN_ADDR;
  76:.\gnome_memory.c ****                 retVal = (*mem_mapped_reg) & 0x0F;
 213              		.loc 1 76 0
 214 0010 154B     		ldr	r3, .L26
 215 0012 1878     		ldrb	r0, [r3]	@ zero_extendqisi2
 216 0014 00F00F00 		and	r0, r0, #15
 217              	.LVL20:
  77:.\gnome_memory.c ****                 break;
 218              		.loc 1 77 0
 219 0018 7047     		bx	lr
 220              	.LVL21:
 221              	.L17:
  78:.\gnome_memory.c ****             #endif
  79:.\gnome_memory.c ****             #if !defined(GNOME_VIA_PORT0_IN_OPT_OUT) /* Check for removal by optimization */
  80:.\gnome_memory.c ****             case GNOME_VIA_PORT0:
  81:.\gnome_memory.c ****                 mem_mapped_reg = GNOME_VIA_PORT0_IN_ADDR;
  82:.\gnome_memory.c ****                 if (via_state.port0_ptr) {
 222              		.loc 1 82 0
 223 001a 144B     		ldr	r3, .L26+4
 224 001c 5B78     		ldrb	r3, [r3, #1]	@ zero_extendqisi2
 225 001e 1BB1     		cbz	r3, .L21
  83:.\gnome_memory.c ****                     retVal = (((*mem_mapped_reg) & 0xF0) >> 4) & ((1<<GNOME_WORD_SIZE) -1);
 226              		.loc 1 83 0
 227 0020 134A     		ldr	r2, .L26+8
 228 0022 1078     		ldrb	r0, [r2]	@ zero_extendqisi2
 229 0024 0009     		lsrs	r0, r0, #4
 230              	.LVL22:
 231 0026 03E0     		b	.L22
 232              	.LVL23:
 233              	.L21:
  84:.\gnome_memory.c ****                 } else {
  85:.\gnome_memory.c ****                     retVal = (*mem_mapped_reg) & ((1<<GNOME_WORD_SIZE) -1);
 234              		.loc 1 85 0
 235 0028 114A     		ldr	r2, .L26+8
 236 002a 1078     		ldrb	r0, [r2]	@ zero_extendqisi2
 237 002c 00F00F00 		and	r0, r0, #15
 238              	.LVL24:
 239              	.L22:
  86:.\gnome_memory.c ****                 }
  87:.\gnome_memory.c ****                 via_state.port0_ptr = !via_state.port0_ptr;
 240              		.loc 1 87 0
 241 0030 B3FA83F3 		clz	r3, r3
 242 0034 5B09     		lsrs	r3, r3, #5
 243 0036 0D4A     		ldr	r2, .L26+4
 244 0038 5370     		strb	r3, [r2, #1]
  88:.\gnome_memory.c ****                 break;
 245              		.loc 1 88 0
 246 003a 7047     		bx	lr
 247              	.LVL25:
 248              	.L18:
  89:.\gnome_memory.c ****             #endif
  90:.\gnome_memory.c ****             #if !defined(GNOME_VIA_PORT1_IN_OPT_OUT) /* Check for removal by optimization */
  91:.\gnome_memory.c ****             case GNOME_VIA_PORT1:
  92:.\gnome_memory.c ****                 mem_mapped_reg = GNOME_VIA_PORT1_IN_ADDR;
  93:.\gnome_memory.c ****                 if (via_state.port1_ptr) {
 249              		.loc 1 93 0
ARM GAS  C:\Users\Javier\AppData\Local\Temp\ccxBFzCC.s 			page 7


 250 003c 0B4B     		ldr	r3, .L26+4
 251 003e 9B78     		ldrb	r3, [r3, #2]	@ zero_extendqisi2
 252 0040 1BB1     		cbz	r3, .L23
  94:.\gnome_memory.c ****                     retVal = (((*mem_mapped_reg) & 0xF0) >> 4) & ((1<<GNOME_WORD_SIZE) -1);
 253              		.loc 1 94 0
 254 0042 0C4A     		ldr	r2, .L26+12
 255 0044 1078     		ldrb	r0, [r2]	@ zero_extendqisi2
 256 0046 0009     		lsrs	r0, r0, #4
 257              	.LVL26:
 258 0048 03E0     		b	.L24
 259              	.LVL27:
 260              	.L23:
  95:.\gnome_memory.c ****                 } else {
  96:.\gnome_memory.c ****                     retVal = (*mem_mapped_reg) & ((1<<GNOME_WORD_SIZE) -1);
 261              		.loc 1 96 0
 262 004a 0A4A     		ldr	r2, .L26+12
 263 004c 1078     		ldrb	r0, [r2]	@ zero_extendqisi2
 264 004e 00F00F00 		and	r0, r0, #15
 265              	.LVL28:
 266              	.L24:
  97:.\gnome_memory.c ****                 }
  98:.\gnome_memory.c ****                 via_state.port1_ptr = !via_state.port1_ptr;                
 267              		.loc 1 98 0
 268 0052 B3FA83F3 		clz	r3, r3
 269 0056 5B09     		lsrs	r3, r3, #5
 270 0058 044A     		ldr	r2, .L26+4
 271 005a 9370     		strb	r3, [r2, #2]
  99:.\gnome_memory.c ****                 break;
 272              		.loc 1 99 0
 273 005c 7047     		bx	lr
 274              	.LVL29:
 275              	.L25:
 100:.\gnome_memory.c ****             #endif
 101:.\gnome_memory.c ****             default:
 102:.\gnome_memory.c ****                retVal = registers[regist & 0x0F] &((1<<GNOME_WORD_SIZE) -1);
 276              		.loc 1 102 0
 277 005e 064B     		ldr	r3, .L26+16
 278 0060 185C     		ldrb	r0, [r3, r0]	@ zero_extendqisi2
 279 0062 00F00F00 		and	r0, r0, #15
 280              	.LVL30:
 281              	.LBE3:
 103:.\gnome_memory.c ****                 break;
 104:.\gnome_memory.c ****         }
 105:.\gnome_memory.c ****         return retVal;
 106:.\gnome_memory.c ****     } else {
 107:.\gnome_memory.c ****         return registers[regist & 0x0f] & ((1<<GNOME_WORD_SIZE) -1);
 108:.\gnome_memory.c ****     }
 109:.\gnome_memory.c **** }
 282              		.loc 1 109 0
 283 0066 7047     		bx	lr
 284              	.L27:
 285              		.align	2
 286              	.L26:
 287 0068 61640040 		.word	1073767521
 288 006c 00000000 		.word	via_state
 289 0070 65640040 		.word	1073767525
 290 0074 67650040 		.word	1073767783
ARM GAS  C:\Users\Javier\AppData\Local\Temp\ccxBFzCC.s 			page 8


 291 0078 00000000 		.word	registers
 292              		.cfi_endproc
 293              	.LFE64:
 294              		.size	gnome_load_reg, .-gnome_load_reg
 295              		.section	.text.gnome_debug_load_reg,"ax",%progbits
 296              		.align	2
 297              		.global	gnome_debug_load_reg
 298              		.thumb
 299              		.thumb_func
 300              		.type	gnome_debug_load_reg, %function
 301              	gnome_debug_load_reg:
 302              	.LFB65:
 110:.\gnome_memory.c **** 
 111:.\gnome_memory.c **** 
 112:.\gnome_memory.c **** uint8_t gnome_debug_load_reg(uint8_t regist) {
 303              		.loc 1 112 0
 304              		.cfi_startproc
 305              		@ args = 0, pretend = 0, frame = 0
 306              		@ frame_needed = 0, uses_anonymous_args = 0
 307              		@ link register save eliminated.
 308              	.LVL31:
 309              	.LBB4:
 113:.\gnome_memory.c ****     if (GNOME_VIA_ACTIVE) {
 114:.\gnome_memory.c ****         reg8 *mem_mapped_reg;
 115:.\gnome_memory.c ****         uint8_t retVal;
 116:.\gnome_memory.c ****         switch (regist & 0xF) {
 310              		.loc 1 116 0
 311 0000 00F00F00 		and	r0, r0, #15
 312              	.LVL32:
 313 0004 0E28     		cmp	r0, #14
 314 0006 07D0     		beq	.L30
 315 0008 0F28     		cmp	r0, #15
 316 000a 09D0     		beq	.L31
 317 000c 0D28     		cmp	r0, #13
 318 000e 0BD1     		bne	.L34
 319              	.LVL33:
 117:.\gnome_memory.c ****             #if !defined(GNOME_VIA_CONFIG_IN_OPT_OUT) /* Check for removal by optimization */
 118:.\gnome_memory.c ****             case GNOME_VIA_CONFIG:
 119:.\gnome_memory.c ****                 mem_mapped_reg = GNOME_VIA_CONFIG_IN_ADDR;
 120:.\gnome_memory.c ****                 retVal = *mem_mapped_reg;
 320              		.loc 1 120 0
 321 0010 084B     		ldr	r3, .L35
 322 0012 1878     		ldrb	r0, [r3]	@ zero_extendqisi2
 323 0014 C0B2     		uxtb	r0, r0
 324              	.LVL34:
 121:.\gnome_memory.c ****                 break;
 325              		.loc 1 121 0
 326 0016 7047     		bx	lr
 327              	.LVL35:
 328              	.L30:
 122:.\gnome_memory.c ****             #endif
 123:.\gnome_memory.c ****             #if !defined(GNOME_VIA_PORT0_IN_OPT_OUT) /* Check for removal by optimization */
 124:.\gnome_memory.c ****             case GNOME_VIA_PORT0:
 125:.\gnome_memory.c ****                 mem_mapped_reg = GNOME_VIA_PORT0_IN_ADDR;
 126:.\gnome_memory.c ****                 retVal = *mem_mapped_reg;
 329              		.loc 1 126 0
 330 0018 074B     		ldr	r3, .L35+4
ARM GAS  C:\Users\Javier\AppData\Local\Temp\ccxBFzCC.s 			page 9


 331 001a 1878     		ldrb	r0, [r3]	@ zero_extendqisi2
 332 001c C0B2     		uxtb	r0, r0
 333              	.LVL36:
 127:.\gnome_memory.c ****                 break;
 334              		.loc 1 127 0
 335 001e 7047     		bx	lr
 336              	.LVL37:
 337              	.L31:
 128:.\gnome_memory.c ****             #endif
 129:.\gnome_memory.c ****             #if !defined(GNOME_VIA_PORT1_IN_OPT_OUT) /* Check for removal by optimization */
 130:.\gnome_memory.c ****             case GNOME_VIA_PORT1:
 131:.\gnome_memory.c ****                 mem_mapped_reg = GNOME_VIA_PORT1_IN_ADDR;
 132:.\gnome_memory.c ****                 retVal = *mem_mapped_reg;
 338              		.loc 1 132 0
 339 0020 064B     		ldr	r3, .L35+8
 340 0022 1878     		ldrb	r0, [r3]	@ zero_extendqisi2
 341 0024 C0B2     		uxtb	r0, r0
 342              	.LVL38:
 133:.\gnome_memory.c ****                 break;
 343              		.loc 1 133 0
 344 0026 7047     		bx	lr
 345              	.LVL39:
 346              	.L34:
 134:.\gnome_memory.c ****             #endif
 135:.\gnome_memory.c ****             default:
 136:.\gnome_memory.c ****                retVal = registers[regist & 0x0F] &((1<<GNOME_WORD_SIZE) -1);
 347              		.loc 1 136 0
 348 0028 054B     		ldr	r3, .L35+12
 349 002a 185C     		ldrb	r0, [r3, r0]	@ zero_extendqisi2
 350 002c 00F00F00 		and	r0, r0, #15
 351              	.LVL40:
 352              	.LBE4:
 137:.\gnome_memory.c ****                 break;
 138:.\gnome_memory.c ****         }
 139:.\gnome_memory.c ****         return retVal;
 140:.\gnome_memory.c ****     } else {
 141:.\gnome_memory.c ****         return registers[regist & 0x0f] & ((1<<GNOME_WORD_SIZE) -1);
 142:.\gnome_memory.c ****     }
 143:.\gnome_memory.c **** }
 353              		.loc 1 143 0
 354 0030 7047     		bx	lr
 355              	.L36:
 356 0032 00BF     		.align	2
 357              	.L35:
 358 0034 61640040 		.word	1073767521
 359 0038 65640040 		.word	1073767525
 360 003c 67650040 		.word	1073767783
 361 0040 00000000 		.word	registers
 362              		.cfi_endproc
 363              	.LFE65:
 364              		.size	gnome_debug_load_reg, .-gnome_debug_load_reg
 365              		.comm	via_state,3,4
 366              		.comm	rom,256,4
 367              		.comm	registers,16,4
 368              		.comm	current_context,4,4
 369              		.comm	it_context,11,4
 370              		.comm	normal_context,11,4
ARM GAS  C:\Users\Javier\AppData\Local\Temp\ccxBFzCC.s 			page 10


 371              		.text
 372              	.Letext0:
 373              		.file 2 "c:\\program files (x86)\\cypress\\psoc creator\\3.3\\psoc creator\\import\\gnu\\arm\\4.9.
 374              		.file 3 "c:\\program files (x86)\\cypress\\psoc creator\\3.3\\psoc creator\\import\\gnu\\arm\\4.9.
 375              		.file 4 "Generated_Source\\PSoC5/cytypes.h"
 376              		.file 5 ".\\gnome_registers.h"
 377              		.file 6 ".\\gnome_memory.h"
 378              		.file 7 "Generated_Source\\PSoC5/core_cm3.h"
 379              		.section	.debug_info,"",%progbits
 380              	.Ldebug_info0:
 381 0000 76030000 		.4byte	0x376
 382 0004 0400     		.2byte	0x4
 383 0006 00000000 		.4byte	.Ldebug_abbrev0
 384 000a 04       		.byte	0x4
 385 000b 01       		.uleb128 0x1
 386 000c 5F010000 		.4byte	.LASF44
 387 0010 01       		.byte	0x1
 388 0011 44010000 		.4byte	.LASF45
 389 0015 00000000 		.4byte	.LASF46
 390 0019 00000000 		.4byte	.Ldebug_ranges0+0
 391 001d 00000000 		.4byte	0
 392 0021 00000000 		.4byte	.Ldebug_line0
 393 0025 02       		.uleb128 0x2
 394 0026 01       		.byte	0x1
 395 0027 06       		.byte	0x6
 396 0028 C9000000 		.4byte	.LASF0
 397 002c 03       		.uleb128 0x3
 398 002d 80000000 		.4byte	.LASF4
 399 0031 02       		.byte	0x2
 400 0032 1D       		.byte	0x1d
 401 0033 37000000 		.4byte	0x37
 402 0037 02       		.uleb128 0x2
 403 0038 01       		.byte	0x1
 404 0039 08       		.byte	0x8
 405 003a D5000000 		.4byte	.LASF1
 406 003e 02       		.uleb128 0x2
 407 003f 02       		.byte	0x2
 408 0040 05       		.byte	0x5
 409 0041 8B020000 		.4byte	.LASF2
 410 0045 02       		.uleb128 0x2
 411 0046 02       		.byte	0x2
 412 0047 07       		.byte	0x7
 413 0048 C4020000 		.4byte	.LASF3
 414 004c 03       		.uleb128 0x3
 415 004d 8A000000 		.4byte	.LASF5
 416 0051 02       		.byte	0x2
 417 0052 3F       		.byte	0x3f
 418 0053 57000000 		.4byte	0x57
 419 0057 02       		.uleb128 0x2
 420 0058 04       		.byte	0x4
 421 0059 05       		.byte	0x5
 422 005a B1020000 		.4byte	.LASF6
 423 005e 02       		.uleb128 0x2
 424 005f 04       		.byte	0x4
 425 0060 07       		.byte	0x7
 426 0061 E8000000 		.4byte	.LASF7
 427 0065 02       		.uleb128 0x2
ARM GAS  C:\Users\Javier\AppData\Local\Temp\ccxBFzCC.s 			page 11


 428 0066 08       		.byte	0x8
 429 0067 05       		.byte	0x5
 430 0068 70020000 		.4byte	.LASF8
 431 006c 02       		.uleb128 0x2
 432 006d 08       		.byte	0x8
 433 006e 07       		.byte	0x7
 434 006f 10020000 		.4byte	.LASF9
 435 0073 04       		.uleb128 0x4
 436 0074 04       		.byte	0x4
 437 0075 05       		.byte	0x5
 438 0076 696E7400 		.ascii	"int\000"
 439 007a 02       		.uleb128 0x2
 440 007b 04       		.byte	0x4
 441 007c 07       		.byte	0x7
 442 007d FD010000 		.4byte	.LASF10
 443 0081 03       		.uleb128 0x3
 444 0082 A9000000 		.4byte	.LASF11
 445 0086 03       		.byte	0x3
 446 0087 15       		.byte	0x15
 447 0088 2C000000 		.4byte	0x2c
 448 008c 03       		.uleb128 0x3
 449 008d 4D020000 		.4byte	.LASF12
 450 0091 03       		.byte	0x3
 451 0092 2C       		.byte	0x2c
 452 0093 4C000000 		.4byte	0x4c
 453 0097 05       		.uleb128 0x5
 454 0098 B1000000 		.4byte	.LASF13
 455 009c 04       		.byte	0x4
 456 009d 3801     		.2byte	0x138
 457 009f 37000000 		.4byte	0x37
 458 00a3 02       		.uleb128 0x2
 459 00a4 04       		.byte	0x4
 460 00a5 04       		.byte	0x4
 461 00a6 BE000000 		.4byte	.LASF14
 462 00aa 02       		.uleb128 0x2
 463 00ab 08       		.byte	0x8
 464 00ac 04       		.byte	0x4
 465 00ad 3D010000 		.4byte	.LASF15
 466 00b1 02       		.uleb128 0x2
 467 00b2 01       		.byte	0x1
 468 00b3 08       		.byte	0x8
 469 00b4 7E020000 		.4byte	.LASF16
 470 00b8 05       		.uleb128 0x5
 471 00b9 E3000000 		.4byte	.LASF17
 472 00bd 04       		.byte	0x4
 473 00be E201     		.2byte	0x1e2
 474 00c0 C4000000 		.4byte	0xc4
 475 00c4 06       		.uleb128 0x6
 476 00c5 97000000 		.4byte	0x97
 477 00c9 02       		.uleb128 0x2
 478 00ca 04       		.byte	0x4
 479 00cb 07       		.byte	0x7
 480 00cc 55020000 		.4byte	.LASF18
 481 00d0 07       		.uleb128 0x7
 482 00d1 02       		.byte	0x2
 483 00d2 05       		.byte	0x5
 484 00d3 19       		.byte	0x19
ARM GAS  C:\Users\Javier\AppData\Local\Temp\ccxBFzCC.s 			page 12


 485 00d4 ED000000 		.4byte	0xed
 486 00d8 08       		.uleb128 0x8
 487 00d9 4300     		.ascii	"C\000"
 488 00db 05       		.byte	0x5
 489 00dc 1A       		.byte	0x1a
 490 00dd 81000000 		.4byte	0x81
 491 00e1 00       		.byte	0
 492 00e2 08       		.uleb128 0x8
 493 00e3 5A00     		.ascii	"Z\000"
 494 00e5 05       		.byte	0x5
 495 00e6 1B       		.byte	0x1b
 496 00e7 81000000 		.4byte	0x81
 497 00eb 01       		.byte	0x1
 498 00ec 00       		.byte	0
 499 00ed 03       		.uleb128 0x3
 500 00ee 83020000 		.4byte	.LASF19
 501 00f2 05       		.byte	0x5
 502 00f3 1C       		.byte	0x1c
 503 00f4 D0000000 		.4byte	0xd0
 504 00f8 07       		.uleb128 0x7
 505 00f9 05       		.byte	0x5
 506 00fa 05       		.byte	0x5
 507 00fb 20       		.byte	0x20
 508 00fc 19010000 		.4byte	0x119
 509 0100 09       		.uleb128 0x9
 510 0101 C4000000 		.4byte	.LASF20
 511 0105 05       		.byte	0x5
 512 0106 21       		.byte	0x21
 513 0107 19010000 		.4byte	0x119
 514 010b 00       		.byte	0
 515 010c 08       		.uleb128 0x8
 516 010d 70747200 		.ascii	"ptr\000"
 517 0111 05       		.byte	0x5
 518 0112 22       		.byte	0x22
 519 0113 81000000 		.4byte	0x81
 520 0117 04       		.byte	0x4
 521 0118 00       		.byte	0
 522 0119 0A       		.uleb128 0xa
 523 011a 81000000 		.4byte	0x81
 524 011e 29010000 		.4byte	0x129
 525 0122 0B       		.uleb128 0xb
 526 0123 C9000000 		.4byte	0xc9
 527 0127 03       		.byte	0x3
 528 0128 00       		.byte	0
 529 0129 03       		.uleb128 0x3
 530 012a 95020000 		.4byte	.LASF21
 531 012e 05       		.byte	0x5
 532 012f 23       		.byte	0x23
 533 0130 F8000000 		.4byte	0xf8
 534 0134 07       		.uleb128 0x7
 535 0135 02       		.byte	0x2
 536 0136 05       		.byte	0x5
 537 0137 25       		.byte	0x25
 538 0138 55010000 		.4byte	0x155
 539 013c 09       		.uleb128 0x9
 540 013d C4000000 		.4byte	.LASF20
 541 0141 05       		.byte	0x5
ARM GAS  C:\Users\Javier\AppData\Local\Temp\ccxBFzCC.s 			page 13


 542 0142 26       		.byte	0x26
 543 0143 81000000 		.4byte	0x81
 544 0147 00       		.byte	0
 545 0148 08       		.uleb128 0x8
 546 0149 70747200 		.ascii	"ptr\000"
 547 014d 05       		.byte	0x5
 548 014e 27       		.byte	0x27
 549 014f 81000000 		.4byte	0x81
 550 0153 01       		.byte	0x1
 551 0154 00       		.byte	0
 552 0155 03       		.uleb128 0x3
 553 0156 FA000000 		.4byte	.LASF22
 554 015a 05       		.byte	0x5
 555 015b 28       		.byte	0x28
 556 015c 34010000 		.4byte	0x134
 557 0160 07       		.uleb128 0x7
 558 0161 0B       		.byte	0xb
 559 0162 05       		.byte	0x5
 560 0163 45       		.byte	0x45
 561 0164 A4010000 		.4byte	0x1a4
 562 0168 09       		.uleb128 0x9
 563 0169 74000000 		.4byte	.LASF23
 564 016d 05       		.byte	0x5
 565 016e 46       		.byte	0x46
 566 016f 81000000 		.4byte	0x81
 567 0173 00       		.byte	0
 568 0174 09       		.uleb128 0x9
 569 0175 0A020000 		.4byte	.LASF24
 570 0179 05       		.byte	0x5
 571 017a 47       		.byte	0x47
 572 017b ED000000 		.4byte	0xed
 573 017f 01       		.byte	0x1
 574 0180 08       		.uleb128 0x8
 575 0181 504300   		.ascii	"PC\000"
 576 0184 05       		.byte	0x5
 577 0185 48       		.byte	0x48
 578 0186 81000000 		.4byte	0x81
 579 018a 03       		.byte	0x3
 580 018b 09       		.uleb128 0x9
 581 018c A3000000 		.4byte	.LASF25
 582 0190 05       		.byte	0x5
 583 0191 49       		.byte	0x49
 584 0192 29010000 		.4byte	0x129
 585 0196 04       		.byte	0x4
 586 0197 09       		.uleb128 0x9
 587 0198 18010000 		.4byte	.LASF26
 588 019c 05       		.byte	0x5
 589 019d 4A       		.byte	0x4a
 590 019e 55010000 		.4byte	0x155
 591 01a2 09       		.byte	0x9
 592 01a3 00       		.byte	0
 593 01a4 03       		.uleb128 0x3
 594 01a5 A7020000 		.4byte	.LASF27
 595 01a9 05       		.byte	0x5
 596 01aa 4B       		.byte	0x4b
 597 01ab 60010000 		.4byte	0x160
 598 01af 07       		.uleb128 0x7
ARM GAS  C:\Users\Javier\AppData\Local\Temp\ccxBFzCC.s 			page 14


 599 01b0 03       		.byte	0x3
 600 01b1 06       		.byte	0x6
 601 01b2 13       		.byte	0x13
 602 01b3 DC010000 		.4byte	0x1dc
 603 01b7 09       		.uleb128 0x9
 604 01b8 D7020000 		.4byte	.LASF28
 605 01bc 06       		.byte	0x6
 606 01bd 14       		.byte	0x14
 607 01be 81000000 		.4byte	0x81
 608 01c2 00       		.byte	0
 609 01c3 09       		.uleb128 0x9
 610 01c4 43020000 		.4byte	.LASF29
 611 01c8 06       		.byte	0x6
 612 01c9 15       		.byte	0x15
 613 01ca 81000000 		.4byte	0x81
 614 01ce 01       		.byte	0x1
 615 01cf 09       		.uleb128 0x9
 616 01d0 BA020000 		.4byte	.LASF30
 617 01d4 06       		.byte	0x6
 618 01d5 16       		.byte	0x16
 619 01d6 81000000 		.4byte	0x81
 620 01da 02       		.byte	0x2
 621 01db 00       		.byte	0
 622 01dc 03       		.uleb128 0x3
 623 01dd 58000000 		.4byte	.LASF31
 624 01e1 06       		.byte	0x6
 625 01e2 17       		.byte	0x17
 626 01e3 AF010000 		.4byte	0x1af
 627 01e7 0C       		.uleb128 0xc
 628 01e8 64000000 		.4byte	.LASF47
 629 01ec 01       		.byte	0x1
 630 01ed 0F       		.byte	0xf
 631 01ee 00000000 		.4byte	.LFB63
 632 01f2 F4000000 		.4byte	.LFE63-.LFB63
 633 01f6 01       		.uleb128 0x1
 634 01f7 9C       		.byte	0x9c
 635 01f8 34020000 		.4byte	0x234
 636 01fc 0D       		.uleb128 0xd
 637 01fd 27020000 		.4byte	.LASF34
 638 0201 01       		.byte	0x1
 639 0202 0F       		.byte	0xf
 640 0203 81000000 		.4byte	0x81
 641 0207 00000000 		.4byte	.LLST0
 642 020b 0E       		.uleb128 0xe
 643 020c 00000000 		.4byte	.LBB2
 644 0210 F4000000 		.4byte	.LBE2-.LBB2
 645 0214 0F       		.uleb128 0xf
 646 0215 94000000 		.4byte	.LASF32
 647 0219 01       		.byte	0x1
 648 021a 11       		.byte	0x11
 649 021b 34020000 		.4byte	0x234
 650 021f 21000000 		.4byte	.LLST1
 651 0223 0F       		.uleb128 0xf
 652 0224 5E020000 		.4byte	.LASF33
 653 0228 01       		.byte	0x1
 654 0229 12       		.byte	0x12
 655 022a 81000000 		.4byte	0x81
ARM GAS  C:\Users\Javier\AppData\Local\Temp\ccxBFzCC.s 			page 15


 656 022e 59000000 		.4byte	.LLST2
 657 0232 00       		.byte	0
 658 0233 00       		.byte	0
 659 0234 10       		.uleb128 0x10
 660 0235 04       		.byte	0x4
 661 0236 B8000000 		.4byte	0xb8
 662 023a 11       		.uleb128 0x11
 663 023b 09010000 		.4byte	.LASF36
 664 023f 01       		.byte	0x1
 665 0240 44       		.byte	0x44
 666 0241 81000000 		.4byte	0x81
 667 0245 00000000 		.4byte	.LFB64
 668 0249 7C000000 		.4byte	.LFE64-.LFB64
 669 024d 01       		.uleb128 0x1
 670 024e 9C       		.byte	0x9c
 671 024f 8B020000 		.4byte	0x28b
 672 0253 0D       		.uleb128 0xd
 673 0254 27020000 		.4byte	.LASF34
 674 0258 01       		.byte	0x1
 675 0259 44       		.byte	0x44
 676 025a 81000000 		.4byte	0x81
 677 025e 98000000 		.4byte	.LLST3
 678 0262 0E       		.uleb128 0xe
 679 0263 00000000 		.4byte	.LBB3
 680 0267 66000000 		.4byte	.LBE3-.LBB3
 681 026b 0F       		.uleb128 0xf
 682 026c 94000000 		.4byte	.LASF32
 683 0270 01       		.byte	0x1
 684 0271 46       		.byte	0x46
 685 0272 34020000 		.4byte	0x234
 686 0276 B9000000 		.4byte	.LLST4
 687 027a 0F       		.uleb128 0xf
 688 027b B7000000 		.4byte	.LASF35
 689 027f 01       		.byte	0x1
 690 0280 47       		.byte	0x47
 691 0281 81000000 		.4byte	0x81
 692 0285 F1000000 		.4byte	.LLST5
 693 0289 00       		.byte	0
 694 028a 00       		.byte	0
 695 028b 11       		.uleb128 0x11
 696 028c 2E020000 		.4byte	.LASF37
 697 0290 01       		.byte	0x1
 698 0291 70       		.byte	0x70
 699 0292 81000000 		.4byte	0x81
 700 0296 00000000 		.4byte	.LFB65
 701 029a 44000000 		.4byte	.LFE65-.LFB65
 702 029e 01       		.uleb128 0x1
 703 029f 9C       		.byte	0x9c
 704 02a0 DC020000 		.4byte	0x2dc
 705 02a4 0D       		.uleb128 0xd
 706 02a5 27020000 		.4byte	.LASF34
 707 02a9 01       		.byte	0x1
 708 02aa 70       		.byte	0x70
 709 02ab 81000000 		.4byte	0x81
 710 02af 3B010000 		.4byte	.LLST6
 711 02b3 0E       		.uleb128 0xe
 712 02b4 00000000 		.4byte	.LBB4
ARM GAS  C:\Users\Javier\AppData\Local\Temp\ccxBFzCC.s 			page 16


 713 02b8 30000000 		.4byte	.LBE4-.LBB4
 714 02bc 0F       		.uleb128 0xf
 715 02bd 94000000 		.4byte	.LASF32
 716 02c1 01       		.byte	0x1
 717 02c2 72       		.byte	0x72
 718 02c3 34020000 		.4byte	0x234
 719 02c7 5C010000 		.4byte	.LLST7
 720 02cb 0F       		.uleb128 0xf
 721 02cc B7000000 		.4byte	.LASF35
 722 02d0 01       		.byte	0x1
 723 02d1 73       		.byte	0x73
 724 02d2 81000000 		.4byte	0x81
 725 02d6 94010000 		.4byte	.LLST8
 726 02da 00       		.byte	0
 727 02db 00       		.byte	0
 728 02dc 12       		.uleb128 0x12
 729 02dd 30010000 		.4byte	.LASF38
 730 02e1 07       		.byte	0x7
 731 02e2 5506     		.2byte	0x655
 732 02e4 E8020000 		.4byte	0x2e8
 733 02e8 06       		.uleb128 0x6
 734 02e9 8C000000 		.4byte	0x8c
 735 02ed 13       		.uleb128 0x13
 736 02ee 49000000 		.4byte	.LASF39
 737 02f2 05       		.byte	0x5
 738 02f3 51       		.byte	0x51
 739 02f4 A4010000 		.4byte	0x1a4
 740 02f8 05       		.uleb128 0x5
 741 02f9 03       		.byte	0x3
 742 02fa 00000000 		.4byte	normal_context
 743 02fe 13       		.uleb128 0x13
 744 02ff 25010000 		.4byte	.LASF40
 745 0303 05       		.byte	0x5
 746 0304 52       		.byte	0x52
 747 0305 A4010000 		.4byte	0x1a4
 748 0309 05       		.uleb128 0x5
 749 030a 03       		.byte	0x3
 750 030b 00000000 		.4byte	it_context
 751 030f 13       		.uleb128 0x13
 752 0310 ED010000 		.4byte	.LASF41
 753 0314 05       		.byte	0x5
 754 0315 54       		.byte	0x54
 755 0316 20030000 		.4byte	0x320
 756 031a 05       		.uleb128 0x5
 757 031b 03       		.byte	0x3
 758 031c 00000000 		.4byte	current_context
 759 0320 10       		.uleb128 0x10
 760 0321 04       		.byte	0x4
 761 0322 A4010000 		.4byte	0x1a4
 762 0326 0A       		.uleb128 0xa
 763 0327 81000000 		.4byte	0x81
 764 032b 36030000 		.4byte	0x336
 765 032f 0B       		.uleb128 0xb
 766 0330 C9000000 		.4byte	0xc9
 767 0334 0F       		.byte	0xf
 768 0335 00       		.byte	0
 769 0336 13       		.uleb128 0x13
ARM GAS  C:\Users\Javier\AppData\Local\Temp\ccxBFzCC.s 			page 17


 770 0337 9D020000 		.4byte	.LASF42
 771 033b 05       		.byte	0x5
 772 033c 56       		.byte	0x56
 773 033d 26030000 		.4byte	0x326
 774 0341 05       		.uleb128 0x5
 775 0342 03       		.byte	0x3
 776 0343 00000000 		.4byte	registers
 777 0347 0A       		.uleb128 0xa
 778 0348 81000000 		.4byte	0x81
 779 034c 57030000 		.4byte	0x357
 780 0350 0B       		.uleb128 0xb
 781 0351 C9000000 		.4byte	0xc9
 782 0355 FF       		.byte	0xff
 783 0356 00       		.byte	0
 784 0357 14       		.uleb128 0x14
 785 0358 726F6D00 		.ascii	"rom\000"
 786 035c 05       		.byte	0x5
 787 035d 59       		.byte	0x59
 788 035e 47030000 		.4byte	0x347
 789 0362 05       		.uleb128 0x5
 790 0363 03       		.byte	0x3
 791 0364 00000000 		.4byte	rom
 792 0368 13       		.uleb128 0x13
 793 0369 55010000 		.4byte	.LASF43
 794 036d 06       		.byte	0x6
 795 036e 19       		.byte	0x19
 796 036f DC010000 		.4byte	0x1dc
 797 0373 05       		.uleb128 0x5
 798 0374 03       		.byte	0x3
 799 0375 00000000 		.4byte	via_state
 800 0379 00       		.byte	0
 801              		.section	.debug_abbrev,"",%progbits
 802              	.Ldebug_abbrev0:
 803 0000 01       		.uleb128 0x1
 804 0001 11       		.uleb128 0x11
 805 0002 01       		.byte	0x1
 806 0003 25       		.uleb128 0x25
 807 0004 0E       		.uleb128 0xe
 808 0005 13       		.uleb128 0x13
 809 0006 0B       		.uleb128 0xb
 810 0007 03       		.uleb128 0x3
 811 0008 0E       		.uleb128 0xe
 812 0009 1B       		.uleb128 0x1b
 813 000a 0E       		.uleb128 0xe
 814 000b 55       		.uleb128 0x55
 815 000c 17       		.uleb128 0x17
 816 000d 11       		.uleb128 0x11
 817 000e 01       		.uleb128 0x1
 818 000f 10       		.uleb128 0x10
 819 0010 17       		.uleb128 0x17
 820 0011 00       		.byte	0
 821 0012 00       		.byte	0
 822 0013 02       		.uleb128 0x2
 823 0014 24       		.uleb128 0x24
 824 0015 00       		.byte	0
 825 0016 0B       		.uleb128 0xb
 826 0017 0B       		.uleb128 0xb
ARM GAS  C:\Users\Javier\AppData\Local\Temp\ccxBFzCC.s 			page 18


 827 0018 3E       		.uleb128 0x3e
 828 0019 0B       		.uleb128 0xb
 829 001a 03       		.uleb128 0x3
 830 001b 0E       		.uleb128 0xe
 831 001c 00       		.byte	0
 832 001d 00       		.byte	0
 833 001e 03       		.uleb128 0x3
 834 001f 16       		.uleb128 0x16
 835 0020 00       		.byte	0
 836 0021 03       		.uleb128 0x3
 837 0022 0E       		.uleb128 0xe
 838 0023 3A       		.uleb128 0x3a
 839 0024 0B       		.uleb128 0xb
 840 0025 3B       		.uleb128 0x3b
 841 0026 0B       		.uleb128 0xb
 842 0027 49       		.uleb128 0x49
 843 0028 13       		.uleb128 0x13
 844 0029 00       		.byte	0
 845 002a 00       		.byte	0
 846 002b 04       		.uleb128 0x4
 847 002c 24       		.uleb128 0x24
 848 002d 00       		.byte	0
 849 002e 0B       		.uleb128 0xb
 850 002f 0B       		.uleb128 0xb
 851 0030 3E       		.uleb128 0x3e
 852 0031 0B       		.uleb128 0xb
 853 0032 03       		.uleb128 0x3
 854 0033 08       		.uleb128 0x8
 855 0034 00       		.byte	0
 856 0035 00       		.byte	0
 857 0036 05       		.uleb128 0x5
 858 0037 16       		.uleb128 0x16
 859 0038 00       		.byte	0
 860 0039 03       		.uleb128 0x3
 861 003a 0E       		.uleb128 0xe
 862 003b 3A       		.uleb128 0x3a
 863 003c 0B       		.uleb128 0xb
 864 003d 3B       		.uleb128 0x3b
 865 003e 05       		.uleb128 0x5
 866 003f 49       		.uleb128 0x49
 867 0040 13       		.uleb128 0x13
 868 0041 00       		.byte	0
 869 0042 00       		.byte	0
 870 0043 06       		.uleb128 0x6
 871 0044 35       		.uleb128 0x35
 872 0045 00       		.byte	0
 873 0046 49       		.uleb128 0x49
 874 0047 13       		.uleb128 0x13
 875 0048 00       		.byte	0
 876 0049 00       		.byte	0
 877 004a 07       		.uleb128 0x7
 878 004b 13       		.uleb128 0x13
 879 004c 01       		.byte	0x1
 880 004d 0B       		.uleb128 0xb
 881 004e 0B       		.uleb128 0xb
 882 004f 3A       		.uleb128 0x3a
 883 0050 0B       		.uleb128 0xb
ARM GAS  C:\Users\Javier\AppData\Local\Temp\ccxBFzCC.s 			page 19


 884 0051 3B       		.uleb128 0x3b
 885 0052 0B       		.uleb128 0xb
 886 0053 01       		.uleb128 0x1
 887 0054 13       		.uleb128 0x13
 888 0055 00       		.byte	0
 889 0056 00       		.byte	0
 890 0057 08       		.uleb128 0x8
 891 0058 0D       		.uleb128 0xd
 892 0059 00       		.byte	0
 893 005a 03       		.uleb128 0x3
 894 005b 08       		.uleb128 0x8
 895 005c 3A       		.uleb128 0x3a
 896 005d 0B       		.uleb128 0xb
 897 005e 3B       		.uleb128 0x3b
 898 005f 0B       		.uleb128 0xb
 899 0060 49       		.uleb128 0x49
 900 0061 13       		.uleb128 0x13
 901 0062 38       		.uleb128 0x38
 902 0063 0B       		.uleb128 0xb
 903 0064 00       		.byte	0
 904 0065 00       		.byte	0
 905 0066 09       		.uleb128 0x9
 906 0067 0D       		.uleb128 0xd
 907 0068 00       		.byte	0
 908 0069 03       		.uleb128 0x3
 909 006a 0E       		.uleb128 0xe
 910 006b 3A       		.uleb128 0x3a
 911 006c 0B       		.uleb128 0xb
 912 006d 3B       		.uleb128 0x3b
 913 006e 0B       		.uleb128 0xb
 914 006f 49       		.uleb128 0x49
 915 0070 13       		.uleb128 0x13
 916 0071 38       		.uleb128 0x38
 917 0072 0B       		.uleb128 0xb
 918 0073 00       		.byte	0
 919 0074 00       		.byte	0
 920 0075 0A       		.uleb128 0xa
 921 0076 01       		.uleb128 0x1
 922 0077 01       		.byte	0x1
 923 0078 49       		.uleb128 0x49
 924 0079 13       		.uleb128 0x13
 925 007a 01       		.uleb128 0x1
 926 007b 13       		.uleb128 0x13
 927 007c 00       		.byte	0
 928 007d 00       		.byte	0
 929 007e 0B       		.uleb128 0xb
 930 007f 21       		.uleb128 0x21
 931 0080 00       		.byte	0
 932 0081 49       		.uleb128 0x49
 933 0082 13       		.uleb128 0x13
 934 0083 2F       		.uleb128 0x2f
 935 0084 0B       		.uleb128 0xb
 936 0085 00       		.byte	0
 937 0086 00       		.byte	0
 938 0087 0C       		.uleb128 0xc
 939 0088 2E       		.uleb128 0x2e
 940 0089 01       		.byte	0x1
ARM GAS  C:\Users\Javier\AppData\Local\Temp\ccxBFzCC.s 			page 20


 941 008a 3F       		.uleb128 0x3f
 942 008b 19       		.uleb128 0x19
 943 008c 03       		.uleb128 0x3
 944 008d 0E       		.uleb128 0xe
 945 008e 3A       		.uleb128 0x3a
 946 008f 0B       		.uleb128 0xb
 947 0090 3B       		.uleb128 0x3b
 948 0091 0B       		.uleb128 0xb
 949 0092 27       		.uleb128 0x27
 950 0093 19       		.uleb128 0x19
 951 0094 11       		.uleb128 0x11
 952 0095 01       		.uleb128 0x1
 953 0096 12       		.uleb128 0x12
 954 0097 06       		.uleb128 0x6
 955 0098 40       		.uleb128 0x40
 956 0099 18       		.uleb128 0x18
 957 009a 9742     		.uleb128 0x2117
 958 009c 19       		.uleb128 0x19
 959 009d 01       		.uleb128 0x1
 960 009e 13       		.uleb128 0x13
 961 009f 00       		.byte	0
 962 00a0 00       		.byte	0
 963 00a1 0D       		.uleb128 0xd
 964 00a2 05       		.uleb128 0x5
 965 00a3 00       		.byte	0
 966 00a4 03       		.uleb128 0x3
 967 00a5 0E       		.uleb128 0xe
 968 00a6 3A       		.uleb128 0x3a
 969 00a7 0B       		.uleb128 0xb
 970 00a8 3B       		.uleb128 0x3b
 971 00a9 0B       		.uleb128 0xb
 972 00aa 49       		.uleb128 0x49
 973 00ab 13       		.uleb128 0x13
 974 00ac 02       		.uleb128 0x2
 975 00ad 17       		.uleb128 0x17
 976 00ae 00       		.byte	0
 977 00af 00       		.byte	0
 978 00b0 0E       		.uleb128 0xe
 979 00b1 0B       		.uleb128 0xb
 980 00b2 01       		.byte	0x1
 981 00b3 11       		.uleb128 0x11
 982 00b4 01       		.uleb128 0x1
 983 00b5 12       		.uleb128 0x12
 984 00b6 06       		.uleb128 0x6
 985 00b7 00       		.byte	0
 986 00b8 00       		.byte	0
 987 00b9 0F       		.uleb128 0xf
 988 00ba 34       		.uleb128 0x34
 989 00bb 00       		.byte	0
 990 00bc 03       		.uleb128 0x3
 991 00bd 0E       		.uleb128 0xe
 992 00be 3A       		.uleb128 0x3a
 993 00bf 0B       		.uleb128 0xb
 994 00c0 3B       		.uleb128 0x3b
 995 00c1 0B       		.uleb128 0xb
 996 00c2 49       		.uleb128 0x49
 997 00c3 13       		.uleb128 0x13
ARM GAS  C:\Users\Javier\AppData\Local\Temp\ccxBFzCC.s 			page 21


 998 00c4 02       		.uleb128 0x2
 999 00c5 17       		.uleb128 0x17
 1000 00c6 00       		.byte	0
 1001 00c7 00       		.byte	0
 1002 00c8 10       		.uleb128 0x10
 1003 00c9 0F       		.uleb128 0xf
 1004 00ca 00       		.byte	0
 1005 00cb 0B       		.uleb128 0xb
 1006 00cc 0B       		.uleb128 0xb
 1007 00cd 49       		.uleb128 0x49
 1008 00ce 13       		.uleb128 0x13
 1009 00cf 00       		.byte	0
 1010 00d0 00       		.byte	0
 1011 00d1 11       		.uleb128 0x11
 1012 00d2 2E       		.uleb128 0x2e
 1013 00d3 01       		.byte	0x1
 1014 00d4 3F       		.uleb128 0x3f
 1015 00d5 19       		.uleb128 0x19
 1016 00d6 03       		.uleb128 0x3
 1017 00d7 0E       		.uleb128 0xe
 1018 00d8 3A       		.uleb128 0x3a
 1019 00d9 0B       		.uleb128 0xb
 1020 00da 3B       		.uleb128 0x3b
 1021 00db 0B       		.uleb128 0xb
 1022 00dc 27       		.uleb128 0x27
 1023 00dd 19       		.uleb128 0x19
 1024 00de 49       		.uleb128 0x49
 1025 00df 13       		.uleb128 0x13
 1026 00e0 11       		.uleb128 0x11
 1027 00e1 01       		.uleb128 0x1
 1028 00e2 12       		.uleb128 0x12
 1029 00e3 06       		.uleb128 0x6
 1030 00e4 40       		.uleb128 0x40
 1031 00e5 18       		.uleb128 0x18
 1032 00e6 9742     		.uleb128 0x2117
 1033 00e8 19       		.uleb128 0x19
 1034 00e9 01       		.uleb128 0x1
 1035 00ea 13       		.uleb128 0x13
 1036 00eb 00       		.byte	0
 1037 00ec 00       		.byte	0
 1038 00ed 12       		.uleb128 0x12
 1039 00ee 34       		.uleb128 0x34
 1040 00ef 00       		.byte	0
 1041 00f0 03       		.uleb128 0x3
 1042 00f1 0E       		.uleb128 0xe
 1043 00f2 3A       		.uleb128 0x3a
 1044 00f3 0B       		.uleb128 0xb
 1045 00f4 3B       		.uleb128 0x3b
 1046 00f5 05       		.uleb128 0x5
 1047 00f6 49       		.uleb128 0x49
 1048 00f7 13       		.uleb128 0x13
 1049 00f8 3F       		.uleb128 0x3f
 1050 00f9 19       		.uleb128 0x19
 1051 00fa 3C       		.uleb128 0x3c
 1052 00fb 19       		.uleb128 0x19
 1053 00fc 00       		.byte	0
 1054 00fd 00       		.byte	0
ARM GAS  C:\Users\Javier\AppData\Local\Temp\ccxBFzCC.s 			page 22


 1055 00fe 13       		.uleb128 0x13
 1056 00ff 34       		.uleb128 0x34
 1057 0100 00       		.byte	0
 1058 0101 03       		.uleb128 0x3
 1059 0102 0E       		.uleb128 0xe
 1060 0103 3A       		.uleb128 0x3a
 1061 0104 0B       		.uleb128 0xb
 1062 0105 3B       		.uleb128 0x3b
 1063 0106 0B       		.uleb128 0xb
 1064 0107 49       		.uleb128 0x49
 1065 0108 13       		.uleb128 0x13
 1066 0109 3F       		.uleb128 0x3f
 1067 010a 19       		.uleb128 0x19
 1068 010b 02       		.uleb128 0x2
 1069 010c 18       		.uleb128 0x18
 1070 010d 00       		.byte	0
 1071 010e 00       		.byte	0
 1072 010f 14       		.uleb128 0x14
 1073 0110 34       		.uleb128 0x34
 1074 0111 00       		.byte	0
 1075 0112 03       		.uleb128 0x3
 1076 0113 08       		.uleb128 0x8
 1077 0114 3A       		.uleb128 0x3a
 1078 0115 0B       		.uleb128 0xb
 1079 0116 3B       		.uleb128 0x3b
 1080 0117 0B       		.uleb128 0xb
 1081 0118 49       		.uleb128 0x49
 1082 0119 13       		.uleb128 0x13
 1083 011a 3F       		.uleb128 0x3f
 1084 011b 19       		.uleb128 0x19
 1085 011c 02       		.uleb128 0x2
 1086 011d 18       		.uleb128 0x18
 1087 011e 00       		.byte	0
 1088 011f 00       		.byte	0
 1089 0120 00       		.byte	0
 1090              		.section	.debug_loc,"",%progbits
 1091              	.Ldebug_loc0:
 1092              	.LLST0:
 1093 0000 00000000 		.4byte	.LVL0
 1094 0004 04000000 		.4byte	.LVL1
 1095 0008 0100     		.2byte	0x1
 1096 000a 50       		.byte	0x50
 1097 000b 04000000 		.4byte	.LVL1
 1098 000f F4000000 		.4byte	.LFE63
 1099 0013 0400     		.2byte	0x4
 1100 0015 F3       		.byte	0xf3
 1101 0016 01       		.uleb128 0x1
 1102 0017 50       		.byte	0x50
 1103 0018 9F       		.byte	0x9f
 1104 0019 00000000 		.4byte	0
 1105 001d 00000000 		.4byte	0
 1106              	.LLST1:
 1107 0021 1C000000 		.4byte	.LVL2
 1108 0025 3C000000 		.4byte	.LVL5
 1109 0029 0600     		.2byte	0x6
 1110 002b 0C       		.byte	0xc
 1111 002c 75640040 		.4byte	0x40006475
ARM GAS  C:\Users\Javier\AppData\Local\Temp\ccxBFzCC.s 			page 23


 1112 0030 9F       		.byte	0x9f
 1113 0031 4C000000 		.4byte	.LVL6
 1114 0035 8C000000 		.4byte	.LVL11
 1115 0039 0600     		.2byte	0x6
 1116 003b 0C       		.byte	0xc
 1117 003c 72640040 		.4byte	0x40006472
 1118 0040 9F       		.byte	0x9f
 1119 0041 8C000000 		.4byte	.LVL11
 1120 0045 CC000000 		.4byte	.LVL16
 1121 0049 0600     		.2byte	0x6
 1122 004b 0C       		.byte	0xc
 1123 004c 77640040 		.4byte	0x40006477
 1124 0050 9F       		.byte	0x9f
 1125 0051 00000000 		.4byte	0
 1126 0055 00000000 		.4byte	0
 1127              	.LLST2:
 1128 0059 24000000 		.4byte	.LVL3
 1129 005d 36000000 		.4byte	.LVL4
 1130 0061 0100     		.2byte	0x1
 1131 0063 52       		.byte	0x52
 1132 0064 5A000000 		.4byte	.LVL7
 1133 0068 64000000 		.4byte	.LVL8
 1134 006c 0100     		.2byte	0x1
 1135 006e 53       		.byte	0x53
 1136 006f 72000000 		.4byte	.LVL9
 1137 0073 7A000000 		.4byte	.LVL10
 1138 0077 0100     		.2byte	0x1
 1139 0079 53       		.byte	0x53
 1140 007a 9A000000 		.4byte	.LVL12
 1141 007e A4000000 		.4byte	.LVL13
 1142 0082 0100     		.2byte	0x1
 1143 0084 53       		.byte	0x53
 1144 0085 B2000000 		.4byte	.LVL14
 1145 0089 BA000000 		.4byte	.LVL15
 1146 008d 0100     		.2byte	0x1
 1147 008f 53       		.byte	0x53
 1148 0090 00000000 		.4byte	0
 1149 0094 00000000 		.4byte	0
 1150              	.LLST3:
 1151 0098 00000000 		.4byte	.LVL17
 1152 009c 04000000 		.4byte	.LVL18
 1153 00a0 0100     		.2byte	0x1
 1154 00a2 50       		.byte	0x50
 1155 00a3 04000000 		.4byte	.LVL18
 1156 00a7 7C000000 		.4byte	.LFE64
 1157 00ab 0400     		.2byte	0x4
 1158 00ad F3       		.byte	0xf3
 1159 00ae 01       		.uleb128 0x1
 1160 00af 50       		.byte	0x50
 1161 00b0 9F       		.byte	0x9f
 1162 00b1 00000000 		.4byte	0
 1163 00b5 00000000 		.4byte	0
 1164              	.LLST4:
 1165 00b9 10000000 		.4byte	.LVL19
 1166 00bd 1A000000 		.4byte	.LVL21
 1167 00c1 0600     		.2byte	0x6
 1168 00c3 0C       		.byte	0xc
ARM GAS  C:\Users\Javier\AppData\Local\Temp\ccxBFzCC.s 			page 24


 1169 00c4 61640040 		.4byte	0x40006461
 1170 00c8 9F       		.byte	0x9f
 1171 00c9 1A000000 		.4byte	.LVL21
 1172 00cd 3C000000 		.4byte	.LVL25
 1173 00d1 0600     		.2byte	0x6
 1174 00d3 0C       		.byte	0xc
 1175 00d4 65640040 		.4byte	0x40006465
 1176 00d8 9F       		.byte	0x9f
 1177 00d9 3C000000 		.4byte	.LVL25
 1178 00dd 5E000000 		.4byte	.LVL29
 1179 00e1 0600     		.2byte	0x6
 1180 00e3 0C       		.byte	0xc
 1181 00e4 67650040 		.4byte	0x40006567
 1182 00e8 9F       		.byte	0x9f
 1183 00e9 00000000 		.4byte	0
 1184 00ed 00000000 		.4byte	0
 1185              	.LLST5:
 1186 00f1 18000000 		.4byte	.LVL20
 1187 00f5 1A000000 		.4byte	.LVL21
 1188 00f9 0100     		.2byte	0x1
 1189 00fb 50       		.byte	0x50
 1190 00fc 26000000 		.4byte	.LVL22
 1191 0100 28000000 		.4byte	.LVL23
 1192 0104 0100     		.2byte	0x1
 1193 0106 50       		.byte	0x50
 1194 0107 30000000 		.4byte	.LVL24
 1195 010b 3C000000 		.4byte	.LVL25
 1196 010f 0100     		.2byte	0x1
 1197 0111 50       		.byte	0x50
 1198 0112 48000000 		.4byte	.LVL26
 1199 0116 4A000000 		.4byte	.LVL27
 1200 011a 0100     		.2byte	0x1
 1201 011c 50       		.byte	0x50
 1202 011d 52000000 		.4byte	.LVL28
 1203 0121 5E000000 		.4byte	.LVL29
 1204 0125 0100     		.2byte	0x1
 1205 0127 50       		.byte	0x50
 1206 0128 66000000 		.4byte	.LVL30
 1207 012c 7C000000 		.4byte	.LFE64
 1208 0130 0100     		.2byte	0x1
 1209 0132 50       		.byte	0x50
 1210 0133 00000000 		.4byte	0
 1211 0137 00000000 		.4byte	0
 1212              	.LLST6:
 1213 013b 00000000 		.4byte	.LVL31
 1214 013f 04000000 		.4byte	.LVL32
 1215 0143 0100     		.2byte	0x1
 1216 0145 50       		.byte	0x50
 1217 0146 04000000 		.4byte	.LVL32
 1218 014a 44000000 		.4byte	.LFE65
 1219 014e 0400     		.2byte	0x4
 1220 0150 F3       		.byte	0xf3
 1221 0151 01       		.uleb128 0x1
 1222 0152 50       		.byte	0x50
 1223 0153 9F       		.byte	0x9f
 1224 0154 00000000 		.4byte	0
 1225 0158 00000000 		.4byte	0
ARM GAS  C:\Users\Javier\AppData\Local\Temp\ccxBFzCC.s 			page 25


 1226              	.LLST7:
 1227 015c 10000000 		.4byte	.LVL33
 1228 0160 18000000 		.4byte	.LVL35
 1229 0164 0600     		.2byte	0x6
 1230 0166 0C       		.byte	0xc
 1231 0167 61640040 		.4byte	0x40006461
 1232 016b 9F       		.byte	0x9f
 1233 016c 18000000 		.4byte	.LVL35
 1234 0170 20000000 		.4byte	.LVL37
 1235 0174 0600     		.2byte	0x6
 1236 0176 0C       		.byte	0xc
 1237 0177 65640040 		.4byte	0x40006465
 1238 017b 9F       		.byte	0x9f
 1239 017c 20000000 		.4byte	.LVL37
 1240 0180 28000000 		.4byte	.LVL39
 1241 0184 0600     		.2byte	0x6
 1242 0186 0C       		.byte	0xc
 1243 0187 67650040 		.4byte	0x40006567
 1244 018b 9F       		.byte	0x9f
 1245 018c 00000000 		.4byte	0
 1246 0190 00000000 		.4byte	0
 1247              	.LLST8:
 1248 0194 16000000 		.4byte	.LVL34
 1249 0198 18000000 		.4byte	.LVL35
 1250 019c 0100     		.2byte	0x1
 1251 019e 50       		.byte	0x50
 1252 019f 1E000000 		.4byte	.LVL36
 1253 01a3 20000000 		.4byte	.LVL37
 1254 01a7 0100     		.2byte	0x1
 1255 01a9 50       		.byte	0x50
 1256 01aa 26000000 		.4byte	.LVL38
 1257 01ae 28000000 		.4byte	.LVL39
 1258 01b2 0100     		.2byte	0x1
 1259 01b4 50       		.byte	0x50
 1260 01b5 30000000 		.4byte	.LVL40
 1261 01b9 44000000 		.4byte	.LFE65
 1262 01bd 0100     		.2byte	0x1
 1263 01bf 50       		.byte	0x50
 1264 01c0 00000000 		.4byte	0
 1265 01c4 00000000 		.4byte	0
 1266              		.section	.debug_aranges,"",%progbits
 1267 0000 2C000000 		.4byte	0x2c
 1268 0004 0200     		.2byte	0x2
 1269 0006 00000000 		.4byte	.Ldebug_info0
 1270 000a 04       		.byte	0x4
 1271 000b 00       		.byte	0
 1272 000c 0000     		.2byte	0
 1273 000e 0000     		.2byte	0
 1274 0010 00000000 		.4byte	.LFB63
 1275 0014 F4000000 		.4byte	.LFE63-.LFB63
 1276 0018 00000000 		.4byte	.LFB64
 1277 001c 7C000000 		.4byte	.LFE64-.LFB64
 1278 0020 00000000 		.4byte	.LFB65
 1279 0024 44000000 		.4byte	.LFE65-.LFB65
 1280 0028 00000000 		.4byte	0
 1281 002c 00000000 		.4byte	0
 1282              		.section	.debug_ranges,"",%progbits
ARM GAS  C:\Users\Javier\AppData\Local\Temp\ccxBFzCC.s 			page 26


 1283              	.Ldebug_ranges0:
 1284 0000 00000000 		.4byte	.LFB63
 1285 0004 F4000000 		.4byte	.LFE63
 1286 0008 00000000 		.4byte	.LFB64
 1287 000c 7C000000 		.4byte	.LFE64
 1288 0010 00000000 		.4byte	.LFB65
 1289 0014 44000000 		.4byte	.LFE65
 1290 0018 00000000 		.4byte	0
 1291 001c 00000000 		.4byte	0
 1292              		.section	.debug_line,"",%progbits
 1293              	.Ldebug_line0:
 1294 0000 DE010000 		.section	.debug_str,"MS",%progbits,1
 1294      02007C01 
 1294      00000201 
 1294      FB0E0D00 
 1294      01010101 
 1295              	.LASF46:
 1296 0000 433A5C55 		.ascii	"C:\\Users\\Javier\\Documents\\PSoC Creator\\gnome_w"
 1296      73657273 
 1296      5C4A6176 
 1296      6965725C 
 1296      446F6375 
 1297 002e 6F726B73 		.ascii	"orkspace\\gnome_cajas.cydsn\000"
 1297      70616365 
 1297      5C676E6F 
 1297      6D655F63 
 1297      616A6173 
 1298              	.LASF39:
 1299 0049 6E6F726D 		.ascii	"normal_context\000"
 1299      616C5F63 
 1299      6F6E7465 
 1299      787400
 1300              	.LASF31:
 1301 0058 7669615F 		.ascii	"via_state_t\000"
 1301      73746174 
 1301      655F7400 
 1302              	.LASF47:
 1303 0064 676E6F6D 		.ascii	"gnome_store_reg\000"
 1303      655F7374 
 1303      6F72655F 
 1303      72656700 
 1304              	.LASF23:
 1305 0074 61636375 		.ascii	"accumulator\000"
 1305      6D756C61 
 1305      746F7200 
 1306              	.LASF4:
 1307 0080 5F5F7569 		.ascii	"__uint8_t\000"
 1307      6E74385F 
 1307      7400
 1308              	.LASF5:
 1309 008a 5F5F696E 		.ascii	"__int32_t\000"
 1309      7433325F 
 1309      7400
 1310              	.LASF32:
 1311 0094 6D656D5F 		.ascii	"mem_mapped_reg\000"
 1311      6D617070 
 1311      65645F72 
ARM GAS  C:\Users\Javier\AppData\Local\Temp\ccxBFzCC.s 			page 27


 1311      656700
 1312              	.LASF25:
 1313 00a3 73746163 		.ascii	"stack\000"
 1313      6B00
 1314              	.LASF11:
 1315 00a9 75696E74 		.ascii	"uint8_t\000"
 1315      385F7400 
 1316              	.LASF13:
 1317 00b1 75696E74 		.ascii	"uint8\000"
 1317      3800
 1318              	.LASF35:
 1319 00b7 72657456 		.ascii	"retVal\000"
 1319      616C00
 1320              	.LASF14:
 1321 00be 666C6F61 		.ascii	"float\000"
 1321      7400
 1322              	.LASF20:
 1323 00c4 64617461 		.ascii	"data\000"
 1323      00
 1324              	.LASF0:
 1325 00c9 7369676E 		.ascii	"signed char\000"
 1325      65642063 
 1325      68617200 
 1326              	.LASF1:
 1327 00d5 756E7369 		.ascii	"unsigned char\000"
 1327      676E6564 
 1327      20636861 
 1327      7200
 1328              	.LASF17:
 1329 00e3 72656738 		.ascii	"reg8\000"
 1329      00
 1330              	.LASF7:
 1331 00e8 6C6F6E67 		.ascii	"long unsigned int\000"
 1331      20756E73 
 1331      69676E65 
 1331      6420696E 
 1331      7400
 1332              	.LASF22:
 1333 00fa 696E645F 		.ascii	"ind_addr_reg_t\000"
 1333      61646472 
 1333      5F726567 
 1333      5F7400
 1334              	.LASF36:
 1335 0109 676E6F6D 		.ascii	"gnome_load_reg\000"
 1335      655F6C6F 
 1335      61645F72 
 1335      656700
 1336              	.LASF26:
 1337 0118 696E645F 		.ascii	"ind_addr_reg\000"
 1337      61646472 
 1337      5F726567 
 1337      00
 1338              	.LASF40:
 1339 0125 69745F63 		.ascii	"it_context\000"
 1339      6F6E7465 
 1339      787400
 1340              	.LASF38:
ARM GAS  C:\Users\Javier\AppData\Local\Temp\ccxBFzCC.s 			page 28


 1341 0130 49544D5F 		.ascii	"ITM_RxBuffer\000"
 1341      52784275 
 1341      66666572 
 1341      00
 1342              	.LASF15:
 1343 013d 646F7562 		.ascii	"double\000"
 1343      6C6500
 1344              	.LASF45:
 1345 0144 2E5C676E 		.ascii	".\\gnome_memory.c\000"
 1345      6F6D655F 
 1345      6D656D6F 
 1345      72792E63 
 1345      00
 1346              	.LASF43:
 1347 0155 7669615F 		.ascii	"via_state\000"
 1347      73746174 
 1347      6500
 1348              	.LASF44:
 1349 015f 474E5520 		.ascii	"GNU C 4.9.3 20150303 (release) [ARM/embedded-4_9-br"
 1349      4320342E 
 1349      392E3320 
 1349      32303135 
 1349      30333033 
 1350 0192 616E6368 		.ascii	"anch revision 221220] -mcpu=cortex-m3 -mthumb -g -O"
 1350      20726576 
 1350      6973696F 
 1350      6E203232 
 1350      31323230 
 1351 01c5 67202D66 		.ascii	"g -ffunction-sections -ffat-lto-objects\000"
 1351      66756E63 
 1351      74696F6E 
 1351      2D736563 
 1351      74696F6E 
 1352              	.LASF41:
 1353 01ed 63757272 		.ascii	"current_context\000"
 1353      656E745F 
 1353      636F6E74 
 1353      65787400 
 1354              	.LASF10:
 1355 01fd 756E7369 		.ascii	"unsigned int\000"
 1355      676E6564 
 1355      20696E74 
 1355      00
 1356              	.LASF24:
 1357 020a 666C6167 		.ascii	"flags\000"
 1357      7300
 1358              	.LASF9:
 1359 0210 6C6F6E67 		.ascii	"long long unsigned int\000"
 1359      206C6F6E 
 1359      6720756E 
 1359      7369676E 
 1359      65642069 
 1360              	.LASF34:
 1361 0227 72656769 		.ascii	"regist\000"
 1361      737400
 1362              	.LASF37:
 1363 022e 676E6F6D 		.ascii	"gnome_debug_load_reg\000"
ARM GAS  C:\Users\Javier\AppData\Local\Temp\ccxBFzCC.s 			page 29


 1363      655F6465 
 1363      6275675F 
 1363      6C6F6164 
 1363      5F726567 
 1364              	.LASF29:
 1365 0243 706F7274 		.ascii	"port0_ptr\000"
 1365      305F7074 
 1365      7200
 1366              	.LASF12:
 1367 024d 696E7433 		.ascii	"int32_t\000"
 1367      325F7400 
 1368              	.LASF18:
 1369 0255 73697A65 		.ascii	"sizetype\000"
 1369      74797065 
 1369      00
 1370              	.LASF33:
 1371 025e 696E7465 		.ascii	"intermediateValue\000"
 1371      726D6564 
 1371      69617465 
 1371      56616C75 
 1371      6500
 1372              	.LASF8:
 1373 0270 6C6F6E67 		.ascii	"long long int\000"
 1373      206C6F6E 
 1373      6720696E 
 1373      7400
 1374              	.LASF16:
 1375 027e 63686172 		.ascii	"char\000"
 1375      00
 1376              	.LASF19:
 1377 0283 666C6167 		.ascii	"flags_t\000"
 1377      735F7400 
 1378              	.LASF2:
 1379 028b 73686F72 		.ascii	"short int\000"
 1379      7420696E 
 1379      7400
 1380              	.LASF21:
 1381 0295 73746163 		.ascii	"stack_t\000"
 1381      6B5F7400 
 1382              	.LASF42:
 1383 029d 72656769 		.ascii	"registers\000"
 1383      73746572 
 1383      7300
 1384              	.LASF27:
 1385 02a7 636F6E74 		.ascii	"context_t\000"
 1385      6578745F 
 1385      7400
 1386              	.LASF6:
 1387 02b1 6C6F6E67 		.ascii	"long int\000"
 1387      20696E74 
 1387      00
 1388              	.LASF30:
 1389 02ba 706F7274 		.ascii	"port1_ptr\000"
 1389      315F7074 
 1389      7200
 1390              	.LASF3:
 1391 02c4 73686F72 		.ascii	"short unsigned int\000"
ARM GAS  C:\Users\Javier\AppData\Local\Temp\ccxBFzCC.s 			page 30


 1391      7420756E 
 1391      7369676E 
 1391      65642069 
 1391      6E7400
 1392              	.LASF28:
 1393 02d7 636F6E66 		.ascii	"config_mask\000"
 1393      69675F6D 
 1393      61736B00 
 1394              		.ident	"GCC: (GNU Tools for ARM Embedded Processors) 4.9.3 20150303 (release) [ARM/embedded-4_9-br
