ARM GAS  C:\Users\Javier\AppData\Local\Temp\ccZhYLXV.s 			page 1


   1              		.syntax unified
   2              		.cpu cortex-m3
   3              		.fpu softvfp
   4              		.eabi_attribute 20, 1
   5              		.eabi_attribute 21, 1
   6              		.eabi_attribute 23, 3
   7              		.eabi_attribute 24, 1
   8              		.eabi_attribute 25, 1
   9              		.eabi_attribute 26, 1
  10              		.eabi_attribute 30, 1
  11              		.eabi_attribute 34, 1
  12              		.eabi_attribute 18, 4
  13              		.thumb
  14              		.file	"gnome_lcd.c"
  15              		.text
  16              	.Ltext0:
  17              		.cfi_sections	.debug_frame
  18              		.section	.text.update_lcd_it,"ax",%progbits
  19              		.align	2
  20              		.global	update_lcd_it
  21              		.thumb
  22              		.thumb_func
  23              		.type	update_lcd_it, %function
  24              	update_lcd_it:
  25              	.LFB64:
  26              		.file 1 ".\\gnome_lcd.c"
   1:.\gnome_lcd.c **** /* ========================================
   2:.\gnome_lcd.c ****  *
   3:.\gnome_lcd.c ****  * Copyright YOUR COMPANY, THE YEAR
   4:.\gnome_lcd.c ****  * All Rights Reserved
   5:.\gnome_lcd.c ****  * UNPUBLISHED, LICENSED SOFTWARE.
   6:.\gnome_lcd.c ****  *
   7:.\gnome_lcd.c ****  * CONFIDENTIAL AND PROPRIETARY INFORMATION
   8:.\gnome_lcd.c ****  * WHICH IS THE PROPERTY OF your company.
   9:.\gnome_lcd.c ****  *
  10:.\gnome_lcd.c ****  * ========================================
  11:.\gnome_lcd.c **** */
  12:.\gnome_lcd.c **** 
  13:.\gnome_lcd.c **** #include "gnome_lcd.h"
  14:.\gnome_lcd.c **** 
  15:.\gnome_lcd.c **** void update_lcd_it();
  16:.\gnome_lcd.c **** 
  17:.\gnome_lcd.c **** void setup_lcd() {
  18:.\gnome_lcd.c ****     #if (GNOME_LCD_MODULE_ACTIVE)
  19:.\gnome_lcd.c ****         I2C_Start();
  20:.\gnome_lcd.c ****         
  21:.\gnome_lcd.c ****         i2cLCD_Init(&lcd, GNOME_LCD_MODULE_I2C_ADDR, LCD_BACKLIGHTON);
  22:.\gnome_lcd.c ****         i2cLCD_SetPosition(&lcd, 0, 0);
  23:.\gnome_lcd.c ****         i2cLCD_Print(&lcd, GNOME_LCD_MODULE_MSG1);
  24:.\gnome_lcd.c ****         i2cLCD_SetPosition(&lcd, 1, 0);
  25:.\gnome_lcd.c ****         i2cLCD_Print(&lcd, GNOME_LCD_MODULE_MSG2);
  26:.\gnome_lcd.c ****         i2cLCD_SetBlink(&lcd,LCD_BLINKON);
  27:.\gnome_lcd.c ****         
  28:.\gnome_lcd.c ****         CySysTickStart();
  29:.\gnome_lcd.c ****         CySysTickSetCallback(4,(void*)update_lcd_it);
  30:.\gnome_lcd.c ****         lcd_update = 1;
  31:.\gnome_lcd.c **** 
ARM GAS  C:\Users\Javier\AppData\Local\Temp\ccZhYLXV.s 			page 2


  32:.\gnome_lcd.c ****     #endif
  33:.\gnome_lcd.c **** }
  34:.\gnome_lcd.c **** 
  35:.\gnome_lcd.c **** void update_lcd_it() {
  27              		.loc 1 35 0
  28              		.cfi_startproc
  29              		@ args = 0, pretend = 0, frame = 0
  30              		@ frame_needed = 0, uses_anonymous_args = 0
  31 0000 08B5     		push	{r3, lr}
  32              		.cfi_def_cfa_offset 8
  33              		.cfi_offset 3, -8
  34              		.cfi_offset 14, -4
  36:.\gnome_lcd.c ****     if ((CySysTickGetValue() & 0x3F) == 0x3F) {
  35              		.loc 1 36 0
  36 0002 FFF7FEFF 		bl	CySysTickGetValue
  37              	.LVL0:
  38 0006 00F03F00 		and	r0, r0, #63
  39 000a 3F28     		cmp	r0, #63
  40 000c 02D1     		bne	.L1
  37:.\gnome_lcd.c ****         lcd_update = 1;
  41              		.loc 1 37 0
  42 000e 0122     		movs	r2, #1
  43 0010 014B     		ldr	r3, .L4
  44 0012 1A70     		strb	r2, [r3]
  45              	.L1:
  46 0014 08BD     		pop	{r3, pc}
  47              	.L5:
  48 0016 00BF     		.align	2
  49              	.L4:
  50 0018 00000000 		.word	lcd_update
  51              		.cfi_endproc
  52              	.LFE64:
  53              		.size	update_lcd_it, .-update_lcd_it
  54              		.section	.text.setup_lcd,"ax",%progbits
  55              		.align	2
  56              		.global	setup_lcd
  57              		.thumb
  58              		.thumb_func
  59              		.type	setup_lcd, %function
  60              	setup_lcd:
  61              	.LFB63:
  17:.\gnome_lcd.c ****     #if (GNOME_LCD_MODULE_ACTIVE)
  62              		.loc 1 17 0
  63              		.cfi_startproc
  64              		@ args = 0, pretend = 0, frame = 0
  65              		@ frame_needed = 0, uses_anonymous_args = 0
  66 0000 10B5     		push	{r4, lr}
  67              		.cfi_def_cfa_offset 8
  68              		.cfi_offset 4, -8
  69              		.cfi_offset 14, -4
  19:.\gnome_lcd.c ****         
  70              		.loc 1 19 0
  71 0002 FFF7FEFF 		bl	I2C_Start
  72              	.LVL1:
  21:.\gnome_lcd.c ****         i2cLCD_SetPosition(&lcd, 0, 0);
  73              		.loc 1 21 0
  74 0006 134C     		ldr	r4, .L8
ARM GAS  C:\Users\Javier\AppData\Local\Temp\ccZhYLXV.s 			page 3


  75 0008 2046     		mov	r0, r4
  76 000a 2721     		movs	r1, #39
  77 000c 0822     		movs	r2, #8
  78 000e FFF7FEFF 		bl	i2cLCD_Init
  79              	.LVL2:
  22:.\gnome_lcd.c ****         i2cLCD_Print(&lcd, GNOME_LCD_MODULE_MSG1);
  80              		.loc 1 22 0
  81 0012 2046     		mov	r0, r4
  82 0014 0021     		movs	r1, #0
  83 0016 0A46     		mov	r2, r1
  84 0018 FFF7FEFF 		bl	i2cLCD_SetPosition
  85              	.LVL3:
  23:.\gnome_lcd.c ****         i2cLCD_SetPosition(&lcd, 1, 0);
  86              		.loc 1 23 0
  87 001c 2046     		mov	r0, r4
  88 001e 0E49     		ldr	r1, .L8+4
  89 0020 FFF7FEFF 		bl	i2cLCD_Print
  90              	.LVL4:
  24:.\gnome_lcd.c ****         i2cLCD_Print(&lcd, GNOME_LCD_MODULE_MSG2);
  91              		.loc 1 24 0
  92 0024 2046     		mov	r0, r4
  93 0026 0121     		movs	r1, #1
  94 0028 0022     		movs	r2, #0
  95 002a FFF7FEFF 		bl	i2cLCD_SetPosition
  96              	.LVL5:
  25:.\gnome_lcd.c ****         i2cLCD_SetBlink(&lcd,LCD_BLINKON);
  97              		.loc 1 25 0
  98 002e 2046     		mov	r0, r4
  99 0030 0A49     		ldr	r1, .L8+8
 100 0032 FFF7FEFF 		bl	i2cLCD_Print
 101              	.LVL6:
  26:.\gnome_lcd.c ****         
 102              		.loc 1 26 0
 103 0036 2046     		mov	r0, r4
 104 0038 0121     		movs	r1, #1
 105 003a FFF7FEFF 		bl	i2cLCD_SetBlink
 106              	.LVL7:
  28:.\gnome_lcd.c ****         CySysTickSetCallback(4,(void*)update_lcd_it);
 107              		.loc 1 28 0
 108 003e FFF7FEFF 		bl	CySysTickStart
 109              	.LVL8:
  29:.\gnome_lcd.c ****         lcd_update = 1;
 110              		.loc 1 29 0
 111 0042 0420     		movs	r0, #4
 112 0044 0649     		ldr	r1, .L8+12
 113 0046 FFF7FEFF 		bl	CySysTickSetCallback
 114              	.LVL9:
  30:.\gnome_lcd.c **** 
 115              		.loc 1 30 0
 116 004a 0122     		movs	r2, #1
 117 004c 054B     		ldr	r3, .L8+16
 118 004e 1A70     		strb	r2, [r3]
 119 0050 10BD     		pop	{r4, pc}
 120              	.L9:
 121 0052 00BF     		.align	2
 122              	.L8:
 123 0054 00000000 		.word	lcd
ARM GAS  C:\Users\Javier\AppData\Local\Temp\ccZhYLXV.s 			page 4


 124 0058 00000000 		.word	.LC0
 125 005c 08000000 		.word	.LC1
 126 0060 00000000 		.word	update_lcd_it
 127 0064 00000000 		.word	lcd_update
 128              		.cfi_endproc
 129              	.LFE63:
 130              		.size	setup_lcd, .-setup_lcd
 131              		.section	.text.update_lcd,"ax",%progbits
 132              		.align	2
 133              		.global	update_lcd
 134              		.thumb
 135              		.thumb_func
 136              		.type	update_lcd, %function
 137              	update_lcd:
 138              	.LFB65:
  38:.\gnome_lcd.c ****     }
  39:.\gnome_lcd.c **** }
  40:.\gnome_lcd.c **** 
  41:.\gnome_lcd.c **** void update_lcd() {
 139              		.loc 1 41 0
 140              		.cfi_startproc
 141              		@ args = 0, pretend = 0, frame = 8
 142              		@ frame_needed = 0, uses_anonymous_args = 0
 143 0000 30B5     		push	{r4, r5, lr}
 144              		.cfi_def_cfa_offset 12
 145              		.cfi_offset 4, -12
 146              		.cfi_offset 5, -8
 147              		.cfi_offset 14, -4
 148 0002 83B0     		sub	sp, sp, #12
 149              		.cfi_def_cfa_offset 24
 150              	.LVL10:
  42:.\gnome_lcd.c ****     #if (GNOME_LCD_MODULE_ACTIVE) 
  43:.\gnome_lcd.c ****         char str[5];
  44:.\gnome_lcd.c ****         #ifndef GNOME_LCD_A_OPT_OUT
  45:.\gnome_lcd.c ****             reg8* a = GNOME_LCD_A_ADDR;
  46:.\gnome_lcd.c ****             i2cLCD_SetPosition(&lcd, 0, GNOME_LCD_LINE_OFFSET1);
 151              		.loc 1 46 0
 152 0004 124C     		ldr	r4, .L12
 153 0006 2046     		mov	r0, r4
 154 0008 0021     		movs	r1, #0
 155 000a 0622     		movs	r2, #6
 156 000c FFF7FEFF 		bl	i2cLCD_SetPosition
 157              	.LVL11:
  47:.\gnome_lcd.c ****             sprintf(str, "%02x", *a);
 158              		.loc 1 47 0
 159 0010 104B     		ldr	r3, .L12+4
 160 0012 1A78     		ldrb	r2, [r3]	@ zero_extendqisi2
 161 0014 104D     		ldr	r5, .L12+8
 162 0016 6846     		mov	r0, sp
 163 0018 2946     		mov	r1, r5
 164 001a FFF7FEFF 		bl	sprintf
 165              	.LVL12:
  48:.\gnome_lcd.c ****             i2cLCD_Print(&lcd, str);
 166              		.loc 1 48 0
 167 001e 2046     		mov	r0, r4
 168 0020 6946     		mov	r1, sp
 169 0022 FFF7FEFF 		bl	i2cLCD_Print
ARM GAS  C:\Users\Javier\AppData\Local\Temp\ccZhYLXV.s 			page 5


 170              	.LVL13:
  49:.\gnome_lcd.c ****         #endif
  50:.\gnome_lcd.c ****         #ifndef GNOME_LCD_B_OPT_OUT 
  51:.\gnome_lcd.c ****             reg8* b = GNOME_LCD_B_ADDR;
  52:.\gnome_lcd.c ****             i2cLCD_SetPosition(&lcd, 1, GNOME_LCD_LINE_OFFSET2);
 171              		.loc 1 52 0
 172 0026 2046     		mov	r0, r4
 173 0028 0121     		movs	r1, #1
 174 002a 0622     		movs	r2, #6
 175 002c FFF7FEFF 		bl	i2cLCD_SetPosition
 176              	.LVL14:
  53:.\gnome_lcd.c ****             sprintf(str, "%02x", *b);
 177              		.loc 1 53 0
 178 0030 0A4B     		ldr	r3, .L12+12
 179 0032 1A78     		ldrb	r2, [r3]	@ zero_extendqisi2
 180 0034 6846     		mov	r0, sp
 181 0036 2946     		mov	r1, r5
 182 0038 FFF7FEFF 		bl	sprintf
 183              	.LVL15:
  54:.\gnome_lcd.c ****             i2cLCD_Print(&lcd, str);
 184              		.loc 1 54 0
 185 003c 2046     		mov	r0, r4
 186 003e 6946     		mov	r1, sp
 187 0040 FFF7FEFF 		bl	i2cLCD_Print
 188              	.LVL16:
  55:.\gnome_lcd.c ****         #endif
  56:.\gnome_lcd.c ****         
  57:.\gnome_lcd.c ****     #endif
  58:.\gnome_lcd.c ****     lcd_update = 0;
 189              		.loc 1 58 0
 190 0044 0022     		movs	r2, #0
 191 0046 064B     		ldr	r3, .L12+16
 192 0048 1A70     		strb	r2, [r3]
  59:.\gnome_lcd.c **** }
 193              		.loc 1 59 0
 194 004a 03B0     		add	sp, sp, #12
 195              		.cfi_def_cfa_offset 12
 196              		@ sp needed
 197 004c 30BD     		pop	{r4, r5, pc}
 198              	.L13:
 199 004e 00BF     		.align	2
 200              	.L12:
 201 0050 00000000 		.word	lcd
 202 0054 60640040 		.word	1073767520
 203 0058 10000000 		.word	.LC2
 204 005c 63640040 		.word	1073767523
 205 0060 00000000 		.word	lcd_update
 206              		.cfi_endproc
 207              	.LFE65:
 208              		.size	update_lcd, .-update_lcd
 209              		.comm	lcd_update,1,1
 210              		.comm	lcd,134,4
 211              		.section	.rodata.str1.4,"aMS",%progbits,1
 212              		.align	2
 213              	.LC0:
 214 0000 43473A20 		.ascii	"CG: 0x\000"
 214      307800
ARM GAS  C:\Users\Javier\AppData\Local\Temp\ccZhYLXV.s 			page 6


 215 0007 00       		.space	1
 216              	.LC1:
 217 0008 43503A20 		.ascii	"CP: 0x\000"
 217      307800
 218 000f 00       		.space	1
 219              	.LC2:
 220 0010 25303278 		.ascii	"%02x\000"
 220      00
 221 0015 000000   		.text
 222              	.Letext0:
 223              		.file 2 "c:\\program files (x86)\\cypress\\psoc creator\\3.3\\psoc creator\\import\\gnu\\arm\\4.9.
 224              		.file 3 "c:\\program files (x86)\\cypress\\psoc creator\\3.3\\psoc creator\\import\\gnu\\arm\\4.9.
 225              		.file 4 "Generated_Source\\PSoC5/cytypes.h"
 226              		.file 5 "Generated_Source\\PSoC5/CyLib.h"
 227              		.file 6 ".\\i2cLCD.h"
 228              		.file 7 "Generated_Source\\PSoC5/core_cm3.h"
 229              		.file 8 ".\\gnome_lcd.h"
 230              		.file 9 "Generated_Source\\PSoC5/I2C.h"
 231              		.file 10 "c:\\program files (x86)\\cypress\\psoc creator\\3.3\\psoc creator\\import\\gnu\\arm\\4.9
 232              		.section	.debug_info,"",%progbits
 233              	.Ldebug_info0:
 234 0000 7B040000 		.4byte	0x47b
 235 0004 0400     		.2byte	0x4
 236 0006 00000000 		.4byte	.Ldebug_abbrev0
 237 000a 04       		.byte	0x4
 238 000b 01       		.uleb128 0x1
 239 000c D8010000 		.4byte	.LASF43
 240 0010 01       		.byte	0x1
 241 0011 E3020000 		.4byte	.LASF44
 242 0015 4F010000 		.4byte	.LASF45
 243 0019 00000000 		.4byte	.Ldebug_ranges0+0
 244 001d 00000000 		.4byte	0
 245 0021 00000000 		.4byte	.Ldebug_line0
 246 0025 02       		.uleb128 0x2
 247 0026 01       		.byte	0x1
 248 0027 06       		.byte	0x6
 249 0028 FA020000 		.4byte	.LASF0
 250 002c 03       		.uleb128 0x3
 251 002d 0B000000 		.4byte	.LASF3
 252 0031 02       		.byte	0x2
 253 0032 1D       		.byte	0x1d
 254 0033 37000000 		.4byte	0x37
 255 0037 02       		.uleb128 0x2
 256 0038 01       		.byte	0x1
 257 0039 08       		.byte	0x8
 258 003a 1A010000 		.4byte	.LASF1
 259 003e 02       		.uleb128 0x2
 260 003f 02       		.byte	0x2
 261 0040 05       		.byte	0x5
 262 0041 D0020000 		.4byte	.LASF2
 263 0045 03       		.uleb128 0x3
 264 0046 28010000 		.4byte	.LASF4
 265 004a 02       		.byte	0x2
 266 004b 2B       		.byte	0x2b
 267 004c 50000000 		.4byte	0x50
 268 0050 02       		.uleb128 0x2
 269 0051 02       		.byte	0x2
ARM GAS  C:\Users\Javier\AppData\Local\Temp\ccZhYLXV.s 			page 7


 270 0052 07       		.byte	0x7
 271 0053 C6000000 		.4byte	.LASF5
 272 0057 03       		.uleb128 0x3
 273 0058 52000000 		.4byte	.LASF6
 274 005c 02       		.byte	0x2
 275 005d 3F       		.byte	0x3f
 276 005e 62000000 		.4byte	0x62
 277 0062 02       		.uleb128 0x2
 278 0063 04       		.byte	0x4
 279 0064 05       		.byte	0x5
 280 0065 F1020000 		.4byte	.LASF7
 281 0069 02       		.uleb128 0x2
 282 006a 04       		.byte	0x4
 283 006b 07       		.byte	0x7
 284 006c B4000000 		.4byte	.LASF8
 285 0070 02       		.uleb128 0x2
 286 0071 08       		.byte	0x8
 287 0072 05       		.byte	0x5
 288 0073 97020000 		.4byte	.LASF9
 289 0077 02       		.uleb128 0x2
 290 0078 08       		.byte	0x8
 291 0079 07       		.byte	0x7
 292 007a B8010000 		.4byte	.LASF10
 293 007e 04       		.uleb128 0x4
 294 007f 04       		.byte	0x4
 295 0080 05       		.byte	0x5
 296 0081 696E7400 		.ascii	"int\000"
 297 0085 02       		.uleb128 0x2
 298 0086 04       		.byte	0x4
 299 0087 07       		.byte	0x7
 300 0088 AB010000 		.4byte	.LASF11
 301 008c 02       		.uleb128 0x2
 302 008d 04       		.byte	0x4
 303 008e 07       		.byte	0x7
 304 008f 8E020000 		.4byte	.LASF12
 305 0093 05       		.uleb128 0x5
 306 0094 04       		.byte	0x4
 307 0095 99000000 		.4byte	0x99
 308 0099 06       		.uleb128 0x6
 309 009a 05       		.uleb128 0x5
 310 009b 04       		.byte	0x4
 311 009c A0000000 		.4byte	0xa0
 312 00a0 02       		.uleb128 0x2
 313 00a1 01       		.byte	0x1
 314 00a2 08       		.byte	0x8
 315 00a3 A5020000 		.4byte	.LASF13
 316 00a7 05       		.uleb128 0x5
 317 00a8 04       		.byte	0x4
 318 00a9 AD000000 		.4byte	0xad
 319 00ad 07       		.uleb128 0x7
 320 00ae A0000000 		.4byte	0xa0
 321 00b2 03       		.uleb128 0x3
 322 00b3 5C000000 		.4byte	.LASF14
 323 00b7 03       		.byte	0x3
 324 00b8 15       		.byte	0x15
 325 00b9 2C000000 		.4byte	0x2c
 326 00bd 03       		.uleb128 0x3
ARM GAS  C:\Users\Javier\AppData\Local\Temp\ccZhYLXV.s 			page 8


 327 00be DA020000 		.4byte	.LASF15
 328 00c2 03       		.byte	0x3
 329 00c3 21       		.byte	0x21
 330 00c4 45000000 		.4byte	0x45
 331 00c8 03       		.uleb128 0x3
 332 00c9 86020000 		.4byte	.LASF16
 333 00cd 03       		.byte	0x3
 334 00ce 2C       		.byte	0x2c
 335 00cf 57000000 		.4byte	0x57
 336 00d3 08       		.uleb128 0x8
 337 00d4 92000000 		.4byte	.LASF17
 338 00d8 04       		.byte	0x4
 339 00d9 3801     		.2byte	0x138
 340 00db 37000000 		.4byte	0x37
 341 00df 08       		.uleb128 0x8
 342 00e0 98010000 		.4byte	.LASF18
 343 00e4 04       		.byte	0x4
 344 00e5 3A01     		.2byte	0x13a
 345 00e7 69000000 		.4byte	0x69
 346 00eb 02       		.uleb128 0x2
 347 00ec 04       		.byte	0x4
 348 00ed 04       		.byte	0x4
 349 00ee 7C000000 		.4byte	.LASF19
 350 00f2 02       		.uleb128 0x2
 351 00f3 08       		.byte	0x8
 352 00f4 04       		.byte	0x4
 353 00f5 33010000 		.4byte	.LASF20
 354 00f9 08       		.uleb128 0x8
 355 00fa A0000000 		.4byte	.LASF21
 356 00fe 04       		.byte	0x4
 357 00ff E201     		.2byte	0x1e2
 358 0101 05010000 		.4byte	0x105
 359 0105 09       		.uleb128 0x9
 360 0106 D3000000 		.4byte	0xd3
 361 010a 03       		.uleb128 0x3
 362 010b AA020000 		.4byte	.LASF22
 363 010f 05       		.byte	0x5
 364 0110 AD       		.byte	0xad
 365 0111 93000000 		.4byte	0x93
 366 0115 09       		.uleb128 0x9
 367 0116 B2000000 		.4byte	0xb2
 368 011a 0A       		.uleb128 0xa
 369 011b 86       		.byte	0x86
 370 011c 06       		.byte	0x6
 371 011d 3F       		.byte	0x3f
 372 011e 77010000 		.4byte	0x177
 373 0122 0B       		.uleb128 0xb
 374 0123 00000000 		.4byte	.LASF23
 375 0127 06       		.byte	0x6
 376 0128 40       		.byte	0x40
 377 0129 B2000000 		.4byte	0xb2
 378 012d 00       		.byte	0
 379 012e 0B       		.uleb128 0xb
 380 012f 28000000 		.4byte	.LASF24
 381 0133 06       		.byte	0x6
 382 0134 41       		.byte	0x41
 383 0135 B2000000 		.4byte	0xb2
ARM GAS  C:\Users\Javier\AppData\Local\Temp\ccZhYLXV.s 			page 9


 384 0139 01       		.byte	0x1
 385 013a 0B       		.uleb128 0xb
 386 013b CF010000 		.4byte	.LASF25
 387 013f 06       		.byte	0x6
 388 0140 42       		.byte	0x42
 389 0141 B2000000 		.4byte	0xb2
 390 0145 02       		.byte	0x2
 391 0146 0B       		.uleb128 0xb
 392 0147 E4000000 		.4byte	.LASF26
 393 014b 06       		.byte	0x6
 394 014c 43       		.byte	0x43
 395 014d B2000000 		.4byte	0xb2
 396 0151 03       		.byte	0x3
 397 0152 0B       		.uleb128 0xb
 398 0153 98000000 		.4byte	.LASF27
 399 0157 06       		.byte	0x6
 400 0158 44       		.byte	0x44
 401 0159 B2000000 		.4byte	0xb2
 402 015d 04       		.byte	0x4
 403 015e 0B       		.uleb128 0xb
 404 015f BC020000 		.4byte	.LASF28
 405 0163 06       		.byte	0x6
 406 0164 45       		.byte	0x45
 407 0165 B2000000 		.4byte	0xb2
 408 0169 05       		.byte	0x5
 409 016a 0B       		.uleb128 0xb
 410 016b 70020000 		.4byte	.LASF29
 411 016f 06       		.byte	0x6
 412 0170 46       		.byte	0x46
 413 0171 77010000 		.4byte	0x177
 414 0175 06       		.byte	0x6
 415 0176 00       		.byte	0
 416 0177 0C       		.uleb128 0xc
 417 0178 A0000000 		.4byte	0xa0
 418 017c 8D010000 		.4byte	0x18d
 419 0180 0D       		.uleb128 0xd
 420 0181 8C000000 		.4byte	0x8c
 421 0185 07       		.byte	0x7
 422 0186 0D       		.uleb128 0xd
 423 0187 8C000000 		.4byte	0x8c
 424 018b 0F       		.byte	0xf
 425 018c 00       		.byte	0
 426 018d 03       		.uleb128 0x3
 427 018e 3A010000 		.4byte	.LASF30
 428 0192 06       		.byte	0x6
 429 0193 47       		.byte	0x47
 430 0194 1A010000 		.4byte	0x11a
 431 0198 0E       		.uleb128 0xe
 432 0199 6E000000 		.4byte	.LASF31
 433 019d 01       		.byte	0x1
 434 019e 23       		.byte	0x23
 435 019f 00000000 		.4byte	.LFB64
 436 01a3 1C000000 		.4byte	.LFE64-.LFB64
 437 01a7 01       		.uleb128 0x1
 438 01a8 9C       		.byte	0x9c
 439 01a9 B7010000 		.4byte	0x1b7
 440 01ad 0F       		.uleb128 0xf
ARM GAS  C:\Users\Javier\AppData\Local\Temp\ccZhYLXV.s 			page 10


 441 01ae 06000000 		.4byte	.LVL0
 442 01b2 CC030000 		.4byte	0x3cc
 443 01b6 00       		.byte	0
 444 01b7 0E       		.uleb128 0xe
 445 01b8 66020000 		.4byte	.LASF32
 446 01bc 01       		.byte	0x1
 447 01bd 11       		.byte	0x11
 448 01be 00000000 		.4byte	.LFB63
 449 01c2 68000000 		.4byte	.LFE63-.LFB63
 450 01c6 01       		.uleb128 0x1
 451 01c7 9C       		.byte	0x9c
 452 01c8 A5020000 		.4byte	0x2a5
 453 01cc 0F       		.uleb128 0xf
 454 01cd 06000000 		.4byte	.LVL1
 455 01d1 D7030000 		.4byte	0x3d7
 456 01d5 10       		.uleb128 0x10
 457 01d6 12000000 		.4byte	.LVL2
 458 01da DE030000 		.4byte	0x3de
 459 01de F4010000 		.4byte	0x1f4
 460 01e2 11       		.uleb128 0x11
 461 01e3 01       		.uleb128 0x1
 462 01e4 52       		.byte	0x52
 463 01e5 01       		.uleb128 0x1
 464 01e6 38       		.byte	0x38
 465 01e7 11       		.uleb128 0x11
 466 01e8 01       		.uleb128 0x1
 467 01e9 51       		.byte	0x51
 468 01ea 02       		.uleb128 0x2
 469 01eb 08       		.byte	0x8
 470 01ec 27       		.byte	0x27
 471 01ed 11       		.uleb128 0x11
 472 01ee 01       		.uleb128 0x1
 473 01ef 50       		.byte	0x50
 474 01f0 02       		.uleb128 0x2
 475 01f1 74       		.byte	0x74
 476 01f2 00       		.sleb128 0
 477 01f3 00       		.byte	0
 478 01f4 10       		.uleb128 0x10
 479 01f5 1C000000 		.4byte	.LVL3
 480 01f9 FF030000 		.4byte	0x3ff
 481 01fd 12020000 		.4byte	0x212
 482 0201 11       		.uleb128 0x11
 483 0202 01       		.uleb128 0x1
 484 0203 52       		.byte	0x52
 485 0204 01       		.uleb128 0x1
 486 0205 30       		.byte	0x30
 487 0206 11       		.uleb128 0x11
 488 0207 01       		.uleb128 0x1
 489 0208 51       		.byte	0x51
 490 0209 01       		.uleb128 0x1
 491 020a 30       		.byte	0x30
 492 020b 11       		.uleb128 0x11
 493 020c 01       		.uleb128 0x1
 494 020d 50       		.byte	0x50
 495 020e 02       		.uleb128 0x2
 496 020f 74       		.byte	0x74
 497 0210 00       		.sleb128 0
ARM GAS  C:\Users\Javier\AppData\Local\Temp\ccZhYLXV.s 			page 11


 498 0211 00       		.byte	0
 499 0212 10       		.uleb128 0x10
 500 0213 24000000 		.4byte	.LVL4
 501 0217 1A040000 		.4byte	0x41a
 502 021b 2F020000 		.4byte	0x22f
 503 021f 11       		.uleb128 0x11
 504 0220 01       		.uleb128 0x1
 505 0221 51       		.byte	0x51
 506 0222 05       		.uleb128 0x5
 507 0223 03       		.byte	0x3
 508 0224 00000000 		.4byte	.LC0
 509 0228 11       		.uleb128 0x11
 510 0229 01       		.uleb128 0x1
 511 022a 50       		.byte	0x50
 512 022b 02       		.uleb128 0x2
 513 022c 74       		.byte	0x74
 514 022d 00       		.sleb128 0
 515 022e 00       		.byte	0
 516 022f 10       		.uleb128 0x10
 517 0230 2E000000 		.4byte	.LVL5
 518 0234 FF030000 		.4byte	0x3ff
 519 0238 4D020000 		.4byte	0x24d
 520 023c 11       		.uleb128 0x11
 521 023d 01       		.uleb128 0x1
 522 023e 52       		.byte	0x52
 523 023f 01       		.uleb128 0x1
 524 0240 30       		.byte	0x30
 525 0241 11       		.uleb128 0x11
 526 0242 01       		.uleb128 0x1
 527 0243 51       		.byte	0x51
 528 0244 01       		.uleb128 0x1
 529 0245 31       		.byte	0x31
 530 0246 11       		.uleb128 0x11
 531 0247 01       		.uleb128 0x1
 532 0248 50       		.byte	0x50
 533 0249 02       		.uleb128 0x2
 534 024a 74       		.byte	0x74
 535 024b 00       		.sleb128 0
 536 024c 00       		.byte	0
 537 024d 10       		.uleb128 0x10
 538 024e 36000000 		.4byte	.LVL6
 539 0252 1A040000 		.4byte	0x41a
 540 0256 6A020000 		.4byte	0x26a
 541 025a 11       		.uleb128 0x11
 542 025b 01       		.uleb128 0x1
 543 025c 51       		.byte	0x51
 544 025d 05       		.uleb128 0x5
 545 025e 03       		.byte	0x3
 546 025f 08000000 		.4byte	.LC1
 547 0263 11       		.uleb128 0x11
 548 0264 01       		.uleb128 0x1
 549 0265 50       		.byte	0x50
 550 0266 02       		.uleb128 0x2
 551 0267 74       		.byte	0x74
 552 0268 00       		.sleb128 0
 553 0269 00       		.byte	0
 554 026a 10       		.uleb128 0x10
ARM GAS  C:\Users\Javier\AppData\Local\Temp\ccZhYLXV.s 			page 12


 555 026b 3E000000 		.4byte	.LVL7
 556 026f 30040000 		.4byte	0x430
 557 0273 83020000 		.4byte	0x283
 558 0277 11       		.uleb128 0x11
 559 0278 01       		.uleb128 0x1
 560 0279 51       		.byte	0x51
 561 027a 01       		.uleb128 0x1
 562 027b 31       		.byte	0x31
 563 027c 11       		.uleb128 0x11
 564 027d 01       		.uleb128 0x1
 565 027e 50       		.byte	0x50
 566 027f 02       		.uleb128 0x2
 567 0280 74       		.byte	0x74
 568 0281 00       		.sleb128 0
 569 0282 00       		.byte	0
 570 0283 0F       		.uleb128 0xf
 571 0284 42000000 		.4byte	.LVL8
 572 0288 46040000 		.4byte	0x446
 573 028c 12       		.uleb128 0x12
 574 028d 4A000000 		.4byte	.LVL9
 575 0291 4D040000 		.4byte	0x44d
 576 0295 11       		.uleb128 0x11
 577 0296 01       		.uleb128 0x1
 578 0297 51       		.byte	0x51
 579 0298 05       		.uleb128 0x5
 580 0299 03       		.byte	0x3
 581 029a 00000000 		.4byte	update_lcd_it
 582 029e 11       		.uleb128 0x11
 583 029f 01       		.uleb128 0x1
 584 02a0 50       		.byte	0x50
 585 02a1 01       		.uleb128 0x1
 586 02a2 34       		.byte	0x34
 587 02a3 00       		.byte	0
 588 02a4 00       		.byte	0
 589 02a5 0E       		.uleb128 0xe
 590 02a6 47000000 		.4byte	.LASF33
 591 02aa 01       		.byte	0x1
 592 02ab 29       		.byte	0x29
 593 02ac 00000000 		.4byte	.LFB65
 594 02b0 64000000 		.4byte	.LFE65-.LFB65
 595 02b4 01       		.uleb128 0x1
 596 02b5 9C       		.byte	0x9c
 597 02b6 83030000 		.4byte	0x383
 598 02ba 13       		.uleb128 0x13
 599 02bb 73747200 		.ascii	"str\000"
 600 02bf 01       		.byte	0x1
 601 02c0 2B       		.byte	0x2b
 602 02c1 83030000 		.4byte	0x383
 603 02c5 02       		.uleb128 0x2
 604 02c6 91       		.byte	0x91
 605 02c7 68       		.sleb128 -24
 606 02c8 14       		.uleb128 0x14
 607 02c9 6100     		.ascii	"a\000"
 608 02cb 01       		.byte	0x1
 609 02cc 2D       		.byte	0x2d
 610 02cd 93030000 		.4byte	0x393
 611 02d1 60640040 		.4byte	0x40006460
ARM GAS  C:\Users\Javier\AppData\Local\Temp\ccZhYLXV.s 			page 13


 612 02d5 14       		.uleb128 0x14
 613 02d6 6200     		.ascii	"b\000"
 614 02d8 01       		.byte	0x1
 615 02d9 33       		.byte	0x33
 616 02da 93030000 		.4byte	0x393
 617 02de 63640040 		.4byte	0x40006463
 618 02e2 10       		.uleb128 0x10
 619 02e3 10000000 		.4byte	.LVL11
 620 02e7 FF030000 		.4byte	0x3ff
 621 02eb 00030000 		.4byte	0x300
 622 02ef 11       		.uleb128 0x11
 623 02f0 01       		.uleb128 0x1
 624 02f1 52       		.byte	0x52
 625 02f2 01       		.uleb128 0x1
 626 02f3 36       		.byte	0x36
 627 02f4 11       		.uleb128 0x11
 628 02f5 01       		.uleb128 0x1
 629 02f6 51       		.byte	0x51
 630 02f7 01       		.uleb128 0x1
 631 02f8 30       		.byte	0x30
 632 02f9 11       		.uleb128 0x11
 633 02fa 01       		.uleb128 0x1
 634 02fb 50       		.byte	0x50
 635 02fc 02       		.uleb128 0x2
 636 02fd 74       		.byte	0x74
 637 02fe 00       		.sleb128 0
 638 02ff 00       		.byte	0
 639 0300 10       		.uleb128 0x10
 640 0301 1E000000 		.4byte	.LVL12
 641 0305 67040000 		.4byte	0x467
 642 0309 1A030000 		.4byte	0x31a
 643 030d 11       		.uleb128 0x11
 644 030e 01       		.uleb128 0x1
 645 030f 51       		.byte	0x51
 646 0310 02       		.uleb128 0x2
 647 0311 75       		.byte	0x75
 648 0312 00       		.sleb128 0
 649 0313 11       		.uleb128 0x11
 650 0314 01       		.uleb128 0x1
 651 0315 50       		.byte	0x50
 652 0316 02       		.uleb128 0x2
 653 0317 7D       		.byte	0x7d
 654 0318 00       		.sleb128 0
 655 0319 00       		.byte	0
 656 031a 10       		.uleb128 0x10
 657 031b 26000000 		.4byte	.LVL13
 658 031f 1A040000 		.4byte	0x41a
 659 0323 34030000 		.4byte	0x334
 660 0327 11       		.uleb128 0x11
 661 0328 01       		.uleb128 0x1
 662 0329 51       		.byte	0x51
 663 032a 02       		.uleb128 0x2
 664 032b 7D       		.byte	0x7d
 665 032c 00       		.sleb128 0
 666 032d 11       		.uleb128 0x11
 667 032e 01       		.uleb128 0x1
 668 032f 50       		.byte	0x50
ARM GAS  C:\Users\Javier\AppData\Local\Temp\ccZhYLXV.s 			page 14


 669 0330 02       		.uleb128 0x2
 670 0331 74       		.byte	0x74
 671 0332 00       		.sleb128 0
 672 0333 00       		.byte	0
 673 0334 10       		.uleb128 0x10
 674 0335 30000000 		.4byte	.LVL14
 675 0339 FF030000 		.4byte	0x3ff
 676 033d 52030000 		.4byte	0x352
 677 0341 11       		.uleb128 0x11
 678 0342 01       		.uleb128 0x1
 679 0343 52       		.byte	0x52
 680 0344 01       		.uleb128 0x1
 681 0345 36       		.byte	0x36
 682 0346 11       		.uleb128 0x11
 683 0347 01       		.uleb128 0x1
 684 0348 51       		.byte	0x51
 685 0349 01       		.uleb128 0x1
 686 034a 31       		.byte	0x31
 687 034b 11       		.uleb128 0x11
 688 034c 01       		.uleb128 0x1
 689 034d 50       		.byte	0x50
 690 034e 02       		.uleb128 0x2
 691 034f 74       		.byte	0x74
 692 0350 00       		.sleb128 0
 693 0351 00       		.byte	0
 694 0352 10       		.uleb128 0x10
 695 0353 3C000000 		.4byte	.LVL15
 696 0357 67040000 		.4byte	0x467
 697 035b 6C030000 		.4byte	0x36c
 698 035f 11       		.uleb128 0x11
 699 0360 01       		.uleb128 0x1
 700 0361 51       		.byte	0x51
 701 0362 02       		.uleb128 0x2
 702 0363 75       		.byte	0x75
 703 0364 00       		.sleb128 0
 704 0365 11       		.uleb128 0x11
 705 0366 01       		.uleb128 0x1
 706 0367 50       		.byte	0x50
 707 0368 02       		.uleb128 0x2
 708 0369 7D       		.byte	0x7d
 709 036a 00       		.sleb128 0
 710 036b 00       		.byte	0
 711 036c 12       		.uleb128 0x12
 712 036d 44000000 		.4byte	.LVL16
 713 0371 1A040000 		.4byte	0x41a
 714 0375 11       		.uleb128 0x11
 715 0376 01       		.uleb128 0x1
 716 0377 51       		.byte	0x51
 717 0378 02       		.uleb128 0x2
 718 0379 7D       		.byte	0x7d
 719 037a 00       		.sleb128 0
 720 037b 11       		.uleb128 0x11
 721 037c 01       		.uleb128 0x1
 722 037d 50       		.byte	0x50
 723 037e 02       		.uleb128 0x2
 724 037f 74       		.byte	0x74
 725 0380 00       		.sleb128 0
ARM GAS  C:\Users\Javier\AppData\Local\Temp\ccZhYLXV.s 			page 15


 726 0381 00       		.byte	0
 727 0382 00       		.byte	0
 728 0383 0C       		.uleb128 0xc
 729 0384 A0000000 		.4byte	0xa0
 730 0388 93030000 		.4byte	0x393
 731 038c 0D       		.uleb128 0xd
 732 038d 8C000000 		.4byte	0x8c
 733 0391 04       		.byte	0x4
 734 0392 00       		.byte	0
 735 0393 05       		.uleb128 0x5
 736 0394 04       		.byte	0x4
 737 0395 F9000000 		.4byte	0xf9
 738 0399 15       		.uleb128 0x15
 739 039a 00010000 		.4byte	.LASF34
 740 039e 07       		.byte	0x7
 741 039f 5506     		.2byte	0x655
 742 03a1 A5030000 		.4byte	0x3a5
 743 03a5 09       		.uleb128 0x9
 744 03a6 C8000000 		.4byte	0xc8
 745 03aa 16       		.uleb128 0x16
 746 03ab 6C636400 		.ascii	"lcd\000"
 747 03af 08       		.byte	0x8
 748 03b0 12       		.byte	0x12
 749 03b1 8D010000 		.4byte	0x18d
 750 03b5 05       		.uleb128 0x5
 751 03b6 03       		.byte	0x3
 752 03b7 00000000 		.4byte	lcd
 753 03bb 17       		.uleb128 0x17
 754 03bc D9000000 		.4byte	.LASF35
 755 03c0 08       		.byte	0x8
 756 03c1 14       		.byte	0x14
 757 03c2 15010000 		.4byte	0x115
 758 03c6 05       		.uleb128 0x5
 759 03c7 03       		.byte	0x3
 760 03c8 00000000 		.4byte	lcd_update
 761 03cc 18       		.uleb128 0x18
 762 03cd EE000000 		.4byte	.LASF46
 763 03d1 05       		.byte	0x5
 764 03d2 B7       		.byte	0xb7
 765 03d3 DF000000 		.4byte	0xdf
 766 03d7 19       		.uleb128 0x19
 767 03d8 64000000 		.4byte	.LASF40
 768 03dc 09       		.byte	0x9
 769 03dd 93       		.byte	0x93
 770 03de 1A       		.uleb128 0x1a
 771 03df 9F010000 		.4byte	.LASF36
 772 03e3 06       		.byte	0x6
 773 03e4 4A       		.byte	0x4a
 774 03e5 F9030000 		.4byte	0x3f9
 775 03e9 1B       		.uleb128 0x1b
 776 03ea F9030000 		.4byte	0x3f9
 777 03ee 1B       		.uleb128 0x1b
 778 03ef BD000000 		.4byte	0xbd
 779 03f3 1B       		.uleb128 0x1b
 780 03f4 B2000000 		.4byte	0xb2
 781 03f8 00       		.byte	0
 782 03f9 05       		.uleb128 0x5
ARM GAS  C:\Users\Javier\AppData\Local\Temp\ccZhYLXV.s 			page 16


 783 03fa 04       		.byte	0x4
 784 03fb 8D010000 		.4byte	0x18d
 785 03ff 1A       		.uleb128 0x1a
 786 0400 15000000 		.4byte	.LASF37
 787 0404 06       		.byte	0x6
 788 0405 4F       		.byte	0x4f
 789 0406 1A040000 		.4byte	0x41a
 790 040a 1B       		.uleb128 0x1b
 791 040b F9030000 		.4byte	0x3f9
 792 040f 1B       		.uleb128 0x1b
 793 0410 B2000000 		.4byte	0xb2
 794 0414 1B       		.uleb128 0x1b
 795 0415 B2000000 		.4byte	0xb2
 796 0419 00       		.byte	0
 797 041a 1A       		.uleb128 0x1a
 798 041b 0D010000 		.4byte	.LASF38
 799 041f 06       		.byte	0x6
 800 0420 4D       		.byte	0x4d
 801 0421 30040000 		.4byte	0x430
 802 0425 1B       		.uleb128 0x1b
 803 0426 F9030000 		.4byte	0x3f9
 804 042a 1B       		.uleb128 0x1b
 805 042b 9A000000 		.4byte	0x9a
 806 042f 00       		.byte	0
 807 0430 1A       		.uleb128 0x1a
 808 0431 82000000 		.4byte	.LASF39
 809 0435 06       		.byte	0x6
 810 0436 54       		.byte	0x54
 811 0437 46040000 		.4byte	0x446
 812 043b 1B       		.uleb128 0x1b
 813 043c F9030000 		.4byte	0x3f9
 814 0440 1B       		.uleb128 0x1b
 815 0441 B2000000 		.4byte	0xb2
 816 0445 00       		.byte	0
 817 0446 19       		.uleb128 0x19
 818 0447 A5000000 		.4byte	.LASF41
 819 044b 05       		.byte	0x5
 820 044c AF       		.byte	0xaf
 821 044d 1C       		.uleb128 0x1c
 822 044e 32000000 		.4byte	.LASF47
 823 0452 05       		.byte	0x5
 824 0453 B8       		.byte	0xb8
 825 0454 0A010000 		.4byte	0x10a
 826 0458 67040000 		.4byte	0x467
 827 045c 1B       		.uleb128 0x1b
 828 045d DF000000 		.4byte	0xdf
 829 0461 1B       		.uleb128 0x1b
 830 0462 0A010000 		.4byte	0x10a
 831 0466 00       		.byte	0
 832 0467 1D       		.uleb128 0x1d
 833 0468 06030000 		.4byte	.LASF42
 834 046c 0A       		.byte	0xa
 835 046d DE       		.byte	0xde
 836 046e 7E000000 		.4byte	0x7e
 837 0472 1B       		.uleb128 0x1b
 838 0473 9A000000 		.4byte	0x9a
 839 0477 1B       		.uleb128 0x1b
ARM GAS  C:\Users\Javier\AppData\Local\Temp\ccZhYLXV.s 			page 17


 840 0478 A7000000 		.4byte	0xa7
 841 047c 1E       		.uleb128 0x1e
 842 047d 00       		.byte	0
 843 047e 00       		.byte	0
 844              		.section	.debug_abbrev,"",%progbits
 845              	.Ldebug_abbrev0:
 846 0000 01       		.uleb128 0x1
 847 0001 11       		.uleb128 0x11
 848 0002 01       		.byte	0x1
 849 0003 25       		.uleb128 0x25
 850 0004 0E       		.uleb128 0xe
 851 0005 13       		.uleb128 0x13
 852 0006 0B       		.uleb128 0xb
 853 0007 03       		.uleb128 0x3
 854 0008 0E       		.uleb128 0xe
 855 0009 1B       		.uleb128 0x1b
 856 000a 0E       		.uleb128 0xe
 857 000b 55       		.uleb128 0x55
 858 000c 17       		.uleb128 0x17
 859 000d 11       		.uleb128 0x11
 860 000e 01       		.uleb128 0x1
 861 000f 10       		.uleb128 0x10
 862 0010 17       		.uleb128 0x17
 863 0011 00       		.byte	0
 864 0012 00       		.byte	0
 865 0013 02       		.uleb128 0x2
 866 0014 24       		.uleb128 0x24
 867 0015 00       		.byte	0
 868 0016 0B       		.uleb128 0xb
 869 0017 0B       		.uleb128 0xb
 870 0018 3E       		.uleb128 0x3e
 871 0019 0B       		.uleb128 0xb
 872 001a 03       		.uleb128 0x3
 873 001b 0E       		.uleb128 0xe
 874 001c 00       		.byte	0
 875 001d 00       		.byte	0
 876 001e 03       		.uleb128 0x3
 877 001f 16       		.uleb128 0x16
 878 0020 00       		.byte	0
 879 0021 03       		.uleb128 0x3
 880 0022 0E       		.uleb128 0xe
 881 0023 3A       		.uleb128 0x3a
 882 0024 0B       		.uleb128 0xb
 883 0025 3B       		.uleb128 0x3b
 884 0026 0B       		.uleb128 0xb
 885 0027 49       		.uleb128 0x49
 886 0028 13       		.uleb128 0x13
 887 0029 00       		.byte	0
 888 002a 00       		.byte	0
 889 002b 04       		.uleb128 0x4
 890 002c 24       		.uleb128 0x24
 891 002d 00       		.byte	0
 892 002e 0B       		.uleb128 0xb
 893 002f 0B       		.uleb128 0xb
 894 0030 3E       		.uleb128 0x3e
 895 0031 0B       		.uleb128 0xb
 896 0032 03       		.uleb128 0x3
ARM GAS  C:\Users\Javier\AppData\Local\Temp\ccZhYLXV.s 			page 18


 897 0033 08       		.uleb128 0x8
 898 0034 00       		.byte	0
 899 0035 00       		.byte	0
 900 0036 05       		.uleb128 0x5
 901 0037 0F       		.uleb128 0xf
 902 0038 00       		.byte	0
 903 0039 0B       		.uleb128 0xb
 904 003a 0B       		.uleb128 0xb
 905 003b 49       		.uleb128 0x49
 906 003c 13       		.uleb128 0x13
 907 003d 00       		.byte	0
 908 003e 00       		.byte	0
 909 003f 06       		.uleb128 0x6
 910 0040 15       		.uleb128 0x15
 911 0041 00       		.byte	0
 912 0042 27       		.uleb128 0x27
 913 0043 19       		.uleb128 0x19
 914 0044 00       		.byte	0
 915 0045 00       		.byte	0
 916 0046 07       		.uleb128 0x7
 917 0047 26       		.uleb128 0x26
 918 0048 00       		.byte	0
 919 0049 49       		.uleb128 0x49
 920 004a 13       		.uleb128 0x13
 921 004b 00       		.byte	0
 922 004c 00       		.byte	0
 923 004d 08       		.uleb128 0x8
 924 004e 16       		.uleb128 0x16
 925 004f 00       		.byte	0
 926 0050 03       		.uleb128 0x3
 927 0051 0E       		.uleb128 0xe
 928 0052 3A       		.uleb128 0x3a
 929 0053 0B       		.uleb128 0xb
 930 0054 3B       		.uleb128 0x3b
 931 0055 05       		.uleb128 0x5
 932 0056 49       		.uleb128 0x49
 933 0057 13       		.uleb128 0x13
 934 0058 00       		.byte	0
 935 0059 00       		.byte	0
 936 005a 09       		.uleb128 0x9
 937 005b 35       		.uleb128 0x35
 938 005c 00       		.byte	0
 939 005d 49       		.uleb128 0x49
 940 005e 13       		.uleb128 0x13
 941 005f 00       		.byte	0
 942 0060 00       		.byte	0
 943 0061 0A       		.uleb128 0xa
 944 0062 13       		.uleb128 0x13
 945 0063 01       		.byte	0x1
 946 0064 0B       		.uleb128 0xb
 947 0065 0B       		.uleb128 0xb
 948 0066 3A       		.uleb128 0x3a
 949 0067 0B       		.uleb128 0xb
 950 0068 3B       		.uleb128 0x3b
 951 0069 0B       		.uleb128 0xb
 952 006a 01       		.uleb128 0x1
 953 006b 13       		.uleb128 0x13
ARM GAS  C:\Users\Javier\AppData\Local\Temp\ccZhYLXV.s 			page 19


 954 006c 00       		.byte	0
 955 006d 00       		.byte	0
 956 006e 0B       		.uleb128 0xb
 957 006f 0D       		.uleb128 0xd
 958 0070 00       		.byte	0
 959 0071 03       		.uleb128 0x3
 960 0072 0E       		.uleb128 0xe
 961 0073 3A       		.uleb128 0x3a
 962 0074 0B       		.uleb128 0xb
 963 0075 3B       		.uleb128 0x3b
 964 0076 0B       		.uleb128 0xb
 965 0077 49       		.uleb128 0x49
 966 0078 13       		.uleb128 0x13
 967 0079 38       		.uleb128 0x38
 968 007a 0B       		.uleb128 0xb
 969 007b 00       		.byte	0
 970 007c 00       		.byte	0
 971 007d 0C       		.uleb128 0xc
 972 007e 01       		.uleb128 0x1
 973 007f 01       		.byte	0x1
 974 0080 49       		.uleb128 0x49
 975 0081 13       		.uleb128 0x13
 976 0082 01       		.uleb128 0x1
 977 0083 13       		.uleb128 0x13
 978 0084 00       		.byte	0
 979 0085 00       		.byte	0
 980 0086 0D       		.uleb128 0xd
 981 0087 21       		.uleb128 0x21
 982 0088 00       		.byte	0
 983 0089 49       		.uleb128 0x49
 984 008a 13       		.uleb128 0x13
 985 008b 2F       		.uleb128 0x2f
 986 008c 0B       		.uleb128 0xb
 987 008d 00       		.byte	0
 988 008e 00       		.byte	0
 989 008f 0E       		.uleb128 0xe
 990 0090 2E       		.uleb128 0x2e
 991 0091 01       		.byte	0x1
 992 0092 3F       		.uleb128 0x3f
 993 0093 19       		.uleb128 0x19
 994 0094 03       		.uleb128 0x3
 995 0095 0E       		.uleb128 0xe
 996 0096 3A       		.uleb128 0x3a
 997 0097 0B       		.uleb128 0xb
 998 0098 3B       		.uleb128 0x3b
 999 0099 0B       		.uleb128 0xb
 1000 009a 11       		.uleb128 0x11
 1001 009b 01       		.uleb128 0x1
 1002 009c 12       		.uleb128 0x12
 1003 009d 06       		.uleb128 0x6
 1004 009e 40       		.uleb128 0x40
 1005 009f 18       		.uleb128 0x18
 1006 00a0 9742     		.uleb128 0x2117
 1007 00a2 19       		.uleb128 0x19
 1008 00a3 01       		.uleb128 0x1
 1009 00a4 13       		.uleb128 0x13
 1010 00a5 00       		.byte	0
ARM GAS  C:\Users\Javier\AppData\Local\Temp\ccZhYLXV.s 			page 20


 1011 00a6 00       		.byte	0
 1012 00a7 0F       		.uleb128 0xf
 1013 00a8 898201   		.uleb128 0x4109
 1014 00ab 00       		.byte	0
 1015 00ac 11       		.uleb128 0x11
 1016 00ad 01       		.uleb128 0x1
 1017 00ae 31       		.uleb128 0x31
 1018 00af 13       		.uleb128 0x13
 1019 00b0 00       		.byte	0
 1020 00b1 00       		.byte	0
 1021 00b2 10       		.uleb128 0x10
 1022 00b3 898201   		.uleb128 0x4109
 1023 00b6 01       		.byte	0x1
 1024 00b7 11       		.uleb128 0x11
 1025 00b8 01       		.uleb128 0x1
 1026 00b9 31       		.uleb128 0x31
 1027 00ba 13       		.uleb128 0x13
 1028 00bb 01       		.uleb128 0x1
 1029 00bc 13       		.uleb128 0x13
 1030 00bd 00       		.byte	0
 1031 00be 00       		.byte	0
 1032 00bf 11       		.uleb128 0x11
 1033 00c0 8A8201   		.uleb128 0x410a
 1034 00c3 00       		.byte	0
 1035 00c4 02       		.uleb128 0x2
 1036 00c5 18       		.uleb128 0x18
 1037 00c6 9142     		.uleb128 0x2111
 1038 00c8 18       		.uleb128 0x18
 1039 00c9 00       		.byte	0
 1040 00ca 00       		.byte	0
 1041 00cb 12       		.uleb128 0x12
 1042 00cc 898201   		.uleb128 0x4109
 1043 00cf 01       		.byte	0x1
 1044 00d0 11       		.uleb128 0x11
 1045 00d1 01       		.uleb128 0x1
 1046 00d2 31       		.uleb128 0x31
 1047 00d3 13       		.uleb128 0x13
 1048 00d4 00       		.byte	0
 1049 00d5 00       		.byte	0
 1050 00d6 13       		.uleb128 0x13
 1051 00d7 34       		.uleb128 0x34
 1052 00d8 00       		.byte	0
 1053 00d9 03       		.uleb128 0x3
 1054 00da 08       		.uleb128 0x8
 1055 00db 3A       		.uleb128 0x3a
 1056 00dc 0B       		.uleb128 0xb
 1057 00dd 3B       		.uleb128 0x3b
 1058 00de 0B       		.uleb128 0xb
 1059 00df 49       		.uleb128 0x49
 1060 00e0 13       		.uleb128 0x13
 1061 00e1 02       		.uleb128 0x2
 1062 00e2 18       		.uleb128 0x18
 1063 00e3 00       		.byte	0
 1064 00e4 00       		.byte	0
 1065 00e5 14       		.uleb128 0x14
 1066 00e6 34       		.uleb128 0x34
 1067 00e7 00       		.byte	0
ARM GAS  C:\Users\Javier\AppData\Local\Temp\ccZhYLXV.s 			page 21


 1068 00e8 03       		.uleb128 0x3
 1069 00e9 08       		.uleb128 0x8
 1070 00ea 3A       		.uleb128 0x3a
 1071 00eb 0B       		.uleb128 0xb
 1072 00ec 3B       		.uleb128 0x3b
 1073 00ed 0B       		.uleb128 0xb
 1074 00ee 49       		.uleb128 0x49
 1075 00ef 13       		.uleb128 0x13
 1076 00f0 1C       		.uleb128 0x1c
 1077 00f1 06       		.uleb128 0x6
 1078 00f2 00       		.byte	0
 1079 00f3 00       		.byte	0
 1080 00f4 15       		.uleb128 0x15
 1081 00f5 34       		.uleb128 0x34
 1082 00f6 00       		.byte	0
 1083 00f7 03       		.uleb128 0x3
 1084 00f8 0E       		.uleb128 0xe
 1085 00f9 3A       		.uleb128 0x3a
 1086 00fa 0B       		.uleb128 0xb
 1087 00fb 3B       		.uleb128 0x3b
 1088 00fc 05       		.uleb128 0x5
 1089 00fd 49       		.uleb128 0x49
 1090 00fe 13       		.uleb128 0x13
 1091 00ff 3F       		.uleb128 0x3f
 1092 0100 19       		.uleb128 0x19
 1093 0101 3C       		.uleb128 0x3c
 1094 0102 19       		.uleb128 0x19
 1095 0103 00       		.byte	0
 1096 0104 00       		.byte	0
 1097 0105 16       		.uleb128 0x16
 1098 0106 34       		.uleb128 0x34
 1099 0107 00       		.byte	0
 1100 0108 03       		.uleb128 0x3
 1101 0109 08       		.uleb128 0x8
 1102 010a 3A       		.uleb128 0x3a
 1103 010b 0B       		.uleb128 0xb
 1104 010c 3B       		.uleb128 0x3b
 1105 010d 0B       		.uleb128 0xb
 1106 010e 49       		.uleb128 0x49
 1107 010f 13       		.uleb128 0x13
 1108 0110 3F       		.uleb128 0x3f
 1109 0111 19       		.uleb128 0x19
 1110 0112 02       		.uleb128 0x2
 1111 0113 18       		.uleb128 0x18
 1112 0114 00       		.byte	0
 1113 0115 00       		.byte	0
 1114 0116 17       		.uleb128 0x17
 1115 0117 34       		.uleb128 0x34
 1116 0118 00       		.byte	0
 1117 0119 03       		.uleb128 0x3
 1118 011a 0E       		.uleb128 0xe
 1119 011b 3A       		.uleb128 0x3a
 1120 011c 0B       		.uleb128 0xb
 1121 011d 3B       		.uleb128 0x3b
 1122 011e 0B       		.uleb128 0xb
 1123 011f 49       		.uleb128 0x49
 1124 0120 13       		.uleb128 0x13
ARM GAS  C:\Users\Javier\AppData\Local\Temp\ccZhYLXV.s 			page 22


 1125 0121 3F       		.uleb128 0x3f
 1126 0122 19       		.uleb128 0x19
 1127 0123 02       		.uleb128 0x2
 1128 0124 18       		.uleb128 0x18
 1129 0125 00       		.byte	0
 1130 0126 00       		.byte	0
 1131 0127 18       		.uleb128 0x18
 1132 0128 2E       		.uleb128 0x2e
 1133 0129 00       		.byte	0
 1134 012a 3F       		.uleb128 0x3f
 1135 012b 19       		.uleb128 0x19
 1136 012c 03       		.uleb128 0x3
 1137 012d 0E       		.uleb128 0xe
 1138 012e 3A       		.uleb128 0x3a
 1139 012f 0B       		.uleb128 0xb
 1140 0130 3B       		.uleb128 0x3b
 1141 0131 0B       		.uleb128 0xb
 1142 0132 27       		.uleb128 0x27
 1143 0133 19       		.uleb128 0x19
 1144 0134 49       		.uleb128 0x49
 1145 0135 13       		.uleb128 0x13
 1146 0136 3C       		.uleb128 0x3c
 1147 0137 19       		.uleb128 0x19
 1148 0138 00       		.byte	0
 1149 0139 00       		.byte	0
 1150 013a 19       		.uleb128 0x19
 1151 013b 2E       		.uleb128 0x2e
 1152 013c 00       		.byte	0
 1153 013d 3F       		.uleb128 0x3f
 1154 013e 19       		.uleb128 0x19
 1155 013f 03       		.uleb128 0x3
 1156 0140 0E       		.uleb128 0xe
 1157 0141 3A       		.uleb128 0x3a
 1158 0142 0B       		.uleb128 0xb
 1159 0143 3B       		.uleb128 0x3b
 1160 0144 0B       		.uleb128 0xb
 1161 0145 27       		.uleb128 0x27
 1162 0146 19       		.uleb128 0x19
 1163 0147 3C       		.uleb128 0x3c
 1164 0148 19       		.uleb128 0x19
 1165 0149 00       		.byte	0
 1166 014a 00       		.byte	0
 1167 014b 1A       		.uleb128 0x1a
 1168 014c 2E       		.uleb128 0x2e
 1169 014d 01       		.byte	0x1
 1170 014e 3F       		.uleb128 0x3f
 1171 014f 19       		.uleb128 0x19
 1172 0150 03       		.uleb128 0x3
 1173 0151 0E       		.uleb128 0xe
 1174 0152 3A       		.uleb128 0x3a
 1175 0153 0B       		.uleb128 0xb
 1176 0154 3B       		.uleb128 0x3b
 1177 0155 0B       		.uleb128 0xb
 1178 0156 27       		.uleb128 0x27
 1179 0157 19       		.uleb128 0x19
 1180 0158 3C       		.uleb128 0x3c
 1181 0159 19       		.uleb128 0x19
ARM GAS  C:\Users\Javier\AppData\Local\Temp\ccZhYLXV.s 			page 23


 1182 015a 01       		.uleb128 0x1
 1183 015b 13       		.uleb128 0x13
 1184 015c 00       		.byte	0
 1185 015d 00       		.byte	0
 1186 015e 1B       		.uleb128 0x1b
 1187 015f 05       		.uleb128 0x5
 1188 0160 00       		.byte	0
 1189 0161 49       		.uleb128 0x49
 1190 0162 13       		.uleb128 0x13
 1191 0163 00       		.byte	0
 1192 0164 00       		.byte	0
 1193 0165 1C       		.uleb128 0x1c
 1194 0166 2E       		.uleb128 0x2e
 1195 0167 01       		.byte	0x1
 1196 0168 3F       		.uleb128 0x3f
 1197 0169 19       		.uleb128 0x19
 1198 016a 03       		.uleb128 0x3
 1199 016b 0E       		.uleb128 0xe
 1200 016c 3A       		.uleb128 0x3a
 1201 016d 0B       		.uleb128 0xb
 1202 016e 3B       		.uleb128 0x3b
 1203 016f 0B       		.uleb128 0xb
 1204 0170 27       		.uleb128 0x27
 1205 0171 19       		.uleb128 0x19
 1206 0172 49       		.uleb128 0x49
 1207 0173 13       		.uleb128 0x13
 1208 0174 3C       		.uleb128 0x3c
 1209 0175 19       		.uleb128 0x19
 1210 0176 01       		.uleb128 0x1
 1211 0177 13       		.uleb128 0x13
 1212 0178 00       		.byte	0
 1213 0179 00       		.byte	0
 1214 017a 1D       		.uleb128 0x1d
 1215 017b 2E       		.uleb128 0x2e
 1216 017c 01       		.byte	0x1
 1217 017d 3F       		.uleb128 0x3f
 1218 017e 19       		.uleb128 0x19
 1219 017f 03       		.uleb128 0x3
 1220 0180 0E       		.uleb128 0xe
 1221 0181 3A       		.uleb128 0x3a
 1222 0182 0B       		.uleb128 0xb
 1223 0183 3B       		.uleb128 0x3b
 1224 0184 0B       		.uleb128 0xb
 1225 0185 27       		.uleb128 0x27
 1226 0186 19       		.uleb128 0x19
 1227 0187 49       		.uleb128 0x49
 1228 0188 13       		.uleb128 0x13
 1229 0189 3C       		.uleb128 0x3c
 1230 018a 19       		.uleb128 0x19
 1231 018b 00       		.byte	0
 1232 018c 00       		.byte	0
 1233 018d 1E       		.uleb128 0x1e
 1234 018e 18       		.uleb128 0x18
 1235 018f 00       		.byte	0
 1236 0190 00       		.byte	0
 1237 0191 00       		.byte	0
 1238 0192 00       		.byte	0
ARM GAS  C:\Users\Javier\AppData\Local\Temp\ccZhYLXV.s 			page 24


 1239              		.section	.debug_aranges,"",%progbits
 1240 0000 2C000000 		.4byte	0x2c
 1241 0004 0200     		.2byte	0x2
 1242 0006 00000000 		.4byte	.Ldebug_info0
 1243 000a 04       		.byte	0x4
 1244 000b 00       		.byte	0
 1245 000c 0000     		.2byte	0
 1246 000e 0000     		.2byte	0
 1247 0010 00000000 		.4byte	.LFB64
 1248 0014 1C000000 		.4byte	.LFE64-.LFB64
 1249 0018 00000000 		.4byte	.LFB63
 1250 001c 68000000 		.4byte	.LFE63-.LFB63
 1251 0020 00000000 		.4byte	.LFB65
 1252 0024 64000000 		.4byte	.LFE65-.LFB65
 1253 0028 00000000 		.4byte	0
 1254 002c 00000000 		.4byte	0
 1255              		.section	.debug_ranges,"",%progbits
 1256              	.Ldebug_ranges0:
 1257 0000 00000000 		.4byte	.LFB64
 1258 0004 1C000000 		.4byte	.LFE64
 1259 0008 00000000 		.4byte	.LFB63
 1260 000c 68000000 		.4byte	.LFE63
 1261 0010 00000000 		.4byte	.LFB65
 1262 0014 64000000 		.4byte	.LFE65
 1263 0018 00000000 		.4byte	0
 1264 001c 00000000 		.4byte	0
 1265              		.section	.debug_line,"",%progbits
 1266              	.Ldebug_line0:
 1267 0000 D3010000 		.section	.debug_str,"MS",%progbits,1
 1267      02008C01 
 1267      00000201 
 1267      FB0E0D00 
 1267      01010101 
 1268              	.LASF23:
 1269 0000 64657641 		.ascii	"devAddress\000"
 1269      64647265 
 1269      737300
 1270              	.LASF3:
 1271 000b 5F5F7569 		.ascii	"__uint8_t\000"
 1271      6E74385F 
 1271      7400
 1272              	.LASF37:
 1273 0015 6932634C 		.ascii	"i2cLCD_SetPosition\000"
 1273      43445F53 
 1273      6574506F 
 1273      73697469 
 1273      6F6E00
 1274              	.LASF24:
 1275 0028 6261636B 		.ascii	"backlight\000"
 1275      6C696768 
 1275      7400
 1276              	.LASF47:
 1277 0032 43795379 		.ascii	"CySysTickSetCallback\000"
 1277      73546963 
 1277      6B536574 
 1277      43616C6C 
 1277      6261636B 
ARM GAS  C:\Users\Javier\AppData\Local\Temp\ccZhYLXV.s 			page 25


 1278              	.LASF33:
 1279 0047 75706461 		.ascii	"update_lcd\000"
 1279      74655F6C 
 1279      636400
 1280              	.LASF6:
 1281 0052 5F5F696E 		.ascii	"__int32_t\000"
 1281      7433325F 
 1281      7400
 1282              	.LASF14:
 1283 005c 75696E74 		.ascii	"uint8_t\000"
 1283      385F7400 
 1284              	.LASF40:
 1285 0064 4932435F 		.ascii	"I2C_Start\000"
 1285      53746172 
 1285      7400
 1286              	.LASF31:
 1287 006e 75706461 		.ascii	"update_lcd_it\000"
 1287      74655F6C 
 1287      63645F69 
 1287      7400
 1288              	.LASF19:
 1289 007c 666C6F61 		.ascii	"float\000"
 1289      7400
 1290              	.LASF39:
 1291 0082 6932634C 		.ascii	"i2cLCD_SetBlink\000"
 1291      43445F53 
 1291      6574426C 
 1291      696E6B00 
 1292              	.LASF17:
 1293 0092 75696E74 		.ascii	"uint8\000"
 1293      3800
 1294              	.LASF27:
 1295 0098 626C696E 		.ascii	"blinkON\000"
 1295      6B4F4E00 
 1296              	.LASF21:
 1297 00a0 72656738 		.ascii	"reg8\000"
 1297      00
 1298              	.LASF41:
 1299 00a5 43795379 		.ascii	"CySysTickStart\000"
 1299      73546963 
 1299      6B537461 
 1299      727400
 1300              	.LASF8:
 1301 00b4 6C6F6E67 		.ascii	"long unsigned int\000"
 1301      20756E73 
 1301      69676E65 
 1301      6420696E 
 1301      7400
 1302              	.LASF5:
 1303 00c6 73686F72 		.ascii	"short unsigned int\000"
 1303      7420756E 
 1303      7369676E 
 1303      65642069 
 1303      6E7400
 1304              	.LASF35:
 1305 00d9 6C63645F 		.ascii	"lcd_update\000"
 1305      75706461 
ARM GAS  C:\Users\Javier\AppData\Local\Temp\ccZhYLXV.s 			page 26


 1305      746500
 1306              	.LASF26:
 1307 00e4 64697370 		.ascii	"displayON\000"
 1307      6C61794F 
 1307      4E00
 1308              	.LASF46:
 1309 00ee 43795379 		.ascii	"CySysTickGetValue\000"
 1309      73546963 
 1309      6B476574 
 1309      56616C75 
 1309      6500
 1310              	.LASF34:
 1311 0100 49544D5F 		.ascii	"ITM_RxBuffer\000"
 1311      52784275 
 1311      66666572 
 1311      00
 1312              	.LASF38:
 1313 010d 6932634C 		.ascii	"i2cLCD_Print\000"
 1313      43445F50 
 1313      72696E74 
 1313      00
 1314              	.LASF1:
 1315 011a 756E7369 		.ascii	"unsigned char\000"
 1315      676E6564 
 1315      20636861 
 1315      7200
 1316              	.LASF4:
 1317 0128 5F5F7569 		.ascii	"__uint16_t\000"
 1317      6E743136 
 1317      5F7400
 1318              	.LASF20:
 1319 0133 646F7562 		.ascii	"double\000"
 1319      6C6500
 1320              	.LASF30:
 1321 013a 6932634C 		.ascii	"i2cLCD_HandleTypeDef\000"
 1321      43445F48 
 1321      616E646C 
 1321      65547970 
 1321      65446566 
 1322              	.LASF45:
 1323 014f 433A5C55 		.ascii	"C:\\Users\\Javier\\Documents\\PSoC Creator\\gnome_w"
 1323      73657273 
 1323      5C4A6176 
 1323      6965725C 
 1323      446F6375 
 1324 017d 6F726B73 		.ascii	"orkspace\\gnome_cajas.cydsn\000"
 1324      70616365 
 1324      5C676E6F 
 1324      6D655F63 
 1324      616A6173 
 1325              	.LASF18:
 1326 0198 75696E74 		.ascii	"uint32\000"
 1326      333200
 1327              	.LASF36:
 1328 019f 6932634C 		.ascii	"i2cLCD_Init\000"
 1328      43445F49 
 1328      6E697400 
ARM GAS  C:\Users\Javier\AppData\Local\Temp\ccZhYLXV.s 			page 27


 1329              	.LASF11:
 1330 01ab 756E7369 		.ascii	"unsigned int\000"
 1330      676E6564 
 1330      20696E74 
 1330      00
 1331              	.LASF10:
 1332 01b8 6C6F6E67 		.ascii	"long long unsigned int\000"
 1332      206C6F6E 
 1332      6720756E 
 1332      7369676E 
 1332      65642069 
 1333              	.LASF25:
 1334 01cf 63757273 		.ascii	"cursorON\000"
 1334      6F724F4E 
 1334      00
 1335              	.LASF43:
 1336 01d8 474E5520 		.ascii	"GNU C 4.9.3 20150303 (release) [ARM/embedded-4_9-br"
 1336      4320342E 
 1336      392E3320 
 1336      32303135 
 1336      30333033 
 1337 020b 616E6368 		.ascii	"anch revision 221220] -mcpu=cortex-m3 -mthumb -g -O"
 1337      20726576 
 1337      6973696F 
 1337      6E203232 
 1337      31323230 
 1338 023e 67202D66 		.ascii	"g -ffunction-sections -ffat-lto-objects\000"
 1338      66756E63 
 1338      74696F6E 
 1338      2D736563 
 1338      74696F6E 
 1339              	.LASF32:
 1340 0266 73657475 		.ascii	"setup_lcd\000"
 1340      705F6C63 
 1340      6400
 1341              	.LASF29:
 1342 0270 63757374 		.ascii	"customCharIdentifiers\000"
 1342      6F6D4368 
 1342      61724964 
 1342      656E7469 
 1342      66696572 
 1343              	.LASF16:
 1344 0286 696E7433 		.ascii	"int32_t\000"
 1344      325F7400 
 1345              	.LASF12:
 1346 028e 73697A65 		.ascii	"sizetype\000"
 1346      74797065 
 1346      00
 1347              	.LASF9:
 1348 0297 6C6F6E67 		.ascii	"long long int\000"
 1348      206C6F6E 
 1348      6720696E 
 1348      7400
 1349              	.LASF13:
 1350 02a5 63686172 		.ascii	"char\000"
 1350      00
 1351              	.LASF22:
ARM GAS  C:\Users\Javier\AppData\Local\Temp\ccZhYLXV.s 			page 28


 1352 02aa 63795379 		.ascii	"cySysTickCallback\000"
 1352      73546963 
 1352      6B43616C 
 1352      6C626163 
 1352      6B00
 1353              	.LASF28:
 1354 02bc 6E756D62 		.ascii	"numberOfCustomChars\000"
 1354      65724F66 
 1354      43757374 
 1354      6F6D4368 
 1354      61727300 
 1355              	.LASF2:
 1356 02d0 73686F72 		.ascii	"short int\000"
 1356      7420696E 
 1356      7400
 1357              	.LASF15:
 1358 02da 75696E74 		.ascii	"uint16_t\000"
 1358      31365F74 
 1358      00
 1359              	.LASF44:
 1360 02e3 2E5C676E 		.ascii	".\\gnome_lcd.c\000"
 1360      6F6D655F 
 1360      6C63642E 
 1360      6300
 1361              	.LASF7:
 1362 02f1 6C6F6E67 		.ascii	"long int\000"
 1362      20696E74 
 1362      00
 1363              	.LASF0:
 1364 02fa 7369676E 		.ascii	"signed char\000"
 1364      65642063 
 1364      68617200 
 1365              	.LASF42:
 1366 0306 73707269 		.ascii	"sprintf\000"
 1366      6E746600 
 1367              		.ident	"GCC: (GNU Tools for ARM Embedded Processors) 4.9.3 20150303 (release) [ARM/embedded-4_9-br
