ARM GAS  C:\Users\Javier\AppData\Local\Temp\ccesiV1g.s 			page 1


   1              		.syntax unified
   2              		.cpu cortex-m3
   3              		.fpu softvfp
   4              		.eabi_attribute 20, 1
   5              		.eabi_attribute 21, 1
   6              		.eabi_attribute 23, 3
   7              		.eabi_attribute 24, 1
   8              		.eabi_attribute 25, 1
   9              		.eabi_attribute 26, 1
  10              		.eabi_attribute 30, 1
  11              		.eabi_attribute 34, 1
  12              		.eabi_attribute 18, 4
  13              		.thumb
  14              		.file	"cymetadata.c"
  15              		.text
  16              	.Ltext0:
  17              		.cfi_sections	.debug_frame
  18              		.global	cy_metadata
  19              		.global	cy_meta_flashprotect
  20              		.global	cy_eeprom
  21              		.global	cy_meta_wonvl
  22              		.global	cy_meta_custnvl
  23              		.global	cy_meta_configecc
  24              		.section	.cyconfigecc,"a",%progbits
  25              		.align	2
  26              		.type	cy_meta_configecc, %object
  27              		.size	cy_meta_configecc, 388
  28              	cy_meta_configecc:
  29 0000 01       		.byte	1
  30 0001 52       		.byte	82
  31 0002 00       		.byte	0
  32 0003 40       		.byte	64
  33 0004 01       		.byte	1
  34 0005 03       		.byte	3
  35 0006 01       		.byte	1
  36 0007 40       		.byte	64
  37 0008 02       		.byte	2
  38 0009 0B       		.byte	11
  39 000a 01       		.byte	1
  40 000b 40       		.byte	64
  41 000c 1C       		.byte	28
  42 000d 0C       		.byte	12
  43 000e 01       		.byte	1
  44 000f 40       		.byte	64
  45 0010 1C       		.byte	28
  46 0011 0D       		.byte	13
  47 0012 01       		.byte	1
  48 0013 40       		.byte	64
  49 0014 2C       		.byte	44
  50 0015 0E       		.byte	14
  51 0016 01       		.byte	1
  52 0017 40       		.byte	64
  53 0018 2A       		.byte	42
  54 0019 0F       		.byte	15
  55 001a 01       		.byte	1
  56 001b 40       		.byte	64
  57 001c 02       		.byte	2
ARM GAS  C:\Users\Javier\AppData\Local\Temp\ccesiV1g.s 			page 2


  58 001d 40       		.byte	64
  59 001e 01       		.byte	1
  60 001f 40       		.byte	64
  61 0020 02       		.byte	2
  62 0021 41       		.byte	65
  63 0022 01       		.byte	1
  64 0023 40       		.byte	64
  65 0024 07       		.byte	7
  66 0025 45       		.byte	69
  67 0026 01       		.byte	1
  68 0027 40       		.byte	64
  69 0028 01       		.byte	1
  70 0029 46       		.byte	70
  71 002a 01       		.byte	1
  72 002b 40       		.byte	64
  73 002c 02       		.byte	2
  74 002d 50       		.byte	80
  75 002e 01       		.byte	1
  76 002f 40       		.byte	64
  77 0030 01       		.byte	1
  78 0031 51       		.byte	81
  79 0032 01       		.byte	1
  80 0033 40       		.byte	64
  81 0034 10       		.byte	16
  82 0035 02       		.byte	2
  83 0036 EA       		.byte	-22
  84 0037 01       		.byte	1
  85 0038 AC       		.byte	-84
  86 0039 04       		.byte	4
  87 003a EE       		.byte	-18
  88 003b 02       		.byte	2
  89 003c 80       		.byte	-128
  90 003d 10       		.byte	16
  91 003e 85       		.byte	-123
  92 003f 04       		.byte	4
  93 0040 86       		.byte	-122
  94 0041 01       		.byte	1
  95 0042 89       		.byte	-119
  96 0043 02       		.byte	2
  97 0044 8D       		.byte	-115
  98 0045 01       		.byte	1
  99 0046 93       		.byte	-109
 100 0047 0F       		.byte	15
 101 0048 9C       		.byte	-100
 102 0049 01       		.byte	1
 103 004a 9E       		.byte	-98
 104 004b 1E       		.byte	30
 105 004c A4       		.byte	-92
 106 004d 08       		.byte	8
 107 004e A8       		.byte	-88
 108 004f 04       		.byte	4
 109 0050 AD       		.byte	-83
 110 0051 08       		.byte	8
 111 0052 AE       		.byte	-82
 112 0053 02       		.byte	2
 113 0054 B0       		.byte	-80
 114 0055 10       		.byte	16
ARM GAS  C:\Users\Javier\AppData\Local\Temp\ccesiV1g.s 			page 3


 115 0056 B1       		.byte	-79
 116 0057 08       		.byte	8
 117 0058 B2       		.byte	-78
 118 0059 08       		.byte	8
 119 005a B3       		.byte	-77
 120 005b 04       		.byte	4
 121 005c B4       		.byte	-76
 122 005d 04       		.byte	4
 123 005e B5       		.byte	-75
 124 005f 02       		.byte	2
 125 0060 B6       		.byte	-74
 126 0061 03       		.byte	3
 127 0062 B7       		.byte	-73
 128 0063 01       		.byte	1
 129 0064 B8       		.byte	-72
 130 0065 2A       		.byte	42
 131 0066 B9       		.byte	-71
 132 0067 AA       		.byte	-86
 133 0068 BE       		.byte	-66
 134 0069 55       		.byte	85
 135 006a BF       		.byte	-65
 136 006b 55       		.byte	85
 137 006c D8       		.byte	-40
 138 006d 04       		.byte	4
 139 006e D9       		.byte	-39
 140 006f 04       		.byte	4
 141 0070 DB       		.byte	-37
 142 0071 04       		.byte	4
 143 0072 DF       		.byte	-33
 144 0073 01       		.byte	1
 145 0074 00       		.byte	0
 146 0075 08       		.byte	8
 147 0076 03       		.byte	3
 148 0077 40       		.byte	64
 149 0078 0A       		.byte	10
 150 0079 02       		.byte	2
 151 007a 10       		.byte	16
 152 007b 2A       		.byte	42
 153 007c 19       		.byte	25
 154 007d 55       		.byte	85
 155 007e 20       		.byte	32
 156 007f 54       		.byte	84
 157 0080 23       		.byte	35
 158 0081 01       		.byte	1
 159 0082 2A       		.byte	42
 160 0083 80       		.byte	-128
 161 0084 32       		.byte	50
 162 0085 01       		.byte	1
 163 0086 38       		.byte	56
 164 0087 A8       		.byte	-88
 165 0088 59       		.byte	89
 166 0089 55       		.byte	85
 167 008a 60       		.byte	96
 168 008b 54       		.byte	84
 169 008c 63       		.byte	99
 170 008d 01       		.byte	1
 171 008e 68       		.byte	104
ARM GAS  C:\Users\Javier\AppData\Local\Temp\ccesiV1g.s 			page 4


 172 008f 2A       		.byte	42
 173 0090 6B       		.byte	107
 174 0091 40       		.byte	64
 175 0092 70       		.byte	112
 176 0093 54       		.byte	84
 177 0094 72       		.byte	114
 178 0095 80       		.byte	-128
 179 0096 92       		.byte	-110
 180 0097 02       		.byte	2
 181 0098 AA       		.byte	-86
 182 0099 10       		.byte	16
 183 009a B0       		.byte	-80
 184 009b 40       		.byte	64
 185 009c C0       		.byte	-64
 186 009d 0C       		.byte	12
 187 009e C2       		.byte	-62
 188 009f 01       		.byte	1
 189 00a0 C4       		.byte	-60
 190 00a1 07       		.byte	7
 191 00a2 CA       		.byte	-54
 192 00a3 08       		.byte	8
 193 00a4 CC       		.byte	-52
 194 00a5 01       		.byte	1
 195 00a6 CE       		.byte	-50
 196 00a7 0E       		.byte	14
 197 00a8 D6       		.byte	-42
 198 00a9 0F       		.byte	15
 199 00aa D8       		.byte	-40
 200 00ab 0F       		.byte	15
 201 00ac 00       		.byte	0
 202 00ad 01       		.byte	1
 203 00ae 02       		.byte	2
 204 00af 02       		.byte	2
 205 00b0 04       		.byte	4
 206 00b1 01       		.byte	1
 207 00b2 0C       		.byte	12
 208 00b3 01       		.byte	1
 209 00b4 0E       		.byte	14
 210 00b5 06       		.byte	6
 211 00b6 1C       		.byte	28
 212 00b7 01       		.byte	1
 213 00b8 1E       		.byte	30
 214 00b9 0E       		.byte	14
 215 00ba 30       		.byte	48
 216 00bb 08       		.byte	8
 217 00bc 32       		.byte	50
 218 00bd 01       		.byte	1
 219 00be 34       		.byte	52
 220 00bf 02       		.byte	2
 221 00c0 36       		.byte	54
 222 00c1 04       		.byte	4
 223 00c2 3A       		.byte	58
 224 00c3 A2       		.byte	-94
 225 00c4 3B       		.byte	59
 226 00c5 C0       		.byte	-64
 227 00c6 3E       		.byte	62
 228 00c7 04       		.byte	4
ARM GAS  C:\Users\Javier\AppData\Local\Temp\ccesiV1g.s 			page 5


 229 00c8 58       		.byte	88
 230 00c9 04       		.byte	4
 231 00ca 59       		.byte	89
 232 00cb 04       		.byte	4
 233 00cc 5B       		.byte	91
 234 00cd 04       		.byte	4
 235 00ce 5F       		.byte	95
 236 00cf 01       		.byte	1
 237 00d0 80       		.byte	-128
 238 00d1 08       		.byte	8
 239 00d2 84       		.byte	-124
 240 00d3 02       		.byte	2
 241 00d4 8A       		.byte	-118
 242 00d5 0F       		.byte	15
 243 00d6 93       		.byte	-109
 244 00d7 08       		.byte	8
 245 00d8 97       		.byte	-105
 246 00d9 0F       		.byte	15
 247 00da 99       		.byte	-103
 248 00db 04       		.byte	4
 249 00dc 9D       		.byte	-99
 250 00dd 01       		.byte	1
 251 00de A0       		.byte	-96
 252 00df 01       		.byte	1
 253 00e0 A5       		.byte	-91
 254 00e1 02       		.byte	2
 255 00e2 A8       		.byte	-88
 256 00e3 04       		.byte	4
 257 00e4 B0       		.byte	-80
 258 00e5 01       		.byte	1
 259 00e6 B1       		.byte	-79
 260 00e7 01       		.byte	1
 261 00e8 B2       		.byte	-78
 262 00e9 02       		.byte	2
 263 00ea B3       		.byte	-77
 264 00eb 02       		.byte	2
 265 00ec B4       		.byte	-76
 266 00ed 04       		.byte	4
 267 00ee B5       		.byte	-75
 268 00ef 04       		.byte	4
 269 00f0 B6       		.byte	-74
 270 00f1 08       		.byte	8
 271 00f2 B7       		.byte	-73
 272 00f3 08       		.byte	8
 273 00f4 B8       		.byte	-72
 274 00f5 AA       		.byte	-86
 275 00f6 B9       		.byte	-71
 276 00f7 2A       		.byte	42
 277 00f8 BE       		.byte	-66
 278 00f9 55       		.byte	85
 279 00fa BF       		.byte	-65
 280 00fb 55       		.byte	85
 281 00fc D8       		.byte	-40
 282 00fd 04       		.byte	4
 283 00fe D9       		.byte	-39
 284 00ff 04       		.byte	4
 285 0100 DB       		.byte	-37
ARM GAS  C:\Users\Javier\AppData\Local\Temp\ccesiV1g.s 			page 6


 286 0101 04       		.byte	4
 287 0102 DF       		.byte	-33
 288 0103 01       		.byte	1
 289 0104 00       		.byte	0
 290 0105 41       		.byte	65
 291 0106 03       		.byte	3
 292 0107 20       		.byte	32
 293 0108 04       		.byte	4
 294 0109 08       		.byte	8
 295 010a 06       		.byte	6
 296 010b 01       		.byte	1
 297 010c 07       		.byte	7
 298 010d 4A       		.byte	74
 299 010e 09       		.byte	9
 300 010f 80       		.byte	-128
 301 0110 10       		.byte	16
 302 0111 01       		.byte	1
 303 0112 13       		.byte	19
 304 0113 80       		.byte	-128
 305 0114 17       		.byte	23
 306 0115 11       		.byte	17
 307 0116 18       		.byte	24
 308 0117 41       		.byte	65
 309 0118 1A       		.byte	26
 310 0119 10       		.byte	16
 311 011a 1B       		.byte	27
 312 011b 20       		.byte	32
 313 011c 1C       		.byte	28
 314 011d 80       		.byte	-128
 315 011e 1E       		.byte	30
 316 011f AA       		.byte	-86
 317 0120 21       		.byte	33
 318 0121 80       		.byte	-128
 319 0122 24       		.byte	36
 320 0123 04       		.byte	4
 321 0124 25       		.byte	37
 322 0125 04       		.byte	4
 323 0126 27       		.byte	39
 324 0127 82       		.byte	-126
 325 0128 2C       		.byte	44
 326 0129 20       		.byte	32
 327 012a 35       		.byte	53
 328 012b 41       		.byte	65
 329 012c 37       		.byte	55
 330 012d 28       		.byte	40
 331 012e 38       		.byte	56
 332 012f 04       		.byte	4
 333 0130 3A       		.byte	58
 334 0131 04       		.byte	4
 335 0132 45       		.byte	69
 336 0133 04       		.byte	4
 337 0134 46       		.byte	70
 338 0135 10       		.byte	16
 339 0136 5E       		.byte	94
 340 0137 AA       		.byte	-86
 341 0138 64       		.byte	100
 342 0139 01       		.byte	1
ARM GAS  C:\Users\Javier\AppData\Local\Temp\ccesiV1g.s 			page 7


 343 013a 66       		.byte	102
 344 013b 15       		.byte	21
 345 013c 6A       		.byte	106
 346 013d 02       		.byte	2
 347 013e 6B       		.byte	107
 348 013f 08       		.byte	8
 349 0140 6C       		.byte	108
 350 0141 04       		.byte	4
 351 0142 6F       		.byte	111
 352 0143 51       		.byte	81
 353 0144 74       		.byte	116
 354 0145 20       		.byte	32
 355 0146 75       		.byte	117
 356 0147 41       		.byte	65
 357 0148 77       		.byte	119
 358 0149 20       		.byte	32
 359 014a C0       		.byte	-64
 360 014b 7D       		.byte	125
 361 014c C2       		.byte	-62
 362 014d 01       		.byte	1
 363 014e C4       		.byte	-60
 364 014f 50       		.byte	80
 365 0150 CA       		.byte	-54
 366 0151 40       		.byte	64
 367 0152 CC       		.byte	-52
 368 0153 F0       		.byte	-16
 369 0154 D6       		.byte	-42
 370 0155 F0       		.byte	-16
 371 0156 D8       		.byte	-40
 372 0157 F0       		.byte	-16
 373 0158 30       		.byte	48
 374 0159 20       		.byte	32
 375 015a CC       		.byte	-52
 376 015b 10       		.byte	16
 377 015c A8       		.byte	-88
 378 015d 20       		.byte	32
 379 015e EA       		.byte	-22
 380 015f 80       		.byte	-128
 381 0160 03       		.byte	3
 382 0161 08       		.byte	8
 383 0162 54       		.byte	84
 384 0163 20       		.byte	32
 385 0164 A0       		.byte	-96
 386 0165 20       		.byte	32
 387 0166 B0       		.byte	-80
 388 0167 20       		.byte	32
 389 0168 C0       		.byte	-64
 390 0169 02       		.byte	2
 391 016a D4       		.byte	-44
 392 016b 02       		.byte	2
 393 016c EC       		.byte	-20
 394 016d 04       		.byte	4
 395 016e AF       		.byte	-81
 396 016f 08       		.byte	8
 397 0170 00       		.byte	0
 398 0171 01       		.byte	1
 399 0172 0E       		.byte	14
ARM GAS  C:\Users\Javier\AppData\Local\Temp\ccesiV1g.s 			page 8


 400 0173 01       		.byte	1
 401 0174 00       		.byte	0
 402 0175 03       		.byte	3
 403 0176 00       		.byte	0
 404 0177 00       		.byte	0
 405 0178 04       		.byte	4
 406 0179 00       		.byte	0
 407 017a 00       		.byte	0
 408 017b 06       		.byte	6
 409 017c 02       		.byte	2
 410 017d 00       		.byte	0
 411 017e 02       		.byte	2
 412 017f 00       		.byte	0
 413 0180 00       		.byte	0
 414 0181 00       		.byte	0
 415 0182 00       		.byte	0
 416 0183 00       		.byte	0
 417              		.section	.cywolatch,"a",%progbits
 418              		.align	2
 419              		.type	cy_meta_wonvl, %object
 420              		.size	cy_meta_wonvl, 4
 421              	cy_meta_wonvl:
 422 0000 BC       		.byte	-68
 423 0001 90       		.byte	-112
 424 0002 AC       		.byte	-84
 425 0003 AF       		.byte	-81
 426              		.section	.cyeeprom,"a",%progbits
 427              		.align	2
 428              		.type	cy_eeprom, %object
 429              		.size	cy_eeprom, 2048
 430              	cy_eeprom:
 431 0000 12       		.byte	18
 432 0001 3D       		.byte	61
 433 0002 3D       		.byte	61
 434 0003 83       		.byte	-125
 435 0004 00       		.byte	0
 436 0005 00       		.byte	0
 437 0006 00       		.byte	0
 438 0007 00       		.byte	0
 439 0008 00       		.byte	0
 440 0009 00       		.byte	0
 441 000a 00       		.byte	0
 442 000b 00       		.byte	0
 443 000c 00       		.byte	0
 444 000d 00       		.byte	0
 445 000e 00       		.byte	0
 446 000f 00       		.byte	0
 447 0010 00       		.byte	0
 448 0011 00       		.byte	0
 449 0012 00       		.byte	0
 450 0013 00       		.byte	0
 451 0014 00       		.byte	0
 452 0015 00       		.byte	0
 453 0016 00       		.byte	0
 454 0017 00       		.byte	0
 455 0018 00       		.byte	0
 456 0019 00       		.byte	0
ARM GAS  C:\Users\Javier\AppData\Local\Temp\ccesiV1g.s 			page 9


 457 001a 00       		.byte	0
 458 001b 00       		.byte	0
 459 001c 00       		.byte	0
 460 001d 00       		.byte	0
 461 001e 00       		.byte	0
 462 001f 00       		.byte	0
 463 0020 00       		.byte	0
 464 0021 00       		.byte	0
 465 0022 00       		.byte	0
 466 0023 00       		.byte	0
 467 0024 00       		.byte	0
 468 0025 00       		.byte	0
 469 0026 00       		.byte	0
 470 0027 00       		.byte	0
 471 0028 00       		.byte	0
 472 0029 00       		.byte	0
 473 002a 00       		.byte	0
 474 002b 00       		.byte	0
 475 002c 00       		.byte	0
 476 002d 00       		.byte	0
 477 002e 00       		.byte	0
 478 002f 00       		.byte	0
 479 0030 00       		.byte	0
 480 0031 00       		.byte	0
 481 0032 00       		.byte	0
 482 0033 00       		.byte	0
 483 0034 00       		.byte	0
 484 0035 00       		.byte	0
 485 0036 00       		.byte	0
 486 0037 00       		.byte	0
 487 0038 00       		.byte	0
 488 0039 00       		.byte	0
 489 003a 00       		.byte	0
 490 003b 00       		.byte	0
 491 003c 00       		.byte	0
 492 003d 00       		.byte	0
 493 003e 00       		.byte	0
 494 003f 00       		.byte	0
 495 0040 00       		.byte	0
 496 0041 00       		.byte	0
 497 0042 00       		.byte	0
 498 0043 00       		.byte	0
 499 0044 00       		.byte	0
 500 0045 00       		.byte	0
 501 0046 00       		.byte	0
 502 0047 00       		.byte	0
 503 0048 00       		.byte	0
 504 0049 00       		.byte	0
 505 004a 00       		.byte	0
 506 004b 00       		.byte	0
 507 004c 00       		.byte	0
 508 004d 00       		.byte	0
 509 004e 00       		.byte	0
 510 004f 00       		.byte	0
 511 0050 00       		.byte	0
 512 0051 00       		.byte	0
 513 0052 00       		.byte	0
ARM GAS  C:\Users\Javier\AppData\Local\Temp\ccesiV1g.s 			page 10


 514 0053 00       		.byte	0
 515 0054 00       		.byte	0
 516 0055 00       		.byte	0
 517 0056 00       		.byte	0
 518 0057 00       		.byte	0
 519 0058 00       		.byte	0
 520 0059 00       		.byte	0
 521 005a 00       		.byte	0
 522 005b 00       		.byte	0
 523 005c 00       		.byte	0
 524 005d 00       		.byte	0
 525 005e 00       		.byte	0
 526 005f 00       		.byte	0
 527 0060 00       		.byte	0
 528 0061 00       		.byte	0
 529 0062 00       		.byte	0
 530 0063 00       		.byte	0
 531 0064 00       		.byte	0
 532 0065 00       		.byte	0
 533 0066 00       		.byte	0
 534 0067 00       		.byte	0
 535 0068 00       		.byte	0
 536 0069 00       		.byte	0
 537 006a 00       		.byte	0
 538 006b 00       		.byte	0
 539 006c 00       		.byte	0
 540 006d 00       		.byte	0
 541 006e 00       		.byte	0
 542 006f 00       		.byte	0
 543 0070 00       		.byte	0
 544 0071 00       		.byte	0
 545 0072 00       		.byte	0
 546 0073 00       		.byte	0
 547 0074 00       		.byte	0
 548 0075 00       		.byte	0
 549 0076 00       		.byte	0
 550 0077 00       		.byte	0
 551 0078 00       		.byte	0
 552 0079 00       		.byte	0
 553 007a 00       		.byte	0
 554 007b 00       		.byte	0
 555 007c 00       		.byte	0
 556 007d 00       		.byte	0
 557 007e 00       		.byte	0
 558 007f 00       		.byte	0
 559 0080 00       		.byte	0
 560 0081 00       		.byte	0
 561 0082 00       		.byte	0
 562 0083 00       		.byte	0
 563 0084 00       		.byte	0
 564 0085 00       		.byte	0
 565 0086 00       		.byte	0
 566 0087 00       		.byte	0
 567 0088 00       		.byte	0
 568 0089 00       		.byte	0
 569 008a 00       		.byte	0
 570 008b 00       		.byte	0
ARM GAS  C:\Users\Javier\AppData\Local\Temp\ccesiV1g.s 			page 11


 571 008c 00       		.byte	0
 572 008d 00       		.byte	0
 573 008e 00       		.byte	0
 574 008f 00       		.byte	0
 575 0090 00       		.byte	0
 576 0091 00       		.byte	0
 577 0092 00       		.byte	0
 578 0093 00       		.byte	0
 579 0094 00       		.byte	0
 580 0095 00       		.byte	0
 581 0096 00       		.byte	0
 582 0097 00       		.byte	0
 583 0098 00       		.byte	0
 584 0099 00       		.byte	0
 585 009a 00       		.byte	0
 586 009b 00       		.byte	0
 587 009c 00       		.byte	0
 588 009d 00       		.byte	0
 589 009e 00       		.byte	0
 590 009f 00       		.byte	0
 591 00a0 00       		.byte	0
 592 00a1 00       		.byte	0
 593 00a2 00       		.byte	0
 594 00a3 00       		.byte	0
 595 00a4 00       		.byte	0
 596 00a5 00       		.byte	0
 597 00a6 00       		.byte	0
 598 00a7 00       		.byte	0
 599 00a8 00       		.byte	0
 600 00a9 00       		.byte	0
 601 00aa 00       		.byte	0
 602 00ab 00       		.byte	0
 603 00ac 00       		.byte	0
 604 00ad 00       		.byte	0
 605 00ae 00       		.byte	0
 606 00af 00       		.byte	0
 607 00b0 00       		.byte	0
 608 00b1 00       		.byte	0
 609 00b2 00       		.byte	0
 610 00b3 00       		.byte	0
 611 00b4 00       		.byte	0
 612 00b5 00       		.byte	0
 613 00b6 00       		.byte	0
 614 00b7 00       		.byte	0
 615 00b8 00       		.byte	0
 616 00b9 00       		.byte	0
 617 00ba 00       		.byte	0
 618 00bb 00       		.byte	0
 619 00bc 00       		.byte	0
 620 00bd 00       		.byte	0
 621 00be 00       		.byte	0
 622 00bf 00       		.byte	0
 623 00c0 00       		.byte	0
 624 00c1 00       		.byte	0
 625 00c2 00       		.byte	0
 626 00c3 00       		.byte	0
 627 00c4 00       		.byte	0
ARM GAS  C:\Users\Javier\AppData\Local\Temp\ccesiV1g.s 			page 12


 628 00c5 00       		.byte	0
 629 00c6 00       		.byte	0
 630 00c7 00       		.byte	0
 631 00c8 00       		.byte	0
 632 00c9 00       		.byte	0
 633 00ca 00       		.byte	0
 634 00cb 00       		.byte	0
 635 00cc 00       		.byte	0
 636 00cd 00       		.byte	0
 637 00ce 00       		.byte	0
 638 00cf 00       		.byte	0
 639 00d0 00       		.byte	0
 640 00d1 00       		.byte	0
 641 00d2 00       		.byte	0
 642 00d3 00       		.byte	0
 643 00d4 00       		.byte	0
 644 00d5 00       		.byte	0
 645 00d6 00       		.byte	0
 646 00d7 00       		.byte	0
 647 00d8 00       		.byte	0
 648 00d9 00       		.byte	0
 649 00da 00       		.byte	0
 650 00db 00       		.byte	0
 651 00dc 00       		.byte	0
 652 00dd 00       		.byte	0
 653 00de 00       		.byte	0
 654 00df 00       		.byte	0
 655 00e0 4E       		.byte	78
 656 00e1 30       		.byte	48
 657 00e2 4E       		.byte	78
 658 00e3 11       		.byte	17
 659 00e4 70       		.byte	112
 660 00e5 03       		.byte	3
 661 00e6 07       		.byte	7
 662 00e7 4F       		.byte	79
 663 00e8 30       		.byte	48
 664 00e9 4F       		.byte	79
 665 00ea 11       		.byte	17
 666 00eb 60       		.byte	96
 667 00ec 3F       		.byte	63
 668 00ed 10       		.byte	16
 669 00ee 3F       		.byte	63
 670 00ef 07       		.byte	7
 671 00f0 00       		.byte	0
 672 00f1 00       		.byte	0
 673 00f2 00       		.byte	0
 674 00f3 00       		.byte	0
 675 00f4 00       		.byte	0
 676 00f5 00       		.byte	0
 677 00f6 00       		.byte	0
 678 00f7 00       		.byte	0
 679 00f8 00       		.byte	0
 680 00f9 00       		.byte	0
 681 00fa 00       		.byte	0
 682 00fb 00       		.byte	0
 683 00fc 00       		.byte	0
 684 00fd 00       		.byte	0
ARM GAS  C:\Users\Javier\AppData\Local\Temp\ccesiV1g.s 			page 13


 685 00fe 00       		.byte	0
 686 00ff 00       		.byte	0
 687 0100 FF       		.byte	-1
 688 0101 FF       		.byte	-1
 689 0102 FF       		.byte	-1
 690 0103 FF       		.byte	-1
 691 0104 FF       		.byte	-1
 692 0105 FF       		.byte	-1
 693 0106 FF       		.byte	-1
 694 0107 FF       		.byte	-1
 695 0108 FF       		.byte	-1
 696 0109 FF       		.byte	-1
 697 010a FF       		.byte	-1
 698 010b FF       		.byte	-1
 699 010c FF       		.byte	-1
 700 010d FF       		.byte	-1
 701 010e FF       		.byte	-1
 702 010f FF       		.byte	-1
 703 0110 FF       		.byte	-1
 704 0111 FF       		.byte	-1
 705 0112 FF       		.byte	-1
 706 0113 FF       		.byte	-1
 707 0114 FF       		.byte	-1
 708 0115 FF       		.byte	-1
 709 0116 FF       		.byte	-1
 710 0117 FF       		.byte	-1
 711 0118 FF       		.byte	-1
 712 0119 FF       		.byte	-1
 713 011a FF       		.byte	-1
 714 011b FF       		.byte	-1
 715 011c FF       		.byte	-1
 716 011d FF       		.byte	-1
 717 011e FF       		.byte	-1
 718 011f FF       		.byte	-1
 719 0120 FF       		.byte	-1
 720 0121 FF       		.byte	-1
 721 0122 FF       		.byte	-1
 722 0123 FF       		.byte	-1
 723 0124 FF       		.byte	-1
 724 0125 FF       		.byte	-1
 725 0126 FF       		.byte	-1
 726 0127 FF       		.byte	-1
 727 0128 FF       		.byte	-1
 728 0129 FF       		.byte	-1
 729 012a FF       		.byte	-1
 730 012b FF       		.byte	-1
 731 012c FF       		.byte	-1
 732 012d FF       		.byte	-1
 733 012e FF       		.byte	-1
 734 012f FF       		.byte	-1
 735 0130 FF       		.byte	-1
 736 0131 FF       		.byte	-1
 737 0132 FF       		.byte	-1
 738 0133 FF       		.byte	-1
 739 0134 FF       		.byte	-1
 740 0135 FF       		.byte	-1
 741 0136 FF       		.byte	-1
ARM GAS  C:\Users\Javier\AppData\Local\Temp\ccesiV1g.s 			page 14


 742 0137 FF       		.byte	-1
 743 0138 FF       		.byte	-1
 744 0139 FF       		.byte	-1
 745 013a FF       		.byte	-1
 746 013b FF       		.byte	-1
 747 013c FF       		.byte	-1
 748 013d FF       		.byte	-1
 749 013e FF       		.byte	-1
 750 013f FF       		.byte	-1
 751 0140 FF       		.byte	-1
 752 0141 FF       		.byte	-1
 753 0142 FF       		.byte	-1
 754 0143 FF       		.byte	-1
 755 0144 FF       		.byte	-1
 756 0145 FF       		.byte	-1
 757 0146 FF       		.byte	-1
 758 0147 FF       		.byte	-1
 759 0148 FF       		.byte	-1
 760 0149 FF       		.byte	-1
 761 014a FF       		.byte	-1
 762 014b FF       		.byte	-1
 763 014c FF       		.byte	-1
 764 014d FF       		.byte	-1
 765 014e FF       		.byte	-1
 766 014f FF       		.byte	-1
 767 0150 FF       		.byte	-1
 768 0151 FF       		.byte	-1
 769 0152 FF       		.byte	-1
 770 0153 FF       		.byte	-1
 771 0154 FF       		.byte	-1
 772 0155 FF       		.byte	-1
 773 0156 FF       		.byte	-1
 774 0157 FF       		.byte	-1
 775 0158 FF       		.byte	-1
 776 0159 FF       		.byte	-1
 777 015a FF       		.byte	-1
 778 015b FF       		.byte	-1
 779 015c FF       		.byte	-1
 780 015d FF       		.byte	-1
 781 015e FF       		.byte	-1
 782 015f FF       		.byte	-1
 783 0160 FF       		.byte	-1
 784 0161 FF       		.byte	-1
 785 0162 FF       		.byte	-1
 786 0163 FF       		.byte	-1
 787 0164 FF       		.byte	-1
 788 0165 FF       		.byte	-1
 789 0166 FF       		.byte	-1
 790 0167 FF       		.byte	-1
 791 0168 FF       		.byte	-1
 792 0169 FF       		.byte	-1
 793 016a FF       		.byte	-1
 794 016b FF       		.byte	-1
 795 016c FF       		.byte	-1
 796 016d FF       		.byte	-1
 797 016e FF       		.byte	-1
 798 016f FF       		.byte	-1
ARM GAS  C:\Users\Javier\AppData\Local\Temp\ccesiV1g.s 			page 15


 799 0170 FF       		.byte	-1
 800 0171 FF       		.byte	-1
 801 0172 FF       		.byte	-1
 802 0173 FF       		.byte	-1
 803 0174 FF       		.byte	-1
 804 0175 FF       		.byte	-1
 805 0176 FF       		.byte	-1
 806 0177 FF       		.byte	-1
 807 0178 FF       		.byte	-1
 808 0179 FF       		.byte	-1
 809 017a FF       		.byte	-1
 810 017b FF       		.byte	-1
 811 017c FF       		.byte	-1
 812 017d FF       		.byte	-1
 813 017e FF       		.byte	-1
 814 017f FF       		.byte	-1
 815 0180 FF       		.byte	-1
 816 0181 FF       		.byte	-1
 817 0182 FF       		.byte	-1
 818 0183 FF       		.byte	-1
 819 0184 FF       		.byte	-1
 820 0185 FF       		.byte	-1
 821 0186 FF       		.byte	-1
 822 0187 FF       		.byte	-1
 823 0188 FF       		.byte	-1
 824 0189 FF       		.byte	-1
 825 018a FF       		.byte	-1
 826 018b FF       		.byte	-1
 827 018c FF       		.byte	-1
 828 018d FF       		.byte	-1
 829 018e FF       		.byte	-1
 830 018f FF       		.byte	-1
 831 0190 FF       		.byte	-1
 832 0191 FF       		.byte	-1
 833 0192 FF       		.byte	-1
 834 0193 FF       		.byte	-1
 835 0194 FF       		.byte	-1
 836 0195 FF       		.byte	-1
 837 0196 FF       		.byte	-1
 838 0197 FF       		.byte	-1
 839 0198 FF       		.byte	-1
 840 0199 FF       		.byte	-1
 841 019a FF       		.byte	-1
 842 019b FF       		.byte	-1
 843 019c FF       		.byte	-1
 844 019d FF       		.byte	-1
 845 019e FF       		.byte	-1
 846 019f FF       		.byte	-1
 847 01a0 FF       		.byte	-1
 848 01a1 FF       		.byte	-1
 849 01a2 FF       		.byte	-1
 850 01a3 FF       		.byte	-1
 851 01a4 FF       		.byte	-1
 852 01a5 FF       		.byte	-1
 853 01a6 FF       		.byte	-1
 854 01a7 FF       		.byte	-1
 855 01a8 FF       		.byte	-1
ARM GAS  C:\Users\Javier\AppData\Local\Temp\ccesiV1g.s 			page 16


 856 01a9 FF       		.byte	-1
 857 01aa FF       		.byte	-1
 858 01ab FF       		.byte	-1
 859 01ac FF       		.byte	-1
 860 01ad FF       		.byte	-1
 861 01ae FF       		.byte	-1
 862 01af FF       		.byte	-1
 863 01b0 FF       		.byte	-1
 864 01b1 FF       		.byte	-1
 865 01b2 FF       		.byte	-1
 866 01b3 FF       		.byte	-1
 867 01b4 FF       		.byte	-1
 868 01b5 FF       		.byte	-1
 869 01b6 FF       		.byte	-1
 870 01b7 FF       		.byte	-1
 871 01b8 FF       		.byte	-1
 872 01b9 FF       		.byte	-1
 873 01ba FF       		.byte	-1
 874 01bb FF       		.byte	-1
 875 01bc FF       		.byte	-1
 876 01bd FF       		.byte	-1
 877 01be FF       		.byte	-1
 878 01bf FF       		.byte	-1
 879 01c0 FF       		.byte	-1
 880 01c1 FF       		.byte	-1
 881 01c2 FF       		.byte	-1
 882 01c3 FF       		.byte	-1
 883 01c4 FF       		.byte	-1
 884 01c5 FF       		.byte	-1
 885 01c6 FF       		.byte	-1
 886 01c7 FF       		.byte	-1
 887 01c8 FF       		.byte	-1
 888 01c9 FF       		.byte	-1
 889 01ca FF       		.byte	-1
 890 01cb FF       		.byte	-1
 891 01cc FF       		.byte	-1
 892 01cd FF       		.byte	-1
 893 01ce FF       		.byte	-1
 894 01cf FF       		.byte	-1
 895 01d0 FF       		.byte	-1
 896 01d1 FF       		.byte	-1
 897 01d2 FF       		.byte	-1
 898 01d3 FF       		.byte	-1
 899 01d4 FF       		.byte	-1
 900 01d5 FF       		.byte	-1
 901 01d6 FF       		.byte	-1
 902 01d7 FF       		.byte	-1
 903 01d8 FF       		.byte	-1
 904 01d9 FF       		.byte	-1
 905 01da FF       		.byte	-1
 906 01db FF       		.byte	-1
 907 01dc FF       		.byte	-1
 908 01dd FF       		.byte	-1
 909 01de FF       		.byte	-1
 910 01df FF       		.byte	-1
 911 01e0 FF       		.byte	-1
 912 01e1 FF       		.byte	-1
ARM GAS  C:\Users\Javier\AppData\Local\Temp\ccesiV1g.s 			page 17


 913 01e2 FF       		.byte	-1
 914 01e3 FF       		.byte	-1
 915 01e4 FF       		.byte	-1
 916 01e5 FF       		.byte	-1
 917 01e6 FF       		.byte	-1
 918 01e7 FF       		.byte	-1
 919 01e8 FF       		.byte	-1
 920 01e9 FF       		.byte	-1
 921 01ea FF       		.byte	-1
 922 01eb FF       		.byte	-1
 923 01ec FF       		.byte	-1
 924 01ed FF       		.byte	-1
 925 01ee FF       		.byte	-1
 926 01ef FF       		.byte	-1
 927 01f0 FF       		.byte	-1
 928 01f1 FF       		.byte	-1
 929 01f2 FF       		.byte	-1
 930 01f3 FF       		.byte	-1
 931 01f4 FF       		.byte	-1
 932 01f5 FF       		.byte	-1
 933 01f6 FF       		.byte	-1
 934 01f7 FF       		.byte	-1
 935 01f8 FF       		.byte	-1
 936 01f9 FF       		.byte	-1
 937 01fa FF       		.byte	-1
 938 01fb FF       		.byte	-1
 939 01fc FF       		.byte	-1
 940 01fd FF       		.byte	-1
 941 01fe FF       		.byte	-1
 942 01ff FF       		.byte	-1
 943 0200 FF       		.byte	-1
 944 0201 FF       		.byte	-1
 945 0202 FF       		.byte	-1
 946 0203 FF       		.byte	-1
 947 0204 FF       		.byte	-1
 948 0205 FF       		.byte	-1
 949 0206 FF       		.byte	-1
 950 0207 FF       		.byte	-1
 951 0208 FF       		.byte	-1
 952 0209 FF       		.byte	-1
 953 020a FF       		.byte	-1
 954 020b FF       		.byte	-1
 955 020c FF       		.byte	-1
 956 020d FF       		.byte	-1
 957 020e FF       		.byte	-1
 958 020f FF       		.byte	-1
 959 0210 FF       		.byte	-1
 960 0211 FF       		.byte	-1
 961 0212 FF       		.byte	-1
 962 0213 FF       		.byte	-1
 963 0214 FF       		.byte	-1
 964 0215 FF       		.byte	-1
 965 0216 FF       		.byte	-1
 966 0217 FF       		.byte	-1
 967 0218 FF       		.byte	-1
 968 0219 FF       		.byte	-1
 969 021a FF       		.byte	-1
ARM GAS  C:\Users\Javier\AppData\Local\Temp\ccesiV1g.s 			page 18


 970 021b FF       		.byte	-1
 971 021c FF       		.byte	-1
 972 021d FF       		.byte	-1
 973 021e FF       		.byte	-1
 974 021f FF       		.byte	-1
 975 0220 FF       		.byte	-1
 976 0221 FF       		.byte	-1
 977 0222 FF       		.byte	-1
 978 0223 FF       		.byte	-1
 979 0224 FF       		.byte	-1
 980 0225 FF       		.byte	-1
 981 0226 FF       		.byte	-1
 982 0227 FF       		.byte	-1
 983 0228 FF       		.byte	-1
 984 0229 FF       		.byte	-1
 985 022a FF       		.byte	-1
 986 022b FF       		.byte	-1
 987 022c FF       		.byte	-1
 988 022d FF       		.byte	-1
 989 022e FF       		.byte	-1
 990 022f FF       		.byte	-1
 991 0230 FF       		.byte	-1
 992 0231 FF       		.byte	-1
 993 0232 FF       		.byte	-1
 994 0233 FF       		.byte	-1
 995 0234 FF       		.byte	-1
 996 0235 FF       		.byte	-1
 997 0236 FF       		.byte	-1
 998 0237 FF       		.byte	-1
 999 0238 FF       		.byte	-1
 1000 0239 FF       		.byte	-1
 1001 023a FF       		.byte	-1
 1002 023b FF       		.byte	-1
 1003 023c FF       		.byte	-1
 1004 023d FF       		.byte	-1
 1005 023e FF       		.byte	-1
 1006 023f FF       		.byte	-1
 1007 0240 FF       		.byte	-1
 1008 0241 FF       		.byte	-1
 1009 0242 FF       		.byte	-1
 1010 0243 FF       		.byte	-1
 1011 0244 FF       		.byte	-1
 1012 0245 FF       		.byte	-1
 1013 0246 FF       		.byte	-1
 1014 0247 FF       		.byte	-1
 1015 0248 FF       		.byte	-1
 1016 0249 FF       		.byte	-1
 1017 024a FF       		.byte	-1
 1018 024b FF       		.byte	-1
 1019 024c FF       		.byte	-1
 1020 024d FF       		.byte	-1
 1021 024e FF       		.byte	-1
 1022 024f FF       		.byte	-1
 1023 0250 FF       		.byte	-1
 1024 0251 FF       		.byte	-1
 1025 0252 FF       		.byte	-1
 1026 0253 FF       		.byte	-1
ARM GAS  C:\Users\Javier\AppData\Local\Temp\ccesiV1g.s 			page 19


 1027 0254 FF       		.byte	-1
 1028 0255 FF       		.byte	-1
 1029 0256 FF       		.byte	-1
 1030 0257 FF       		.byte	-1
 1031 0258 FF       		.byte	-1
 1032 0259 FF       		.byte	-1
 1033 025a FF       		.byte	-1
 1034 025b FF       		.byte	-1
 1035 025c FF       		.byte	-1
 1036 025d FF       		.byte	-1
 1037 025e FF       		.byte	-1
 1038 025f FF       		.byte	-1
 1039 0260 FF       		.byte	-1
 1040 0261 FF       		.byte	-1
 1041 0262 FF       		.byte	-1
 1042 0263 FF       		.byte	-1
 1043 0264 FF       		.byte	-1
 1044 0265 FF       		.byte	-1
 1045 0266 FF       		.byte	-1
 1046 0267 FF       		.byte	-1
 1047 0268 FF       		.byte	-1
 1048 0269 FF       		.byte	-1
 1049 026a FF       		.byte	-1
 1050 026b FF       		.byte	-1
 1051 026c FF       		.byte	-1
 1052 026d FF       		.byte	-1
 1053 026e FF       		.byte	-1
 1054 026f FF       		.byte	-1
 1055 0270 FF       		.byte	-1
 1056 0271 FF       		.byte	-1
 1057 0272 FF       		.byte	-1
 1058 0273 FF       		.byte	-1
 1059 0274 FF       		.byte	-1
 1060 0275 FF       		.byte	-1
 1061 0276 FF       		.byte	-1
 1062 0277 FF       		.byte	-1
 1063 0278 FF       		.byte	-1
 1064 0279 FF       		.byte	-1
 1065 027a FF       		.byte	-1
 1066 027b FF       		.byte	-1
 1067 027c FF       		.byte	-1
 1068 027d FF       		.byte	-1
 1069 027e FF       		.byte	-1
 1070 027f FF       		.byte	-1
 1071 0280 FF       		.byte	-1
 1072 0281 FF       		.byte	-1
 1073 0282 FF       		.byte	-1
 1074 0283 FF       		.byte	-1
 1075 0284 FF       		.byte	-1
 1076 0285 FF       		.byte	-1
 1077 0286 FF       		.byte	-1
 1078 0287 FF       		.byte	-1
 1079 0288 FF       		.byte	-1
 1080 0289 FF       		.byte	-1
 1081 028a FF       		.byte	-1
 1082 028b FF       		.byte	-1
 1083 028c FF       		.byte	-1
ARM GAS  C:\Users\Javier\AppData\Local\Temp\ccesiV1g.s 			page 20


 1084 028d FF       		.byte	-1
 1085 028e FF       		.byte	-1
 1086 028f FF       		.byte	-1
 1087 0290 FF       		.byte	-1
 1088 0291 FF       		.byte	-1
 1089 0292 FF       		.byte	-1
 1090 0293 FF       		.byte	-1
 1091 0294 FF       		.byte	-1
 1092 0295 FF       		.byte	-1
 1093 0296 FF       		.byte	-1
 1094 0297 FF       		.byte	-1
 1095 0298 FF       		.byte	-1
 1096 0299 FF       		.byte	-1
 1097 029a FF       		.byte	-1
 1098 029b FF       		.byte	-1
 1099 029c FF       		.byte	-1
 1100 029d FF       		.byte	-1
 1101 029e FF       		.byte	-1
 1102 029f FF       		.byte	-1
 1103 02a0 FF       		.byte	-1
 1104 02a1 FF       		.byte	-1
 1105 02a2 FF       		.byte	-1
 1106 02a3 FF       		.byte	-1
 1107 02a4 FF       		.byte	-1
 1108 02a5 FF       		.byte	-1
 1109 02a6 FF       		.byte	-1
 1110 02a7 FF       		.byte	-1
 1111 02a8 FF       		.byte	-1
 1112 02a9 FF       		.byte	-1
 1113 02aa FF       		.byte	-1
 1114 02ab FF       		.byte	-1
 1115 02ac FF       		.byte	-1
 1116 02ad FF       		.byte	-1
 1117 02ae FF       		.byte	-1
 1118 02af FF       		.byte	-1
 1119 02b0 FF       		.byte	-1
 1120 02b1 FF       		.byte	-1
 1121 02b2 FF       		.byte	-1
 1122 02b3 FF       		.byte	-1
 1123 02b4 FF       		.byte	-1
 1124 02b5 FF       		.byte	-1
 1125 02b6 FF       		.byte	-1
 1126 02b7 FF       		.byte	-1
 1127 02b8 FF       		.byte	-1
 1128 02b9 FF       		.byte	-1
 1129 02ba FF       		.byte	-1
 1130 02bb FF       		.byte	-1
 1131 02bc FF       		.byte	-1
 1132 02bd FF       		.byte	-1
 1133 02be FF       		.byte	-1
 1134 02bf FF       		.byte	-1
 1135 02c0 FF       		.byte	-1
 1136 02c1 FF       		.byte	-1
 1137 02c2 FF       		.byte	-1
 1138 02c3 FF       		.byte	-1
 1139 02c4 FF       		.byte	-1
 1140 02c5 FF       		.byte	-1
ARM GAS  C:\Users\Javier\AppData\Local\Temp\ccesiV1g.s 			page 21


 1141 02c6 FF       		.byte	-1
 1142 02c7 FF       		.byte	-1
 1143 02c8 FF       		.byte	-1
 1144 02c9 FF       		.byte	-1
 1145 02ca FF       		.byte	-1
 1146 02cb FF       		.byte	-1
 1147 02cc FF       		.byte	-1
 1148 02cd FF       		.byte	-1
 1149 02ce FF       		.byte	-1
 1150 02cf FF       		.byte	-1
 1151 02d0 FF       		.byte	-1
 1152 02d1 FF       		.byte	-1
 1153 02d2 FF       		.byte	-1
 1154 02d3 FF       		.byte	-1
 1155 02d4 FF       		.byte	-1
 1156 02d5 FF       		.byte	-1
 1157 02d6 FF       		.byte	-1
 1158 02d7 FF       		.byte	-1
 1159 02d8 FF       		.byte	-1
 1160 02d9 FF       		.byte	-1
 1161 02da FF       		.byte	-1
 1162 02db FF       		.byte	-1
 1163 02dc FF       		.byte	-1
 1164 02dd FF       		.byte	-1
 1165 02de FF       		.byte	-1
 1166 02df FF       		.byte	-1
 1167 02e0 FF       		.byte	-1
 1168 02e1 FF       		.byte	-1
 1169 02e2 FF       		.byte	-1
 1170 02e3 FF       		.byte	-1
 1171 02e4 FF       		.byte	-1
 1172 02e5 FF       		.byte	-1
 1173 02e6 FF       		.byte	-1
 1174 02e7 FF       		.byte	-1
 1175 02e8 FF       		.byte	-1
 1176 02e9 FF       		.byte	-1
 1177 02ea FF       		.byte	-1
 1178 02eb FF       		.byte	-1
 1179 02ec FF       		.byte	-1
 1180 02ed FF       		.byte	-1
 1181 02ee FF       		.byte	-1
 1182 02ef FF       		.byte	-1
 1183 02f0 FF       		.byte	-1
 1184 02f1 FF       		.byte	-1
 1185 02f2 FF       		.byte	-1
 1186 02f3 FF       		.byte	-1
 1187 02f4 FF       		.byte	-1
 1188 02f5 FF       		.byte	-1
 1189 02f6 FF       		.byte	-1
 1190 02f7 FF       		.byte	-1
 1191 02f8 FF       		.byte	-1
 1192 02f9 FF       		.byte	-1
 1193 02fa FF       		.byte	-1
 1194 02fb FF       		.byte	-1
 1195 02fc FF       		.byte	-1
 1196 02fd FF       		.byte	-1
 1197 02fe FF       		.byte	-1
ARM GAS  C:\Users\Javier\AppData\Local\Temp\ccesiV1g.s 			page 22


 1198 02ff FF       		.byte	-1
 1199 0300 FF       		.byte	-1
 1200 0301 FF       		.byte	-1
 1201 0302 FF       		.byte	-1
 1202 0303 FF       		.byte	-1
 1203 0304 FF       		.byte	-1
 1204 0305 FF       		.byte	-1
 1205 0306 FF       		.byte	-1
 1206 0307 FF       		.byte	-1
 1207 0308 FF       		.byte	-1
 1208 0309 FF       		.byte	-1
 1209 030a FF       		.byte	-1
 1210 030b FF       		.byte	-1
 1211 030c FF       		.byte	-1
 1212 030d FF       		.byte	-1
 1213 030e FF       		.byte	-1
 1214 030f FF       		.byte	-1
 1215 0310 FF       		.byte	-1
 1216 0311 FF       		.byte	-1
 1217 0312 FF       		.byte	-1
 1218 0313 FF       		.byte	-1
 1219 0314 FF       		.byte	-1
 1220 0315 FF       		.byte	-1
 1221 0316 FF       		.byte	-1
 1222 0317 FF       		.byte	-1
 1223 0318 FF       		.byte	-1
 1224 0319 FF       		.byte	-1
 1225 031a FF       		.byte	-1
 1226 031b FF       		.byte	-1
 1227 031c FF       		.byte	-1
 1228 031d FF       		.byte	-1
 1229 031e FF       		.byte	-1
 1230 031f FF       		.byte	-1
 1231 0320 FF       		.byte	-1
 1232 0321 FF       		.byte	-1
 1233 0322 FF       		.byte	-1
 1234 0323 FF       		.byte	-1
 1235 0324 FF       		.byte	-1
 1236 0325 FF       		.byte	-1
 1237 0326 FF       		.byte	-1
 1238 0327 FF       		.byte	-1
 1239 0328 FF       		.byte	-1
 1240 0329 FF       		.byte	-1
 1241 032a FF       		.byte	-1
 1242 032b FF       		.byte	-1
 1243 032c FF       		.byte	-1
 1244 032d FF       		.byte	-1
 1245 032e FF       		.byte	-1
 1246 032f FF       		.byte	-1
 1247 0330 FF       		.byte	-1
 1248 0331 FF       		.byte	-1
 1249 0332 FF       		.byte	-1
 1250 0333 FF       		.byte	-1
 1251 0334 FF       		.byte	-1
 1252 0335 FF       		.byte	-1
 1253 0336 FF       		.byte	-1
 1254 0337 FF       		.byte	-1
ARM GAS  C:\Users\Javier\AppData\Local\Temp\ccesiV1g.s 			page 23


 1255 0338 FF       		.byte	-1
 1256 0339 FF       		.byte	-1
 1257 033a FF       		.byte	-1
 1258 033b FF       		.byte	-1
 1259 033c FF       		.byte	-1
 1260 033d FF       		.byte	-1
 1261 033e FF       		.byte	-1
 1262 033f FF       		.byte	-1
 1263 0340 FF       		.byte	-1
 1264 0341 FF       		.byte	-1
 1265 0342 FF       		.byte	-1
 1266 0343 FF       		.byte	-1
 1267 0344 FF       		.byte	-1
 1268 0345 FF       		.byte	-1
 1269 0346 FF       		.byte	-1
 1270 0347 FF       		.byte	-1
 1271 0348 FF       		.byte	-1
 1272 0349 FF       		.byte	-1
 1273 034a FF       		.byte	-1
 1274 034b FF       		.byte	-1
 1275 034c FF       		.byte	-1
 1276 034d FF       		.byte	-1
 1277 034e FF       		.byte	-1
 1278 034f FF       		.byte	-1
 1279 0350 FF       		.byte	-1
 1280 0351 FF       		.byte	-1
 1281 0352 FF       		.byte	-1
 1282 0353 FF       		.byte	-1
 1283 0354 FF       		.byte	-1
 1284 0355 FF       		.byte	-1
 1285 0356 FF       		.byte	-1
 1286 0357 FF       		.byte	-1
 1287 0358 FF       		.byte	-1
 1288 0359 FF       		.byte	-1
 1289 035a FF       		.byte	-1
 1290 035b FF       		.byte	-1
 1291 035c FF       		.byte	-1
 1292 035d FF       		.byte	-1
 1293 035e FF       		.byte	-1
 1294 035f FF       		.byte	-1
 1295 0360 FF       		.byte	-1
 1296 0361 FF       		.byte	-1
 1297 0362 FF       		.byte	-1
 1298 0363 FF       		.byte	-1
 1299 0364 FF       		.byte	-1
 1300 0365 FF       		.byte	-1
 1301 0366 FF       		.byte	-1
 1302 0367 FF       		.byte	-1
 1303 0368 FF       		.byte	-1
 1304 0369 FF       		.byte	-1
 1305 036a FF       		.byte	-1
 1306 036b FF       		.byte	-1
 1307 036c FF       		.byte	-1
 1308 036d FF       		.byte	-1
 1309 036e FF       		.byte	-1
 1310 036f FF       		.byte	-1
 1311 0370 FF       		.byte	-1
ARM GAS  C:\Users\Javier\AppData\Local\Temp\ccesiV1g.s 			page 24


 1312 0371 FF       		.byte	-1
 1313 0372 FF       		.byte	-1
 1314 0373 FF       		.byte	-1
 1315 0374 FF       		.byte	-1
 1316 0375 FF       		.byte	-1
 1317 0376 FF       		.byte	-1
 1318 0377 FF       		.byte	-1
 1319 0378 FF       		.byte	-1
 1320 0379 FF       		.byte	-1
 1321 037a FF       		.byte	-1
 1322 037b FF       		.byte	-1
 1323 037c FF       		.byte	-1
 1324 037d FF       		.byte	-1
 1325 037e FF       		.byte	-1
 1326 037f FF       		.byte	-1
 1327 0380 FF       		.byte	-1
 1328 0381 FF       		.byte	-1
 1329 0382 FF       		.byte	-1
 1330 0383 FF       		.byte	-1
 1331 0384 FF       		.byte	-1
 1332 0385 FF       		.byte	-1
 1333 0386 FF       		.byte	-1
 1334 0387 FF       		.byte	-1
 1335 0388 FF       		.byte	-1
 1336 0389 FF       		.byte	-1
 1337 038a FF       		.byte	-1
 1338 038b FF       		.byte	-1
 1339 038c FF       		.byte	-1
 1340 038d FF       		.byte	-1
 1341 038e FF       		.byte	-1
 1342 038f FF       		.byte	-1
 1343 0390 FF       		.byte	-1
 1344 0391 FF       		.byte	-1
 1345 0392 FF       		.byte	-1
 1346 0393 FF       		.byte	-1
 1347 0394 FF       		.byte	-1
 1348 0395 FF       		.byte	-1
 1349 0396 FF       		.byte	-1
 1350 0397 FF       		.byte	-1
 1351 0398 FF       		.byte	-1
 1352 0399 FF       		.byte	-1
 1353 039a FF       		.byte	-1
 1354 039b FF       		.byte	-1
 1355 039c FF       		.byte	-1
 1356 039d FF       		.byte	-1
 1357 039e FF       		.byte	-1
 1358 039f FF       		.byte	-1
 1359 03a0 FF       		.byte	-1
 1360 03a1 FF       		.byte	-1
 1361 03a2 FF       		.byte	-1
 1362 03a3 FF       		.byte	-1
 1363 03a4 FF       		.byte	-1
 1364 03a5 FF       		.byte	-1
 1365 03a6 FF       		.byte	-1
 1366 03a7 FF       		.byte	-1
 1367 03a8 FF       		.byte	-1
 1368 03a9 FF       		.byte	-1
ARM GAS  C:\Users\Javier\AppData\Local\Temp\ccesiV1g.s 			page 25


 1369 03aa FF       		.byte	-1
 1370 03ab FF       		.byte	-1
 1371 03ac FF       		.byte	-1
 1372 03ad FF       		.byte	-1
 1373 03ae FF       		.byte	-1
 1374 03af FF       		.byte	-1
 1375 03b0 FF       		.byte	-1
 1376 03b1 FF       		.byte	-1
 1377 03b2 FF       		.byte	-1
 1378 03b3 FF       		.byte	-1
 1379 03b4 FF       		.byte	-1
 1380 03b5 FF       		.byte	-1
 1381 03b6 FF       		.byte	-1
 1382 03b7 FF       		.byte	-1
 1383 03b8 FF       		.byte	-1
 1384 03b9 FF       		.byte	-1
 1385 03ba FF       		.byte	-1
 1386 03bb FF       		.byte	-1
 1387 03bc FF       		.byte	-1
 1388 03bd FF       		.byte	-1
 1389 03be FF       		.byte	-1
 1390 03bf FF       		.byte	-1
 1391 03c0 FF       		.byte	-1
 1392 03c1 FF       		.byte	-1
 1393 03c2 FF       		.byte	-1
 1394 03c3 FF       		.byte	-1
 1395 03c4 FF       		.byte	-1
 1396 03c5 FF       		.byte	-1
 1397 03c6 FF       		.byte	-1
 1398 03c7 FF       		.byte	-1
 1399 03c8 FF       		.byte	-1
 1400 03c9 FF       		.byte	-1
 1401 03ca FF       		.byte	-1
 1402 03cb FF       		.byte	-1
 1403 03cc FF       		.byte	-1
 1404 03cd FF       		.byte	-1
 1405 03ce FF       		.byte	-1
 1406 03cf FF       		.byte	-1
 1407 03d0 FF       		.byte	-1
 1408 03d1 FF       		.byte	-1
 1409 03d2 FF       		.byte	-1
 1410 03d3 FF       		.byte	-1
 1411 03d4 FF       		.byte	-1
 1412 03d5 FF       		.byte	-1
 1413 03d6 FF       		.byte	-1
 1414 03d7 FF       		.byte	-1
 1415 03d8 FF       		.byte	-1
 1416 03d9 FF       		.byte	-1
 1417 03da FF       		.byte	-1
 1418 03db FF       		.byte	-1
 1419 03dc FF       		.byte	-1
 1420 03dd FF       		.byte	-1
 1421 03de FF       		.byte	-1
 1422 03df FF       		.byte	-1
 1423 03e0 FF       		.byte	-1
 1424 03e1 FF       		.byte	-1
 1425 03e2 FF       		.byte	-1
ARM GAS  C:\Users\Javier\AppData\Local\Temp\ccesiV1g.s 			page 26


 1426 03e3 FF       		.byte	-1
 1427 03e4 FF       		.byte	-1
 1428 03e5 FF       		.byte	-1
 1429 03e6 FF       		.byte	-1
 1430 03e7 FF       		.byte	-1
 1431 03e8 FF       		.byte	-1
 1432 03e9 FF       		.byte	-1
 1433 03ea FF       		.byte	-1
 1434 03eb FF       		.byte	-1
 1435 03ec FF       		.byte	-1
 1436 03ed FF       		.byte	-1
 1437 03ee FF       		.byte	-1
 1438 03ef FF       		.byte	-1
 1439 03f0 FF       		.byte	-1
 1440 03f1 FF       		.byte	-1
 1441 03f2 FF       		.byte	-1
 1442 03f3 FF       		.byte	-1
 1443 03f4 FF       		.byte	-1
 1444 03f5 FF       		.byte	-1
 1445 03f6 FF       		.byte	-1
 1446 03f7 FF       		.byte	-1
 1447 03f8 FF       		.byte	-1
 1448 03f9 FF       		.byte	-1
 1449 03fa FF       		.byte	-1
 1450 03fb FF       		.byte	-1
 1451 03fc FF       		.byte	-1
 1452 03fd FF       		.byte	-1
 1453 03fe FF       		.byte	-1
 1454 03ff FF       		.byte	-1
 1455 0400 FF       		.byte	-1
 1456 0401 FF       		.byte	-1
 1457 0402 FF       		.byte	-1
 1458 0403 FF       		.byte	-1
 1459 0404 FF       		.byte	-1
 1460 0405 FF       		.byte	-1
 1461 0406 FF       		.byte	-1
 1462 0407 FF       		.byte	-1
 1463 0408 FF       		.byte	-1
 1464 0409 FF       		.byte	-1
 1465 040a FF       		.byte	-1
 1466 040b FF       		.byte	-1
 1467 040c FF       		.byte	-1
 1468 040d FF       		.byte	-1
 1469 040e FF       		.byte	-1
 1470 040f FF       		.byte	-1
 1471 0410 FF       		.byte	-1
 1472 0411 FF       		.byte	-1
 1473 0412 FF       		.byte	-1
 1474 0413 FF       		.byte	-1
 1475 0414 FF       		.byte	-1
 1476 0415 FF       		.byte	-1
 1477 0416 FF       		.byte	-1
 1478 0417 FF       		.byte	-1
 1479 0418 FF       		.byte	-1
 1480 0419 FF       		.byte	-1
 1481 041a FF       		.byte	-1
 1482 041b FF       		.byte	-1
ARM GAS  C:\Users\Javier\AppData\Local\Temp\ccesiV1g.s 			page 27


 1483 041c FF       		.byte	-1
 1484 041d FF       		.byte	-1
 1485 041e FF       		.byte	-1
 1486 041f FF       		.byte	-1
 1487 0420 FF       		.byte	-1
 1488 0421 FF       		.byte	-1
 1489 0422 FF       		.byte	-1
 1490 0423 FF       		.byte	-1
 1491 0424 FF       		.byte	-1
 1492 0425 FF       		.byte	-1
 1493 0426 FF       		.byte	-1
 1494 0427 FF       		.byte	-1
 1495 0428 FF       		.byte	-1
 1496 0429 FF       		.byte	-1
 1497 042a FF       		.byte	-1
 1498 042b FF       		.byte	-1
 1499 042c FF       		.byte	-1
 1500 042d FF       		.byte	-1
 1501 042e FF       		.byte	-1
 1502 042f FF       		.byte	-1
 1503 0430 FF       		.byte	-1
 1504 0431 FF       		.byte	-1
 1505 0432 FF       		.byte	-1
 1506 0433 FF       		.byte	-1
 1507 0434 FF       		.byte	-1
 1508 0435 FF       		.byte	-1
 1509 0436 FF       		.byte	-1
 1510 0437 FF       		.byte	-1
 1511 0438 FF       		.byte	-1
 1512 0439 FF       		.byte	-1
 1513 043a FF       		.byte	-1
 1514 043b FF       		.byte	-1
 1515 043c FF       		.byte	-1
 1516 043d FF       		.byte	-1
 1517 043e FF       		.byte	-1
 1518 043f FF       		.byte	-1
 1519 0440 FF       		.byte	-1
 1520 0441 FF       		.byte	-1
 1521 0442 FF       		.byte	-1
 1522 0443 FF       		.byte	-1
 1523 0444 FF       		.byte	-1
 1524 0445 FF       		.byte	-1
 1525 0446 FF       		.byte	-1
 1526 0447 FF       		.byte	-1
 1527 0448 FF       		.byte	-1
 1528 0449 FF       		.byte	-1
 1529 044a FF       		.byte	-1
 1530 044b FF       		.byte	-1
 1531 044c FF       		.byte	-1
 1532 044d FF       		.byte	-1
 1533 044e FF       		.byte	-1
 1534 044f FF       		.byte	-1
 1535 0450 FF       		.byte	-1
 1536 0451 FF       		.byte	-1
 1537 0452 FF       		.byte	-1
 1538 0453 FF       		.byte	-1
 1539 0454 FF       		.byte	-1
ARM GAS  C:\Users\Javier\AppData\Local\Temp\ccesiV1g.s 			page 28


 1540 0455 FF       		.byte	-1
 1541 0456 FF       		.byte	-1
 1542 0457 FF       		.byte	-1
 1543 0458 FF       		.byte	-1
 1544 0459 FF       		.byte	-1
 1545 045a FF       		.byte	-1
 1546 045b FF       		.byte	-1
 1547 045c FF       		.byte	-1
 1548 045d FF       		.byte	-1
 1549 045e FF       		.byte	-1
 1550 045f FF       		.byte	-1
 1551 0460 FF       		.byte	-1
 1552 0461 FF       		.byte	-1
 1553 0462 FF       		.byte	-1
 1554 0463 FF       		.byte	-1
 1555 0464 FF       		.byte	-1
 1556 0465 FF       		.byte	-1
 1557 0466 FF       		.byte	-1
 1558 0467 FF       		.byte	-1
 1559 0468 FF       		.byte	-1
 1560 0469 FF       		.byte	-1
 1561 046a FF       		.byte	-1
 1562 046b FF       		.byte	-1
 1563 046c FF       		.byte	-1
 1564 046d FF       		.byte	-1
 1565 046e FF       		.byte	-1
 1566 046f FF       		.byte	-1
 1567 0470 FF       		.byte	-1
 1568 0471 FF       		.byte	-1
 1569 0472 FF       		.byte	-1
 1570 0473 FF       		.byte	-1
 1571 0474 FF       		.byte	-1
 1572 0475 FF       		.byte	-1
 1573 0476 FF       		.byte	-1
 1574 0477 FF       		.byte	-1
 1575 0478 FF       		.byte	-1
 1576 0479 FF       		.byte	-1
 1577 047a FF       		.byte	-1
 1578 047b FF       		.byte	-1
 1579 047c FF       		.byte	-1
 1580 047d FF       		.byte	-1
 1581 047e FF       		.byte	-1
 1582 047f FF       		.byte	-1
 1583 0480 FF       		.byte	-1
 1584 0481 FF       		.byte	-1
 1585 0482 FF       		.byte	-1
 1586 0483 FF       		.byte	-1
 1587 0484 FF       		.byte	-1
 1588 0485 FF       		.byte	-1
 1589 0486 FF       		.byte	-1
 1590 0487 FF       		.byte	-1
 1591 0488 FF       		.byte	-1
 1592 0489 FF       		.byte	-1
 1593 048a FF       		.byte	-1
 1594 048b FF       		.byte	-1
 1595 048c FF       		.byte	-1
 1596 048d FF       		.byte	-1
ARM GAS  C:\Users\Javier\AppData\Local\Temp\ccesiV1g.s 			page 29


 1597 048e FF       		.byte	-1
 1598 048f FF       		.byte	-1
 1599 0490 FF       		.byte	-1
 1600 0491 FF       		.byte	-1
 1601 0492 FF       		.byte	-1
 1602 0493 FF       		.byte	-1
 1603 0494 FF       		.byte	-1
 1604 0495 FF       		.byte	-1
 1605 0496 FF       		.byte	-1
 1606 0497 FF       		.byte	-1
 1607 0498 FF       		.byte	-1
 1608 0499 FF       		.byte	-1
 1609 049a FF       		.byte	-1
 1610 049b FF       		.byte	-1
 1611 049c FF       		.byte	-1
 1612 049d FF       		.byte	-1
 1613 049e FF       		.byte	-1
 1614 049f FF       		.byte	-1
 1615 04a0 FF       		.byte	-1
 1616 04a1 FF       		.byte	-1
 1617 04a2 FF       		.byte	-1
 1618 04a3 FF       		.byte	-1
 1619 04a4 FF       		.byte	-1
 1620 04a5 FF       		.byte	-1
 1621 04a6 FF       		.byte	-1
 1622 04a7 FF       		.byte	-1
 1623 04a8 FF       		.byte	-1
 1624 04a9 FF       		.byte	-1
 1625 04aa FF       		.byte	-1
 1626 04ab FF       		.byte	-1
 1627 04ac FF       		.byte	-1
 1628 04ad FF       		.byte	-1
 1629 04ae FF       		.byte	-1
 1630 04af FF       		.byte	-1
 1631 04b0 FF       		.byte	-1
 1632 04b1 FF       		.byte	-1
 1633 04b2 FF       		.byte	-1
 1634 04b3 FF       		.byte	-1
 1635 04b4 FF       		.byte	-1
 1636 04b5 FF       		.byte	-1
 1637 04b6 FF       		.byte	-1
 1638 04b7 FF       		.byte	-1
 1639 04b8 FF       		.byte	-1
 1640 04b9 FF       		.byte	-1
 1641 04ba FF       		.byte	-1
 1642 04bb FF       		.byte	-1
 1643 04bc FF       		.byte	-1
 1644 04bd FF       		.byte	-1
 1645 04be FF       		.byte	-1
 1646 04bf FF       		.byte	-1
 1647 04c0 FF       		.byte	-1
 1648 04c1 FF       		.byte	-1
 1649 04c2 FF       		.byte	-1
 1650 04c3 FF       		.byte	-1
 1651 04c4 FF       		.byte	-1
 1652 04c5 FF       		.byte	-1
 1653 04c6 FF       		.byte	-1
ARM GAS  C:\Users\Javier\AppData\Local\Temp\ccesiV1g.s 			page 30


 1654 04c7 FF       		.byte	-1
 1655 04c8 FF       		.byte	-1
 1656 04c9 FF       		.byte	-1
 1657 04ca FF       		.byte	-1
 1658 04cb FF       		.byte	-1
 1659 04cc FF       		.byte	-1
 1660 04cd FF       		.byte	-1
 1661 04ce FF       		.byte	-1
 1662 04cf FF       		.byte	-1
 1663 04d0 FF       		.byte	-1
 1664 04d1 FF       		.byte	-1
 1665 04d2 FF       		.byte	-1
 1666 04d3 FF       		.byte	-1
 1667 04d4 FF       		.byte	-1
 1668 04d5 FF       		.byte	-1
 1669 04d6 FF       		.byte	-1
 1670 04d7 FF       		.byte	-1
 1671 04d8 FF       		.byte	-1
 1672 04d9 FF       		.byte	-1
 1673 04da FF       		.byte	-1
 1674 04db FF       		.byte	-1
 1675 04dc FF       		.byte	-1
 1676 04dd FF       		.byte	-1
 1677 04de FF       		.byte	-1
 1678 04df FF       		.byte	-1
 1679 04e0 FF       		.byte	-1
 1680 04e1 FF       		.byte	-1
 1681 04e2 FF       		.byte	-1
 1682 04e3 FF       		.byte	-1
 1683 04e4 FF       		.byte	-1
 1684 04e5 FF       		.byte	-1
 1685 04e6 FF       		.byte	-1
 1686 04e7 FF       		.byte	-1
 1687 04e8 FF       		.byte	-1
 1688 04e9 FF       		.byte	-1
 1689 04ea FF       		.byte	-1
 1690 04eb FF       		.byte	-1
 1691 04ec FF       		.byte	-1
 1692 04ed FF       		.byte	-1
 1693 04ee FF       		.byte	-1
 1694 04ef FF       		.byte	-1
 1695 04f0 FF       		.byte	-1
 1696 04f1 FF       		.byte	-1
 1697 04f2 FF       		.byte	-1
 1698 04f3 FF       		.byte	-1
 1699 04f4 FF       		.byte	-1
 1700 04f5 FF       		.byte	-1
 1701 04f6 FF       		.byte	-1
 1702 04f7 FF       		.byte	-1
 1703 04f8 FF       		.byte	-1
 1704 04f9 FF       		.byte	-1
 1705 04fa FF       		.byte	-1
 1706 04fb FF       		.byte	-1
 1707 04fc FF       		.byte	-1
 1708 04fd FF       		.byte	-1
 1709 04fe FF       		.byte	-1
 1710 04ff FF       		.byte	-1
ARM GAS  C:\Users\Javier\AppData\Local\Temp\ccesiV1g.s 			page 31


 1711 0500 FF       		.byte	-1
 1712 0501 FF       		.byte	-1
 1713 0502 FF       		.byte	-1
 1714 0503 FF       		.byte	-1
 1715 0504 FF       		.byte	-1
 1716 0505 FF       		.byte	-1
 1717 0506 FF       		.byte	-1
 1718 0507 FF       		.byte	-1
 1719 0508 FF       		.byte	-1
 1720 0509 FF       		.byte	-1
 1721 050a FF       		.byte	-1
 1722 050b FF       		.byte	-1
 1723 050c FF       		.byte	-1
 1724 050d FF       		.byte	-1
 1725 050e FF       		.byte	-1
 1726 050f FF       		.byte	-1
 1727 0510 FF       		.byte	-1
 1728 0511 FF       		.byte	-1
 1729 0512 FF       		.byte	-1
 1730 0513 FF       		.byte	-1
 1731 0514 FF       		.byte	-1
 1732 0515 FF       		.byte	-1
 1733 0516 FF       		.byte	-1
 1734 0517 FF       		.byte	-1
 1735 0518 FF       		.byte	-1
 1736 0519 FF       		.byte	-1
 1737 051a FF       		.byte	-1
 1738 051b FF       		.byte	-1
 1739 051c FF       		.byte	-1
 1740 051d FF       		.byte	-1
 1741 051e FF       		.byte	-1
 1742 051f FF       		.byte	-1
 1743 0520 FF       		.byte	-1
 1744 0521 FF       		.byte	-1
 1745 0522 FF       		.byte	-1
 1746 0523 FF       		.byte	-1
 1747 0524 FF       		.byte	-1
 1748 0525 FF       		.byte	-1
 1749 0526 FF       		.byte	-1
 1750 0527 FF       		.byte	-1
 1751 0528 FF       		.byte	-1
 1752 0529 FF       		.byte	-1
 1753 052a FF       		.byte	-1
 1754 052b FF       		.byte	-1
 1755 052c FF       		.byte	-1
 1756 052d FF       		.byte	-1
 1757 052e FF       		.byte	-1
 1758 052f FF       		.byte	-1
 1759 0530 FF       		.byte	-1
 1760 0531 FF       		.byte	-1
 1761 0532 FF       		.byte	-1
 1762 0533 FF       		.byte	-1
 1763 0534 FF       		.byte	-1
 1764 0535 FF       		.byte	-1
 1765 0536 FF       		.byte	-1
 1766 0537 FF       		.byte	-1
 1767 0538 FF       		.byte	-1
ARM GAS  C:\Users\Javier\AppData\Local\Temp\ccesiV1g.s 			page 32


 1768 0539 FF       		.byte	-1
 1769 053a FF       		.byte	-1
 1770 053b FF       		.byte	-1
 1771 053c FF       		.byte	-1
 1772 053d FF       		.byte	-1
 1773 053e FF       		.byte	-1
 1774 053f FF       		.byte	-1
 1775 0540 FF       		.byte	-1
 1776 0541 FF       		.byte	-1
 1777 0542 FF       		.byte	-1
 1778 0543 FF       		.byte	-1
 1779 0544 FF       		.byte	-1
 1780 0545 FF       		.byte	-1
 1781 0546 FF       		.byte	-1
 1782 0547 FF       		.byte	-1
 1783 0548 FF       		.byte	-1
 1784 0549 FF       		.byte	-1
 1785 054a FF       		.byte	-1
 1786 054b FF       		.byte	-1
 1787 054c FF       		.byte	-1
 1788 054d FF       		.byte	-1
 1789 054e FF       		.byte	-1
 1790 054f FF       		.byte	-1
 1791 0550 FF       		.byte	-1
 1792 0551 FF       		.byte	-1
 1793 0552 FF       		.byte	-1
 1794 0553 FF       		.byte	-1
 1795 0554 FF       		.byte	-1
 1796 0555 FF       		.byte	-1
 1797 0556 FF       		.byte	-1
 1798 0557 FF       		.byte	-1
 1799 0558 FF       		.byte	-1
 1800 0559 FF       		.byte	-1
 1801 055a FF       		.byte	-1
 1802 055b FF       		.byte	-1
 1803 055c FF       		.byte	-1
 1804 055d FF       		.byte	-1
 1805 055e FF       		.byte	-1
 1806 055f FF       		.byte	-1
 1807 0560 FF       		.byte	-1
 1808 0561 FF       		.byte	-1
 1809 0562 FF       		.byte	-1
 1810 0563 FF       		.byte	-1
 1811 0564 FF       		.byte	-1
 1812 0565 FF       		.byte	-1
 1813 0566 FF       		.byte	-1
 1814 0567 FF       		.byte	-1
 1815 0568 FF       		.byte	-1
 1816 0569 FF       		.byte	-1
 1817 056a FF       		.byte	-1
 1818 056b FF       		.byte	-1
 1819 056c FF       		.byte	-1
 1820 056d FF       		.byte	-1
 1821 056e FF       		.byte	-1
 1822 056f FF       		.byte	-1
 1823 0570 FF       		.byte	-1
 1824 0571 FF       		.byte	-1
ARM GAS  C:\Users\Javier\AppData\Local\Temp\ccesiV1g.s 			page 33


 1825 0572 FF       		.byte	-1
 1826 0573 FF       		.byte	-1
 1827 0574 FF       		.byte	-1
 1828 0575 FF       		.byte	-1
 1829 0576 FF       		.byte	-1
 1830 0577 FF       		.byte	-1
 1831 0578 FF       		.byte	-1
 1832 0579 FF       		.byte	-1
 1833 057a FF       		.byte	-1
 1834 057b FF       		.byte	-1
 1835 057c FF       		.byte	-1
 1836 057d FF       		.byte	-1
 1837 057e FF       		.byte	-1
 1838 057f FF       		.byte	-1
 1839 0580 FF       		.byte	-1
 1840 0581 FF       		.byte	-1
 1841 0582 FF       		.byte	-1
 1842 0583 FF       		.byte	-1
 1843 0584 FF       		.byte	-1
 1844 0585 FF       		.byte	-1
 1845 0586 FF       		.byte	-1
 1846 0587 FF       		.byte	-1
 1847 0588 FF       		.byte	-1
 1848 0589 FF       		.byte	-1
 1849 058a FF       		.byte	-1
 1850 058b FF       		.byte	-1
 1851 058c FF       		.byte	-1
 1852 058d FF       		.byte	-1
 1853 058e FF       		.byte	-1
 1854 058f FF       		.byte	-1
 1855 0590 FF       		.byte	-1
 1856 0591 FF       		.byte	-1
 1857 0592 FF       		.byte	-1
 1858 0593 FF       		.byte	-1
 1859 0594 FF       		.byte	-1
 1860 0595 FF       		.byte	-1
 1861 0596 FF       		.byte	-1
 1862 0597 FF       		.byte	-1
 1863 0598 FF       		.byte	-1
 1864 0599 FF       		.byte	-1
 1865 059a FF       		.byte	-1
 1866 059b FF       		.byte	-1
 1867 059c FF       		.byte	-1
 1868 059d FF       		.byte	-1
 1869 059e FF       		.byte	-1
 1870 059f FF       		.byte	-1
 1871 05a0 FF       		.byte	-1
 1872 05a1 FF       		.byte	-1
 1873 05a2 FF       		.byte	-1
 1874 05a3 FF       		.byte	-1
 1875 05a4 FF       		.byte	-1
 1876 05a5 FF       		.byte	-1
 1877 05a6 FF       		.byte	-1
 1878 05a7 FF       		.byte	-1
 1879 05a8 FF       		.byte	-1
 1880 05a9 FF       		.byte	-1
 1881 05aa FF       		.byte	-1
ARM GAS  C:\Users\Javier\AppData\Local\Temp\ccesiV1g.s 			page 34


 1882 05ab FF       		.byte	-1
 1883 05ac FF       		.byte	-1
 1884 05ad FF       		.byte	-1
 1885 05ae FF       		.byte	-1
 1886 05af FF       		.byte	-1
 1887 05b0 FF       		.byte	-1
 1888 05b1 FF       		.byte	-1
 1889 05b2 FF       		.byte	-1
 1890 05b3 FF       		.byte	-1
 1891 05b4 FF       		.byte	-1
 1892 05b5 FF       		.byte	-1
 1893 05b6 FF       		.byte	-1
 1894 05b7 FF       		.byte	-1
 1895 05b8 FF       		.byte	-1
 1896 05b9 FF       		.byte	-1
 1897 05ba FF       		.byte	-1
 1898 05bb FF       		.byte	-1
 1899 05bc FF       		.byte	-1
 1900 05bd FF       		.byte	-1
 1901 05be FF       		.byte	-1
 1902 05bf FF       		.byte	-1
 1903 05c0 FF       		.byte	-1
 1904 05c1 FF       		.byte	-1
 1905 05c2 FF       		.byte	-1
 1906 05c3 FF       		.byte	-1
 1907 05c4 FF       		.byte	-1
 1908 05c5 FF       		.byte	-1
 1909 05c6 FF       		.byte	-1
 1910 05c7 FF       		.byte	-1
 1911 05c8 FF       		.byte	-1
 1912 05c9 FF       		.byte	-1
 1913 05ca FF       		.byte	-1
 1914 05cb FF       		.byte	-1
 1915 05cc FF       		.byte	-1
 1916 05cd FF       		.byte	-1
 1917 05ce FF       		.byte	-1
 1918 05cf FF       		.byte	-1
 1919 05d0 FF       		.byte	-1
 1920 05d1 FF       		.byte	-1
 1921 05d2 FF       		.byte	-1
 1922 05d3 FF       		.byte	-1
 1923 05d4 FF       		.byte	-1
 1924 05d5 FF       		.byte	-1
 1925 05d6 FF       		.byte	-1
 1926 05d7 FF       		.byte	-1
 1927 05d8 FF       		.byte	-1
 1928 05d9 FF       		.byte	-1
 1929 05da FF       		.byte	-1
 1930 05db FF       		.byte	-1
 1931 05dc FF       		.byte	-1
 1932 05dd FF       		.byte	-1
 1933 05de FF       		.byte	-1
 1934 05df FF       		.byte	-1
 1935 05e0 FF       		.byte	-1
 1936 05e1 FF       		.byte	-1
 1937 05e2 FF       		.byte	-1
 1938 05e3 FF       		.byte	-1
ARM GAS  C:\Users\Javier\AppData\Local\Temp\ccesiV1g.s 			page 35


 1939 05e4 FF       		.byte	-1
 1940 05e5 FF       		.byte	-1
 1941 05e6 FF       		.byte	-1
 1942 05e7 FF       		.byte	-1
 1943 05e8 FF       		.byte	-1
 1944 05e9 FF       		.byte	-1
 1945 05ea FF       		.byte	-1
 1946 05eb FF       		.byte	-1
 1947 05ec FF       		.byte	-1
 1948 05ed FF       		.byte	-1
 1949 05ee FF       		.byte	-1
 1950 05ef FF       		.byte	-1
 1951 05f0 FF       		.byte	-1
 1952 05f1 FF       		.byte	-1
 1953 05f2 FF       		.byte	-1
 1954 05f3 FF       		.byte	-1
 1955 05f4 FF       		.byte	-1
 1956 05f5 FF       		.byte	-1
 1957 05f6 FF       		.byte	-1
 1958 05f7 FF       		.byte	-1
 1959 05f8 FF       		.byte	-1
 1960 05f9 FF       		.byte	-1
 1961 05fa FF       		.byte	-1
 1962 05fb FF       		.byte	-1
 1963 05fc FF       		.byte	-1
 1964 05fd FF       		.byte	-1
 1965 05fe FF       		.byte	-1
 1966 05ff FF       		.byte	-1
 1967 0600 FF       		.byte	-1
 1968 0601 FF       		.byte	-1
 1969 0602 FF       		.byte	-1
 1970 0603 FF       		.byte	-1
 1971 0604 FF       		.byte	-1
 1972 0605 FF       		.byte	-1
 1973 0606 FF       		.byte	-1
 1974 0607 FF       		.byte	-1
 1975 0608 FF       		.byte	-1
 1976 0609 FF       		.byte	-1
 1977 060a FF       		.byte	-1
 1978 060b FF       		.byte	-1
 1979 060c FF       		.byte	-1
 1980 060d FF       		.byte	-1
 1981 060e FF       		.byte	-1
 1982 060f FF       		.byte	-1
 1983 0610 FF       		.byte	-1
 1984 0611 FF       		.byte	-1
 1985 0612 FF       		.byte	-1
 1986 0613 FF       		.byte	-1
 1987 0614 FF       		.byte	-1
 1988 0615 FF       		.byte	-1
 1989 0616 FF       		.byte	-1
 1990 0617 FF       		.byte	-1
 1991 0618 FF       		.byte	-1
 1992 0619 FF       		.byte	-1
 1993 061a FF       		.byte	-1
 1994 061b FF       		.byte	-1
 1995 061c FF       		.byte	-1
ARM GAS  C:\Users\Javier\AppData\Local\Temp\ccesiV1g.s 			page 36


 1996 061d FF       		.byte	-1
 1997 061e FF       		.byte	-1
 1998 061f FF       		.byte	-1
 1999 0620 FF       		.byte	-1
 2000 0621 FF       		.byte	-1
 2001 0622 FF       		.byte	-1
 2002 0623 FF       		.byte	-1
 2003 0624 FF       		.byte	-1
 2004 0625 FF       		.byte	-1
 2005 0626 FF       		.byte	-1
 2006 0627 FF       		.byte	-1
 2007 0628 FF       		.byte	-1
 2008 0629 FF       		.byte	-1
 2009 062a FF       		.byte	-1
 2010 062b FF       		.byte	-1
 2011 062c FF       		.byte	-1
 2012 062d FF       		.byte	-1
 2013 062e FF       		.byte	-1
 2014 062f FF       		.byte	-1
 2015 0630 FF       		.byte	-1
 2016 0631 FF       		.byte	-1
 2017 0632 FF       		.byte	-1
 2018 0633 FF       		.byte	-1
 2019 0634 FF       		.byte	-1
 2020 0635 FF       		.byte	-1
 2021 0636 FF       		.byte	-1
 2022 0637 FF       		.byte	-1
 2023 0638 FF       		.byte	-1
 2024 0639 FF       		.byte	-1
 2025 063a FF       		.byte	-1
 2026 063b FF       		.byte	-1
 2027 063c FF       		.byte	-1
 2028 063d FF       		.byte	-1
 2029 063e FF       		.byte	-1
 2030 063f FF       		.byte	-1
 2031 0640 FF       		.byte	-1
 2032 0641 FF       		.byte	-1
 2033 0642 FF       		.byte	-1
 2034 0643 FF       		.byte	-1
 2035 0644 FF       		.byte	-1
 2036 0645 FF       		.byte	-1
 2037 0646 FF       		.byte	-1
 2038 0647 FF       		.byte	-1
 2039 0648 FF       		.byte	-1
 2040 0649 FF       		.byte	-1
 2041 064a FF       		.byte	-1
 2042 064b FF       		.byte	-1
 2043 064c FF       		.byte	-1
 2044 064d FF       		.byte	-1
 2045 064e FF       		.byte	-1
 2046 064f FF       		.byte	-1
 2047 0650 FF       		.byte	-1
 2048 0651 FF       		.byte	-1
 2049 0652 FF       		.byte	-1
 2050 0653 FF       		.byte	-1
 2051 0654 FF       		.byte	-1
 2052 0655 FF       		.byte	-1
ARM GAS  C:\Users\Javier\AppData\Local\Temp\ccesiV1g.s 			page 37


 2053 0656 FF       		.byte	-1
 2054 0657 FF       		.byte	-1
 2055 0658 FF       		.byte	-1
 2056 0659 FF       		.byte	-1
 2057 065a FF       		.byte	-1
 2058 065b FF       		.byte	-1
 2059 065c FF       		.byte	-1
 2060 065d FF       		.byte	-1
 2061 065e FF       		.byte	-1
 2062 065f FF       		.byte	-1
 2063 0660 FF       		.byte	-1
 2064 0661 FF       		.byte	-1
 2065 0662 FF       		.byte	-1
 2066 0663 FF       		.byte	-1
 2067 0664 FF       		.byte	-1
 2068 0665 FF       		.byte	-1
 2069 0666 FF       		.byte	-1
 2070 0667 FF       		.byte	-1
 2071 0668 FF       		.byte	-1
 2072 0669 FF       		.byte	-1
 2073 066a FF       		.byte	-1
 2074 066b FF       		.byte	-1
 2075 066c FF       		.byte	-1
 2076 066d FF       		.byte	-1
 2077 066e FF       		.byte	-1
 2078 066f FF       		.byte	-1
 2079 0670 FF       		.byte	-1
 2080 0671 FF       		.byte	-1
 2081 0672 FF       		.byte	-1
 2082 0673 FF       		.byte	-1
 2083 0674 FF       		.byte	-1
 2084 0675 FF       		.byte	-1
 2085 0676 FF       		.byte	-1
 2086 0677 FF       		.byte	-1
 2087 0678 FF       		.byte	-1
 2088 0679 FF       		.byte	-1
 2089 067a FF       		.byte	-1
 2090 067b FF       		.byte	-1
 2091 067c FF       		.byte	-1
 2092 067d FF       		.byte	-1
 2093 067e FF       		.byte	-1
 2094 067f FF       		.byte	-1
 2095 0680 FF       		.byte	-1
 2096 0681 FF       		.byte	-1
 2097 0682 FF       		.byte	-1
 2098 0683 FF       		.byte	-1
 2099 0684 FF       		.byte	-1
 2100 0685 FF       		.byte	-1
 2101 0686 FF       		.byte	-1
 2102 0687 FF       		.byte	-1
 2103 0688 FF       		.byte	-1
 2104 0689 FF       		.byte	-1
 2105 068a FF       		.byte	-1
 2106 068b FF       		.byte	-1
 2107 068c FF       		.byte	-1
 2108 068d FF       		.byte	-1
 2109 068e FF       		.byte	-1
ARM GAS  C:\Users\Javier\AppData\Local\Temp\ccesiV1g.s 			page 38


 2110 068f FF       		.byte	-1
 2111 0690 FF       		.byte	-1
 2112 0691 FF       		.byte	-1
 2113 0692 FF       		.byte	-1
 2114 0693 FF       		.byte	-1
 2115 0694 FF       		.byte	-1
 2116 0695 FF       		.byte	-1
 2117 0696 FF       		.byte	-1
 2118 0697 FF       		.byte	-1
 2119 0698 FF       		.byte	-1
 2120 0699 FF       		.byte	-1
 2121 069a FF       		.byte	-1
 2122 069b FF       		.byte	-1
 2123 069c FF       		.byte	-1
 2124 069d FF       		.byte	-1
 2125 069e FF       		.byte	-1
 2126 069f FF       		.byte	-1
 2127 06a0 FF       		.byte	-1
 2128 06a1 FF       		.byte	-1
 2129 06a2 FF       		.byte	-1
 2130 06a3 FF       		.byte	-1
 2131 06a4 FF       		.byte	-1
 2132 06a5 FF       		.byte	-1
 2133 06a6 FF       		.byte	-1
 2134 06a7 FF       		.byte	-1
 2135 06a8 FF       		.byte	-1
 2136 06a9 FF       		.byte	-1
 2137 06aa FF       		.byte	-1
 2138 06ab FF       		.byte	-1
 2139 06ac FF       		.byte	-1
 2140 06ad FF       		.byte	-1
 2141 06ae FF       		.byte	-1
 2142 06af FF       		.byte	-1
 2143 06b0 FF       		.byte	-1
 2144 06b1 FF       		.byte	-1
 2145 06b2 FF       		.byte	-1
 2146 06b3 FF       		.byte	-1
 2147 06b4 FF       		.byte	-1
 2148 06b5 FF       		.byte	-1
 2149 06b6 FF       		.byte	-1
 2150 06b7 FF       		.byte	-1
 2151 06b8 FF       		.byte	-1
 2152 06b9 FF       		.byte	-1
 2153 06ba FF       		.byte	-1
 2154 06bb FF       		.byte	-1
 2155 06bc FF       		.byte	-1
 2156 06bd FF       		.byte	-1
 2157 06be FF       		.byte	-1
 2158 06bf FF       		.byte	-1
 2159 06c0 FF       		.byte	-1
 2160 06c1 FF       		.byte	-1
 2161 06c2 FF       		.byte	-1
 2162 06c3 FF       		.byte	-1
 2163 06c4 FF       		.byte	-1
 2164 06c5 FF       		.byte	-1
 2165 06c6 FF       		.byte	-1
 2166 06c7 FF       		.byte	-1
ARM GAS  C:\Users\Javier\AppData\Local\Temp\ccesiV1g.s 			page 39


 2167 06c8 FF       		.byte	-1
 2168 06c9 FF       		.byte	-1
 2169 06ca FF       		.byte	-1
 2170 06cb FF       		.byte	-1
 2171 06cc FF       		.byte	-1
 2172 06cd FF       		.byte	-1
 2173 06ce FF       		.byte	-1
 2174 06cf FF       		.byte	-1
 2175 06d0 FF       		.byte	-1
 2176 06d1 FF       		.byte	-1
 2177 06d2 FF       		.byte	-1
 2178 06d3 FF       		.byte	-1
 2179 06d4 FF       		.byte	-1
 2180 06d5 FF       		.byte	-1
 2181 06d6 FF       		.byte	-1
 2182 06d7 FF       		.byte	-1
 2183 06d8 FF       		.byte	-1
 2184 06d9 FF       		.byte	-1
 2185 06da FF       		.byte	-1
 2186 06db FF       		.byte	-1
 2187 06dc FF       		.byte	-1
 2188 06dd FF       		.byte	-1
 2189 06de FF       		.byte	-1
 2190 06df FF       		.byte	-1
 2191 06e0 FF       		.byte	-1
 2192 06e1 FF       		.byte	-1
 2193 06e2 FF       		.byte	-1
 2194 06e3 FF       		.byte	-1
 2195 06e4 FF       		.byte	-1
 2196 06e5 FF       		.byte	-1
 2197 06e6 FF       		.byte	-1
 2198 06e7 FF       		.byte	-1
 2199 06e8 FF       		.byte	-1
 2200 06e9 FF       		.byte	-1
 2201 06ea FF       		.byte	-1
 2202 06eb FF       		.byte	-1
 2203 06ec FF       		.byte	-1
 2204 06ed FF       		.byte	-1
 2205 06ee FF       		.byte	-1
 2206 06ef FF       		.byte	-1
 2207 06f0 FF       		.byte	-1
 2208 06f1 FF       		.byte	-1
 2209 06f2 FF       		.byte	-1
 2210 06f3 FF       		.byte	-1
 2211 06f4 FF       		.byte	-1
 2212 06f5 FF       		.byte	-1
 2213 06f6 FF       		.byte	-1
 2214 06f7 FF       		.byte	-1
 2215 06f8 FF       		.byte	-1
 2216 06f9 FF       		.byte	-1
 2217 06fa FF       		.byte	-1
 2218 06fb FF       		.byte	-1
 2219 06fc FF       		.byte	-1
 2220 06fd FF       		.byte	-1
 2221 06fe FF       		.byte	-1
 2222 06ff FF       		.byte	-1
 2223 0700 FF       		.byte	-1
ARM GAS  C:\Users\Javier\AppData\Local\Temp\ccesiV1g.s 			page 40


 2224 0701 FF       		.byte	-1
 2225 0702 FF       		.byte	-1
 2226 0703 FF       		.byte	-1
 2227 0704 FF       		.byte	-1
 2228 0705 FF       		.byte	-1
 2229 0706 FF       		.byte	-1
 2230 0707 FF       		.byte	-1
 2231 0708 FF       		.byte	-1
 2232 0709 FF       		.byte	-1
 2233 070a FF       		.byte	-1
 2234 070b FF       		.byte	-1
 2235 070c FF       		.byte	-1
 2236 070d FF       		.byte	-1
 2237 070e FF       		.byte	-1
 2238 070f FF       		.byte	-1
 2239 0710 FF       		.byte	-1
 2240 0711 FF       		.byte	-1
 2241 0712 FF       		.byte	-1
 2242 0713 FF       		.byte	-1
 2243 0714 FF       		.byte	-1
 2244 0715 FF       		.byte	-1
 2245 0716 FF       		.byte	-1
 2246 0717 FF       		.byte	-1
 2247 0718 FF       		.byte	-1
 2248 0719 FF       		.byte	-1
 2249 071a FF       		.byte	-1
 2250 071b FF       		.byte	-1
 2251 071c FF       		.byte	-1
 2252 071d FF       		.byte	-1
 2253 071e FF       		.byte	-1
 2254 071f FF       		.byte	-1
 2255 0720 FF       		.byte	-1
 2256 0721 FF       		.byte	-1
 2257 0722 FF       		.byte	-1
 2258 0723 FF       		.byte	-1
 2259 0724 FF       		.byte	-1
 2260 0725 FF       		.byte	-1
 2261 0726 FF       		.byte	-1
 2262 0727 FF       		.byte	-1
 2263 0728 FF       		.byte	-1
 2264 0729 FF       		.byte	-1
 2265 072a FF       		.byte	-1
 2266 072b FF       		.byte	-1
 2267 072c FF       		.byte	-1
 2268 072d FF       		.byte	-1
 2269 072e FF       		.byte	-1
 2270 072f FF       		.byte	-1
 2271 0730 FF       		.byte	-1
 2272 0731 FF       		.byte	-1
 2273 0732 FF       		.byte	-1
 2274 0733 FF       		.byte	-1
 2275 0734 FF       		.byte	-1
 2276 0735 FF       		.byte	-1
 2277 0736 FF       		.byte	-1
 2278 0737 FF       		.byte	-1
 2279 0738 FF       		.byte	-1
 2280 0739 FF       		.byte	-1
ARM GAS  C:\Users\Javier\AppData\Local\Temp\ccesiV1g.s 			page 41


 2281 073a FF       		.byte	-1
 2282 073b FF       		.byte	-1
 2283 073c FF       		.byte	-1
 2284 073d FF       		.byte	-1
 2285 073e FF       		.byte	-1
 2286 073f FF       		.byte	-1
 2287 0740 FF       		.byte	-1
 2288 0741 FF       		.byte	-1
 2289 0742 FF       		.byte	-1
 2290 0743 FF       		.byte	-1
 2291 0744 FF       		.byte	-1
 2292 0745 FF       		.byte	-1
 2293 0746 FF       		.byte	-1
 2294 0747 FF       		.byte	-1
 2295 0748 FF       		.byte	-1
 2296 0749 FF       		.byte	-1
 2297 074a FF       		.byte	-1
 2298 074b FF       		.byte	-1
 2299 074c FF       		.byte	-1
 2300 074d FF       		.byte	-1
 2301 074e FF       		.byte	-1
 2302 074f FF       		.byte	-1
 2303 0750 FF       		.byte	-1
 2304 0751 FF       		.byte	-1
 2305 0752 FF       		.byte	-1
 2306 0753 FF       		.byte	-1
 2307 0754 FF       		.byte	-1
 2308 0755 FF       		.byte	-1
 2309 0756 FF       		.byte	-1
 2310 0757 FF       		.byte	-1
 2311 0758 FF       		.byte	-1
 2312 0759 FF       		.byte	-1
 2313 075a FF       		.byte	-1
 2314 075b FF       		.byte	-1
 2315 075c FF       		.byte	-1
 2316 075d FF       		.byte	-1
 2317 075e FF       		.byte	-1
 2318 075f FF       		.byte	-1
 2319 0760 FF       		.byte	-1
 2320 0761 FF       		.byte	-1
 2321 0762 FF       		.byte	-1
 2322 0763 FF       		.byte	-1
 2323 0764 FF       		.byte	-1
 2324 0765 FF       		.byte	-1
 2325 0766 FF       		.byte	-1
 2326 0767 FF       		.byte	-1
 2327 0768 FF       		.byte	-1
 2328 0769 FF       		.byte	-1
 2329 076a FF       		.byte	-1
 2330 076b FF       		.byte	-1
 2331 076c FF       		.byte	-1
 2332 076d FF       		.byte	-1
 2333 076e FF       		.byte	-1
 2334 076f FF       		.byte	-1
 2335 0770 FF       		.byte	-1
 2336 0771 FF       		.byte	-1
 2337 0772 FF       		.byte	-1
ARM GAS  C:\Users\Javier\AppData\Local\Temp\ccesiV1g.s 			page 42


 2338 0773 FF       		.byte	-1
 2339 0774 FF       		.byte	-1
 2340 0775 FF       		.byte	-1
 2341 0776 FF       		.byte	-1
 2342 0777 FF       		.byte	-1
 2343 0778 FF       		.byte	-1
 2344 0779 FF       		.byte	-1
 2345 077a FF       		.byte	-1
 2346 077b FF       		.byte	-1
 2347 077c FF       		.byte	-1
 2348 077d FF       		.byte	-1
 2349 077e FF       		.byte	-1
 2350 077f FF       		.byte	-1
 2351 0780 FF       		.byte	-1
 2352 0781 FF       		.byte	-1
 2353 0782 FF       		.byte	-1
 2354 0783 FF       		.byte	-1
 2355 0784 FF       		.byte	-1
 2356 0785 FF       		.byte	-1
 2357 0786 FF       		.byte	-1
 2358 0787 FF       		.byte	-1
 2359 0788 FF       		.byte	-1
 2360 0789 FF       		.byte	-1
 2361 078a FF       		.byte	-1
 2362 078b FF       		.byte	-1
 2363 078c FF       		.byte	-1
 2364 078d FF       		.byte	-1
 2365 078e FF       		.byte	-1
 2366 078f FF       		.byte	-1
 2367 0790 FF       		.byte	-1
 2368 0791 FF       		.byte	-1
 2369 0792 FF       		.byte	-1
 2370 0793 FF       		.byte	-1
 2371 0794 FF       		.byte	-1
 2372 0795 FF       		.byte	-1
 2373 0796 FF       		.byte	-1
 2374 0797 FF       		.byte	-1
 2375 0798 FF       		.byte	-1
 2376 0799 FF       		.byte	-1
 2377 079a FF       		.byte	-1
 2378 079b FF       		.byte	-1
 2379 079c FF       		.byte	-1
 2380 079d FF       		.byte	-1
 2381 079e FF       		.byte	-1
 2382 079f FF       		.byte	-1
 2383 07a0 FF       		.byte	-1
 2384 07a1 FF       		.byte	-1
 2385 07a2 FF       		.byte	-1
 2386 07a3 FF       		.byte	-1
 2387 07a4 FF       		.byte	-1
 2388 07a5 FF       		.byte	-1
 2389 07a6 FF       		.byte	-1
 2390 07a7 FF       		.byte	-1
 2391 07a8 FF       		.byte	-1
 2392 07a9 FF       		.byte	-1
 2393 07aa FF       		.byte	-1
 2394 07ab FF       		.byte	-1
ARM GAS  C:\Users\Javier\AppData\Local\Temp\ccesiV1g.s 			page 43


 2395 07ac FF       		.byte	-1
 2396 07ad FF       		.byte	-1
 2397 07ae FF       		.byte	-1
 2398 07af FF       		.byte	-1
 2399 07b0 FF       		.byte	-1
 2400 07b1 FF       		.byte	-1
 2401 07b2 FF       		.byte	-1
 2402 07b3 FF       		.byte	-1
 2403 07b4 FF       		.byte	-1
 2404 07b5 FF       		.byte	-1
 2405 07b6 FF       		.byte	-1
 2406 07b7 FF       		.byte	-1
 2407 07b8 FF       		.byte	-1
 2408 07b9 FF       		.byte	-1
 2409 07ba FF       		.byte	-1
 2410 07bb FF       		.byte	-1
 2411 07bc FF       		.byte	-1
 2412 07bd FF       		.byte	-1
 2413 07be FF       		.byte	-1
 2414 07bf FF       		.byte	-1
 2415 07c0 FF       		.byte	-1
 2416 07c1 FF       		.byte	-1
 2417 07c2 FF       		.byte	-1
 2418 07c3 FF       		.byte	-1
 2419 07c4 FF       		.byte	-1
 2420 07c5 FF       		.byte	-1
 2421 07c6 FF       		.byte	-1
 2422 07c7 FF       		.byte	-1
 2423 07c8 FF       		.byte	-1
 2424 07c9 FF       		.byte	-1
 2425 07ca FF       		.byte	-1
 2426 07cb FF       		.byte	-1
 2427 07cc FF       		.byte	-1
 2428 07cd FF       		.byte	-1
 2429 07ce FF       		.byte	-1
 2430 07cf FF       		.byte	-1
 2431 07d0 FF       		.byte	-1
 2432 07d1 FF       		.byte	-1
 2433 07d2 FF       		.byte	-1
 2434 07d3 FF       		.byte	-1
 2435 07d4 FF       		.byte	-1
 2436 07d5 FF       		.byte	-1
 2437 07d6 FF       		.byte	-1
 2438 07d7 FF       		.byte	-1
 2439 07d8 FF       		.byte	-1
 2440 07d9 FF       		.byte	-1
 2441 07da FF       		.byte	-1
 2442 07db FF       		.byte	-1
 2443 07dc FF       		.byte	-1
 2444 07dd FF       		.byte	-1
 2445 07de FF       		.byte	-1
 2446 07df FF       		.byte	-1
 2447 07e0 FF       		.byte	-1
 2448 07e1 FF       		.byte	-1
 2449 07e2 FF       		.byte	-1
 2450 07e3 FF       		.byte	-1
 2451 07e4 FF       		.byte	-1
ARM GAS  C:\Users\Javier\AppData\Local\Temp\ccesiV1g.s 			page 44


 2452 07e5 FF       		.byte	-1
 2453 07e6 FF       		.byte	-1
 2454 07e7 FF       		.byte	-1
 2455 07e8 FF       		.byte	-1
 2456 07e9 FF       		.byte	-1
 2457 07ea FF       		.byte	-1
 2458 07eb FF       		.byte	-1
 2459 07ec FF       		.byte	-1
 2460 07ed FF       		.byte	-1
 2461 07ee FF       		.byte	-1
 2462 07ef FF       		.byte	-1
 2463 07f0 FF       		.byte	-1
 2464 07f1 FF       		.byte	-1
 2465 07f2 FF       		.byte	-1
 2466 07f3 FF       		.byte	-1
 2467 07f4 FF       		.byte	-1
 2468 07f5 FF       		.byte	-1
 2469 07f6 FF       		.byte	-1
 2470 07f7 FF       		.byte	-1
 2471 07f8 FF       		.byte	-1
 2472 07f9 FF       		.byte	-1
 2473 07fa FF       		.byte	-1
 2474 07fb FF       		.byte	-1
 2475 07fc FF       		.byte	-1
 2476 07fd FF       		.byte	-1
 2477 07fe FF       		.byte	-1
 2478 07ff FF       		.byte	-1
 2479              		.section	.cycustnvl,"a",%progbits
 2480              		.align	2
 2481              		.type	cy_meta_custnvl, %object
 2482              		.size	cy_meta_custnvl, 4
 2483              	cy_meta_custnvl:
 2484 0000 00       		.byte	0
 2485 0001 00       		.byte	0
 2486 0002 40       		.byte	64
 2487 0003 05       		.byte	5
 2488              		.section	.cymeta,"a",%progbits
 2489              		.align	2
 2490              		.type	cy_metadata, %object
 2491              		.size	cy_metadata, 12
 2492              	cy_metadata:
 2493 0000 00       		.byte	0
 2494 0001 01       		.byte	1
 2495 0002 2E       		.byte	46
 2496 0003 16       		.byte	22
 2497 0004 10       		.byte	16
 2498 0005 69       		.byte	105
 2499 0006 00       		.byte	0
 2500 0007 01       		.byte	1
 2501 0008 00       		.byte	0
 2502 0009 00       		.byte	0
 2503 000a 00       		.byte	0
 2504 000b 00       		.byte	0
 2505              		.section	.cyflashprotect,"a",%progbits
 2506              		.align	2
 2507              		.type	cy_meta_flashprotect, %object
 2508              		.size	cy_meta_flashprotect, 256
ARM GAS  C:\Users\Javier\AppData\Local\Temp\ccesiV1g.s 			page 45


 2509              	cy_meta_flashprotect:
 2510 0000 00000000 		.space	256
 2510      00000000 
 2510      00000000 
 2510      00000000 
 2510      00000000 
 2511              		.text
 2512              	.Letext0:
 2513              		.file 1 ".\\Generated_Source\\PSoC5\\cymetadata.c"
 2514              		.file 2 ".\\Generated_Source\\PSoC5\\cytypes.h"
 2515              		.section	.debug_info,"",%progbits
 2516              	.Ldebug_info0:
 2517 0000 60010000 		.4byte	0x160
 2518 0004 0400     		.2byte	0x4
 2519 0006 00000000 		.4byte	.Ldebug_abbrev0
 2520 000a 04       		.byte	0x4
 2521 000b 01       		.uleb128 0x1
 2522 000c 94000000 		.4byte	.LASF19
 2523 0010 01       		.byte	0x1
 2524 0011 00000000 		.4byte	.LASF20
 2525 0015 69010000 		.4byte	.LASF21
 2526 0019 00000000 		.4byte	.Ldebug_line0
 2527 001d 02       		.uleb128 0x2
 2528 001e 01       		.byte	0x1
 2529 001f 06       		.byte	0x6
 2530 0020 F1010000 		.4byte	.LASF0
 2531 0024 02       		.uleb128 0x2
 2532 0025 01       		.byte	0x1
 2533 0026 08       		.byte	0x8
 2534 0027 38000000 		.4byte	.LASF1
 2535 002b 02       		.uleb128 0x2
 2536 002c 02       		.byte	0x2
 2537 002d 05       		.byte	0x5
 2538 002e CE010000 		.4byte	.LASF2
 2539 0032 02       		.uleb128 0x2
 2540 0033 02       		.byte	0x2
 2541 0034 07       		.byte	0x7
 2542 0035 58000000 		.4byte	.LASF3
 2543 0039 02       		.uleb128 0x2
 2544 003a 04       		.byte	0x4
 2545 003b 05       		.byte	0x5
 2546 003c DE010000 		.4byte	.LASF4
 2547 0040 02       		.uleb128 0x2
 2548 0041 04       		.byte	0x4
 2549 0042 07       		.byte	0x7
 2550 0043 46000000 		.4byte	.LASF5
 2551 0047 02       		.uleb128 0x2
 2552 0048 08       		.byte	0x8
 2553 0049 05       		.byte	0x5
 2554 004a BB010000 		.4byte	.LASF6
 2555 004e 02       		.uleb128 0x2
 2556 004f 08       		.byte	0x8
 2557 0050 07       		.byte	0x7
 2558 0051 2F010000 		.4byte	.LASF7
 2559 0055 03       		.uleb128 0x3
 2560 0056 04       		.byte	0x4
 2561 0057 05       		.byte	0x5
ARM GAS  C:\Users\Javier\AppData\Local\Temp\ccesiV1g.s 			page 46


 2562 0058 696E7400 		.ascii	"int\000"
 2563 005c 02       		.uleb128 0x2
 2564 005d 04       		.byte	0x4
 2565 005e 07       		.byte	0x7
 2566 005f 22010000 		.4byte	.LASF8
 2567 0063 04       		.uleb128 0x4
 2568 0064 D8010000 		.4byte	.LASF22
 2569 0068 02       		.byte	0x2
 2570 0069 3801     		.2byte	0x138
 2571 006b 24000000 		.4byte	0x24
 2572 006f 02       		.uleb128 0x2
 2573 0070 04       		.byte	0x4
 2574 0071 04       		.byte	0x4
 2575 0072 32000000 		.4byte	.LASF9
 2576 0076 02       		.uleb128 0x2
 2577 0077 08       		.byte	0x8
 2578 0078 04       		.byte	0x4
 2579 0079 6B000000 		.4byte	.LASF10
 2580 007d 02       		.uleb128 0x2
 2581 007e 01       		.byte	0x1
 2582 007f 08       		.byte	0x8
 2583 0080 C9010000 		.4byte	.LASF11
 2584 0084 05       		.uleb128 0x5
 2585 0085 63000000 		.4byte	0x63
 2586 0089 95000000 		.4byte	0x95
 2587 008d 06       		.uleb128 0x6
 2588 008e 95000000 		.4byte	0x95
 2589 0092 8301     		.2byte	0x183
 2590 0094 00       		.byte	0
 2591 0095 02       		.uleb128 0x2
 2592 0096 04       		.byte	0x4
 2593 0097 07       		.byte	0x7
 2594 0098 B2010000 		.4byte	.LASF12
 2595 009c 07       		.uleb128 0x7
 2596 009d 82000000 		.4byte	.LASF13
 2597 00a1 01       		.byte	0x1
 2598 00a2 1F       		.byte	0x1f
 2599 00a3 AD000000 		.4byte	0xad
 2600 00a7 05       		.uleb128 0x5
 2601 00a8 03       		.byte	0x3
 2602 00a9 00000000 		.4byte	cy_meta_configecc
 2603 00ad 08       		.uleb128 0x8
 2604 00ae 84000000 		.4byte	0x84
 2605 00b2 05       		.uleb128 0x5
 2606 00b3 63000000 		.4byte	0x63
 2607 00b7 C2000000 		.4byte	0xc2
 2608 00bb 09       		.uleb128 0x9
 2609 00bc 95000000 		.4byte	0x95
 2610 00c0 03       		.byte	0x3
 2611 00c1 00       		.byte	0
 2612 00c2 07       		.uleb128 0x7
 2613 00c3 72000000 		.4byte	.LASF14
 2614 00c7 01       		.byte	0x1
 2615 00c8 5D       		.byte	0x5d
 2616 00c9 D3000000 		.4byte	0xd3
 2617 00cd 05       		.uleb128 0x5
 2618 00ce 03       		.byte	0x3
ARM GAS  C:\Users\Javier\AppData\Local\Temp\ccesiV1g.s 			page 47


 2619 00cf 00000000 		.4byte	cy_meta_custnvl
 2620 00d3 08       		.uleb128 0x8
 2621 00d4 B2000000 		.4byte	0xb2
 2622 00d8 07       		.uleb128 0x7
 2623 00d9 5B010000 		.4byte	.LASF15
 2624 00dd 01       		.byte	0x1
 2625 00de 6B       		.byte	0x6b
 2626 00df E9000000 		.4byte	0xe9
 2627 00e3 05       		.uleb128 0x5
 2628 00e4 03       		.byte	0x3
 2629 00e5 00000000 		.4byte	cy_meta_wonvl
 2630 00e9 08       		.uleb128 0x8
 2631 00ea B2000000 		.4byte	0xb2
 2632 00ee 05       		.uleb128 0x5
 2633 00ef 63000000 		.4byte	0x63
 2634 00f3 FF000000 		.4byte	0xff
 2635 00f7 06       		.uleb128 0x6
 2636 00f8 95000000 		.4byte	0x95
 2637 00fc FF07     		.2byte	0x7ff
 2638 00fe 00       		.byte	0
 2639 00ff 07       		.uleb128 0x7
 2640 0100 E7010000 		.4byte	.LASF16
 2641 0104 01       		.byte	0x1
 2642 0105 79       		.byte	0x79
 2643 0106 10010000 		.4byte	0x110
 2644 010a 05       		.uleb128 0x5
 2645 010b 03       		.byte	0x3
 2646 010c 00000000 		.4byte	cy_eeprom
 2647 0110 08       		.uleb128 0x8
 2648 0111 EE000000 		.4byte	0xee
 2649 0115 05       		.uleb128 0x5
 2650 0116 63000000 		.4byte	0x63
 2651 011a 25010000 		.4byte	0x125
 2652 011e 09       		.uleb128 0x9
 2653 011f 95000000 		.4byte	0x95
 2654 0123 FF       		.byte	0xff
 2655 0124 00       		.byte	0
 2656 0125 0A       		.uleb128 0xa
 2657 0126 46010000 		.4byte	.LASF17
 2658 012a 01       		.byte	0x1
 2659 012b 8601     		.2byte	0x186
 2660 012d 37010000 		.4byte	0x137
 2661 0131 05       		.uleb128 0x5
 2662 0132 03       		.byte	0x3
 2663 0133 00000000 		.4byte	cy_meta_flashprotect
 2664 0137 08       		.uleb128 0x8
 2665 0138 15010000 		.4byte	0x115
 2666 013c 05       		.uleb128 0x5
 2667 013d 63000000 		.4byte	0x63
 2668 0141 4C010000 		.4byte	0x14c
 2669 0145 09       		.uleb128 0x9
 2670 0146 95000000 		.4byte	0x95
 2671 014a 0B       		.byte	0xb
 2672 014b 00       		.byte	0
 2673 014c 0A       		.uleb128 0xa
 2674 014d 26000000 		.4byte	.LASF18
 2675 0151 01       		.byte	0x1
ARM GAS  C:\Users\Javier\AppData\Local\Temp\ccesiV1g.s 			page 48


 2676 0152 B301     		.2byte	0x1b3
 2677 0154 5E010000 		.4byte	0x15e
 2678 0158 05       		.uleb128 0x5
 2679 0159 03       		.byte	0x3
 2680 015a 00000000 		.4byte	cy_metadata
 2681 015e 08       		.uleb128 0x8
 2682 015f 3C010000 		.4byte	0x13c
 2683 0163 00       		.byte	0
 2684              		.section	.debug_abbrev,"",%progbits
 2685              	.Ldebug_abbrev0:
 2686 0000 01       		.uleb128 0x1
 2687 0001 11       		.uleb128 0x11
 2688 0002 01       		.byte	0x1
 2689 0003 25       		.uleb128 0x25
 2690 0004 0E       		.uleb128 0xe
 2691 0005 13       		.uleb128 0x13
 2692 0006 0B       		.uleb128 0xb
 2693 0007 03       		.uleb128 0x3
 2694 0008 0E       		.uleb128 0xe
 2695 0009 1B       		.uleb128 0x1b
 2696 000a 0E       		.uleb128 0xe
 2697 000b 10       		.uleb128 0x10
 2698 000c 17       		.uleb128 0x17
 2699 000d 00       		.byte	0
 2700 000e 00       		.byte	0
 2701 000f 02       		.uleb128 0x2
 2702 0010 24       		.uleb128 0x24
 2703 0011 00       		.byte	0
 2704 0012 0B       		.uleb128 0xb
 2705 0013 0B       		.uleb128 0xb
 2706 0014 3E       		.uleb128 0x3e
 2707 0015 0B       		.uleb128 0xb
 2708 0016 03       		.uleb128 0x3
 2709 0017 0E       		.uleb128 0xe
 2710 0018 00       		.byte	0
 2711 0019 00       		.byte	0
 2712 001a 03       		.uleb128 0x3
 2713 001b 24       		.uleb128 0x24
 2714 001c 00       		.byte	0
 2715 001d 0B       		.uleb128 0xb
 2716 001e 0B       		.uleb128 0xb
 2717 001f 3E       		.uleb128 0x3e
 2718 0020 0B       		.uleb128 0xb
 2719 0021 03       		.uleb128 0x3
 2720 0022 08       		.uleb128 0x8
 2721 0023 00       		.byte	0
 2722 0024 00       		.byte	0
 2723 0025 04       		.uleb128 0x4
 2724 0026 16       		.uleb128 0x16
 2725 0027 00       		.byte	0
 2726 0028 03       		.uleb128 0x3
 2727 0029 0E       		.uleb128 0xe
 2728 002a 3A       		.uleb128 0x3a
 2729 002b 0B       		.uleb128 0xb
 2730 002c 3B       		.uleb128 0x3b
 2731 002d 05       		.uleb128 0x5
 2732 002e 49       		.uleb128 0x49
ARM GAS  C:\Users\Javier\AppData\Local\Temp\ccesiV1g.s 			page 49


 2733 002f 13       		.uleb128 0x13
 2734 0030 00       		.byte	0
 2735 0031 00       		.byte	0
 2736 0032 05       		.uleb128 0x5
 2737 0033 01       		.uleb128 0x1
 2738 0034 01       		.byte	0x1
 2739 0035 49       		.uleb128 0x49
 2740 0036 13       		.uleb128 0x13
 2741 0037 01       		.uleb128 0x1
 2742 0038 13       		.uleb128 0x13
 2743 0039 00       		.byte	0
 2744 003a 00       		.byte	0
 2745 003b 06       		.uleb128 0x6
 2746 003c 21       		.uleb128 0x21
 2747 003d 00       		.byte	0
 2748 003e 49       		.uleb128 0x49
 2749 003f 13       		.uleb128 0x13
 2750 0040 2F       		.uleb128 0x2f
 2751 0041 05       		.uleb128 0x5
 2752 0042 00       		.byte	0
 2753 0043 00       		.byte	0
 2754 0044 07       		.uleb128 0x7
 2755 0045 34       		.uleb128 0x34
 2756 0046 00       		.byte	0
 2757 0047 03       		.uleb128 0x3
 2758 0048 0E       		.uleb128 0xe
 2759 0049 3A       		.uleb128 0x3a
 2760 004a 0B       		.uleb128 0xb
 2761 004b 3B       		.uleb128 0x3b
 2762 004c 0B       		.uleb128 0xb
 2763 004d 49       		.uleb128 0x49
 2764 004e 13       		.uleb128 0x13
 2765 004f 3F       		.uleb128 0x3f
 2766 0050 19       		.uleb128 0x19
 2767 0051 02       		.uleb128 0x2
 2768 0052 18       		.uleb128 0x18
 2769 0053 00       		.byte	0
 2770 0054 00       		.byte	0
 2771 0055 08       		.uleb128 0x8
 2772 0056 26       		.uleb128 0x26
 2773 0057 00       		.byte	0
 2774 0058 49       		.uleb128 0x49
 2775 0059 13       		.uleb128 0x13
 2776 005a 00       		.byte	0
 2777 005b 00       		.byte	0
 2778 005c 09       		.uleb128 0x9
 2779 005d 21       		.uleb128 0x21
 2780 005e 00       		.byte	0
 2781 005f 49       		.uleb128 0x49
 2782 0060 13       		.uleb128 0x13
 2783 0061 2F       		.uleb128 0x2f
 2784 0062 0B       		.uleb128 0xb
 2785 0063 00       		.byte	0
 2786 0064 00       		.byte	0
 2787 0065 0A       		.uleb128 0xa
 2788 0066 34       		.uleb128 0x34
 2789 0067 00       		.byte	0
ARM GAS  C:\Users\Javier\AppData\Local\Temp\ccesiV1g.s 			page 50


 2790 0068 03       		.uleb128 0x3
 2791 0069 0E       		.uleb128 0xe
 2792 006a 3A       		.uleb128 0x3a
 2793 006b 0B       		.uleb128 0xb
 2794 006c 3B       		.uleb128 0x3b
 2795 006d 05       		.uleb128 0x5
 2796 006e 49       		.uleb128 0x49
 2797 006f 13       		.uleb128 0x13
 2798 0070 3F       		.uleb128 0x3f
 2799 0071 19       		.uleb128 0x19
 2800 0072 02       		.uleb128 0x2
 2801 0073 18       		.uleb128 0x18
 2802 0074 00       		.byte	0
 2803 0075 00       		.byte	0
 2804 0076 00       		.byte	0
 2805              		.section	.debug_aranges,"",%progbits
 2806 0000 14000000 		.4byte	0x14
 2807 0004 0200     		.2byte	0x2
 2808 0006 00000000 		.4byte	.Ldebug_info0
 2809 000a 04       		.byte	0x4
 2810 000b 00       		.byte	0
 2811 000c 0000     		.2byte	0
 2812 000e 0000     		.2byte	0
 2813 0010 00000000 		.4byte	0
 2814 0014 00000000 		.4byte	0
 2815              		.section	.debug_line,"",%progbits
 2816              	.Ldebug_line0:
 2817 0000 4F000000 		.section	.debug_str,"MS",%progbits,1
 2817      02004900 
 2817      00000201 
 2817      FB0E0D00 
 2817      01010101 
 2818              	.LASF20:
 2819 0000 2E5C4765 		.ascii	".\\Generated_Source\\PSoC5\\cymetadata.c\000"
 2819      6E657261 
 2819      7465645F 
 2819      536F7572 
 2819      63655C50 
 2820              	.LASF18:
 2821 0026 63795F6D 		.ascii	"cy_metadata\000"
 2821      65746164 
 2821      61746100 
 2822              	.LASF9:
 2823 0032 666C6F61 		.ascii	"float\000"
 2823      7400
 2824              	.LASF1:
 2825 0038 756E7369 		.ascii	"unsigned char\000"
 2825      676E6564 
 2825      20636861 
 2825      7200
 2826              	.LASF5:
 2827 0046 6C6F6E67 		.ascii	"long unsigned int\000"
 2827      20756E73 
 2827      69676E65 
 2827      6420696E 
 2827      7400
 2828              	.LASF3:
ARM GAS  C:\Users\Javier\AppData\Local\Temp\ccesiV1g.s 			page 51


 2829 0058 73686F72 		.ascii	"short unsigned int\000"
 2829      7420756E 
 2829      7369676E 
 2829      65642069 
 2829      6E7400
 2830              	.LASF10:
 2831 006b 646F7562 		.ascii	"double\000"
 2831      6C6500
 2832              	.LASF14:
 2833 0072 63795F6D 		.ascii	"cy_meta_custnvl\000"
 2833      6574615F 
 2833      63757374 
 2833      6E766C00 
 2834              	.LASF13:
 2835 0082 63795F6D 		.ascii	"cy_meta_configecc\000"
 2835      6574615F 
 2835      636F6E66 
 2835      69676563 
 2835      6300
 2836              	.LASF19:
 2837 0094 474E5520 		.ascii	"GNU C 4.9.3 20150303 (release) [ARM/embedded-4_9-br"
 2837      4320342E 
 2837      392E3320 
 2837      32303135 
 2837      30333033 
 2838 00c7 616E6368 		.ascii	"anch revision 221220] -mcpu=cortex-m3 -mthumb -g -O"
 2838      20726576 
 2838      6973696F 
 2838      6E203232 
 2838      31323230 
 2839 00fa 67202D66 		.ascii	"g -ffunction-sections -ffat-lto-objects\000"
 2839      66756E63 
 2839      74696F6E 
 2839      2D736563 
 2839      74696F6E 
 2840              	.LASF8:
 2841 0122 756E7369 		.ascii	"unsigned int\000"
 2841      676E6564 
 2841      20696E74 
 2841      00
 2842              	.LASF7:
 2843 012f 6C6F6E67 		.ascii	"long long unsigned int\000"
 2843      206C6F6E 
 2843      6720756E 
 2843      7369676E 
 2843      65642069 
 2844              	.LASF17:
 2845 0146 63795F6D 		.ascii	"cy_meta_flashprotect\000"
 2845      6574615F 
 2845      666C6173 
 2845      6870726F 
 2845      74656374 
 2846              	.LASF15:
 2847 015b 63795F6D 		.ascii	"cy_meta_wonvl\000"
 2847      6574615F 
 2847      776F6E76 
 2847      6C00
ARM GAS  C:\Users\Javier\AppData\Local\Temp\ccesiV1g.s 			page 52


 2848              	.LASF21:
 2849 0169 433A5C55 		.ascii	"C:\\Users\\Javier\\Documents\\PSoC Creator\\gnome_w"
 2849      73657273 
 2849      5C4A6176 
 2849      6965725C 
 2849      446F6375 
 2850 0197 6F726B73 		.ascii	"orkspace\\gnome_psoc5.cydsn\000"
 2850      70616365 
 2850      5C676E6F 
 2850      6D655F70 
 2850      736F6335 
 2851              	.LASF12:
 2852 01b2 73697A65 		.ascii	"sizetype\000"
 2852      74797065 
 2852      00
 2853              	.LASF6:
 2854 01bb 6C6F6E67 		.ascii	"long long int\000"
 2854      206C6F6E 
 2854      6720696E 
 2854      7400
 2855              	.LASF11:
 2856 01c9 63686172 		.ascii	"char\000"
 2856      00
 2857              	.LASF2:
 2858 01ce 73686F72 		.ascii	"short int\000"
 2858      7420696E 
 2858      7400
 2859              	.LASF22:
 2860 01d8 75696E74 		.ascii	"uint8\000"
 2860      3800
 2861              	.LASF4:
 2862 01de 6C6F6E67 		.ascii	"long int\000"
 2862      20696E74 
 2862      00
 2863              	.LASF16:
 2864 01e7 63795F65 		.ascii	"cy_eeprom\000"
 2864      6570726F 
 2864      6D00
 2865              	.LASF0:
 2866 01f1 7369676E 		.ascii	"signed char\000"
 2866      65642063 
 2866      68617200 
 2867              		.ident	"GCC: (GNU Tools for ARM Embedded Processors) 4.9.3 20150303 (release) [ARM/embedded-4_9-br
