ARM GAS  C:\Users\Javier\AppData\Local\Temp\ccse1tQb.s 			page 1


   1              		.syntax unified
   2              		.cpu cortex-m3
   3              		.fpu softvfp
   4              		.eabi_attribute 20, 1
   5              		.eabi_attribute 21, 1
   6              		.eabi_attribute 23, 3
   7              		.eabi_attribute 24, 1
   8              		.eabi_attribute 25, 1
   9              		.eabi_attribute 26, 1
  10              		.eabi_attribute 30, 1
  11              		.eabi_attribute 34, 1
  12              		.eabi_attribute 18, 4
  13              		.thumb
  14              		.file	"gnome.c"
  15              		.text
  16              	.Ltext0:
  17              		.cfi_sections	.debug_frame
  18              		.section	.text.gnome_process_it,"ax",%progbits
  19              		.align	2
  20              		.global	gnome_process_it
  21              		.thumb
  22              		.thumb_func
  23              		.type	gnome_process_it, %function
  24              	gnome_process_it:
  25              	.LFB65:
  26              		.file 1 ".\\gnome.c"
   1:.\gnome.c     **** /* ========================================
   2:.\gnome.c     ****  *
   3:.\gnome.c     ****  * Copyright YOUR COMPANY, THE YEAR
   4:.\gnome.c     ****  * All Rights Reserved
   5:.\gnome.c     ****  * UNPUBLISHED, LICENSED SOFTWARE.
   6:.\gnome.c     ****  *
   7:.\gnome.c     ****  * CONFIDENTIAL AND PROPRIETARY INFORMATION
   8:.\gnome.c     ****  * WHICH IS THE PROPERTY OF your company.
   9:.\gnome.c     ****  *
  10:.\gnome.c     ****  * ========================================
  11:.\gnome.c     **** */
  12:.\gnome.c     **** 
  13:.\gnome.c     **** #include "gnome.h"
  14:.\gnome.c     **** #include "gnome_config.h"
  15:.\gnome.c     **** #include "gnome_inst_decoder.h"
  16:.\gnome.c     **** #include "gnome_execute.h"
  17:.\gnome.c     **** #include "gnome_memory.h"
  18:.\gnome.c     **** #include "gnome_lcd.h"
  19:.\gnome.c     **** 
  20:.\gnome.c     **** #if (GNOME_DEBUGGING_ON == 1)
  21:.\gnome.c     ****     #include <stdio.h>
  22:.\gnome.c     **** #endif
  23:.\gnome.c     **** 
  24:.\gnome.c     **** CY_ISR_PROTO(gnome_process_it);
  25:.\gnome.c     **** 
  26:.\gnome.c     **** void gnome_reset() {
  27:.\gnome.c     ****     
  28:.\gnome.c     ****     // Inicializa contexto normal
  29:.\gnome.c     ****     normal_context.accumulator = 0;
  30:.\gnome.c     ****     normal_context.flags.C = 0;
  31:.\gnome.c     ****     normal_context.flags.Z = 0;
ARM GAS  C:\Users\Javier\AppData\Local\Temp\ccse1tQb.s 			page 2


  32:.\gnome.c     ****     normal_context.ind_addr_reg.data = 0;
  33:.\gnome.c     ****     normal_context.ind_addr_reg.ptr = 0;
  34:.\gnome.c     ****     normal_context.PC = GNOME_RESET_VECTOR;
  35:.\gnome.c     ****     normal_context.stack.ptr = 0;
  36:.\gnome.c     ****     
  37:.\gnome.c     ****     int i = 0;
  38:.\gnome.c     ****     for (i = 0; i < GNOME_STACK_SIZE; i++) {
  39:.\gnome.c     ****         normal_context.stack.data[i] = 0;
  40:.\gnome.c     ****     }
  41:.\gnome.c     ****     
  42:.\gnome.c     ****     // Inicializa contexto interrupción
  43:.\gnome.c     ****     it_context.accumulator = 0;
  44:.\gnome.c     ****     it_context.flags.C = 0;
  45:.\gnome.c     ****     it_context.flags.Z = 0;
  46:.\gnome.c     ****     it_context.ind_addr_reg.data = 0;
  47:.\gnome.c     ****     it_context.ind_addr_reg.ptr = 0;
  48:.\gnome.c     ****     it_context.PC = GNOME_IT_VECTOR;
  49:.\gnome.c     ****     it_context.stack.ptr = 0;
  50:.\gnome.c     ****     
  51:.\gnome.c     ****     for (i = 0; i < GNOME_STACK_SIZE; i++) {
  52:.\gnome.c     ****         it_context.stack.data[i] = 0;
  53:.\gnome.c     ****     }
  54:.\gnome.c     ****     
  55:.\gnome.c     ****     // Inicializa puertos de memoria
  56:.\gnome.c     ****     via_state.port0_ptr = 0;
  57:.\gnome.c     ****     via_state.port1_ptr = 0;
  58:.\gnome.c     ****     
  59:.\gnome.c     ****     // Asignamos el contexto de ejecución
  60:.\gnome.c     ****     current_context = &normal_context;
  61:.\gnome.c     ****     
  62:.\gnome.c     ****     // Carga la memoria de programa desde la EEPROM en RAM
  63:.\gnome.c     ****     for(i = 0; i < 256; i++) {
  64:.\gnome.c     ****         rom[i] = EEPROM_ReadByte(i);
  65:.\gnome.c     ****     }
  66:.\gnome.c     **** }
  67:.\gnome.c     **** 
  68:.\gnome.c     **** void gnome_start() {
  69:.\gnome.c     ****         
  70:.\gnome.c     ****     // Inicializa la UART
  71:.\gnome.c     ****     #if (GNOME_DEBUGGING_ON == 1)
  72:.\gnome.c     ****         UART_Start();
  73:.\gnome.c     ****     #endif
  74:.\gnome.c     ****     
  75:.\gnome.c     ****     // Se realiza la lectura de los códigos de operacion a ejecutar desde la EEPROM.
  76:.\gnome.c     ****     // Inicializa EEPROM
  77:.\gnome.c     ****     EEPROM_Start();
  78:.\gnome.c     **** 
  79:.\gnome.c     ****     // Reset del micro
  80:.\gnome.c     ****     gnome_reset();
  81:.\gnome.c     ****     
  82:.\gnome.c     ****     #if (GNOME_DEBUGGING_ON == 1) 
  83:.\gnome.c     ****         UART_PutString("//////////////////////////////////////\n");
  84:.\gnome.c     ****         UART_PutString("//---- GNOME DEBUGGING TERMINAL ----//\n");
  85:.\gnome.c     ****         UART_PutString("//////////////////////////////////////\n");
  86:.\gnome.c     ****         char str[40];
  87:.\gnome.c     ****         if (current_context == &normal_context) 
  88:.\gnome.c     ****             UART_PutString("\tNormal Context\n");
ARM GAS  C:\Users\Javier\AppData\Local\Temp\ccse1tQb.s 			page 3


  89:.\gnome.c     ****         else
  90:.\gnome.c     ****             UART_PutString("\tIT Context\n");
  91:.\gnome.c     ****             
  92:.\gnome.c     ****         sprintf(str, "\tPC = 0x%02x\n", current_context->PC);
  93:.\gnome.c     ****         UART_PutString(str);
  94:.\gnome.c     ****         sprintf(str, "\tAcc Va= 0x%02x\n", current_context->accumulator);
  95:.\gnome.c     ****         UART_PutString(str);
  96:.\gnome.c     ****         sprintf(str, "\tC, Z = %d, %d\n", current_context->flags.C, current_context->flags.Z);
  97:.\gnome.c     ****         UART_PutString(str);
  98:.\gnome.c     ****         sprintf(str, "\tIND_ADDR_REG =  0x%02x\n", current_context->ind_addr_reg.data);
  99:.\gnome.c     ****         UART_PutString(str);
 100:.\gnome.c     ****         
 101:.\gnome.c     ****         int i = 0;
 102:.\gnome.c     ****         for (i = 0; i < 16; i++) {
 103:.\gnome.c     ****             sprintf(str, "\tREG[%d] = 0x%02x\n", i, gnome_debug_load_reg(i));
 104:.\gnome.c     ****             UART_PutString(str);
 105:.\gnome.c     ****         }
 106:.\gnome.c     ****         UART_PutString("\n\n");
 107:.\gnome.c     ****     #endif
 108:.\gnome.c     ****     
 109:.\gnome.c     ****     // Configure interrupt
 110:.\gnome.c     ****     ISR_StartEx(gnome_process_it);
 111:.\gnome.c     ****     
 112:.\gnome.c     ****     // Config LCD
 113:.\gnome.c     ****     setup_lcd(&lcd);
 114:.\gnome.c     ****     
 115:.\gnome.c     ****     // Set CLK pointer
 116:.\gnome.c     ****     reg8 *clk = GNOME_VIA_GNOME_CLK_ADDR;
 117:.\gnome.c     ****     while(1) {
 118:.\gnome.c     ****         
 119:.\gnome.c     ****         CyGlobalIntDisable;
 120:.\gnome.c     ****         *clk = 1;
 121:.\gnome.c     ****         // Fetch Instruction & Increment PC
 122:.\gnome.c     ****         uint8_t code = rom[current_context->PC & 0xFF]; 
 123:.\gnome.c     ****         current_context->PC++;
 124:.\gnome.c     ****         *clk = 0;
 125:.\gnome.c     ****         *clk = 1;
 126:.\gnome.c     ****         // Decode Instruction
 127:.\gnome.c     ****         inst_enum inst = decodeInstruction(code);
 128:.\gnome.c     ****         *clk = 0;
 129:.\gnome.c     ****         *clk = 1;
 130:.\gnome.c     ****         // Execute instruction
 131:.\gnome.c     ****         exectute(inst, code);
 132:.\gnome.c     ****         *clk = 0;
 133:.\gnome.c     ****         #if(GNOME_DEBUGGING_ON==1) 
 134:.\gnome.c     ****             char str[40];
 135:.\gnome.c     ****             if (current_context == &normal_context) 
 136:.\gnome.c     ****                 UART_PutString("\tNormal Context\n");
 137:.\gnome.c     ****             else
 138:.\gnome.c     ****                 UART_PutString("\tIT Context\n");
 139:.\gnome.c     ****                 
 140:.\gnome.c     ****             sprintf(str, "\tPC = 0x%02x\n", current_context->PC);
 141:.\gnome.c     ****             UART_PutString(str);
 142:.\gnome.c     ****             sprintf(str, "\tAcc = 0x%02x\n", current_context->accumulator);
 143:.\gnome.c     ****             UART_PutString(str);
 144:.\gnome.c     ****             sprintf(str, "\tC, Z = %d, %d\n", current_context->flags.C, current_context->flags.Z);
 145:.\gnome.c     ****             UART_PutString(str);
ARM GAS  C:\Users\Javier\AppData\Local\Temp\ccse1tQb.s 			page 4


 146:.\gnome.c     ****             sprintf(str, "\tIND_ADDR_REG =  0x%02x\n", current_context->ind_addr_reg.data);
 147:.\gnome.c     ****             UART_PutString(str);
 148:.\gnome.c     ****             
 149:.\gnome.c     ****             int i = 0;
 150:.\gnome.c     ****             for (i = 0; i < 16; i++) {
 151:.\gnome.c     ****                 sprintf(str, "\tREG[%d] = 0x%02x\n", i, gnome_debug_load_reg(i));
 152:.\gnome.c     ****                 UART_PutString(str);
 153:.\gnome.c     ****             }
 154:.\gnome.c     ****             UART_PutString("\n");
 155:.\gnome.c     ****             for (i = 0; i < GNOME_STACK_SIZE; i++) {
 156:.\gnome.c     ****                 uint8_t addr = current_context->stack.ptr - i;
 157:.\gnome.c     ****                 if (addr >= GNOME_STACK_SIZE) addr += GNOME_STACK_SIZE;
 158:.\gnome.c     ****                 sprintf(str, "\tSTACK[%d] = 0x%02x\n", i, current_context->stack.data[addr]);
 159:.\gnome.c     ****                 UART_PutString(str);
 160:.\gnome.c     ****             }
 161:.\gnome.c     ****             sprintf(str, "\tSTACK_PTR = 0x%02x\n", current_context->stack.ptr);
 162:.\gnome.c     ****             UART_PutString(str);
 163:.\gnome.c     ****             
 164:.\gnome.c     ****             UART_PutString("\n\n");
 165:.\gnome.c     ****             
 166:.\gnome.c     ****             CyDelay(GNOME_DEBUGGING_PERIOD);
 167:.\gnome.c     ****         #endif
 168:.\gnome.c     ****         
 169:.\gnome.c     ****         // Habilitar interrupciones entre instrucciones
 170:.\gnome.c     ****         CYGlobalIntEnable;
 171:.\gnome.c     ****         
 172:.\gnome.c     ****         if (lcd_update) update_lcd(&lcd);
 173:.\gnome.c     ****     }
 174:.\gnome.c     **** }
 175:.\gnome.c     **** 
 176:.\gnome.c     **** CY_ISR(gnome_process_it){
  27              		.loc 1 176 0
  28              		.cfi_startproc
  29              		@ args = 0, pretend = 0, frame = 0
  30              		@ frame_needed = 0, uses_anonymous_args = 0
  31              		@ link register save eliminated.
 177:.\gnome.c     ****     if (current_context != &it_context) {
  32              		.loc 1 177 0
  33 0000 044B     		ldr	r3, .L3
  34 0002 1A68     		ldr	r2, [r3]
  35 0004 044B     		ldr	r3, .L3+4
  36 0006 9A42     		cmp	r2, r3
  37 0008 03D0     		beq	.L1
 178:.\gnome.c     ****         current_context = &it_context;
  38              		.loc 1 178 0
  39 000a 024A     		ldr	r2, .L3
  40 000c 1360     		str	r3, [r2]
 179:.\gnome.c     ****         
 180:.\gnome.c     ****         // Configuracion del vector de interrupcion.
 181:.\gnome.c     ****         current_context->PC = GNOME_IT_VECTOR;
  41              		.loc 1 181 0
  42 000e E022     		movs	r2, #224
  43 0010 DA70     		strb	r2, [r3, #3]
  44              	.L1:
  45 0012 7047     		bx	lr
  46              	.L4:
  47              		.align	2
ARM GAS  C:\Users\Javier\AppData\Local\Temp\ccse1tQb.s 			page 5


  48              	.L3:
  49 0014 00000000 		.word	current_context
  50 0018 00000000 		.word	it_context
  51              		.cfi_endproc
  52              	.LFE65:
  53              		.size	gnome_process_it, .-gnome_process_it
  54              		.section	.text.gnome_reset,"ax",%progbits
  55              		.align	2
  56              		.global	gnome_reset
  57              		.thumb
  58              		.thumb_func
  59              		.type	gnome_reset, %function
  60              	gnome_reset:
  61              	.LFB63:
  26:.\gnome.c     ****     
  62              		.loc 1 26 0
  63              		.cfi_startproc
  64              		@ args = 0, pretend = 0, frame = 0
  65              		@ frame_needed = 0, uses_anonymous_args = 0
  29:.\gnome.c     ****     normal_context.flags.C = 0;
  66              		.loc 1 29 0
  67 0000 1A4A     		ldr	r2, .L13
  68 0002 0023     		movs	r3, #0
  69 0004 1370     		strb	r3, [r2]
  30:.\gnome.c     ****     normal_context.flags.Z = 0;
  70              		.loc 1 30 0
  71 0006 5370     		strb	r3, [r2, #1]
  31:.\gnome.c     ****     normal_context.ind_addr_reg.data = 0;
  72              		.loc 1 31 0
  73 0008 9370     		strb	r3, [r2, #2]
  32:.\gnome.c     ****     normal_context.ind_addr_reg.ptr = 0;
  74              		.loc 1 32 0
  75 000a 5372     		strb	r3, [r2, #9]
  33:.\gnome.c     ****     normal_context.PC = GNOME_RESET_VECTOR;
  76              		.loc 1 33 0
  77 000c 9372     		strb	r3, [r2, #10]
  34:.\gnome.c     ****     normal_context.stack.ptr = 0;
  78              		.loc 1 34 0
  79 000e D370     		strb	r3, [r2, #3]
  35:.\gnome.c     ****     
  80              		.loc 1 35 0
  81 0010 1372     		strb	r3, [r2, #8]
  82              	.LVL0:
  38:.\gnome.c     ****         normal_context.stack.data[i] = 0;
  83              		.loc 1 38 0
  84 0012 04E0     		b	.L6
  85              	.LVL1:
  86              	.L7:
  39:.\gnome.c     ****     }
  87              		.loc 1 39 0 discriminator 3
  88 0014 154A     		ldr	r2, .L13
  89 0016 1A44     		add	r2, r2, r3
  90 0018 0021     		movs	r1, #0
  91 001a 1171     		strb	r1, [r2, #4]
  38:.\gnome.c     ****         normal_context.stack.data[i] = 0;
  92              		.loc 1 38 0 discriminator 3
  93 001c 0133     		adds	r3, r3, #1
ARM GAS  C:\Users\Javier\AppData\Local\Temp\ccse1tQb.s 			page 6


  94              	.LVL2:
  95              	.L6:
  38:.\gnome.c     ****         normal_context.stack.data[i] = 0;
  96              		.loc 1 38 0 is_stmt 0 discriminator 1
  97 001e 032B     		cmp	r3, #3
  98 0020 F8DD     		ble	.L7
  43:.\gnome.c     ****     it_context.flags.C = 0;
  99              		.loc 1 43 0 is_stmt 1
 100 0022 134A     		ldr	r2, .L13+4
 101 0024 0023     		movs	r3, #0
 102              	.LVL3:
 103 0026 1370     		strb	r3, [r2]
  44:.\gnome.c     ****     it_context.flags.Z = 0;
 104              		.loc 1 44 0
 105 0028 5370     		strb	r3, [r2, #1]
  45:.\gnome.c     ****     it_context.ind_addr_reg.data = 0;
 106              		.loc 1 45 0
 107 002a 9370     		strb	r3, [r2, #2]
  46:.\gnome.c     ****     it_context.ind_addr_reg.ptr = 0;
 108              		.loc 1 46 0
 109 002c 5372     		strb	r3, [r2, #9]
  47:.\gnome.c     ****     it_context.PC = GNOME_IT_VECTOR;
 110              		.loc 1 47 0
 111 002e 9372     		strb	r3, [r2, #10]
  48:.\gnome.c     ****     it_context.stack.ptr = 0;
 112              		.loc 1 48 0
 113 0030 E021     		movs	r1, #224
 114 0032 D170     		strb	r1, [r2, #3]
  49:.\gnome.c     ****     
 115              		.loc 1 49 0
 116 0034 1372     		strb	r3, [r2, #8]
 117              	.LVL4:
  51:.\gnome.c     ****         it_context.stack.data[i] = 0;
 118              		.loc 1 51 0
 119 0036 04E0     		b	.L8
 120              	.LVL5:
 121              	.L9:
  52:.\gnome.c     ****     }
 122              		.loc 1 52 0 discriminator 3
 123 0038 0D4A     		ldr	r2, .L13+4
 124 003a 1A44     		add	r2, r2, r3
 125 003c 0021     		movs	r1, #0
 126 003e 1171     		strb	r1, [r2, #4]
  51:.\gnome.c     ****         it_context.stack.data[i] = 0;
 127              		.loc 1 51 0 discriminator 3
 128 0040 0133     		adds	r3, r3, #1
 129              	.LVL6:
 130              	.L8:
  51:.\gnome.c     ****         it_context.stack.data[i] = 0;
 131              		.loc 1 51 0 is_stmt 0 discriminator 1
 132 0042 032B     		cmp	r3, #3
 133 0044 F8DD     		ble	.L9
  26:.\gnome.c     ****     
 134              		.loc 1 26 0 is_stmt 1
 135 0046 10B5     		push	{r4, lr}
 136              		.cfi_def_cfa_offset 8
 137              		.cfi_offset 4, -8
ARM GAS  C:\Users\Javier\AppData\Local\Temp\ccse1tQb.s 			page 7


 138              		.cfi_offset 14, -4
  56:.\gnome.c     ****     via_state.port1_ptr = 0;
 139              		.loc 1 56 0
 140 0048 0A4B     		ldr	r3, .L13+8
 141              	.LVL7:
 142 004a 0024     		movs	r4, #0
 143 004c 5C70     		strb	r4, [r3, #1]
  57:.\gnome.c     ****     
 144              		.loc 1 57 0
 145 004e 9C70     		strb	r4, [r3, #2]
  60:.\gnome.c     ****     
 146              		.loc 1 60 0
 147 0050 064A     		ldr	r2, .L13
 148 0052 094B     		ldr	r3, .L13+12
 149 0054 1A60     		str	r2, [r3]
 150              	.LVL8:
  63:.\gnome.c     ****         rom[i] = EEPROM_ReadByte(i);
 151              		.loc 1 63 0
 152 0056 05E0     		b	.L10
 153              	.LVL9:
 154              	.L11:
  64:.\gnome.c     ****     }
 155              		.loc 1 64 0 discriminator 3
 156 0058 A0B2     		uxth	r0, r4
 157 005a FFF7FEFF 		bl	EEPROM_ReadByte
 158              	.LVL10:
 159 005e 074B     		ldr	r3, .L13+16
 160 0060 1855     		strb	r0, [r3, r4]
  63:.\gnome.c     ****         rom[i] = EEPROM_ReadByte(i);
 161              		.loc 1 63 0 discriminator 3
 162 0062 0134     		adds	r4, r4, #1
 163              	.LVL11:
 164              	.L10:
  63:.\gnome.c     ****         rom[i] = EEPROM_ReadByte(i);
 165              		.loc 1 63 0 is_stmt 0 discriminator 1
 166 0064 FF2C     		cmp	r4, #255
 167 0066 F7DD     		ble	.L11
  66:.\gnome.c     **** 
 168              		.loc 1 66 0 is_stmt 1
 169 0068 10BD     		pop	{r4, pc}
 170              	.LVL12:
 171              	.L14:
 172 006a 00BF     		.align	2
 173              	.L13:
 174 006c 00000000 		.word	normal_context
 175 0070 00000000 		.word	it_context
 176 0074 00000000 		.word	via_state
 177 0078 00000000 		.word	current_context
 178 007c 00000000 		.word	rom
 179              		.cfi_endproc
 180              	.LFE63:
 181              		.size	gnome_reset, .-gnome_reset
 182              		.section	.text.gnome_start,"ax",%progbits
 183              		.align	2
 184              		.global	gnome_start
 185              		.thumb
 186              		.thumb_func
ARM GAS  C:\Users\Javier\AppData\Local\Temp\ccse1tQb.s 			page 8


 187              		.type	gnome_start, %function
 188              	gnome_start:
 189              	.LFB64:
  68:.\gnome.c     ****         
 190              		.loc 1 68 0
 191              		.cfi_startproc
 192              		@ args = 0, pretend = 0, frame = 0
 193              		@ frame_needed = 0, uses_anonymous_args = 0
 194 0000 F8B5     		push	{r3, r4, r5, r6, r7, lr}
 195              		.cfi_def_cfa_offset 24
 196              		.cfi_offset 3, -24
 197              		.cfi_offset 4, -20
 198              		.cfi_offset 5, -16
 199              		.cfi_offset 6, -12
 200              		.cfi_offset 7, -8
 201              		.cfi_offset 14, -4
  77:.\gnome.c     **** 
 202              		.loc 1 77 0
 203 0002 FFF7FEFF 		bl	EEPROM_Start
 204              	.LVL13:
  80:.\gnome.c     ****     
 205              		.loc 1 80 0
 206 0006 FFF7FEFF 		bl	gnome_reset
 207              	.LVL14:
 110:.\gnome.c     ****     
 208              		.loc 1 110 0
 209 000a 1348     		ldr	r0, .L19
 210 000c FFF7FEFF 		bl	ISR_StartEx
 211              	.LVL15:
 113:.\gnome.c     ****     
 212              		.loc 1 113 0
 213 0010 1248     		ldr	r0, .L19+4
 214 0012 FFF7FEFF 		bl	setup_lcd
 215              	.LVL16:
 216              	.L16:
 217              	.LBB2:
 119:.\gnome.c     ****         *clk = 1;
 218              		.loc 1 119 0
 219              	@ 119 ".\gnome.c" 1
 220 0016 72B6     		CPSID   i
 221              	@ 0 "" 2
 120:.\gnome.c     ****         // Fetch Instruction & Increment PC
 222              		.loc 1 120 0
 223              		.thumb
 224 0018 114C     		ldr	r4, .L19+8
 225 001a 0126     		movs	r6, #1
 226 001c 2670     		strb	r6, [r4]
 122:.\gnome.c     ****         current_context->PC++;
 227              		.loc 1 122 0
 228 001e 114B     		ldr	r3, .L19+12
 229 0020 1A68     		ldr	r2, [r3]
 230 0022 D378     		ldrb	r3, [r2, #3]	@ zero_extendqisi2
 231 0024 1049     		ldr	r1, .L19+16
 232 0026 CF5C     		ldrb	r7, [r1, r3]	@ zero_extendqisi2
 233              	.LVL17:
 123:.\gnome.c     ****         *clk = 0;
 234              		.loc 1 123 0
ARM GAS  C:\Users\Javier\AppData\Local\Temp\ccse1tQb.s 			page 9


 235 0028 3344     		add	r3, r3, r6
 236 002a D370     		strb	r3, [r2, #3]
 124:.\gnome.c     ****         *clk = 1;
 237              		.loc 1 124 0
 238 002c 0025     		movs	r5, #0
 239 002e 2570     		strb	r5, [r4]
 125:.\gnome.c     ****         // Decode Instruction
 240              		.loc 1 125 0
 241 0030 2670     		strb	r6, [r4]
 127:.\gnome.c     ****         *clk = 0;
 242              		.loc 1 127 0
 243 0032 3846     		mov	r0, r7
 244 0034 FFF7FEFF 		bl	decodeInstruction
 245              	.LVL18:
 128:.\gnome.c     ****         *clk = 1;
 246              		.loc 1 128 0
 247 0038 2570     		strb	r5, [r4]
 129:.\gnome.c     ****         // Execute instruction
 248              		.loc 1 129 0
 249 003a 2670     		strb	r6, [r4]
 131:.\gnome.c     ****         *clk = 0;
 250              		.loc 1 131 0
 251 003c 3946     		mov	r1, r7
 252 003e FFF7FEFF 		bl	exectute
 253              	.LVL19:
 132:.\gnome.c     ****         #if(GNOME_DEBUGGING_ON==1) 
 254              		.loc 1 132 0
 255 0042 2570     		strb	r5, [r4]
 170:.\gnome.c     ****         
 256              		.loc 1 170 0
 257              	@ 170 ".\gnome.c" 1
 258 0044 62B6     		CPSIE   i
 259              	@ 0 "" 2
 172:.\gnome.c     ****     }
 260              		.loc 1 172 0
 261              		.thumb
 262 0046 094B     		ldr	r3, .L19+20
 263 0048 1B78     		ldrb	r3, [r3]	@ zero_extendqisi2
 264 004a 13F0FF0F 		tst	r3, #255
 265 004e E2D0     		beq	.L16
 172:.\gnome.c     ****     }
 266              		.loc 1 172 0 is_stmt 0 discriminator 1
 267 0050 0248     		ldr	r0, .L19+4
 268 0052 FFF7FEFF 		bl	update_lcd
 269              	.LVL20:
 270 0056 DEE7     		b	.L16
 271              	.L20:
 272              		.align	2
 273              	.L19:
 274 0058 00000000 		.word	gnome_process_it
 275 005c 00000000 		.word	lcd
 276 0060 79640040 		.word	1073767545
 277 0064 00000000 		.word	current_context
 278 0068 00000000 		.word	rom
 279 006c 00000000 		.word	lcd_update
 280              	.LBE2:
 281              		.cfi_endproc
ARM GAS  C:\Users\Javier\AppData\Local\Temp\ccse1tQb.s 			page 10


 282              	.LFE64:
 283              		.size	gnome_start, .-gnome_start
 284              		.comm	lcd_update,1,1
 285              		.comm	lcd,134,4
 286              		.comm	via_state,3,4
 287              		.comm	rom,256,4
 288              		.comm	registers,16,4
 289              		.comm	current_context,4,4
 290              		.comm	it_context,11,4
 291              		.comm	normal_context,11,4
 292              		.text
 293              	.Letext0:
 294              		.file 2 "c:\\program files (x86)\\cypress\\psoc creator\\3.3\\psoc creator\\import\\gnu\\arm\\4.9.
 295              		.file 3 "c:\\program files (x86)\\cypress\\psoc creator\\3.3\\psoc creator\\import\\gnu\\arm\\4.9.
 296              		.file 4 "Generated_Source\\PSoC5/cytypes.h"
 297              		.file 5 ".\\gnome_registers.h"
 298              		.file 6 ".\\gnome_memory.h"
 299              		.file 7 ".\\i2cLCD.h"
 300              		.file 8 "Generated_Source\\PSoC5/core_cm3.h"
 301              		.file 9 ".\\gnome_lcd.h"
 302              		.file 10 "Generated_Source\\PSoC5/EEPROM.h"
 303              		.file 11 ".\\gnome_inst_decoder.h"
 304              		.file 12 ".\\gnome_execute.h"
 305              		.file 13 "Generated_Source\\PSoC5/ISR.h"
 306              		.section	.debug_info,"",%progbits
 307              	.Ldebug_info0:
 308 0000 4F050000 		.4byte	0x54f
 309 0004 0400     		.2byte	0x4
 310 0006 00000000 		.4byte	.Ldebug_abbrev0
 311 000a 04       		.byte	0x4
 312 000b 01       		.uleb128 0x1
 313 000c 12030000 		.4byte	.LASF72
 314 0010 01       		.byte	0x1
 315 0011 88000000 		.4byte	.LASF73
 316 0015 25020000 		.4byte	.LASF74
 317 0019 00000000 		.4byte	.Ldebug_ranges0+0
 318 001d 00000000 		.4byte	0
 319 0021 00000000 		.4byte	.Ldebug_line0
 320 0025 02       		.uleb128 0x2
 321 0026 01       		.byte	0x1
 322 0027 06       		.byte	0x6
 323 0028 A8010000 		.4byte	.LASF0
 324 002c 03       		.uleb128 0x3
 325 002d 5E010000 		.4byte	.LASF4
 326 0031 02       		.byte	0x2
 327 0032 1D       		.byte	0x1d
 328 0033 37000000 		.4byte	0x37
 329 0037 02       		.uleb128 0x2
 330 0038 01       		.byte	0x1
 331 0039 08       		.byte	0x8
 332 003a 86010000 		.4byte	.LASF1
 333 003e 02       		.uleb128 0x2
 334 003f 02       		.byte	0x2
 335 0040 05       		.byte	0x5
 336 0041 33000000 		.4byte	.LASF2
 337 0045 02       		.uleb128 0x2
 338 0046 02       		.byte	0x2
ARM GAS  C:\Users\Javier\AppData\Local\Temp\ccse1tQb.s 			page 11


 339 0047 07       		.byte	0x7
 340 0048 6E020000 		.4byte	.LASF3
 341 004c 03       		.uleb128 0x3
 342 004d 08030000 		.4byte	.LASF5
 343 0051 02       		.byte	0x2
 344 0052 3F       		.byte	0x3f
 345 0053 57000000 		.4byte	0x57
 346 0057 02       		.uleb128 0x2
 347 0058 04       		.byte	0x4
 348 0059 05       		.byte	0x5
 349 005a 1C020000 		.4byte	.LASF6
 350 005e 02       		.uleb128 0x2
 351 005f 04       		.byte	0x4
 352 0060 07       		.byte	0x7
 353 0061 A4020000 		.4byte	.LASF7
 354 0065 02       		.uleb128 0x2
 355 0066 08       		.byte	0x8
 356 0067 05       		.byte	0x5
 357 0068 6A000000 		.4byte	.LASF8
 358 006c 02       		.uleb128 0x2
 359 006d 08       		.byte	0x8
 360 006e 07       		.byte	0x7
 361 006f BA010000 		.4byte	.LASF9
 362 0073 04       		.uleb128 0x4
 363 0074 04       		.byte	0x4
 364 0075 05       		.byte	0x5
 365 0076 696E7400 		.ascii	"int\000"
 366 007a 02       		.uleb128 0x2
 367 007b 04       		.byte	0x4
 368 007c 07       		.byte	0x7
 369 007d D9010000 		.4byte	.LASF10
 370 0081 03       		.uleb128 0x3
 371 0082 DE000000 		.4byte	.LASF11
 372 0086 03       		.byte	0x3
 373 0087 15       		.byte	0x15
 374 0088 2C000000 		.4byte	0x2c
 375 008c 03       		.uleb128 0x3
 376 008d 56010000 		.4byte	.LASF12
 377 0091 03       		.byte	0x3
 378 0092 2C       		.byte	0x2c
 379 0093 4C000000 		.4byte	0x4c
 380 0097 05       		.uleb128 0x5
 381 0098 F1000000 		.4byte	.LASF13
 382 009c 04       		.byte	0x4
 383 009d 3801     		.2byte	0x138
 384 009f 37000000 		.4byte	0x37
 385 00a3 05       		.uleb128 0x5
 386 00a4 D7000000 		.4byte	.LASF14
 387 00a8 04       		.byte	0x4
 388 00a9 3901     		.2byte	0x139
 389 00ab 45000000 		.4byte	0x45
 390 00af 02       		.uleb128 0x2
 391 00b0 04       		.byte	0x4
 392 00b1 04       		.byte	0x4
 393 00b2 0C010000 		.4byte	.LASF15
 394 00b6 02       		.uleb128 0x2
 395 00b7 08       		.byte	0x8
ARM GAS  C:\Users\Javier\AppData\Local\Temp\ccse1tQb.s 			page 12


 396 00b8 04       		.byte	0x4
 397 00b9 C0020000 		.4byte	.LASF16
 398 00bd 02       		.uleb128 0x2
 399 00be 01       		.byte	0x1
 400 00bf 08       		.byte	0x8
 401 00c0 17020000 		.4byte	.LASF17
 402 00c4 05       		.uleb128 0x5
 403 00c5 9F020000 		.4byte	.LASF18
 404 00c9 04       		.byte	0x4
 405 00ca E201     		.2byte	0x1e2
 406 00cc D0000000 		.4byte	0xd0
 407 00d0 06       		.uleb128 0x6
 408 00d1 97000000 		.4byte	0x97
 409 00d5 05       		.uleb128 0x5
 410 00d6 9B010000 		.4byte	.LASF19
 411 00da 04       		.byte	0x4
 412 00db F401     		.2byte	0x1f4
 413 00dd E1000000 		.4byte	0xe1
 414 00e1 07       		.uleb128 0x7
 415 00e2 04       		.byte	0x4
 416 00e3 E7000000 		.4byte	0xe7
 417 00e7 08       		.uleb128 0x8
 418 00e8 02       		.uleb128 0x2
 419 00e9 04       		.byte	0x4
 420 00ea 07       		.byte	0x7
 421 00eb B2030000 		.4byte	.LASF20
 422 00ef 06       		.uleb128 0x6
 423 00f0 81000000 		.4byte	0x81
 424 00f4 09       		.uleb128 0x9
 425 00f5 02       		.byte	0x2
 426 00f6 05       		.byte	0x5
 427 00f7 19       		.byte	0x19
 428 00f8 11010000 		.4byte	0x111
 429 00fc 0A       		.uleb128 0xa
 430 00fd 4300     		.ascii	"C\000"
 431 00ff 05       		.byte	0x5
 432 0100 1A       		.byte	0x1a
 433 0101 81000000 		.4byte	0x81
 434 0105 00       		.byte	0
 435 0106 0A       		.uleb128 0xa
 436 0107 5A00     		.ascii	"Z\000"
 437 0109 05       		.byte	0x5
 438 010a 1B       		.byte	0x1b
 439 010b 81000000 		.4byte	0x81
 440 010f 01       		.byte	0x1
 441 0110 00       		.byte	0
 442 0111 03       		.uleb128 0x3
 443 0112 A0030000 		.4byte	.LASF21
 444 0116 05       		.byte	0x5
 445 0117 1C       		.byte	0x1c
 446 0118 F4000000 		.4byte	0xf4
 447 011c 09       		.uleb128 0x9
 448 011d 05       		.byte	0x5
 449 011e 05       		.byte	0x5
 450 011f 20       		.byte	0x20
 451 0120 3D010000 		.4byte	0x13d
 452 0124 0B       		.uleb128 0xb
ARM GAS  C:\Users\Javier\AppData\Local\Temp\ccse1tQb.s 			page 13


 453 0125 8E020000 		.4byte	.LASF22
 454 0129 05       		.byte	0x5
 455 012a 21       		.byte	0x21
 456 012b 3D010000 		.4byte	0x13d
 457 012f 00       		.byte	0
 458 0130 0A       		.uleb128 0xa
 459 0131 70747200 		.ascii	"ptr\000"
 460 0135 05       		.byte	0x5
 461 0136 22       		.byte	0x22
 462 0137 81000000 		.4byte	0x81
 463 013b 04       		.byte	0x4
 464 013c 00       		.byte	0
 465 013d 0C       		.uleb128 0xc
 466 013e 81000000 		.4byte	0x81
 467 0142 4D010000 		.4byte	0x14d
 468 0146 0D       		.uleb128 0xd
 469 0147 E8000000 		.4byte	0xe8
 470 014b 03       		.byte	0x3
 471 014c 00       		.byte	0
 472 014d 03       		.uleb128 0x3
 473 014e 0F020000 		.4byte	.LASF23
 474 0152 05       		.byte	0x5
 475 0153 23       		.byte	0x23
 476 0154 1C010000 		.4byte	0x11c
 477 0158 09       		.uleb128 0x9
 478 0159 02       		.byte	0x2
 479 015a 05       		.byte	0x5
 480 015b 25       		.byte	0x25
 481 015c 79010000 		.4byte	0x179
 482 0160 0B       		.uleb128 0xb
 483 0161 8E020000 		.4byte	.LASF22
 484 0165 05       		.byte	0x5
 485 0166 26       		.byte	0x26
 486 0167 81000000 		.4byte	0x81
 487 016b 00       		.byte	0
 488 016c 0A       		.uleb128 0xa
 489 016d 70747200 		.ascii	"ptr\000"
 490 0171 05       		.byte	0x5
 491 0172 27       		.byte	0x27
 492 0173 81000000 		.4byte	0x81
 493 0177 01       		.byte	0x1
 494 0178 00       		.byte	0
 495 0179 03       		.uleb128 0x3
 496 017a 14000000 		.4byte	.LASF24
 497 017e 05       		.byte	0x5
 498 017f 28       		.byte	0x28
 499 0180 58010000 		.4byte	0x158
 500 0184 0E       		.uleb128 0xe
 501 0185 01       		.byte	0x1
 502 0186 05       		.byte	0x5
 503 0187 2C       		.byte	0x2c
 504 0188 05020000 		.4byte	0x205
 505 018c 0F       		.uleb128 0xf
 506 018d 3D000000 		.4byte	.LASF25
 507 0191 00       		.sleb128 0
 508 0192 0F       		.uleb128 0xf
 509 0193 44010000 		.4byte	.LASF26
ARM GAS  C:\Users\Javier\AppData\Local\Temp\ccse1tQb.s 			page 14


 510 0197 01       		.sleb128 1
 511 0198 0F       		.uleb128 0xf
 512 0199 0D000000 		.4byte	.LASF27
 513 019d 02       		.sleb128 2
 514 019e 0F       		.uleb128 0xf
 515 019f 63000000 		.4byte	.LASF28
 516 01a3 03       		.sleb128 3
 517 01a4 0F       		.uleb128 0xf
 518 01a5 F7000000 		.4byte	.LASF29
 519 01a9 04       		.sleb128 4
 520 01aa 10       		.uleb128 0x10
 521 01ab 72747300 		.ascii	"rts\000"
 522 01af 05       		.sleb128 5
 523 01b0 10       		.uleb128 0x10
 524 01b1 6A737200 		.ascii	"jsr\000"
 525 01b5 06       		.sleb128 6
 526 01b6 10       		.uleb128 0x10
 527 01b7 72746900 		.ascii	"rti\000"
 528 01bb 07       		.sleb128 7
 529 01bc 0F       		.uleb128 0xf
 530 01bd BB030000 		.4byte	.LASF30
 531 01c1 08       		.sleb128 8
 532 01c2 10       		.uleb128 0x10
 533 01c3 726F7200 		.ascii	"ror\000"
 534 01c7 09       		.sleb128 9
 535 01c8 10       		.uleb128 0x10
 536 01c9 726F6C00 		.ascii	"rol\000"
 537 01cd 0A       		.sleb128 10
 538 01ce 10       		.uleb128 0x10
 539 01cf 6E6F7000 		.ascii	"nop\000"
 540 01d3 0B       		.sleb128 11
 541 01d4 0F       		.uleb128 0xf
 542 01d5 28010000 		.4byte	.LASF31
 543 01d9 0C       		.sleb128 12
 544 01da 0F       		.uleb128 0xf
 545 01db 78000000 		.4byte	.LASF32
 546 01df 0D       		.sleb128 13
 547 01e0 0F       		.uleb128 0xf
 548 01e1 2F010000 		.4byte	.LASF33
 549 01e5 0E       		.sleb128 14
 550 01e6 0F       		.uleb128 0xf
 551 01e7 F1010000 		.4byte	.LASF34
 552 01eb 0F       		.sleb128 15
 553 01ec 0F       		.uleb128 0xf
 554 01ed 94010000 		.4byte	.LASF35
 555 01f1 10       		.sleb128 16
 556 01f2 0F       		.uleb128 0xf
 557 01f3 05010000 		.4byte	.LASF36
 558 01f7 11       		.sleb128 17
 559 01f8 0F       		.uleb128 0xf
 560 01f9 E8030000 		.4byte	.LASF37
 561 01fd 12       		.sleb128 18
 562 01fe 0F       		.uleb128 0xf
 563 01ff D1010000 		.4byte	.LASF38
 564 0203 13       		.sleb128 19
 565 0204 00       		.byte	0
 566 0205 03       		.uleb128 0x3
ARM GAS  C:\Users\Javier\AppData\Local\Temp\ccse1tQb.s 			page 15


 567 0206 CD000000 		.4byte	.LASF39
 568 020a 05       		.byte	0x5
 569 020b 41       		.byte	0x41
 570 020c 84010000 		.4byte	0x184
 571 0210 09       		.uleb128 0x9
 572 0211 0B       		.byte	0xb
 573 0212 05       		.byte	0x5
 574 0213 45       		.byte	0x45
 575 0214 54020000 		.4byte	0x254
 576 0218 0B       		.uleb128 0xb
 577 0219 12010000 		.4byte	.LASF40
 578 021d 05       		.byte	0x5
 579 021e 46       		.byte	0x46
 580 021f 81000000 		.4byte	0x81
 581 0223 00       		.byte	0
 582 0224 0B       		.uleb128 0xb
 583 0225 B4010000 		.4byte	.LASF41
 584 0229 05       		.byte	0x5
 585 022a 47       		.byte	0x47
 586 022b 11010000 		.4byte	0x111
 587 022f 01       		.byte	0x1
 588 0230 0A       		.uleb128 0xa
 589 0231 504300   		.ascii	"PC\000"
 590 0234 05       		.byte	0x5
 591 0235 48       		.byte	0x48
 592 0236 81000000 		.4byte	0x81
 593 023a 03       		.byte	0x3
 594 023b 0B       		.uleb128 0xb
 595 023c E6010000 		.4byte	.LASF42
 596 0240 05       		.byte	0x5
 597 0241 49       		.byte	0x49
 598 0242 4D010000 		.4byte	0x14d
 599 0246 04       		.byte	0x4
 600 0247 0B       		.uleb128 0xb
 601 0248 00000000 		.4byte	.LASF43
 602 024c 05       		.byte	0x5
 603 024d 4A       		.byte	0x4a
 604 024e 79010000 		.4byte	0x179
 605 0252 09       		.byte	0x9
 606 0253 00       		.byte	0
 607 0254 03       		.uleb128 0x3
 608 0255 4F000000 		.4byte	.LASF44
 609 0259 05       		.byte	0x5
 610 025a 4B       		.byte	0x4b
 611 025b 10020000 		.4byte	0x210
 612 025f 09       		.uleb128 0x9
 613 0260 03       		.byte	0x3
 614 0261 06       		.byte	0x6
 615 0262 13       		.byte	0x13
 616 0263 8C020000 		.4byte	0x28c
 617 0267 0B       		.uleb128 0xb
 618 0268 4A010000 		.4byte	.LASF45
 619 026c 06       		.byte	0x6
 620 026d 14       		.byte	0x14
 621 026e 81000000 		.4byte	0x81
 622 0272 00       		.byte	0
 623 0273 0B       		.uleb128 0xb
ARM GAS  C:\Users\Javier\AppData\Local\Temp\ccse1tQb.s 			page 16


 624 0274 B6020000 		.4byte	.LASF46
 625 0278 06       		.byte	0x6
 626 0279 15       		.byte	0x15
 627 027a 81000000 		.4byte	0x81
 628 027e 01       		.byte	0x1
 629 027f 0B       		.uleb128 0xb
 630 0280 45000000 		.4byte	.LASF47
 631 0284 06       		.byte	0x6
 632 0285 16       		.byte	0x16
 633 0286 81000000 		.4byte	0x81
 634 028a 02       		.byte	0x2
 635 028b 00       		.byte	0
 636 028c 03       		.uleb128 0x3
 637 028d 38010000 		.4byte	.LASF48
 638 0291 06       		.byte	0x6
 639 0292 17       		.byte	0x17
 640 0293 5F020000 		.4byte	0x25f
 641 0297 09       		.uleb128 0x9
 642 0298 86       		.byte	0x86
 643 0299 07       		.byte	0x7
 644 029a 3F       		.byte	0x3f
 645 029b F4020000 		.4byte	0x2f4
 646 029f 0B       		.uleb128 0xb
 647 02a0 E6000000 		.4byte	.LASF49
 648 02a4 07       		.byte	0x7
 649 02a5 40       		.byte	0x40
 650 02a6 81000000 		.4byte	0x81
 651 02aa 00       		.byte	0
 652 02ab 0B       		.uleb128 0xb
 653 02ac A8030000 		.4byte	.LASF50
 654 02b0 07       		.byte	0x7
 655 02b1 41       		.byte	0x41
 656 02b2 81000000 		.4byte	0x81
 657 02b6 01       		.byte	0x1
 658 02b7 0B       		.uleb128 0xb
 659 02b8 FC000000 		.4byte	.LASF51
 660 02bc 07       		.byte	0x7
 661 02bd 42       		.byte	0x42
 662 02be 81000000 		.4byte	0x81
 663 02c2 02       		.byte	0x2
 664 02c3 0B       		.uleb128 0xb
 665 02c4 59000000 		.4byte	.LASF52
 666 02c8 07       		.byte	0x7
 667 02c9 43       		.byte	0x43
 668 02ca 81000000 		.4byte	0x81
 669 02ce 03       		.byte	0x3
 670 02cf 0B       		.uleb128 0xb
 671 02d0 DD020000 		.4byte	.LASF53
 672 02d4 07       		.byte	0x7
 673 02d5 44       		.byte	0x44
 674 02d6 81000000 		.4byte	0x81
 675 02da 04       		.byte	0x4
 676 02db 0B       		.uleb128 0xb
 677 02dc B9000000 		.4byte	.LASF54
 678 02e0 07       		.byte	0x7
 679 02e1 45       		.byte	0x45
 680 02e2 81000000 		.4byte	0x81
ARM GAS  C:\Users\Javier\AppData\Local\Temp\ccse1tQb.s 			page 17


 681 02e6 05       		.byte	0x5
 682 02e7 0B       		.uleb128 0xb
 683 02e8 C7020000 		.4byte	.LASF55
 684 02ec 07       		.byte	0x7
 685 02ed 46       		.byte	0x46
 686 02ee F4020000 		.4byte	0x2f4
 687 02f2 06       		.byte	0x6
 688 02f3 00       		.byte	0
 689 02f4 0C       		.uleb128 0xc
 690 02f5 BD000000 		.4byte	0xbd
 691 02f9 0A030000 		.4byte	0x30a
 692 02fd 0D       		.uleb128 0xd
 693 02fe E8000000 		.4byte	0xe8
 694 0302 07       		.byte	0x7
 695 0303 0D       		.uleb128 0xd
 696 0304 E8000000 		.4byte	0xe8
 697 0308 0F       		.byte	0xf
 698 0309 00       		.byte	0
 699 030a 03       		.uleb128 0x3
 700 030b 92000000 		.4byte	.LASF56
 701 030f 07       		.byte	0x7
 702 0310 47       		.byte	0x47
 703 0311 97020000 		.4byte	0x297
 704 0315 11       		.uleb128 0x11
 705 0316 EF030000 		.4byte	.LASF75
 706 031a 01       		.byte	0x1
 707 031b B0       		.byte	0xb0
 708 031c 00000000 		.4byte	.LFB65
 709 0320 1C000000 		.4byte	.LFE65-.LFB65
 710 0324 01       		.uleb128 0x1
 711 0325 9C       		.byte	0x9c
 712 0326 12       		.uleb128 0x12
 713 0327 93020000 		.4byte	.LASF57
 714 032b 01       		.byte	0x1
 715 032c 1A       		.byte	0x1a
 716 032d 00000000 		.4byte	.LFB63
 717 0331 80000000 		.4byte	.LFE63-.LFB63
 718 0335 01       		.uleb128 0x1
 719 0336 9C       		.byte	0x9c
 720 0337 59030000 		.4byte	0x359
 721 033b 13       		.uleb128 0x13
 722 033c 6900     		.ascii	"i\000"
 723 033e 01       		.byte	0x1
 724 033f 25       		.byte	0x25
 725 0340 73000000 		.4byte	0x73
 726 0344 00000000 		.4byte	.LLST0
 727 0348 14       		.uleb128 0x14
 728 0349 5E000000 		.4byte	.LVL10
 729 034d E4040000 		.4byte	0x4e4
 730 0351 15       		.uleb128 0x15
 731 0352 01       		.uleb128 0x1
 732 0353 50       		.byte	0x50
 733 0354 02       		.uleb128 0x2
 734 0355 74       		.byte	0x74
 735 0356 00       		.sleb128 0
 736 0357 00       		.byte	0
 737 0358 00       		.byte	0
ARM GAS  C:\Users\Javier\AppData\Local\Temp\ccse1tQb.s 			page 18


 738 0359 12       		.uleb128 0x12
 739 035a E5020000 		.4byte	.LASF58
 740 035e 01       		.byte	0x1
 741 035f 44       		.byte	0x44
 742 0360 00000000 		.4byte	.LFB64
 743 0364 70000000 		.4byte	.LFE64-.LFB64
 744 0368 01       		.uleb128 0x1
 745 0369 9C       		.byte	0x9c
 746 036a 1F040000 		.4byte	0x41f
 747 036e 16       		.uleb128 0x16
 748 036f 636C6B00 		.ascii	"clk\000"
 749 0373 01       		.byte	0x1
 750 0374 74       		.byte	0x74
 751 0375 1F040000 		.4byte	0x41f
 752 0379 79640040 		.4byte	0x40006479
 753 037d 17       		.uleb128 0x17
 754 037e 16000000 		.4byte	.LBB2
 755 0382 5A000000 		.4byte	.LBE2-.LBB2
 756 0386 E2030000 		.4byte	0x3e2
 757 038a 18       		.uleb128 0x18
 758 038b EC010000 		.4byte	.LASF59
 759 038f 01       		.byte	0x1
 760 0390 7A       		.byte	0x7a
 761 0391 81000000 		.4byte	0x81
 762 0395 01       		.uleb128 0x1
 763 0396 57       		.byte	0x57
 764 0397 19       		.uleb128 0x19
 765 0398 81010000 		.4byte	.LASF60
 766 039c 01       		.byte	0x1
 767 039d 7F       		.byte	0x7f
 768 039e 05020000 		.4byte	0x205
 769 03a2 4D000000 		.4byte	.LLST1
 770 03a6 1A       		.uleb128 0x1a
 771 03a7 38000000 		.4byte	.LVL18
 772 03ab F9040000 		.4byte	0x4f9
 773 03af BA030000 		.4byte	0x3ba
 774 03b3 15       		.uleb128 0x15
 775 03b4 01       		.uleb128 0x1
 776 03b5 50       		.byte	0x50
 777 03b6 02       		.uleb128 0x2
 778 03b7 77       		.byte	0x77
 779 03b8 00       		.sleb128 0
 780 03b9 00       		.byte	0
 781 03ba 1A       		.uleb128 0x1a
 782 03bb 42000000 		.4byte	.LVL19
 783 03bf 0E050000 		.4byte	0x50e
 784 03c3 CE030000 		.4byte	0x3ce
 785 03c7 15       		.uleb128 0x15
 786 03c8 01       		.uleb128 0x1
 787 03c9 51       		.byte	0x51
 788 03ca 02       		.uleb128 0x2
 789 03cb 77       		.byte	0x77
 790 03cc 00       		.sleb128 0
 791 03cd 00       		.byte	0
 792 03ce 14       		.uleb128 0x14
 793 03cf 56000000 		.4byte	.LVL20
 794 03d3 24050000 		.4byte	0x524
ARM GAS  C:\Users\Javier\AppData\Local\Temp\ccse1tQb.s 			page 19


 795 03d7 15       		.uleb128 0x15
 796 03d8 01       		.uleb128 0x1
 797 03d9 50       		.byte	0x50
 798 03da 05       		.uleb128 0x5
 799 03db 03       		.byte	0x3
 800 03dc 00000000 		.4byte	lcd
 801 03e0 00       		.byte	0
 802 03e1 00       		.byte	0
 803 03e2 1B       		.uleb128 0x1b
 804 03e3 06000000 		.4byte	.LVL13
 805 03e7 31050000 		.4byte	0x531
 806 03eb 1B       		.uleb128 0x1b
 807 03ec 0A000000 		.4byte	.LVL14
 808 03f0 26030000 		.4byte	0x326
 809 03f4 1A       		.uleb128 0x1a
 810 03f5 10000000 		.4byte	.LVL15
 811 03f9 38050000 		.4byte	0x538
 812 03fd 0B040000 		.4byte	0x40b
 813 0401 15       		.uleb128 0x15
 814 0402 01       		.uleb128 0x1
 815 0403 50       		.byte	0x50
 816 0404 05       		.uleb128 0x5
 817 0405 03       		.byte	0x3
 818 0406 00000000 		.4byte	gnome_process_it
 819 040a 00       		.byte	0
 820 040b 14       		.uleb128 0x14
 821 040c 16000000 		.4byte	.LVL16
 822 0410 49050000 		.4byte	0x549
 823 0414 15       		.uleb128 0x15
 824 0415 01       		.uleb128 0x1
 825 0416 50       		.byte	0x50
 826 0417 05       		.uleb128 0x5
 827 0418 03       		.byte	0x3
 828 0419 00000000 		.4byte	lcd
 829 041d 00       		.byte	0
 830 041e 00       		.byte	0
 831 041f 07       		.uleb128 0x7
 832 0420 04       		.byte	0x4
 833 0421 C4000000 		.4byte	0xc4
 834 0425 1C       		.uleb128 0x1c
 835 0426 C2030000 		.4byte	.LASF61
 836 042a 08       		.byte	0x8
 837 042b 5506     		.2byte	0x655
 838 042d 31040000 		.4byte	0x431
 839 0431 06       		.uleb128 0x6
 840 0432 8C000000 		.4byte	0x8c
 841 0436 1D       		.uleb128 0x1d
 842 0437 CF030000 		.4byte	.LASF62
 843 043b 05       		.byte	0x5
 844 043c 51       		.byte	0x51
 845 043d 54020000 		.4byte	0x254
 846 0441 05       		.uleb128 0x5
 847 0442 03       		.byte	0x3
 848 0443 00000000 		.4byte	normal_context
 849 0447 1D       		.uleb128 0x1d
 850 0448 04020000 		.4byte	.LASF63
 851 044c 05       		.byte	0x5
ARM GAS  C:\Users\Javier\AppData\Local\Temp\ccse1tQb.s 			page 20


 852 044d 52       		.byte	0x52
 853 044e 54020000 		.4byte	0x254
 854 0452 05       		.uleb128 0x5
 855 0453 03       		.byte	0x3
 856 0454 00000000 		.4byte	it_context
 857 0458 1D       		.uleb128 0x1d
 858 0459 71010000 		.4byte	.LASF64
 859 045d 05       		.byte	0x5
 860 045e 54       		.byte	0x54
 861 045f 69040000 		.4byte	0x469
 862 0463 05       		.uleb128 0x5
 863 0464 03       		.byte	0x3
 864 0465 00000000 		.4byte	current_context
 865 0469 07       		.uleb128 0x7
 866 046a 04       		.byte	0x4
 867 046b 54020000 		.4byte	0x254
 868 046f 0C       		.uleb128 0xc
 869 0470 81000000 		.4byte	0x81
 870 0474 7F040000 		.4byte	0x47f
 871 0478 0D       		.uleb128 0xd
 872 0479 E8000000 		.4byte	0xe8
 873 047d 0F       		.byte	0xf
 874 047e 00       		.byte	0
 875 047f 1D       		.uleb128 0x1d
 876 0480 7E000000 		.4byte	.LASF65
 877 0484 05       		.byte	0x5
 878 0485 56       		.byte	0x56
 879 0486 6F040000 		.4byte	0x46f
 880 048a 05       		.uleb128 0x5
 881 048b 03       		.byte	0x3
 882 048c 00000000 		.4byte	registers
 883 0490 0C       		.uleb128 0xc
 884 0491 81000000 		.4byte	0x81
 885 0495 A0040000 		.4byte	0x4a0
 886 0499 0D       		.uleb128 0xd
 887 049a E8000000 		.4byte	0xe8
 888 049e FF       		.byte	0xff
 889 049f 00       		.byte	0
 890 04a0 1E       		.uleb128 0x1e
 891 04a1 726F6D00 		.ascii	"rom\000"
 892 04a5 05       		.byte	0x5
 893 04a6 59       		.byte	0x59
 894 04a7 90040000 		.4byte	0x490
 895 04ab 05       		.uleb128 0x5
 896 04ac 03       		.byte	0x3
 897 04ad 00000000 		.4byte	rom
 898 04b1 1D       		.uleb128 0x1d
 899 04b2 DE030000 		.4byte	.LASF66
 900 04b6 06       		.byte	0x6
 901 04b7 19       		.byte	0x19
 902 04b8 8C020000 		.4byte	0x28c
 903 04bc 05       		.uleb128 0x5
 904 04bd 03       		.byte	0x3
 905 04be 00000000 		.4byte	via_state
 906 04c2 1E       		.uleb128 0x1e
 907 04c3 6C636400 		.ascii	"lcd\000"
 908 04c7 09       		.byte	0x9
ARM GAS  C:\Users\Javier\AppData\Local\Temp\ccse1tQb.s 			page 21


 909 04c8 12       		.byte	0x12
 910 04c9 0A030000 		.4byte	0x30a
 911 04cd 05       		.uleb128 0x5
 912 04ce 03       		.byte	0x3
 913 04cf 00000000 		.4byte	lcd
 914 04d3 1D       		.uleb128 0x1d
 915 04d4 F9010000 		.4byte	.LASF67
 916 04d8 09       		.byte	0x9
 917 04d9 14       		.byte	0x14
 918 04da EF000000 		.4byte	0xef
 919 04de 05       		.uleb128 0x5
 920 04df 03       		.byte	0x3
 921 04e0 00000000 		.4byte	lcd_update
 922 04e4 1F       		.uleb128 0x1f
 923 04e5 23000000 		.4byte	.LASF68
 924 04e9 0A       		.byte	0xa
 925 04ea 23       		.byte	0x23
 926 04eb 97000000 		.4byte	0x97
 927 04ef F9040000 		.4byte	0x4f9
 928 04f3 20       		.uleb128 0x20
 929 04f4 A3000000 		.4byte	0xa3
 930 04f8 00       		.byte	0
 931 04f9 1F       		.uleb128 0x1f
 932 04fa A7000000 		.4byte	.LASF69
 933 04fe 0B       		.byte	0xb
 934 04ff 13       		.byte	0x13
 935 0500 05020000 		.4byte	0x205
 936 0504 0E050000 		.4byte	0x50e
 937 0508 20       		.uleb128 0x20
 938 0509 81000000 		.4byte	0x81
 939 050d 00       		.byte	0
 940 050e 21       		.uleb128 0x21
 941 050f 68010000 		.4byte	.LASF70
 942 0513 0C       		.byte	0xc
 943 0514 12       		.byte	0x12
 944 0515 24050000 		.4byte	0x524
 945 0519 20       		.uleb128 0x20
 946 051a 05020000 		.4byte	0x205
 947 051e 20       		.uleb128 0x20
 948 051f 81000000 		.4byte	0x81
 949 0523 00       		.byte	0
 950 0524 22       		.uleb128 0x22
 951 0525 FD020000 		.4byte	.LASF76
 952 0529 09       		.byte	0x9
 953 052a 17       		.byte	0x17
 954 052b 31050000 		.4byte	0x531
 955 052f 23       		.uleb128 0x23
 956 0530 00       		.byte	0
 957 0531 24       		.uleb128 0x24
 958 0532 81020000 		.4byte	.LASF77
 959 0536 0A       		.byte	0xa
 960 0537 1F       		.byte	0x1f
 961 0538 21       		.uleb128 0x21
 962 0539 F1020000 		.4byte	.LASF71
 963 053d 0D       		.byte	0xd
 964 053e 18       		.byte	0x18
 965 053f 49050000 		.4byte	0x549
ARM GAS  C:\Users\Javier\AppData\Local\Temp\ccse1tQb.s 			page 22


 966 0543 20       		.uleb128 0x20
 967 0544 D5000000 		.4byte	0xd5
 968 0548 00       		.byte	0
 969 0549 25       		.uleb128 0x25
 970 054a 1E010000 		.4byte	.LASF78
 971 054e 09       		.byte	0x9
 972 054f 16       		.byte	0x16
 973 0550 23       		.uleb128 0x23
 974 0551 00       		.byte	0
 975 0552 00       		.byte	0
 976              		.section	.debug_abbrev,"",%progbits
 977              	.Ldebug_abbrev0:
 978 0000 01       		.uleb128 0x1
 979 0001 11       		.uleb128 0x11
 980 0002 01       		.byte	0x1
 981 0003 25       		.uleb128 0x25
 982 0004 0E       		.uleb128 0xe
 983 0005 13       		.uleb128 0x13
 984 0006 0B       		.uleb128 0xb
 985 0007 03       		.uleb128 0x3
 986 0008 0E       		.uleb128 0xe
 987 0009 1B       		.uleb128 0x1b
 988 000a 0E       		.uleb128 0xe
 989 000b 55       		.uleb128 0x55
 990 000c 17       		.uleb128 0x17
 991 000d 11       		.uleb128 0x11
 992 000e 01       		.uleb128 0x1
 993 000f 10       		.uleb128 0x10
 994 0010 17       		.uleb128 0x17
 995 0011 00       		.byte	0
 996 0012 00       		.byte	0
 997 0013 02       		.uleb128 0x2
 998 0014 24       		.uleb128 0x24
 999 0015 00       		.byte	0
 1000 0016 0B       		.uleb128 0xb
 1001 0017 0B       		.uleb128 0xb
 1002 0018 3E       		.uleb128 0x3e
 1003 0019 0B       		.uleb128 0xb
 1004 001a 03       		.uleb128 0x3
 1005 001b 0E       		.uleb128 0xe
 1006 001c 00       		.byte	0
 1007 001d 00       		.byte	0
 1008 001e 03       		.uleb128 0x3
 1009 001f 16       		.uleb128 0x16
 1010 0020 00       		.byte	0
 1011 0021 03       		.uleb128 0x3
 1012 0022 0E       		.uleb128 0xe
 1013 0023 3A       		.uleb128 0x3a
 1014 0024 0B       		.uleb128 0xb
 1015 0025 3B       		.uleb128 0x3b
 1016 0026 0B       		.uleb128 0xb
 1017 0027 49       		.uleb128 0x49
 1018 0028 13       		.uleb128 0x13
 1019 0029 00       		.byte	0
 1020 002a 00       		.byte	0
 1021 002b 04       		.uleb128 0x4
 1022 002c 24       		.uleb128 0x24
ARM GAS  C:\Users\Javier\AppData\Local\Temp\ccse1tQb.s 			page 23


 1023 002d 00       		.byte	0
 1024 002e 0B       		.uleb128 0xb
 1025 002f 0B       		.uleb128 0xb
 1026 0030 3E       		.uleb128 0x3e
 1027 0031 0B       		.uleb128 0xb
 1028 0032 03       		.uleb128 0x3
 1029 0033 08       		.uleb128 0x8
 1030 0034 00       		.byte	0
 1031 0035 00       		.byte	0
 1032 0036 05       		.uleb128 0x5
 1033 0037 16       		.uleb128 0x16
 1034 0038 00       		.byte	0
 1035 0039 03       		.uleb128 0x3
 1036 003a 0E       		.uleb128 0xe
 1037 003b 3A       		.uleb128 0x3a
 1038 003c 0B       		.uleb128 0xb
 1039 003d 3B       		.uleb128 0x3b
 1040 003e 05       		.uleb128 0x5
 1041 003f 49       		.uleb128 0x49
 1042 0040 13       		.uleb128 0x13
 1043 0041 00       		.byte	0
 1044 0042 00       		.byte	0
 1045 0043 06       		.uleb128 0x6
 1046 0044 35       		.uleb128 0x35
 1047 0045 00       		.byte	0
 1048 0046 49       		.uleb128 0x49
 1049 0047 13       		.uleb128 0x13
 1050 0048 00       		.byte	0
 1051 0049 00       		.byte	0
 1052 004a 07       		.uleb128 0x7
 1053 004b 0F       		.uleb128 0xf
 1054 004c 00       		.byte	0
 1055 004d 0B       		.uleb128 0xb
 1056 004e 0B       		.uleb128 0xb
 1057 004f 49       		.uleb128 0x49
 1058 0050 13       		.uleb128 0x13
 1059 0051 00       		.byte	0
 1060 0052 00       		.byte	0
 1061 0053 08       		.uleb128 0x8
 1062 0054 15       		.uleb128 0x15
 1063 0055 00       		.byte	0
 1064 0056 27       		.uleb128 0x27
 1065 0057 19       		.uleb128 0x19
 1066 0058 00       		.byte	0
 1067 0059 00       		.byte	0
 1068 005a 09       		.uleb128 0x9
 1069 005b 13       		.uleb128 0x13
 1070 005c 01       		.byte	0x1
 1071 005d 0B       		.uleb128 0xb
 1072 005e 0B       		.uleb128 0xb
 1073 005f 3A       		.uleb128 0x3a
 1074 0060 0B       		.uleb128 0xb
 1075 0061 3B       		.uleb128 0x3b
 1076 0062 0B       		.uleb128 0xb
 1077 0063 01       		.uleb128 0x1
 1078 0064 13       		.uleb128 0x13
 1079 0065 00       		.byte	0
ARM GAS  C:\Users\Javier\AppData\Local\Temp\ccse1tQb.s 			page 24


 1080 0066 00       		.byte	0
 1081 0067 0A       		.uleb128 0xa
 1082 0068 0D       		.uleb128 0xd
 1083 0069 00       		.byte	0
 1084 006a 03       		.uleb128 0x3
 1085 006b 08       		.uleb128 0x8
 1086 006c 3A       		.uleb128 0x3a
 1087 006d 0B       		.uleb128 0xb
 1088 006e 3B       		.uleb128 0x3b
 1089 006f 0B       		.uleb128 0xb
 1090 0070 49       		.uleb128 0x49
 1091 0071 13       		.uleb128 0x13
 1092 0072 38       		.uleb128 0x38
 1093 0073 0B       		.uleb128 0xb
 1094 0074 00       		.byte	0
 1095 0075 00       		.byte	0
 1096 0076 0B       		.uleb128 0xb
 1097 0077 0D       		.uleb128 0xd
 1098 0078 00       		.byte	0
 1099 0079 03       		.uleb128 0x3
 1100 007a 0E       		.uleb128 0xe
 1101 007b 3A       		.uleb128 0x3a
 1102 007c 0B       		.uleb128 0xb
 1103 007d 3B       		.uleb128 0x3b
 1104 007e 0B       		.uleb128 0xb
 1105 007f 49       		.uleb128 0x49
 1106 0080 13       		.uleb128 0x13
 1107 0081 38       		.uleb128 0x38
 1108 0082 0B       		.uleb128 0xb
 1109 0083 00       		.byte	0
 1110 0084 00       		.byte	0
 1111 0085 0C       		.uleb128 0xc
 1112 0086 01       		.uleb128 0x1
 1113 0087 01       		.byte	0x1
 1114 0088 49       		.uleb128 0x49
 1115 0089 13       		.uleb128 0x13
 1116 008a 01       		.uleb128 0x1
 1117 008b 13       		.uleb128 0x13
 1118 008c 00       		.byte	0
 1119 008d 00       		.byte	0
 1120 008e 0D       		.uleb128 0xd
 1121 008f 21       		.uleb128 0x21
 1122 0090 00       		.byte	0
 1123 0091 49       		.uleb128 0x49
 1124 0092 13       		.uleb128 0x13
 1125 0093 2F       		.uleb128 0x2f
 1126 0094 0B       		.uleb128 0xb
 1127 0095 00       		.byte	0
 1128 0096 00       		.byte	0
 1129 0097 0E       		.uleb128 0xe
 1130 0098 04       		.uleb128 0x4
 1131 0099 01       		.byte	0x1
 1132 009a 0B       		.uleb128 0xb
 1133 009b 0B       		.uleb128 0xb
 1134 009c 3A       		.uleb128 0x3a
 1135 009d 0B       		.uleb128 0xb
 1136 009e 3B       		.uleb128 0x3b
ARM GAS  C:\Users\Javier\AppData\Local\Temp\ccse1tQb.s 			page 25


 1137 009f 0B       		.uleb128 0xb
 1138 00a0 01       		.uleb128 0x1
 1139 00a1 13       		.uleb128 0x13
 1140 00a2 00       		.byte	0
 1141 00a3 00       		.byte	0
 1142 00a4 0F       		.uleb128 0xf
 1143 00a5 28       		.uleb128 0x28
 1144 00a6 00       		.byte	0
 1145 00a7 03       		.uleb128 0x3
 1146 00a8 0E       		.uleb128 0xe
 1147 00a9 1C       		.uleb128 0x1c
 1148 00aa 0D       		.uleb128 0xd
 1149 00ab 00       		.byte	0
 1150 00ac 00       		.byte	0
 1151 00ad 10       		.uleb128 0x10
 1152 00ae 28       		.uleb128 0x28
 1153 00af 00       		.byte	0
 1154 00b0 03       		.uleb128 0x3
 1155 00b1 08       		.uleb128 0x8
 1156 00b2 1C       		.uleb128 0x1c
 1157 00b3 0D       		.uleb128 0xd
 1158 00b4 00       		.byte	0
 1159 00b5 00       		.byte	0
 1160 00b6 11       		.uleb128 0x11
 1161 00b7 2E       		.uleb128 0x2e
 1162 00b8 00       		.byte	0
 1163 00b9 3F       		.uleb128 0x3f
 1164 00ba 19       		.uleb128 0x19
 1165 00bb 03       		.uleb128 0x3
 1166 00bc 0E       		.uleb128 0xe
 1167 00bd 3A       		.uleb128 0x3a
 1168 00be 0B       		.uleb128 0xb
 1169 00bf 3B       		.uleb128 0x3b
 1170 00c0 0B       		.uleb128 0xb
 1171 00c1 27       		.uleb128 0x27
 1172 00c2 19       		.uleb128 0x19
 1173 00c3 11       		.uleb128 0x11
 1174 00c4 01       		.uleb128 0x1
 1175 00c5 12       		.uleb128 0x12
 1176 00c6 06       		.uleb128 0x6
 1177 00c7 40       		.uleb128 0x40
 1178 00c8 18       		.uleb128 0x18
 1179 00c9 9742     		.uleb128 0x2117
 1180 00cb 19       		.uleb128 0x19
 1181 00cc 00       		.byte	0
 1182 00cd 00       		.byte	0
 1183 00ce 12       		.uleb128 0x12
 1184 00cf 2E       		.uleb128 0x2e
 1185 00d0 01       		.byte	0x1
 1186 00d1 3F       		.uleb128 0x3f
 1187 00d2 19       		.uleb128 0x19
 1188 00d3 03       		.uleb128 0x3
 1189 00d4 0E       		.uleb128 0xe
 1190 00d5 3A       		.uleb128 0x3a
 1191 00d6 0B       		.uleb128 0xb
 1192 00d7 3B       		.uleb128 0x3b
 1193 00d8 0B       		.uleb128 0xb
ARM GAS  C:\Users\Javier\AppData\Local\Temp\ccse1tQb.s 			page 26


 1194 00d9 11       		.uleb128 0x11
 1195 00da 01       		.uleb128 0x1
 1196 00db 12       		.uleb128 0x12
 1197 00dc 06       		.uleb128 0x6
 1198 00dd 40       		.uleb128 0x40
 1199 00de 18       		.uleb128 0x18
 1200 00df 9742     		.uleb128 0x2117
 1201 00e1 19       		.uleb128 0x19
 1202 00e2 01       		.uleb128 0x1
 1203 00e3 13       		.uleb128 0x13
 1204 00e4 00       		.byte	0
 1205 00e5 00       		.byte	0
 1206 00e6 13       		.uleb128 0x13
 1207 00e7 34       		.uleb128 0x34
 1208 00e8 00       		.byte	0
 1209 00e9 03       		.uleb128 0x3
 1210 00ea 08       		.uleb128 0x8
 1211 00eb 3A       		.uleb128 0x3a
 1212 00ec 0B       		.uleb128 0xb
 1213 00ed 3B       		.uleb128 0x3b
 1214 00ee 0B       		.uleb128 0xb
 1215 00ef 49       		.uleb128 0x49
 1216 00f0 13       		.uleb128 0x13
 1217 00f1 02       		.uleb128 0x2
 1218 00f2 17       		.uleb128 0x17
 1219 00f3 00       		.byte	0
 1220 00f4 00       		.byte	0
 1221 00f5 14       		.uleb128 0x14
 1222 00f6 898201   		.uleb128 0x4109
 1223 00f9 01       		.byte	0x1
 1224 00fa 11       		.uleb128 0x11
 1225 00fb 01       		.uleb128 0x1
 1226 00fc 31       		.uleb128 0x31
 1227 00fd 13       		.uleb128 0x13
 1228 00fe 00       		.byte	0
 1229 00ff 00       		.byte	0
 1230 0100 15       		.uleb128 0x15
 1231 0101 8A8201   		.uleb128 0x410a
 1232 0104 00       		.byte	0
 1233 0105 02       		.uleb128 0x2
 1234 0106 18       		.uleb128 0x18
 1235 0107 9142     		.uleb128 0x2111
 1236 0109 18       		.uleb128 0x18
 1237 010a 00       		.byte	0
 1238 010b 00       		.byte	0
 1239 010c 16       		.uleb128 0x16
 1240 010d 34       		.uleb128 0x34
 1241 010e 00       		.byte	0
 1242 010f 03       		.uleb128 0x3
 1243 0110 08       		.uleb128 0x8
 1244 0111 3A       		.uleb128 0x3a
 1245 0112 0B       		.uleb128 0xb
 1246 0113 3B       		.uleb128 0x3b
 1247 0114 0B       		.uleb128 0xb
 1248 0115 49       		.uleb128 0x49
 1249 0116 13       		.uleb128 0x13
 1250 0117 1C       		.uleb128 0x1c
ARM GAS  C:\Users\Javier\AppData\Local\Temp\ccse1tQb.s 			page 27


 1251 0118 06       		.uleb128 0x6
 1252 0119 00       		.byte	0
 1253 011a 00       		.byte	0
 1254 011b 17       		.uleb128 0x17
 1255 011c 0B       		.uleb128 0xb
 1256 011d 01       		.byte	0x1
 1257 011e 11       		.uleb128 0x11
 1258 011f 01       		.uleb128 0x1
 1259 0120 12       		.uleb128 0x12
 1260 0121 06       		.uleb128 0x6
 1261 0122 01       		.uleb128 0x1
 1262 0123 13       		.uleb128 0x13
 1263 0124 00       		.byte	0
 1264 0125 00       		.byte	0
 1265 0126 18       		.uleb128 0x18
 1266 0127 34       		.uleb128 0x34
 1267 0128 00       		.byte	0
 1268 0129 03       		.uleb128 0x3
 1269 012a 0E       		.uleb128 0xe
 1270 012b 3A       		.uleb128 0x3a
 1271 012c 0B       		.uleb128 0xb
 1272 012d 3B       		.uleb128 0x3b
 1273 012e 0B       		.uleb128 0xb
 1274 012f 49       		.uleb128 0x49
 1275 0130 13       		.uleb128 0x13
 1276 0131 02       		.uleb128 0x2
 1277 0132 18       		.uleb128 0x18
 1278 0133 00       		.byte	0
 1279 0134 00       		.byte	0
 1280 0135 19       		.uleb128 0x19
 1281 0136 34       		.uleb128 0x34
 1282 0137 00       		.byte	0
 1283 0138 03       		.uleb128 0x3
 1284 0139 0E       		.uleb128 0xe
 1285 013a 3A       		.uleb128 0x3a
 1286 013b 0B       		.uleb128 0xb
 1287 013c 3B       		.uleb128 0x3b
 1288 013d 0B       		.uleb128 0xb
 1289 013e 49       		.uleb128 0x49
 1290 013f 13       		.uleb128 0x13
 1291 0140 02       		.uleb128 0x2
 1292 0141 17       		.uleb128 0x17
 1293 0142 00       		.byte	0
 1294 0143 00       		.byte	0
 1295 0144 1A       		.uleb128 0x1a
 1296 0145 898201   		.uleb128 0x4109
 1297 0148 01       		.byte	0x1
 1298 0149 11       		.uleb128 0x11
 1299 014a 01       		.uleb128 0x1
 1300 014b 31       		.uleb128 0x31
 1301 014c 13       		.uleb128 0x13
 1302 014d 01       		.uleb128 0x1
 1303 014e 13       		.uleb128 0x13
 1304 014f 00       		.byte	0
 1305 0150 00       		.byte	0
 1306 0151 1B       		.uleb128 0x1b
 1307 0152 898201   		.uleb128 0x4109
ARM GAS  C:\Users\Javier\AppData\Local\Temp\ccse1tQb.s 			page 28


 1308 0155 00       		.byte	0
 1309 0156 11       		.uleb128 0x11
 1310 0157 01       		.uleb128 0x1
 1311 0158 31       		.uleb128 0x31
 1312 0159 13       		.uleb128 0x13
 1313 015a 00       		.byte	0
 1314 015b 00       		.byte	0
 1315 015c 1C       		.uleb128 0x1c
 1316 015d 34       		.uleb128 0x34
 1317 015e 00       		.byte	0
 1318 015f 03       		.uleb128 0x3
 1319 0160 0E       		.uleb128 0xe
 1320 0161 3A       		.uleb128 0x3a
 1321 0162 0B       		.uleb128 0xb
 1322 0163 3B       		.uleb128 0x3b
 1323 0164 05       		.uleb128 0x5
 1324 0165 49       		.uleb128 0x49
 1325 0166 13       		.uleb128 0x13
 1326 0167 3F       		.uleb128 0x3f
 1327 0168 19       		.uleb128 0x19
 1328 0169 3C       		.uleb128 0x3c
 1329 016a 19       		.uleb128 0x19
 1330 016b 00       		.byte	0
 1331 016c 00       		.byte	0
 1332 016d 1D       		.uleb128 0x1d
 1333 016e 34       		.uleb128 0x34
 1334 016f 00       		.byte	0
 1335 0170 03       		.uleb128 0x3
 1336 0171 0E       		.uleb128 0xe
 1337 0172 3A       		.uleb128 0x3a
 1338 0173 0B       		.uleb128 0xb
 1339 0174 3B       		.uleb128 0x3b
 1340 0175 0B       		.uleb128 0xb
 1341 0176 49       		.uleb128 0x49
 1342 0177 13       		.uleb128 0x13
 1343 0178 3F       		.uleb128 0x3f
 1344 0179 19       		.uleb128 0x19
 1345 017a 02       		.uleb128 0x2
 1346 017b 18       		.uleb128 0x18
 1347 017c 00       		.byte	0
 1348 017d 00       		.byte	0
 1349 017e 1E       		.uleb128 0x1e
 1350 017f 34       		.uleb128 0x34
 1351 0180 00       		.byte	0
 1352 0181 03       		.uleb128 0x3
 1353 0182 08       		.uleb128 0x8
 1354 0183 3A       		.uleb128 0x3a
 1355 0184 0B       		.uleb128 0xb
 1356 0185 3B       		.uleb128 0x3b
 1357 0186 0B       		.uleb128 0xb
 1358 0187 49       		.uleb128 0x49
 1359 0188 13       		.uleb128 0x13
 1360 0189 3F       		.uleb128 0x3f
 1361 018a 19       		.uleb128 0x19
 1362 018b 02       		.uleb128 0x2
 1363 018c 18       		.uleb128 0x18
 1364 018d 00       		.byte	0
ARM GAS  C:\Users\Javier\AppData\Local\Temp\ccse1tQb.s 			page 29


 1365 018e 00       		.byte	0
 1366 018f 1F       		.uleb128 0x1f
 1367 0190 2E       		.uleb128 0x2e
 1368 0191 01       		.byte	0x1
 1369 0192 3F       		.uleb128 0x3f
 1370 0193 19       		.uleb128 0x19
 1371 0194 03       		.uleb128 0x3
 1372 0195 0E       		.uleb128 0xe
 1373 0196 3A       		.uleb128 0x3a
 1374 0197 0B       		.uleb128 0xb
 1375 0198 3B       		.uleb128 0x3b
 1376 0199 0B       		.uleb128 0xb
 1377 019a 27       		.uleb128 0x27
 1378 019b 19       		.uleb128 0x19
 1379 019c 49       		.uleb128 0x49
 1380 019d 13       		.uleb128 0x13
 1381 019e 3C       		.uleb128 0x3c
 1382 019f 19       		.uleb128 0x19
 1383 01a0 01       		.uleb128 0x1
 1384 01a1 13       		.uleb128 0x13
 1385 01a2 00       		.byte	0
 1386 01a3 00       		.byte	0
 1387 01a4 20       		.uleb128 0x20
 1388 01a5 05       		.uleb128 0x5
 1389 01a6 00       		.byte	0
 1390 01a7 49       		.uleb128 0x49
 1391 01a8 13       		.uleb128 0x13
 1392 01a9 00       		.byte	0
 1393 01aa 00       		.byte	0
 1394 01ab 21       		.uleb128 0x21
 1395 01ac 2E       		.uleb128 0x2e
 1396 01ad 01       		.byte	0x1
 1397 01ae 3F       		.uleb128 0x3f
 1398 01af 19       		.uleb128 0x19
 1399 01b0 03       		.uleb128 0x3
 1400 01b1 0E       		.uleb128 0xe
 1401 01b2 3A       		.uleb128 0x3a
 1402 01b3 0B       		.uleb128 0xb
 1403 01b4 3B       		.uleb128 0x3b
 1404 01b5 0B       		.uleb128 0xb
 1405 01b6 27       		.uleb128 0x27
 1406 01b7 19       		.uleb128 0x19
 1407 01b8 3C       		.uleb128 0x3c
 1408 01b9 19       		.uleb128 0x19
 1409 01ba 01       		.uleb128 0x1
 1410 01bb 13       		.uleb128 0x13
 1411 01bc 00       		.byte	0
 1412 01bd 00       		.byte	0
 1413 01be 22       		.uleb128 0x22
 1414 01bf 2E       		.uleb128 0x2e
 1415 01c0 01       		.byte	0x1
 1416 01c1 3F       		.uleb128 0x3f
 1417 01c2 19       		.uleb128 0x19
 1418 01c3 03       		.uleb128 0x3
 1419 01c4 0E       		.uleb128 0xe
 1420 01c5 3A       		.uleb128 0x3a
 1421 01c6 0B       		.uleb128 0xb
ARM GAS  C:\Users\Javier\AppData\Local\Temp\ccse1tQb.s 			page 30


 1422 01c7 3B       		.uleb128 0x3b
 1423 01c8 0B       		.uleb128 0xb
 1424 01c9 3C       		.uleb128 0x3c
 1425 01ca 19       		.uleb128 0x19
 1426 01cb 01       		.uleb128 0x1
 1427 01cc 13       		.uleb128 0x13
 1428 01cd 00       		.byte	0
 1429 01ce 00       		.byte	0
 1430 01cf 23       		.uleb128 0x23
 1431 01d0 18       		.uleb128 0x18
 1432 01d1 00       		.byte	0
 1433 01d2 00       		.byte	0
 1434 01d3 00       		.byte	0
 1435 01d4 24       		.uleb128 0x24
 1436 01d5 2E       		.uleb128 0x2e
 1437 01d6 00       		.byte	0
 1438 01d7 3F       		.uleb128 0x3f
 1439 01d8 19       		.uleb128 0x19
 1440 01d9 03       		.uleb128 0x3
 1441 01da 0E       		.uleb128 0xe
 1442 01db 3A       		.uleb128 0x3a
 1443 01dc 0B       		.uleb128 0xb
 1444 01dd 3B       		.uleb128 0x3b
 1445 01de 0B       		.uleb128 0xb
 1446 01df 27       		.uleb128 0x27
 1447 01e0 19       		.uleb128 0x19
 1448 01e1 3C       		.uleb128 0x3c
 1449 01e2 19       		.uleb128 0x19
 1450 01e3 00       		.byte	0
 1451 01e4 00       		.byte	0
 1452 01e5 25       		.uleb128 0x25
 1453 01e6 2E       		.uleb128 0x2e
 1454 01e7 01       		.byte	0x1
 1455 01e8 3F       		.uleb128 0x3f
 1456 01e9 19       		.uleb128 0x19
 1457 01ea 03       		.uleb128 0x3
 1458 01eb 0E       		.uleb128 0xe
 1459 01ec 3A       		.uleb128 0x3a
 1460 01ed 0B       		.uleb128 0xb
 1461 01ee 3B       		.uleb128 0x3b
 1462 01ef 0B       		.uleb128 0xb
 1463 01f0 3C       		.uleb128 0x3c
 1464 01f1 19       		.uleb128 0x19
 1465 01f2 00       		.byte	0
 1466 01f3 00       		.byte	0
 1467 01f4 00       		.byte	0
 1468              		.section	.debug_loc,"",%progbits
 1469              	.Ldebug_loc0:
 1470              	.LLST0:
 1471 0000 12000000 		.4byte	.LVL0
 1472 0004 14000000 		.4byte	.LVL1
 1473 0008 0200     		.2byte	0x2
 1474 000a 30       		.byte	0x30
 1475 000b 9F       		.byte	0x9f
 1476 000c 14000000 		.4byte	.LVL1
 1477 0010 26000000 		.4byte	.LVL3
 1478 0014 0100     		.2byte	0x1
ARM GAS  C:\Users\Javier\AppData\Local\Temp\ccse1tQb.s 			page 31


 1479 0016 53       		.byte	0x53
 1480 0017 36000000 		.4byte	.LVL4
 1481 001b 38000000 		.4byte	.LVL5
 1482 001f 0200     		.2byte	0x2
 1483 0021 30       		.byte	0x30
 1484 0022 9F       		.byte	0x9f
 1485 0023 38000000 		.4byte	.LVL5
 1486 0027 4A000000 		.4byte	.LVL7
 1487 002b 0100     		.2byte	0x1
 1488 002d 53       		.byte	0x53
 1489 002e 56000000 		.4byte	.LVL8
 1490 0032 58000000 		.4byte	.LVL9
 1491 0036 0200     		.2byte	0x2
 1492 0038 30       		.byte	0x30
 1493 0039 9F       		.byte	0x9f
 1494 003a 58000000 		.4byte	.LVL9
 1495 003e 6A000000 		.4byte	.LVL12
 1496 0042 0100     		.2byte	0x1
 1497 0044 54       		.byte	0x54
 1498 0045 00000000 		.4byte	0
 1499 0049 00000000 		.4byte	0
 1500              	.LLST1:
 1501 004d 38000000 		.4byte	.LVL18
 1502 0051 41000000 		.4byte	.LVL19-1
 1503 0055 0100     		.2byte	0x1
 1504 0057 50       		.byte	0x50
 1505 0058 00000000 		.4byte	0
 1506 005c 00000000 		.4byte	0
 1507              		.section	.debug_aranges,"",%progbits
 1508 0000 2C000000 		.4byte	0x2c
 1509 0004 0200     		.2byte	0x2
 1510 0006 00000000 		.4byte	.Ldebug_info0
 1511 000a 04       		.byte	0x4
 1512 000b 00       		.byte	0
 1513 000c 0000     		.2byte	0
 1514 000e 0000     		.2byte	0
 1515 0010 00000000 		.4byte	.LFB65
 1516 0014 1C000000 		.4byte	.LFE65-.LFB65
 1517 0018 00000000 		.4byte	.LFB63
 1518 001c 80000000 		.4byte	.LFE63-.LFB63
 1519 0020 00000000 		.4byte	.LFB64
 1520 0024 70000000 		.4byte	.LFE64-.LFB64
 1521 0028 00000000 		.4byte	0
 1522 002c 00000000 		.4byte	0
 1523              		.section	.debug_ranges,"",%progbits
 1524              	.Ldebug_ranges0:
 1525 0000 00000000 		.4byte	.LFB65
 1526 0004 1C000000 		.4byte	.LFE65
 1527 0008 00000000 		.4byte	.LFB63
 1528 000c 80000000 		.4byte	.LFE63
 1529 0010 00000000 		.4byte	.LFB64
 1530 0014 70000000 		.4byte	.LFE64
 1531 0018 00000000 		.4byte	0
 1532 001c 00000000 		.4byte	0
 1533              		.section	.debug_line,"",%progbits
 1534              	.Ldebug_line0:
 1535 0000 7A020000 		.section	.debug_str,"MS",%progbits,1
ARM GAS  C:\Users\Javier\AppData\Local\Temp\ccse1tQb.s 			page 32


 1535      0200D801 
 1535      00000201 
 1535      FB0E0D00 
 1535      01010101 
 1536              	.LASF43:
 1537 0000 696E645F 		.ascii	"ind_addr_reg\000"
 1537      61646472 
 1537      5F726567 
 1537      00
 1538              	.LASF27:
 1539 000d 736B6970 		.ascii	"skip_c\000"
 1539      5F6300
 1540              	.LASF24:
 1541 0014 696E645F 		.ascii	"ind_addr_reg_t\000"
 1541      61646472 
 1541      5F726567 
 1541      5F7400
 1542              	.LASF68:
 1543 0023 45455052 		.ascii	"EEPROM_ReadByte\000"
 1543      4F4D5F52 
 1543      65616442 
 1543      79746500 
 1544              	.LASF2:
 1545 0033 73686F72 		.ascii	"short int\000"
 1545      7420696E 
 1545      7400
 1546              	.LASF25:
 1547 003d 636C6561 		.ascii	"clear_c\000"
 1547      725F6300 
 1548              	.LASF47:
 1549 0045 706F7274 		.ascii	"port1_ptr\000"
 1549      315F7074 
 1549      7200
 1550              	.LASF44:
 1551 004f 636F6E74 		.ascii	"context_t\000"
 1551      6578745F 
 1551      7400
 1552              	.LASF52:
 1553 0059 64697370 		.ascii	"displayON\000"
 1553      6C61794F 
 1553      4E00
 1554              	.LASF28:
 1555 0063 736B6970 		.ascii	"skip_z\000"
 1555      5F7A00
 1556              	.LASF8:
 1557 006a 6C6F6E67 		.ascii	"long long int\000"
 1557      206C6F6E 
 1557      6720696E 
 1557      7400
 1558              	.LASF32:
 1559 0078 6164645F 		.ascii	"add_d\000"
 1559      6400
 1560              	.LASF65:
 1561 007e 72656769 		.ascii	"registers\000"
 1561      73746572 
 1561      7300
 1562              	.LASF73:
ARM GAS  C:\Users\Javier\AppData\Local\Temp\ccse1tQb.s 			page 33


 1563 0088 2E5C676E 		.ascii	".\\gnome.c\000"
 1563      6F6D652E 
 1563      6300
 1564              	.LASF56:
 1565 0092 6932634C 		.ascii	"i2cLCD_HandleTypeDef\000"
 1565      43445F48 
 1565      616E646C 
 1565      65547970 
 1565      65446566 
 1566              	.LASF69:
 1567 00a7 6465636F 		.ascii	"decodeInstruction\000"
 1567      6465496E 
 1567      73747275 
 1567      6374696F 
 1567      6E00
 1568              	.LASF54:
 1569 00b9 6E756D62 		.ascii	"numberOfCustomChars\000"
 1569      65724F66 
 1569      43757374 
 1569      6F6D4368 
 1569      61727300 
 1570              	.LASF39:
 1571 00cd 696E7374 		.ascii	"inst_enum\000"
 1571      5F656E75 
 1571      6D00
 1572              	.LASF14:
 1573 00d7 75696E74 		.ascii	"uint16\000"
 1573      313600
 1574              	.LASF11:
 1575 00de 75696E74 		.ascii	"uint8_t\000"
 1575      385F7400 
 1576              	.LASF49:
 1577 00e6 64657641 		.ascii	"devAddress\000"
 1577      64647265 
 1577      737300
 1578              	.LASF13:
 1579 00f1 75696E74 		.ascii	"uint8\000"
 1579      3800
 1580              	.LASF29:
 1581 00f7 70757368 		.ascii	"push\000"
 1581      00
 1582              	.LASF51:
 1583 00fc 63757273 		.ascii	"cursorON\000"
 1583      6F724F4E 
 1583      00
 1584              	.LASF36:
 1585 0105 786F725F 		.ascii	"xor_rd\000"
 1585      726400
 1586              	.LASF15:
 1587 010c 666C6F61 		.ascii	"float\000"
 1587      7400
 1588              	.LASF40:
 1589 0112 61636375 		.ascii	"accumulator\000"
 1589      6D756C61 
 1589      746F7200 
 1590              	.LASF78:
 1591 011e 73657475 		.ascii	"setup_lcd\000"
ARM GAS  C:\Users\Javier\AppData\Local\Temp\ccse1tQb.s 			page 34


 1591      705F6C63 
 1591      6400
 1592              	.LASF31:
 1593 0128 6C6F6164 		.ascii	"load_d\000"
 1593      5F6400
 1594              	.LASF33:
 1595 012f 73746F72 		.ascii	"store_rd\000"
 1595      655F7264 
 1595      00
 1596              	.LASF48:
 1597 0138 7669615F 		.ascii	"via_state_t\000"
 1597      73746174 
 1597      655F7400 
 1598              	.LASF26:
 1599 0144 7365745F 		.ascii	"set_c\000"
 1599      6300
 1600              	.LASF45:
 1601 014a 636F6E66 		.ascii	"config_mask\000"
 1601      69675F6D 
 1601      61736B00 
 1602              	.LASF12:
 1603 0156 696E7433 		.ascii	"int32_t\000"
 1603      325F7400 
 1604              	.LASF4:
 1605 015e 5F5F7569 		.ascii	"__uint8_t\000"
 1605      6E74385F 
 1605      7400
 1606              	.LASF70:
 1607 0168 65786563 		.ascii	"exectute\000"
 1607      74757465 
 1607      00
 1608              	.LASF64:
 1609 0171 63757272 		.ascii	"current_context\000"
 1609      656E745F 
 1609      636F6E74 
 1609      65787400 
 1610              	.LASF60:
 1611 0181 696E7374 		.ascii	"inst\000"
 1611      00
 1612              	.LASF1:
 1613 0186 756E7369 		.ascii	"unsigned char\000"
 1613      676E6564 
 1613      20636861 
 1613      7200
 1614              	.LASF35:
 1615 0194 6164645F 		.ascii	"add_rd\000"
 1615      726400
 1616              	.LASF19:
 1617 019b 63796973 		.ascii	"cyisraddress\000"
 1617      72616464 
 1617      72657373 
 1617      00
 1618              	.LASF0:
 1619 01a8 7369676E 		.ascii	"signed char\000"
 1619      65642063 
 1619      68617200 
 1620              	.LASF41:
ARM GAS  C:\Users\Javier\AppData\Local\Temp\ccse1tQb.s 			page 35


 1621 01b4 666C6167 		.ascii	"flags\000"
 1621      7300
 1622              	.LASF9:
 1623 01ba 6C6F6E67 		.ascii	"long long unsigned int\000"
 1623      206C6F6E 
 1623      6720756E 
 1623      7369676E 
 1623      65642069 
 1624              	.LASF38:
 1625 01d1 6A6D705F 		.ascii	"jmp_add\000"
 1625      61646400 
 1626              	.LASF10:
 1627 01d9 756E7369 		.ascii	"unsigned int\000"
 1627      676E6564 
 1627      20696E74 
 1627      00
 1628              	.LASF42:
 1629 01e6 73746163 		.ascii	"stack\000"
 1629      6B00
 1630              	.LASF59:
 1631 01ec 636F6465 		.ascii	"code\000"
 1631      00
 1632              	.LASF34:
 1633 01f1 6C6F6164 		.ascii	"load_rd\000"
 1633      5F726400 
 1634              	.LASF67:
 1635 01f9 6C63645F 		.ascii	"lcd_update\000"
 1635      75706461 
 1635      746500
 1636              	.LASF63:
 1637 0204 69745F63 		.ascii	"it_context\000"
 1637      6F6E7465 
 1637      787400
 1638              	.LASF23:
 1639 020f 73746163 		.ascii	"stack_t\000"
 1639      6B5F7400 
 1640              	.LASF17:
 1641 0217 63686172 		.ascii	"char\000"
 1641      00
 1642              	.LASF6:
 1643 021c 6C6F6E67 		.ascii	"long int\000"
 1643      20696E74 
 1643      00
 1644              	.LASF74:
 1645 0225 433A5C55 		.ascii	"C:\\Users\\Javier\\Documents\\PSoC Creator\\gnome_w"
 1645      73657273 
 1645      5C4A6176 
 1645      6965725C 
 1645      446F6375 
 1646 0253 6F726B73 		.ascii	"orkspace\\gnome_psoc5.cydsn\000"
 1646      70616365 
 1646      5C676E6F 
 1646      6D655F70 
 1646      736F6335 
 1647              	.LASF3:
 1648 026e 73686F72 		.ascii	"short unsigned int\000"
 1648      7420756E 
ARM GAS  C:\Users\Javier\AppData\Local\Temp\ccse1tQb.s 			page 36


 1648      7369676E 
 1648      65642069 
 1648      6E7400
 1649              	.LASF77:
 1650 0281 45455052 		.ascii	"EEPROM_Start\000"
 1650      4F4D5F53 
 1650      74617274 
 1650      00
 1651              	.LASF22:
 1652 028e 64617461 		.ascii	"data\000"
 1652      00
 1653              	.LASF57:
 1654 0293 676E6F6D 		.ascii	"gnome_reset\000"
 1654      655F7265 
 1654      73657400 
 1655              	.LASF18:
 1656 029f 72656738 		.ascii	"reg8\000"
 1656      00
 1657              	.LASF7:
 1658 02a4 6C6F6E67 		.ascii	"long unsigned int\000"
 1658      20756E73 
 1658      69676E65 
 1658      6420696E 
 1658      7400
 1659              	.LASF46:
 1660 02b6 706F7274 		.ascii	"port0_ptr\000"
 1660      305F7074 
 1660      7200
 1661              	.LASF16:
 1662 02c0 646F7562 		.ascii	"double\000"
 1662      6C6500
 1663              	.LASF55:
 1664 02c7 63757374 		.ascii	"customCharIdentifiers\000"
 1664      6F6D4368 
 1664      61724964 
 1664      656E7469 
 1664      66696572 
 1665              	.LASF53:
 1666 02dd 626C696E 		.ascii	"blinkON\000"
 1666      6B4F4E00 
 1667              	.LASF58:
 1668 02e5 676E6F6D 		.ascii	"gnome_start\000"
 1668      655F7374 
 1668      61727400 
 1669              	.LASF71:
 1670 02f1 4953525F 		.ascii	"ISR_StartEx\000"
 1670      53746172 
 1670      74457800 
 1671              	.LASF76:
 1672 02fd 75706461 		.ascii	"update_lcd\000"
 1672      74655F6C 
 1672      636400
 1673              	.LASF5:
 1674 0308 5F5F696E 		.ascii	"__int32_t\000"
 1674      7433325F 
 1674      7400
 1675              	.LASF72:
ARM GAS  C:\Users\Javier\AppData\Local\Temp\ccse1tQb.s 			page 37


 1676 0312 474E5520 		.ascii	"GNU C 4.9.3 20150303 (release) [ARM/embedded-4_9-br"
 1676      4320342E 
 1676      392E3320 
 1676      32303135 
 1676      30333033 
 1677 0345 616E6368 		.ascii	"anch revision 221220] -mcpu=cortex-m3 -mthumb -g -O"
 1677      20726576 
 1677      6973696F 
 1677      6E203232 
 1677      31323230 
 1678 0378 67202D66 		.ascii	"g -ffunction-sections -ffat-lto-objects\000"
 1678      66756E63 
 1678      74696F6E 
 1678      2D736563 
 1678      74696F6E 
 1679              	.LASF21:
 1680 03a0 666C6167 		.ascii	"flags_t\000"
 1680      735F7400 
 1681              	.LASF50:
 1682 03a8 6261636B 		.ascii	"backlight\000"
 1682      6C696768 
 1682      7400
 1683              	.LASF20:
 1684 03b2 73697A65 		.ascii	"sizetype\000"
 1684      74797065 
 1684      00
 1685              	.LASF30:
 1686 03bb 6272616E 		.ascii	"branch\000"
 1686      636800
 1687              	.LASF61:
 1688 03c2 49544D5F 		.ascii	"ITM_RxBuffer\000"
 1688      52784275 
 1688      66666572 
 1688      00
 1689              	.LASF62:
 1690 03cf 6E6F726D 		.ascii	"normal_context\000"
 1690      616C5F63 
 1690      6F6E7465 
 1690      787400
 1691              	.LASF66:
 1692 03de 7669615F 		.ascii	"via_state\000"
 1692      73746174 
 1692      6500
 1693              	.LASF37:
 1694 03e8 616E645F 		.ascii	"and_rd\000"
 1694      726400
 1695              	.LASF75:
 1696 03ef 676E6F6D 		.ascii	"gnome_process_it\000"
 1696      655F7072 
 1696      6F636573 
 1696      735F6974 
 1696      00
 1697              		.ident	"GCC: (GNU Tools for ARM Embedded Processors) 4.9.3 20150303 (release) [ARM/embedded-4_9-br
