ARM GAS  C:\Users\Javier\AppData\Local\Temp\cccOQ7WF.s 			page 1


   1              		.syntax unified
   2              		.cpu cortex-m3
   3              		.fpu softvfp
   4              		.eabi_attribute 20, 1
   5              		.eabi_attribute 21, 1
   6              		.eabi_attribute 23, 3
   7              		.eabi_attribute 24, 1
   8              		.eabi_attribute 25, 1
   9              		.eabi_attribute 26, 1
  10              		.eabi_attribute 30, 1
  11              		.eabi_attribute 34, 1
  12              		.eabi_attribute 18, 4
  13              		.thumb
  14              		.file	"gnome_memory.c"
  15              		.text
  16              	.Ltext0:
  17              		.cfi_sections	.debug_frame
  18              		.section	.text.gnome_store_reg,"ax",%progbits
  19              		.align	2
  20              		.global	gnome_store_reg
  21              		.thumb
  22              		.thumb_func
  23              		.type	gnome_store_reg, %function
  24              	gnome_store_reg:
  25              	.LFB63:
  26              		.file 1 ".\\gnome_memory.c"
   1:.\gnome_memory.c **** /* ========================================
   2:.\gnome_memory.c ****  *
   3:.\gnome_memory.c ****  * Copyright YOUR COMPANY, THE YEAR
   4:.\gnome_memory.c ****  * All Rights Reserved
   5:.\gnome_memory.c ****  * UNPUBLISHED, LICENSED SOFTWARE.
   6:.\gnome_memory.c ****  *
   7:.\gnome_memory.c ****  * CONFIDENTIAL AND PROPRIETARY INFORMATION
   8:.\gnome_memory.c ****  * WHICH IS THE PROPERTY OF your company.
   9:.\gnome_memory.c ****  *
  10:.\gnome_memory.c ****  * ========================================
  11:.\gnome_memory.c **** */
  12:.\gnome_memory.c **** 
  13:.\gnome_memory.c **** #include "gnome_memory.h"
  14:.\gnome_memory.c **** 
  15:.\gnome_memory.c **** void gnome_store_reg(uint8_t regist) {
  27              		.loc 1 15 0
  28              		.cfi_startproc
  29              		@ args = 0, pretend = 0, frame = 0
  30              		@ frame_needed = 0, uses_anonymous_args = 0
  31              		@ link register save eliminated.
  32              	.LVL0:
  33              	.LBB2:
  16:.\gnome_memory.c ****     if (GNOME_VIA_ACTIVE) {
  17:.\gnome_memory.c ****         reg8 *mem_mapped_reg;
  18:.\gnome_memory.c ****         uint8_t intermediateValue;
  19:.\gnome_memory.c ****         switch (regist & 0x0F) {
  34              		.loc 1 19 0
  35 0000 00F00F00 		and	r0, r0, #15
  36              	.LVL1:
  37 0004 0E28     		cmp	r0, #14
  38 0006 1CD0     		beq	.L3
ARM GAS  C:\Users\Javier\AppData\Local\Temp\cccOQ7WF.s 			page 2


  39 0008 0F28     		cmp	r0, #15
  40 000a 37D0     		beq	.L4
  41 000c 0D28     		cmp	r0, #13
  42 000e 52D1     		bne	.L12
  20:.\gnome_memory.c ****             #if !defined(GNOME_VIA_CONFIG_OUT_OPT_OUT) /* Check for removal by optimization */
  21:.\gnome_memory.c ****             case GNOME_VIA_CONFIG:
  22:.\gnome_memory.c ****                 if(via_state.config_mask & 0x80) {
  43              		.loc 1 22 0
  44 0010 2D4B     		ldr	r3, .L13
  45 0012 1B78     		ldrb	r3, [r3]	@ zero_extendqisi2
  46 0014 13F0800F 		tst	r3, #128
  47 0018 0BD0     		beq	.L6
  48              	.LVL2:
  23:.\gnome_memory.c ****                     mem_mapped_reg = GNOME_VIA_CONFIG_OUT_ADDR;
  24:.\gnome_memory.c ****                     *mem_mapped_reg = current_context->accumulator & via_state.config_mask & ((1<<G
  49              		.loc 1 24 0
  50 001a 2C4A     		ldr	r2, .L13+4
  51 001c 1268     		ldr	r2, [r2]
  52 001e 1278     		ldrb	r2, [r2]	@ zero_extendqisi2
  53 0020 1340     		ands	r3, r3, r2
  54 0022 03F00F03 		and	r3, r3, #15
  55 0026 2A4A     		ldr	r2, .L13+8
  56 0028 1370     		strb	r3, [r2]
  25:.\gnome_memory.c ****                     via_state.config_mask = 0;
  57              		.loc 1 25 0
  58 002a 0022     		movs	r2, #0
  59 002c 264B     		ldr	r3, .L13
  60 002e 1A70     		strb	r2, [r3]
  61 0030 7047     		bx	lr
  62              	.LVL3:
  63              	.L6:
  26:.\gnome_memory.c ****                 } else {
  27:.\gnome_memory.c ****                     // 0x80 indica una petición de escritura, incluso si la máscara es cero.
  28:.\gnome_memory.c ****                     via_state.config_mask = current_context->accumulator | 0x80;
  64              		.loc 1 28 0
  65 0032 264B     		ldr	r3, .L13+4
  66 0034 1B68     		ldr	r3, [r3]
  67 0036 1B78     		ldrb	r3, [r3]	@ zero_extendqisi2
  68 0038 63F07F03 		orn	r3, r3, #127
  69 003c 224A     		ldr	r2, .L13
  70 003e 1370     		strb	r3, [r2]
  71 0040 7047     		bx	lr
  72              	.L3:
  73              	.LVL4:
  29:.\gnome_memory.c ****                 }
  30:.\gnome_memory.c ****                 break;
  31:.\gnome_memory.c ****             #endif
  32:.\gnome_memory.c ****             #if !defined(GNOME_VIA_PORT0_OUT_OPT_OUT) /* Check for removal by optimization */
  33:.\gnome_memory.c ****             case GNOME_VIA_PORT0:
  34:.\gnome_memory.c ****                 mem_mapped_reg = GNOME_VIA_PORT0_OUT_ADDR;
  35:.\gnome_memory.c ****                 if (via_state.port0_ptr) {
  74              		.loc 1 35 0
  75 0042 214B     		ldr	r3, .L13
  76 0044 5B78     		ldrb	r3, [r3, #1]	@ zero_extendqisi2
  77 0046 53B1     		cbz	r3, .L8
  36:.\gnome_memory.c ****                     current_context->accumulator = (((*mem_mapped_reg) & 0xF0) >> 4) & ((1<<GNOME_W
  78              		.loc 1 36 0
ARM GAS  C:\Users\Javier\AppData\Local\Temp\cccOQ7WF.s 			page 3


  79 0048 204B     		ldr	r3, .L13+4
  80 004a 1968     		ldr	r1, [r3]
  81 004c 214B     		ldr	r3, .L13+12
  82 004e 1A78     		ldrb	r2, [r3]	@ zero_extendqisi2
  83 0050 1209     		lsrs	r2, r2, #4
  84 0052 0A70     		strb	r2, [r1]
  37:.\gnome_memory.c ****                     intermediateValue = 0x0F & *mem_mapped_reg;
  85              		.loc 1 37 0
  86 0054 1A78     		ldrb	r2, [r3]	@ zero_extendqisi2
  87              	.LVL5:
  38:.\gnome_memory.c ****                     *mem_mapped_reg =  (intermediateValue + (current_context->accumulator << 4)) & 
  88              		.loc 1 38 0
  89 0056 02F00F02 		and	r2, r2, #15
  90              	.LVL6:
  91 005a 1A70     		strb	r2, [r3]
  92 005c 07E0     		b	.L9
  93              	.L8:
  39:.\gnome_memory.c ****                 } else {
  40:.\gnome_memory.c ****                     intermediateValue = 0xF0 & *mem_mapped_reg;
  94              		.loc 1 40 0
  95 005e 1D4A     		ldr	r2, .L13+12
  96 0060 1378     		ldrb	r3, [r2]	@ zero_extendqisi2
  41:.\gnome_memory.c ****                     *mem_mapped_reg =  (intermediateValue + current_context->accumulator) & ((1<<GN
  97              		.loc 1 41 0
  98 0062 1A4B     		ldr	r3, .L13+4
  99 0064 1B68     		ldr	r3, [r3]
 100 0066 1B78     		ldrb	r3, [r3]	@ zero_extendqisi2
 101 0068 03F00F03 		and	r3, r3, #15
 102 006c 1370     		strb	r3, [r2]
 103              	.L9:
  42:.\gnome_memory.c ****                 }
  43:.\gnome_memory.c ****                 via_state.port0_ptr = !via_state.port0_ptr;
 104              		.loc 1 43 0
 105 006e 164A     		ldr	r2, .L13
 106 0070 5378     		ldrb	r3, [r2, #1]	@ zero_extendqisi2
 107 0072 B3FA83F3 		clz	r3, r3
 108 0076 5B09     		lsrs	r3, r3, #5
 109 0078 5370     		strb	r3, [r2, #1]
  44:.\gnome_memory.c ****                 break;
 110              		.loc 1 44 0
 111 007a 7047     		bx	lr
 112              	.LVL7:
 113              	.L4:
  45:.\gnome_memory.c ****             #endif
  46:.\gnome_memory.c ****             #if !defined(GNOME_VIA_PORT1_OUT_OPT_OUT) /* Check for removal by optimization */
  47:.\gnome_memory.c ****             case GNOME_VIA_PORT1:
  48:.\gnome_memory.c ****                 mem_mapped_reg = GNOME_VIA_PORT1_OUT_ADDR;
  49:.\gnome_memory.c ****                 if (via_state.port1_ptr) {
 114              		.loc 1 49 0
 115 007c 124B     		ldr	r3, .L13
 116 007e 9B78     		ldrb	r3, [r3, #2]	@ zero_extendqisi2
 117 0080 53B1     		cbz	r3, .L10
  50:.\gnome_memory.c ****                     current_context->accumulator = (((*mem_mapped_reg) & 0xF0) >> 4) & ((1<<GNOME_W
 118              		.loc 1 50 0
 119 0082 124B     		ldr	r3, .L13+4
 120 0084 1968     		ldr	r1, [r3]
 121 0086 144B     		ldr	r3, .L13+16
ARM GAS  C:\Users\Javier\AppData\Local\Temp\cccOQ7WF.s 			page 4


 122 0088 1A78     		ldrb	r2, [r3]	@ zero_extendqisi2
 123 008a 1209     		lsrs	r2, r2, #4
 124 008c 0A70     		strb	r2, [r1]
  51:.\gnome_memory.c ****                     intermediateValue = 0x0F & *mem_mapped_reg;
 125              		.loc 1 51 0
 126 008e 1A78     		ldrb	r2, [r3]	@ zero_extendqisi2
 127              	.LVL8:
  52:.\gnome_memory.c ****                     *mem_mapped_reg =  (intermediateValue + (current_context->accumulator << 4)) & 
 128              		.loc 1 52 0
 129 0090 02F00F02 		and	r2, r2, #15
 130              	.LVL9:
 131 0094 1A70     		strb	r2, [r3]
 132 0096 07E0     		b	.L11
 133              	.L10:
  53:.\gnome_memory.c ****                 } else {
  54:.\gnome_memory.c ****                     intermediateValue = 0xF0 & *mem_mapped_reg;
 134              		.loc 1 54 0
 135 0098 0F4A     		ldr	r2, .L13+16
 136 009a 1378     		ldrb	r3, [r2]	@ zero_extendqisi2
  55:.\gnome_memory.c ****                     *mem_mapped_reg =  (intermediateValue + current_context->accumulator) & ((1<<GN
 137              		.loc 1 55 0
 138 009c 0B4B     		ldr	r3, .L13+4
 139 009e 1B68     		ldr	r3, [r3]
 140 00a0 1B78     		ldrb	r3, [r3]	@ zero_extendqisi2
 141 00a2 03F00F03 		and	r3, r3, #15
 142 00a6 1370     		strb	r3, [r2]
 143              	.L11:
  56:.\gnome_memory.c ****                 }
  57:.\gnome_memory.c ****                 via_state.port1_ptr = !via_state.port1_ptr;                
 144              		.loc 1 57 0
 145 00a8 074A     		ldr	r2, .L13
 146 00aa 9378     		ldrb	r3, [r2, #2]	@ zero_extendqisi2
 147 00ac B3FA83F3 		clz	r3, r3
 148 00b0 5B09     		lsrs	r3, r3, #5
 149 00b2 9370     		strb	r3, [r2, #2]
  58:.\gnome_memory.c ****                 break;
 150              		.loc 1 58 0
 151 00b4 7047     		bx	lr
 152              	.LVL10:
 153              	.L12:
  59:.\gnome_memory.c ****             #endif
  60:.\gnome_memory.c ****             default:
  61:.\gnome_memory.c ****                 registers[regist & 0x0f] = current_context->accumulator & ((1<<GNOME_WORD_SIZE) -1)
 154              		.loc 1 61 0
 155 00b6 054B     		ldr	r3, .L13+4
 156 00b8 1B68     		ldr	r3, [r3]
 157 00ba 1B78     		ldrb	r3, [r3]	@ zero_extendqisi2
 158 00bc 03F00F03 		and	r3, r3, #15
 159 00c0 064A     		ldr	r2, .L13+20
 160 00c2 1354     		strb	r3, [r2, r0]
 161 00c4 7047     		bx	lr
 162              	.L14:
 163 00c6 00BF     		.align	2
 164              	.L13:
 165 00c8 00000000 		.word	via_state
 166 00cc 00000000 		.word	current_context
 167 00d0 78650040 		.word	1073767800
ARM GAS  C:\Users\Javier\AppData\Local\Temp\cccOQ7WF.s 			page 5


 168 00d4 7D640040 		.word	1073767549
 169 00d8 79650040 		.word	1073767801
 170 00dc 00000000 		.word	registers
 171              	.LBE2:
 172              		.cfi_endproc
 173              	.LFE63:
 174              		.size	gnome_store_reg, .-gnome_store_reg
 175              		.section	.text.gnome_load_reg,"ax",%progbits
 176              		.align	2
 177              		.global	gnome_load_reg
 178              		.thumb
 179              		.thumb_func
 180              		.type	gnome_load_reg, %function
 181              	gnome_load_reg:
 182              	.LFB64:
  62:.\gnome_memory.c ****                 break;
  63:.\gnome_memory.c ****         }
  64:.\gnome_memory.c ****     } else {
  65:.\gnome_memory.c ****         registers[regist & 0x0f] = current_context->accumulator;
  66:.\gnome_memory.c ****     }
  67:.\gnome_memory.c **** }
  68:.\gnome_memory.c **** 
  69:.\gnome_memory.c **** uint8_t gnome_load_reg(uint8_t regist) {
 183              		.loc 1 69 0
 184              		.cfi_startproc
 185              		@ args = 0, pretend = 0, frame = 0
 186              		@ frame_needed = 0, uses_anonymous_args = 0
 187              		@ link register save eliminated.
 188              	.LVL11:
 189              	.LBB3:
  70:.\gnome_memory.c ****     if (GNOME_VIA_ACTIVE) {
  71:.\gnome_memory.c ****         reg8 *mem_mapped_reg;
  72:.\gnome_memory.c ****         uint8_t retVal;
  73:.\gnome_memory.c ****         switch (regist & 0xF) {
 190              		.loc 1 73 0
 191 0000 00F00F00 		and	r0, r0, #15
 192              	.LVL12:
 193 0004 0E28     		cmp	r0, #14
 194 0006 02D0     		beq	.L17
 195 0008 0F28     		cmp	r0, #15
 196 000a 11D0     		beq	.L18
 197 000c 21E0     		b	.L24
 198              	.L17:
 199              	.LVL13:
  74:.\gnome_memory.c ****             #if !defined(GNOME_VIA_CONFIG_IN_OPT_OUT) /* Check for removal by optimization */
  75:.\gnome_memory.c ****             case GNOME_VIA_CONFIG:
  76:.\gnome_memory.c ****                 mem_mapped_reg = GNOME_VIA_CONFIG_IN_ADDR;
  77:.\gnome_memory.c ****                 retVal = (*mem_mapped_reg) & 0x0F;
  78:.\gnome_memory.c ****                 break;
  79:.\gnome_memory.c ****             #endif
  80:.\gnome_memory.c ****             #if !defined(GNOME_VIA_PORT0_IN_OPT_OUT) /* Check for removal by optimization */
  81:.\gnome_memory.c ****             case GNOME_VIA_PORT0:
  82:.\gnome_memory.c ****                 mem_mapped_reg = GNOME_VIA_PORT0_IN_ADDR;
  83:.\gnome_memory.c ****                 if (via_state.port0_ptr) {
 200              		.loc 1 83 0
 201 000e 134B     		ldr	r3, .L25
 202 0010 5B78     		ldrb	r3, [r3, #1]	@ zero_extendqisi2
ARM GAS  C:\Users\Javier\AppData\Local\Temp\cccOQ7WF.s 			page 6


 203 0012 1BB1     		cbz	r3, .L19
  84:.\gnome_memory.c ****                     retVal = (((*mem_mapped_reg) & 0xF0) >> 4) & ((1<<GNOME_WORD_SIZE) -1);
 204              		.loc 1 84 0
 205 0014 124A     		ldr	r2, .L25+4
 206 0016 1078     		ldrb	r0, [r2]	@ zero_extendqisi2
 207 0018 0009     		lsrs	r0, r0, #4
 208              	.LVL14:
 209 001a 03E0     		b	.L20
 210              	.LVL15:
 211              	.L19:
  85:.\gnome_memory.c ****                 } else {
  86:.\gnome_memory.c ****                     retVal = (*mem_mapped_reg) & ((1<<GNOME_WORD_SIZE) -1);
 212              		.loc 1 86 0
 213 001c 104A     		ldr	r2, .L25+4
 214 001e 1078     		ldrb	r0, [r2]	@ zero_extendqisi2
 215 0020 00F00F00 		and	r0, r0, #15
 216              	.LVL16:
 217              	.L20:
  87:.\gnome_memory.c ****                 }
  88:.\gnome_memory.c ****                 via_state.port0_ptr = !via_state.port0_ptr;
 218              		.loc 1 88 0
 219 0024 B3FA83F3 		clz	r3, r3
 220 0028 5B09     		lsrs	r3, r3, #5
 221 002a 0C4A     		ldr	r2, .L25
 222 002c 5370     		strb	r3, [r2, #1]
  89:.\gnome_memory.c ****                 break;
 223              		.loc 1 89 0
 224 002e 7047     		bx	lr
 225              	.LVL17:
 226              	.L18:
  90:.\gnome_memory.c ****             #endif
  91:.\gnome_memory.c ****             #if !defined(GNOME_VIA_PORT1_IN_OPT_OUT) /* Check for removal by optimization */
  92:.\gnome_memory.c ****             case GNOME_VIA_PORT1:
  93:.\gnome_memory.c ****                 mem_mapped_reg = GNOME_VIA_PORT1_IN_ADDR;
  94:.\gnome_memory.c ****                 if (via_state.port1_ptr) {
 227              		.loc 1 94 0
 228 0030 0A4B     		ldr	r3, .L25
 229 0032 9B78     		ldrb	r3, [r3, #2]	@ zero_extendqisi2
 230 0034 1BB1     		cbz	r3, .L22
  95:.\gnome_memory.c ****                     retVal = (((*mem_mapped_reg) & 0xF0) >> 4) & ((1<<GNOME_WORD_SIZE) -1);
 231              		.loc 1 95 0
 232 0036 0B4A     		ldr	r2, .L25+8
 233 0038 1078     		ldrb	r0, [r2]	@ zero_extendqisi2
 234 003a 0009     		lsrs	r0, r0, #4
 235              	.LVL18:
 236 003c 03E0     		b	.L23
 237              	.LVL19:
 238              	.L22:
  96:.\gnome_memory.c ****                 } else {
  97:.\gnome_memory.c ****                     retVal = (*mem_mapped_reg) & ((1<<GNOME_WORD_SIZE) -1);
 239              		.loc 1 97 0
 240 003e 094A     		ldr	r2, .L25+8
 241 0040 1078     		ldrb	r0, [r2]	@ zero_extendqisi2
 242 0042 00F00F00 		and	r0, r0, #15
 243              	.LVL20:
 244              	.L23:
  98:.\gnome_memory.c ****                 }
ARM GAS  C:\Users\Javier\AppData\Local\Temp\cccOQ7WF.s 			page 7


  99:.\gnome_memory.c ****                 via_state.port1_ptr = !via_state.port1_ptr;                
 245              		.loc 1 99 0
 246 0046 B3FA83F3 		clz	r3, r3
 247 004a 5B09     		lsrs	r3, r3, #5
 248 004c 034A     		ldr	r2, .L25
 249 004e 9370     		strb	r3, [r2, #2]
 100:.\gnome_memory.c ****                 break;
 250              		.loc 1 100 0
 251 0050 7047     		bx	lr
 252              	.LVL21:
 253              	.L24:
 101:.\gnome_memory.c ****             #endif
 102:.\gnome_memory.c ****             default:
 103:.\gnome_memory.c ****                retVal = registers[regist & 0x0F] &((1<<GNOME_WORD_SIZE) -1);
 254              		.loc 1 103 0
 255 0052 054B     		ldr	r3, .L25+12
 256 0054 185C     		ldrb	r0, [r3, r0]	@ zero_extendqisi2
 257 0056 00F00F00 		and	r0, r0, #15
 258              	.LVL22:
 259              	.LBE3:
 104:.\gnome_memory.c ****                 break;
 105:.\gnome_memory.c ****         }
 106:.\gnome_memory.c ****         return retVal;
 107:.\gnome_memory.c ****     } else {
 108:.\gnome_memory.c ****         return registers[regist & 0x0f] & ((1<<GNOME_WORD_SIZE) -1);
 109:.\gnome_memory.c ****     }
 110:.\gnome_memory.c **** }
 260              		.loc 1 110 0
 261 005a 7047     		bx	lr
 262              	.L26:
 263              		.align	2
 264              	.L25:
 265 005c 00000000 		.word	via_state
 266 0060 6D640040 		.word	1073767533
 267 0064 69650040 		.word	1073767785
 268 0068 00000000 		.word	registers
 269              		.cfi_endproc
 270              	.LFE64:
 271              		.size	gnome_load_reg, .-gnome_load_reg
 272              		.section	.text.gnome_debug_load_reg,"ax",%progbits
 273              		.align	2
 274              		.global	gnome_debug_load_reg
 275              		.thumb
 276              		.thumb_func
 277              		.type	gnome_debug_load_reg, %function
 278              	gnome_debug_load_reg:
 279              	.LFB65:
 111:.\gnome_memory.c **** 
 112:.\gnome_memory.c **** 
 113:.\gnome_memory.c **** uint8_t gnome_debug_load_reg(uint8_t regist) {
 280              		.loc 1 113 0
 281              		.cfi_startproc
 282              		@ args = 0, pretend = 0, frame = 0
 283              		@ frame_needed = 0, uses_anonymous_args = 0
 284              		@ link register save eliminated.
 285              	.LVL23:
 286              	.LBB4:
ARM GAS  C:\Users\Javier\AppData\Local\Temp\cccOQ7WF.s 			page 8


 114:.\gnome_memory.c ****     if (GNOME_VIA_ACTIVE) {
 115:.\gnome_memory.c ****         reg8 *mem_mapped_reg;
 116:.\gnome_memory.c ****         uint8_t retVal;
 117:.\gnome_memory.c ****         switch (regist & 0xF) {
 287              		.loc 1 117 0
 288 0000 00F00F00 		and	r0, r0, #15
 289              	.LVL24:
 290 0004 0E28     		cmp	r0, #14
 291 0006 02D0     		beq	.L29
 292 0008 0F28     		cmp	r0, #15
 293 000a 04D0     		beq	.L30
 294 000c 07E0     		b	.L32
 295              	.L29:
 296              	.LVL25:
 118:.\gnome_memory.c ****             #if !defined(GNOME_VIA_CONFIG_IN_OPT_OUT) /* Check for removal by optimization */
 119:.\gnome_memory.c ****             case GNOME_VIA_CONFIG:
 120:.\gnome_memory.c ****                 mem_mapped_reg = GNOME_VIA_CONFIG_IN_ADDR;
 121:.\gnome_memory.c ****                 retVal = *mem_mapped_reg;
 122:.\gnome_memory.c ****                 break;
 123:.\gnome_memory.c ****             #endif
 124:.\gnome_memory.c ****             #if !defined(GNOME_VIA_PORT0_IN_OPT_OUT) /* Check for removal by optimization */
 125:.\gnome_memory.c ****             case GNOME_VIA_PORT0:
 126:.\gnome_memory.c ****                 mem_mapped_reg = GNOME_VIA_PORT0_IN_ADDR;
 127:.\gnome_memory.c ****                 retVal = *mem_mapped_reg;
 297              		.loc 1 127 0
 298 000e 064B     		ldr	r3, .L33
 299 0010 1878     		ldrb	r0, [r3]	@ zero_extendqisi2
 300 0012 C0B2     		uxtb	r0, r0
 301              	.LVL26:
 128:.\gnome_memory.c ****                 break;
 302              		.loc 1 128 0
 303 0014 7047     		bx	lr
 304              	.LVL27:
 305              	.L30:
 129:.\gnome_memory.c ****             #endif
 130:.\gnome_memory.c ****             #if !defined(GNOME_VIA_PORT1_IN_OPT_OUT) /* Check for removal by optimization */
 131:.\gnome_memory.c ****             case GNOME_VIA_PORT1:
 132:.\gnome_memory.c ****                 mem_mapped_reg = GNOME_VIA_PORT1_IN_ADDR;
 133:.\gnome_memory.c ****                 retVal = *mem_mapped_reg;
 306              		.loc 1 133 0
 307 0016 054B     		ldr	r3, .L33+4
 308 0018 1878     		ldrb	r0, [r3]	@ zero_extendqisi2
 309 001a C0B2     		uxtb	r0, r0
 310              	.LVL28:
 134:.\gnome_memory.c ****                 break;
 311              		.loc 1 134 0
 312 001c 7047     		bx	lr
 313              	.LVL29:
 314              	.L32:
 135:.\gnome_memory.c ****             #endif
 136:.\gnome_memory.c ****             default:
 137:.\gnome_memory.c ****                retVal = registers[regist & 0x0F] &((1<<GNOME_WORD_SIZE) -1);
 315              		.loc 1 137 0
 316 001e 044B     		ldr	r3, .L33+8
 317 0020 185C     		ldrb	r0, [r3, r0]	@ zero_extendqisi2
 318 0022 00F00F00 		and	r0, r0, #15
 319              	.LVL30:
ARM GAS  C:\Users\Javier\AppData\Local\Temp\cccOQ7WF.s 			page 9


 320              	.LBE4:
 138:.\gnome_memory.c ****                 break;
 139:.\gnome_memory.c ****         }
 140:.\gnome_memory.c ****         return retVal;
 141:.\gnome_memory.c ****     } else {
 142:.\gnome_memory.c ****         return registers[regist & 0x0f] & ((1<<GNOME_WORD_SIZE) -1);
 143:.\gnome_memory.c ****     }
 144:.\gnome_memory.c **** }
 321              		.loc 1 144 0
 322 0026 7047     		bx	lr
 323              	.L34:
 324              		.align	2
 325              	.L33:
 326 0028 6D640040 		.word	1073767533
 327 002c 69650040 		.word	1073767785
 328 0030 00000000 		.word	registers
 329              		.cfi_endproc
 330              	.LFE65:
 331              		.size	gnome_debug_load_reg, .-gnome_debug_load_reg
 332              		.comm	via_state,3,4
 333              		.comm	rom,256,4
 334              		.comm	registers,16,4
 335              		.comm	current_context,4,4
 336              		.comm	it_context,11,4
 337              		.comm	normal_context,11,4
 338              		.text
 339              	.Letext0:
 340              		.file 2 "c:\\program files (x86)\\cypress\\psoc creator\\3.3\\psoc creator\\import\\gnu\\arm\\4.9.
 341              		.file 3 "c:\\program files (x86)\\cypress\\psoc creator\\3.3\\psoc creator\\import\\gnu\\arm\\4.9.
 342              		.file 4 "Generated_Source\\PSoC5/cytypes.h"
 343              		.file 5 ".\\gnome_registers.h"
 344              		.file 6 ".\\gnome_memory.h"
 345              		.file 7 "Generated_Source\\PSoC5/core_cm3.h"
 346              		.section	.debug_info,"",%progbits
 347              	.Ldebug_info0:
 348 0000 76030000 		.4byte	0x376
 349 0004 0400     		.2byte	0x4
 350 0006 00000000 		.4byte	.Ldebug_abbrev0
 351 000a 04       		.byte	0x4
 352 000b 01       		.uleb128 0x1
 353 000c 16010000 		.4byte	.LASF44
 354 0010 01       		.byte	0x1
 355 0011 FB000000 		.4byte	.LASF45
 356 0015 0C020000 		.4byte	.LASF46
 357 0019 00000000 		.4byte	.Ldebug_ranges0+0
 358 001d 00000000 		.4byte	0
 359 0021 00000000 		.4byte	.Ldebug_line0
 360 0025 02       		.uleb128 0x2
 361 0026 01       		.byte	0x1
 362 0027 06       		.byte	0x6
 363 0028 80000000 		.4byte	.LASF0
 364 002c 03       		.uleb128 0x3
 365 002d 37000000 		.4byte	.LASF4
 366 0031 02       		.byte	0x2
 367 0032 1D       		.byte	0x1d
 368 0033 37000000 		.4byte	0x37
 369 0037 02       		.uleb128 0x2
ARM GAS  C:\Users\Javier\AppData\Local\Temp\cccOQ7WF.s 			page 10


 370 0038 01       		.byte	0x1
 371 0039 08       		.byte	0x8
 372 003a 8C000000 		.4byte	.LASF1
 373 003e 02       		.uleb128 0x2
 374 003f 02       		.byte	0x2
 375 0040 05       		.byte	0x5
 376 0041 8B020000 		.4byte	.LASF2
 377 0045 02       		.uleb128 0x2
 378 0046 02       		.byte	0x2
 379 0047 07       		.byte	0x7
 380 0048 C4020000 		.4byte	.LASF3
 381 004c 03       		.uleb128 0x3
 382 004d 41000000 		.4byte	.LASF5
 383 0051 02       		.byte	0x2
 384 0052 3F       		.byte	0x3f
 385 0053 57000000 		.4byte	0x57
 386 0057 02       		.uleb128 0x2
 387 0058 04       		.byte	0x4
 388 0059 05       		.byte	0x5
 389 005a B1020000 		.4byte	.LASF6
 390 005e 02       		.uleb128 0x2
 391 005f 04       		.byte	0x4
 392 0060 07       		.byte	0x7
 393 0061 9F000000 		.4byte	.LASF7
 394 0065 02       		.uleb128 0x2
 395 0066 08       		.byte	0x8
 396 0067 05       		.byte	0x5
 397 0068 67020000 		.4byte	.LASF8
 398 006c 02       		.uleb128 0x2
 399 006d 08       		.byte	0x8
 400 006e 07       		.byte	0x7
 401 006f C7010000 		.4byte	.LASF9
 402 0073 04       		.uleb128 0x4
 403 0074 04       		.byte	0x4
 404 0075 05       		.byte	0x5
 405 0076 696E7400 		.ascii	"int\000"
 406 007a 02       		.uleb128 0x2
 407 007b 04       		.byte	0x4
 408 007c 07       		.byte	0x7
 409 007d B4010000 		.4byte	.LASF10
 410 0081 03       		.uleb128 0x3
 411 0082 60000000 		.4byte	.LASF11
 412 0086 03       		.byte	0x3
 413 0087 15       		.byte	0x15
 414 0088 2C000000 		.4byte	0x2c
 415 008c 03       		.uleb128 0x3
 416 008d 04020000 		.4byte	.LASF12
 417 0091 03       		.byte	0x3
 418 0092 2C       		.byte	0x2c
 419 0093 4C000000 		.4byte	0x4c
 420 0097 05       		.uleb128 0x5
 421 0098 68000000 		.4byte	.LASF13
 422 009c 04       		.byte	0x4
 423 009d 3801     		.2byte	0x138
 424 009f 37000000 		.4byte	0x37
 425 00a3 02       		.uleb128 0x2
 426 00a4 04       		.byte	0x4
ARM GAS  C:\Users\Javier\AppData\Local\Temp\cccOQ7WF.s 			page 11


 427 00a5 04       		.byte	0x4
 428 00a6 75000000 		.4byte	.LASF14
 429 00aa 02       		.uleb128 0x2
 430 00ab 08       		.byte	0x8
 431 00ac 04       		.byte	0x4
 432 00ad F4000000 		.4byte	.LASF15
 433 00b1 02       		.uleb128 0x2
 434 00b2 01       		.byte	0x1
 435 00b3 08       		.byte	0x8
 436 00b4 7E020000 		.4byte	.LASF16
 437 00b8 05       		.uleb128 0x5
 438 00b9 9A000000 		.4byte	.LASF17
 439 00bd 04       		.byte	0x4
 440 00be E201     		.2byte	0x1e2
 441 00c0 C4000000 		.4byte	0xc4
 442 00c4 06       		.uleb128 0x6
 443 00c5 97000000 		.4byte	0x97
 444 00c9 02       		.uleb128 0x2
 445 00ca 04       		.byte	0x4
 446 00cb 07       		.byte	0x7
 447 00cc 75020000 		.4byte	.LASF18
 448 00d0 07       		.uleb128 0x7
 449 00d1 02       		.byte	0x2
 450 00d2 05       		.byte	0x5
 451 00d3 19       		.byte	0x19
 452 00d4 ED000000 		.4byte	0xed
 453 00d8 08       		.uleb128 0x8
 454 00d9 4300     		.ascii	"C\000"
 455 00db 05       		.byte	0x5
 456 00dc 1A       		.byte	0x1a
 457 00dd 81000000 		.4byte	0x81
 458 00e1 00       		.byte	0
 459 00e2 08       		.uleb128 0x8
 460 00e3 5A00     		.ascii	"Z\000"
 461 00e5 05       		.byte	0x5
 462 00e6 1B       		.byte	0x1b
 463 00e7 81000000 		.4byte	0x81
 464 00eb 01       		.byte	0x1
 465 00ec 00       		.byte	0
 466 00ed 03       		.uleb128 0x3
 467 00ee 83020000 		.4byte	.LASF19
 468 00f2 05       		.byte	0x5
 469 00f3 1C       		.byte	0x1c
 470 00f4 D0000000 		.4byte	0xd0
 471 00f8 07       		.uleb128 0x7
 472 00f9 05       		.byte	0x5
 473 00fa 05       		.byte	0x5
 474 00fb 20       		.byte	0x20
 475 00fc 19010000 		.4byte	0x119
 476 0100 09       		.uleb128 0x9
 477 0101 7B000000 		.4byte	.LASF20
 478 0105 05       		.byte	0x5
 479 0106 21       		.byte	0x21
 480 0107 19010000 		.4byte	0x119
 481 010b 00       		.byte	0
 482 010c 08       		.uleb128 0x8
 483 010d 70747200 		.ascii	"ptr\000"
ARM GAS  C:\Users\Javier\AppData\Local\Temp\cccOQ7WF.s 			page 12


 484 0111 05       		.byte	0x5
 485 0112 22       		.byte	0x22
 486 0113 81000000 		.4byte	0x81
 487 0117 04       		.byte	0x4
 488 0118 00       		.byte	0
 489 0119 0A       		.uleb128 0xa
 490 011a 81000000 		.4byte	0x81
 491 011e 29010000 		.4byte	0x129
 492 0122 0B       		.uleb128 0xb
 493 0123 C9000000 		.4byte	0xc9
 494 0127 03       		.byte	0x3
 495 0128 00       		.byte	0
 496 0129 03       		.uleb128 0x3
 497 012a 95020000 		.4byte	.LASF21
 498 012e 05       		.byte	0x5
 499 012f 23       		.byte	0x23
 500 0130 F8000000 		.4byte	0xf8
 501 0134 07       		.uleb128 0x7
 502 0135 02       		.byte	0x2
 503 0136 05       		.byte	0x5
 504 0137 25       		.byte	0x25
 505 0138 55010000 		.4byte	0x155
 506 013c 09       		.uleb128 0x9
 507 013d 7B000000 		.4byte	.LASF20
 508 0141 05       		.byte	0x5
 509 0142 26       		.byte	0x26
 510 0143 81000000 		.4byte	0x81
 511 0147 00       		.byte	0
 512 0148 08       		.uleb128 0x8
 513 0149 70747200 		.ascii	"ptr\000"
 514 014d 05       		.byte	0x5
 515 014e 27       		.byte	0x27
 516 014f 81000000 		.4byte	0x81
 517 0153 01       		.byte	0x1
 518 0154 00       		.byte	0
 519 0155 03       		.uleb128 0x3
 520 0156 B1000000 		.4byte	.LASF22
 521 015a 05       		.byte	0x5
 522 015b 28       		.byte	0x28
 523 015c 34010000 		.4byte	0x134
 524 0160 07       		.uleb128 0x7
 525 0161 0B       		.byte	0xb
 526 0162 05       		.byte	0x5
 527 0163 45       		.byte	0x45
 528 0164 A4010000 		.4byte	0x1a4
 529 0168 09       		.uleb128 0x9
 530 0169 2B000000 		.4byte	.LASF23
 531 016d 05       		.byte	0x5
 532 016e 46       		.byte	0x46
 533 016f 81000000 		.4byte	0x81
 534 0173 00       		.byte	0
 535 0174 09       		.uleb128 0x9
 536 0175 C1010000 		.4byte	.LASF24
 537 0179 05       		.byte	0x5
 538 017a 47       		.byte	0x47
 539 017b ED000000 		.4byte	0xed
 540 017f 01       		.byte	0x1
ARM GAS  C:\Users\Javier\AppData\Local\Temp\cccOQ7WF.s 			page 13


 541 0180 08       		.uleb128 0x8
 542 0181 504300   		.ascii	"PC\000"
 543 0184 05       		.byte	0x5
 544 0185 48       		.byte	0x48
 545 0186 81000000 		.4byte	0x81
 546 018a 03       		.byte	0x3
 547 018b 09       		.uleb128 0x9
 548 018c 5A000000 		.4byte	.LASF25
 549 0190 05       		.byte	0x5
 550 0191 49       		.byte	0x49
 551 0192 29010000 		.4byte	0x129
 552 0196 04       		.byte	0x4
 553 0197 09       		.uleb128 0x9
 554 0198 CF000000 		.4byte	.LASF26
 555 019c 05       		.byte	0x5
 556 019d 4A       		.byte	0x4a
 557 019e 55010000 		.4byte	0x155
 558 01a2 09       		.byte	0x9
 559 01a3 00       		.byte	0
 560 01a4 03       		.uleb128 0x3
 561 01a5 A7020000 		.4byte	.LASF27
 562 01a9 05       		.byte	0x5
 563 01aa 4B       		.byte	0x4b
 564 01ab 60010000 		.4byte	0x160
 565 01af 07       		.uleb128 0x7
 566 01b0 03       		.byte	0x3
 567 01b1 06       		.byte	0x6
 568 01b2 13       		.byte	0x13
 569 01b3 DC010000 		.4byte	0x1dc
 570 01b7 09       		.uleb128 0x9
 571 01b8 D7020000 		.4byte	.LASF28
 572 01bc 06       		.byte	0x6
 573 01bd 14       		.byte	0x14
 574 01be 81000000 		.4byte	0x81
 575 01c2 00       		.byte	0
 576 01c3 09       		.uleb128 0x9
 577 01c4 FA010000 		.4byte	.LASF29
 578 01c8 06       		.byte	0x6
 579 01c9 15       		.byte	0x15
 580 01ca 81000000 		.4byte	0x81
 581 01ce 01       		.byte	0x1
 582 01cf 09       		.uleb128 0x9
 583 01d0 BA020000 		.4byte	.LASF30
 584 01d4 06       		.byte	0x6
 585 01d5 16       		.byte	0x16
 586 01d6 81000000 		.4byte	0x81
 587 01da 02       		.byte	0x2
 588 01db 00       		.byte	0
 589 01dc 03       		.uleb128 0x3
 590 01dd 0F000000 		.4byte	.LASF31
 591 01e1 06       		.byte	0x6
 592 01e2 17       		.byte	0x17
 593 01e3 AF010000 		.4byte	0x1af
 594 01e7 0C       		.uleb128 0xc
 595 01e8 1B000000 		.4byte	.LASF47
 596 01ec 01       		.byte	0x1
 597 01ed 0F       		.byte	0xf
ARM GAS  C:\Users\Javier\AppData\Local\Temp\cccOQ7WF.s 			page 14


 598 01ee 00000000 		.4byte	.LFB63
 599 01f2 E0000000 		.4byte	.LFE63-.LFB63
 600 01f6 01       		.uleb128 0x1
 601 01f7 9C       		.byte	0x9c
 602 01f8 34020000 		.4byte	0x234
 603 01fc 0D       		.uleb128 0xd
 604 01fd DE010000 		.4byte	.LASF34
 605 0201 01       		.byte	0x1
 606 0202 0F       		.byte	0xf
 607 0203 81000000 		.4byte	0x81
 608 0207 00000000 		.4byte	.LLST0
 609 020b 0E       		.uleb128 0xe
 610 020c 00000000 		.4byte	.LBB2
 611 0210 E0000000 		.4byte	.LBE2-.LBB2
 612 0214 0F       		.uleb128 0xf
 613 0215 4B000000 		.4byte	.LASF32
 614 0219 01       		.byte	0x1
 615 021a 11       		.byte	0x11
 616 021b 34020000 		.4byte	0x234
 617 021f 21000000 		.4byte	.LLST1
 618 0223 0F       		.uleb128 0xf
 619 0224 55020000 		.4byte	.LASF33
 620 0228 01       		.byte	0x1
 621 0229 12       		.byte	0x12
 622 022a 81000000 		.4byte	0x81
 623 022e 59000000 		.4byte	.LLST2
 624 0232 00       		.byte	0
 625 0233 00       		.byte	0
 626 0234 10       		.uleb128 0x10
 627 0235 04       		.byte	0x4
 628 0236 B8000000 		.4byte	0xb8
 629 023a 11       		.uleb128 0x11
 630 023b C0000000 		.4byte	.LASF36
 631 023f 01       		.byte	0x1
 632 0240 45       		.byte	0x45
 633 0241 81000000 		.4byte	0x81
 634 0245 00000000 		.4byte	.LFB64
 635 0249 6C000000 		.4byte	.LFE64-.LFB64
 636 024d 01       		.uleb128 0x1
 637 024e 9C       		.byte	0x9c
 638 024f 8B020000 		.4byte	0x28b
 639 0253 0D       		.uleb128 0xd
 640 0254 DE010000 		.4byte	.LASF34
 641 0258 01       		.byte	0x1
 642 0259 45       		.byte	0x45
 643 025a 81000000 		.4byte	0x81
 644 025e 7F000000 		.4byte	.LLST3
 645 0262 0E       		.uleb128 0xe
 646 0263 00000000 		.4byte	.LBB3
 647 0267 5A000000 		.4byte	.LBE3-.LBB3
 648 026b 0F       		.uleb128 0xf
 649 026c 4B000000 		.4byte	.LASF32
 650 0270 01       		.byte	0x1
 651 0271 47       		.byte	0x47
 652 0272 34020000 		.4byte	0x234
 653 0276 A0000000 		.4byte	.LLST4
 654 027a 0F       		.uleb128 0xf
ARM GAS  C:\Users\Javier\AppData\Local\Temp\cccOQ7WF.s 			page 15


 655 027b 6E000000 		.4byte	.LASF35
 656 027f 01       		.byte	0x1
 657 0280 48       		.byte	0x48
 658 0281 81000000 		.4byte	0x81
 659 0285 C8000000 		.4byte	.LLST5
 660 0289 00       		.byte	0
 661 028a 00       		.byte	0
 662 028b 11       		.uleb128 0x11
 663 028c E5010000 		.4byte	.LASF37
 664 0290 01       		.byte	0x1
 665 0291 71       		.byte	0x71
 666 0292 81000000 		.4byte	0x81
 667 0296 00000000 		.4byte	.LFB65
 668 029a 34000000 		.4byte	.LFE65-.LFB65
 669 029e 01       		.uleb128 0x1
 670 029f 9C       		.byte	0x9c
 671 02a0 DC020000 		.4byte	0x2dc
 672 02a4 0D       		.uleb128 0xd
 673 02a5 DE010000 		.4byte	.LASF34
 674 02a9 01       		.byte	0x1
 675 02aa 71       		.byte	0x71
 676 02ab 81000000 		.4byte	0x81
 677 02af 07010000 		.4byte	.LLST6
 678 02b3 0E       		.uleb128 0xe
 679 02b4 00000000 		.4byte	.LBB4
 680 02b8 26000000 		.4byte	.LBE4-.LBB4
 681 02bc 0F       		.uleb128 0xf
 682 02bd 4B000000 		.4byte	.LASF32
 683 02c1 01       		.byte	0x1
 684 02c2 73       		.byte	0x73
 685 02c3 34020000 		.4byte	0x234
 686 02c7 28010000 		.4byte	.LLST7
 687 02cb 0F       		.uleb128 0xf
 688 02cc 6E000000 		.4byte	.LASF35
 689 02d0 01       		.byte	0x1
 690 02d1 74       		.byte	0x74
 691 02d2 81000000 		.4byte	0x81
 692 02d6 50010000 		.4byte	.LLST8
 693 02da 00       		.byte	0
 694 02db 00       		.byte	0
 695 02dc 12       		.uleb128 0x12
 696 02dd E7000000 		.4byte	.LASF38
 697 02e1 07       		.byte	0x7
 698 02e2 5506     		.2byte	0x655
 699 02e4 E8020000 		.4byte	0x2e8
 700 02e8 06       		.uleb128 0x6
 701 02e9 8C000000 		.4byte	0x8c
 702 02ed 13       		.uleb128 0x13
 703 02ee 00000000 		.4byte	.LASF39
 704 02f2 05       		.byte	0x5
 705 02f3 51       		.byte	0x51
 706 02f4 A4010000 		.4byte	0x1a4
 707 02f8 05       		.uleb128 0x5
 708 02f9 03       		.byte	0x3
 709 02fa 00000000 		.4byte	normal_context
 710 02fe 13       		.uleb128 0x13
 711 02ff DC000000 		.4byte	.LASF40
ARM GAS  C:\Users\Javier\AppData\Local\Temp\cccOQ7WF.s 			page 16


 712 0303 05       		.byte	0x5
 713 0304 52       		.byte	0x52
 714 0305 A4010000 		.4byte	0x1a4
 715 0309 05       		.uleb128 0x5
 716 030a 03       		.byte	0x3
 717 030b 00000000 		.4byte	it_context
 718 030f 13       		.uleb128 0x13
 719 0310 A4010000 		.4byte	.LASF41
 720 0314 05       		.byte	0x5
 721 0315 54       		.byte	0x54
 722 0316 20030000 		.4byte	0x320
 723 031a 05       		.uleb128 0x5
 724 031b 03       		.byte	0x3
 725 031c 00000000 		.4byte	current_context
 726 0320 10       		.uleb128 0x10
 727 0321 04       		.byte	0x4
 728 0322 A4010000 		.4byte	0x1a4
 729 0326 0A       		.uleb128 0xa
 730 0327 81000000 		.4byte	0x81
 731 032b 36030000 		.4byte	0x336
 732 032f 0B       		.uleb128 0xb
 733 0330 C9000000 		.4byte	0xc9
 734 0334 0F       		.byte	0xf
 735 0335 00       		.byte	0
 736 0336 13       		.uleb128 0x13
 737 0337 9D020000 		.4byte	.LASF42
 738 033b 05       		.byte	0x5
 739 033c 56       		.byte	0x56
 740 033d 26030000 		.4byte	0x326
 741 0341 05       		.uleb128 0x5
 742 0342 03       		.byte	0x3
 743 0343 00000000 		.4byte	registers
 744 0347 0A       		.uleb128 0xa
 745 0348 81000000 		.4byte	0x81
 746 034c 57030000 		.4byte	0x357
 747 0350 0B       		.uleb128 0xb
 748 0351 C9000000 		.4byte	0xc9
 749 0355 FF       		.byte	0xff
 750 0356 00       		.byte	0
 751 0357 14       		.uleb128 0x14
 752 0358 726F6D00 		.ascii	"rom\000"
 753 035c 05       		.byte	0x5
 754 035d 59       		.byte	0x59
 755 035e 47030000 		.4byte	0x347
 756 0362 05       		.uleb128 0x5
 757 0363 03       		.byte	0x3
 758 0364 00000000 		.4byte	rom
 759 0368 13       		.uleb128 0x13
 760 0369 0C010000 		.4byte	.LASF43
 761 036d 06       		.byte	0x6
 762 036e 19       		.byte	0x19
 763 036f DC010000 		.4byte	0x1dc
 764 0373 05       		.uleb128 0x5
 765 0374 03       		.byte	0x3
 766 0375 00000000 		.4byte	via_state
 767 0379 00       		.byte	0
 768              		.section	.debug_abbrev,"",%progbits
ARM GAS  C:\Users\Javier\AppData\Local\Temp\cccOQ7WF.s 			page 17


 769              	.Ldebug_abbrev0:
 770 0000 01       		.uleb128 0x1
 771 0001 11       		.uleb128 0x11
 772 0002 01       		.byte	0x1
 773 0003 25       		.uleb128 0x25
 774 0004 0E       		.uleb128 0xe
 775 0005 13       		.uleb128 0x13
 776 0006 0B       		.uleb128 0xb
 777 0007 03       		.uleb128 0x3
 778 0008 0E       		.uleb128 0xe
 779 0009 1B       		.uleb128 0x1b
 780 000a 0E       		.uleb128 0xe
 781 000b 55       		.uleb128 0x55
 782 000c 17       		.uleb128 0x17
 783 000d 11       		.uleb128 0x11
 784 000e 01       		.uleb128 0x1
 785 000f 10       		.uleb128 0x10
 786 0010 17       		.uleb128 0x17
 787 0011 00       		.byte	0
 788 0012 00       		.byte	0
 789 0013 02       		.uleb128 0x2
 790 0014 24       		.uleb128 0x24
 791 0015 00       		.byte	0
 792 0016 0B       		.uleb128 0xb
 793 0017 0B       		.uleb128 0xb
 794 0018 3E       		.uleb128 0x3e
 795 0019 0B       		.uleb128 0xb
 796 001a 03       		.uleb128 0x3
 797 001b 0E       		.uleb128 0xe
 798 001c 00       		.byte	0
 799 001d 00       		.byte	0
 800 001e 03       		.uleb128 0x3
 801 001f 16       		.uleb128 0x16
 802 0020 00       		.byte	0
 803 0021 03       		.uleb128 0x3
 804 0022 0E       		.uleb128 0xe
 805 0023 3A       		.uleb128 0x3a
 806 0024 0B       		.uleb128 0xb
 807 0025 3B       		.uleb128 0x3b
 808 0026 0B       		.uleb128 0xb
 809 0027 49       		.uleb128 0x49
 810 0028 13       		.uleb128 0x13
 811 0029 00       		.byte	0
 812 002a 00       		.byte	0
 813 002b 04       		.uleb128 0x4
 814 002c 24       		.uleb128 0x24
 815 002d 00       		.byte	0
 816 002e 0B       		.uleb128 0xb
 817 002f 0B       		.uleb128 0xb
 818 0030 3E       		.uleb128 0x3e
 819 0031 0B       		.uleb128 0xb
 820 0032 03       		.uleb128 0x3
 821 0033 08       		.uleb128 0x8
 822 0034 00       		.byte	0
 823 0035 00       		.byte	0
 824 0036 05       		.uleb128 0x5
 825 0037 16       		.uleb128 0x16
ARM GAS  C:\Users\Javier\AppData\Local\Temp\cccOQ7WF.s 			page 18


 826 0038 00       		.byte	0
 827 0039 03       		.uleb128 0x3
 828 003a 0E       		.uleb128 0xe
 829 003b 3A       		.uleb128 0x3a
 830 003c 0B       		.uleb128 0xb
 831 003d 3B       		.uleb128 0x3b
 832 003e 05       		.uleb128 0x5
 833 003f 49       		.uleb128 0x49
 834 0040 13       		.uleb128 0x13
 835 0041 00       		.byte	0
 836 0042 00       		.byte	0
 837 0043 06       		.uleb128 0x6
 838 0044 35       		.uleb128 0x35
 839 0045 00       		.byte	0
 840 0046 49       		.uleb128 0x49
 841 0047 13       		.uleb128 0x13
 842 0048 00       		.byte	0
 843 0049 00       		.byte	0
 844 004a 07       		.uleb128 0x7
 845 004b 13       		.uleb128 0x13
 846 004c 01       		.byte	0x1
 847 004d 0B       		.uleb128 0xb
 848 004e 0B       		.uleb128 0xb
 849 004f 3A       		.uleb128 0x3a
 850 0050 0B       		.uleb128 0xb
 851 0051 3B       		.uleb128 0x3b
 852 0052 0B       		.uleb128 0xb
 853 0053 01       		.uleb128 0x1
 854 0054 13       		.uleb128 0x13
 855 0055 00       		.byte	0
 856 0056 00       		.byte	0
 857 0057 08       		.uleb128 0x8
 858 0058 0D       		.uleb128 0xd
 859 0059 00       		.byte	0
 860 005a 03       		.uleb128 0x3
 861 005b 08       		.uleb128 0x8
 862 005c 3A       		.uleb128 0x3a
 863 005d 0B       		.uleb128 0xb
 864 005e 3B       		.uleb128 0x3b
 865 005f 0B       		.uleb128 0xb
 866 0060 49       		.uleb128 0x49
 867 0061 13       		.uleb128 0x13
 868 0062 38       		.uleb128 0x38
 869 0063 0B       		.uleb128 0xb
 870 0064 00       		.byte	0
 871 0065 00       		.byte	0
 872 0066 09       		.uleb128 0x9
 873 0067 0D       		.uleb128 0xd
 874 0068 00       		.byte	0
 875 0069 03       		.uleb128 0x3
 876 006a 0E       		.uleb128 0xe
 877 006b 3A       		.uleb128 0x3a
 878 006c 0B       		.uleb128 0xb
 879 006d 3B       		.uleb128 0x3b
 880 006e 0B       		.uleb128 0xb
 881 006f 49       		.uleb128 0x49
 882 0070 13       		.uleb128 0x13
ARM GAS  C:\Users\Javier\AppData\Local\Temp\cccOQ7WF.s 			page 19


 883 0071 38       		.uleb128 0x38
 884 0072 0B       		.uleb128 0xb
 885 0073 00       		.byte	0
 886 0074 00       		.byte	0
 887 0075 0A       		.uleb128 0xa
 888 0076 01       		.uleb128 0x1
 889 0077 01       		.byte	0x1
 890 0078 49       		.uleb128 0x49
 891 0079 13       		.uleb128 0x13
 892 007a 01       		.uleb128 0x1
 893 007b 13       		.uleb128 0x13
 894 007c 00       		.byte	0
 895 007d 00       		.byte	0
 896 007e 0B       		.uleb128 0xb
 897 007f 21       		.uleb128 0x21
 898 0080 00       		.byte	0
 899 0081 49       		.uleb128 0x49
 900 0082 13       		.uleb128 0x13
 901 0083 2F       		.uleb128 0x2f
 902 0084 0B       		.uleb128 0xb
 903 0085 00       		.byte	0
 904 0086 00       		.byte	0
 905 0087 0C       		.uleb128 0xc
 906 0088 2E       		.uleb128 0x2e
 907 0089 01       		.byte	0x1
 908 008a 3F       		.uleb128 0x3f
 909 008b 19       		.uleb128 0x19
 910 008c 03       		.uleb128 0x3
 911 008d 0E       		.uleb128 0xe
 912 008e 3A       		.uleb128 0x3a
 913 008f 0B       		.uleb128 0xb
 914 0090 3B       		.uleb128 0x3b
 915 0091 0B       		.uleb128 0xb
 916 0092 27       		.uleb128 0x27
 917 0093 19       		.uleb128 0x19
 918 0094 11       		.uleb128 0x11
 919 0095 01       		.uleb128 0x1
 920 0096 12       		.uleb128 0x12
 921 0097 06       		.uleb128 0x6
 922 0098 40       		.uleb128 0x40
 923 0099 18       		.uleb128 0x18
 924 009a 9742     		.uleb128 0x2117
 925 009c 19       		.uleb128 0x19
 926 009d 01       		.uleb128 0x1
 927 009e 13       		.uleb128 0x13
 928 009f 00       		.byte	0
 929 00a0 00       		.byte	0
 930 00a1 0D       		.uleb128 0xd
 931 00a2 05       		.uleb128 0x5
 932 00a3 00       		.byte	0
 933 00a4 03       		.uleb128 0x3
 934 00a5 0E       		.uleb128 0xe
 935 00a6 3A       		.uleb128 0x3a
 936 00a7 0B       		.uleb128 0xb
 937 00a8 3B       		.uleb128 0x3b
 938 00a9 0B       		.uleb128 0xb
 939 00aa 49       		.uleb128 0x49
ARM GAS  C:\Users\Javier\AppData\Local\Temp\cccOQ7WF.s 			page 20


 940 00ab 13       		.uleb128 0x13
 941 00ac 02       		.uleb128 0x2
 942 00ad 17       		.uleb128 0x17
 943 00ae 00       		.byte	0
 944 00af 00       		.byte	0
 945 00b0 0E       		.uleb128 0xe
 946 00b1 0B       		.uleb128 0xb
 947 00b2 01       		.byte	0x1
 948 00b3 11       		.uleb128 0x11
 949 00b4 01       		.uleb128 0x1
 950 00b5 12       		.uleb128 0x12
 951 00b6 06       		.uleb128 0x6
 952 00b7 00       		.byte	0
 953 00b8 00       		.byte	0
 954 00b9 0F       		.uleb128 0xf
 955 00ba 34       		.uleb128 0x34
 956 00bb 00       		.byte	0
 957 00bc 03       		.uleb128 0x3
 958 00bd 0E       		.uleb128 0xe
 959 00be 3A       		.uleb128 0x3a
 960 00bf 0B       		.uleb128 0xb
 961 00c0 3B       		.uleb128 0x3b
 962 00c1 0B       		.uleb128 0xb
 963 00c2 49       		.uleb128 0x49
 964 00c3 13       		.uleb128 0x13
 965 00c4 02       		.uleb128 0x2
 966 00c5 17       		.uleb128 0x17
 967 00c6 00       		.byte	0
 968 00c7 00       		.byte	0
 969 00c8 10       		.uleb128 0x10
 970 00c9 0F       		.uleb128 0xf
 971 00ca 00       		.byte	0
 972 00cb 0B       		.uleb128 0xb
 973 00cc 0B       		.uleb128 0xb
 974 00cd 49       		.uleb128 0x49
 975 00ce 13       		.uleb128 0x13
 976 00cf 00       		.byte	0
 977 00d0 00       		.byte	0
 978 00d1 11       		.uleb128 0x11
 979 00d2 2E       		.uleb128 0x2e
 980 00d3 01       		.byte	0x1
 981 00d4 3F       		.uleb128 0x3f
 982 00d5 19       		.uleb128 0x19
 983 00d6 03       		.uleb128 0x3
 984 00d7 0E       		.uleb128 0xe
 985 00d8 3A       		.uleb128 0x3a
 986 00d9 0B       		.uleb128 0xb
 987 00da 3B       		.uleb128 0x3b
 988 00db 0B       		.uleb128 0xb
 989 00dc 27       		.uleb128 0x27
 990 00dd 19       		.uleb128 0x19
 991 00de 49       		.uleb128 0x49
 992 00df 13       		.uleb128 0x13
 993 00e0 11       		.uleb128 0x11
 994 00e1 01       		.uleb128 0x1
 995 00e2 12       		.uleb128 0x12
 996 00e3 06       		.uleb128 0x6
ARM GAS  C:\Users\Javier\AppData\Local\Temp\cccOQ7WF.s 			page 21


 997 00e4 40       		.uleb128 0x40
 998 00e5 18       		.uleb128 0x18
 999 00e6 9742     		.uleb128 0x2117
 1000 00e8 19       		.uleb128 0x19
 1001 00e9 01       		.uleb128 0x1
 1002 00ea 13       		.uleb128 0x13
 1003 00eb 00       		.byte	0
 1004 00ec 00       		.byte	0
 1005 00ed 12       		.uleb128 0x12
 1006 00ee 34       		.uleb128 0x34
 1007 00ef 00       		.byte	0
 1008 00f0 03       		.uleb128 0x3
 1009 00f1 0E       		.uleb128 0xe
 1010 00f2 3A       		.uleb128 0x3a
 1011 00f3 0B       		.uleb128 0xb
 1012 00f4 3B       		.uleb128 0x3b
 1013 00f5 05       		.uleb128 0x5
 1014 00f6 49       		.uleb128 0x49
 1015 00f7 13       		.uleb128 0x13
 1016 00f8 3F       		.uleb128 0x3f
 1017 00f9 19       		.uleb128 0x19
 1018 00fa 3C       		.uleb128 0x3c
 1019 00fb 19       		.uleb128 0x19
 1020 00fc 00       		.byte	0
 1021 00fd 00       		.byte	0
 1022 00fe 13       		.uleb128 0x13
 1023 00ff 34       		.uleb128 0x34
 1024 0100 00       		.byte	0
 1025 0101 03       		.uleb128 0x3
 1026 0102 0E       		.uleb128 0xe
 1027 0103 3A       		.uleb128 0x3a
 1028 0104 0B       		.uleb128 0xb
 1029 0105 3B       		.uleb128 0x3b
 1030 0106 0B       		.uleb128 0xb
 1031 0107 49       		.uleb128 0x49
 1032 0108 13       		.uleb128 0x13
 1033 0109 3F       		.uleb128 0x3f
 1034 010a 19       		.uleb128 0x19
 1035 010b 02       		.uleb128 0x2
 1036 010c 18       		.uleb128 0x18
 1037 010d 00       		.byte	0
 1038 010e 00       		.byte	0
 1039 010f 14       		.uleb128 0x14
 1040 0110 34       		.uleb128 0x34
 1041 0111 00       		.byte	0
 1042 0112 03       		.uleb128 0x3
 1043 0113 08       		.uleb128 0x8
 1044 0114 3A       		.uleb128 0x3a
 1045 0115 0B       		.uleb128 0xb
 1046 0116 3B       		.uleb128 0x3b
 1047 0117 0B       		.uleb128 0xb
 1048 0118 49       		.uleb128 0x49
 1049 0119 13       		.uleb128 0x13
 1050 011a 3F       		.uleb128 0x3f
 1051 011b 19       		.uleb128 0x19
 1052 011c 02       		.uleb128 0x2
 1053 011d 18       		.uleb128 0x18
ARM GAS  C:\Users\Javier\AppData\Local\Temp\cccOQ7WF.s 			page 22


 1054 011e 00       		.byte	0
 1055 011f 00       		.byte	0
 1056 0120 00       		.byte	0
 1057              		.section	.debug_loc,"",%progbits
 1058              	.Ldebug_loc0:
 1059              	.LLST0:
 1060 0000 00000000 		.4byte	.LVL0
 1061 0004 04000000 		.4byte	.LVL1
 1062 0008 0100     		.2byte	0x1
 1063 000a 50       		.byte	0x50
 1064 000b 04000000 		.4byte	.LVL1
 1065 000f E0000000 		.4byte	.LFE63
 1066 0013 0400     		.2byte	0x4
 1067 0015 F3       		.byte	0xf3
 1068 0016 01       		.uleb128 0x1
 1069 0017 50       		.byte	0x50
 1070 0018 9F       		.byte	0x9f
 1071 0019 00000000 		.4byte	0
 1072 001d 00000000 		.4byte	0
 1073              	.LLST1:
 1074 0021 1A000000 		.4byte	.LVL2
 1075 0025 32000000 		.4byte	.LVL3
 1076 0029 0600     		.2byte	0x6
 1077 002b 0C       		.byte	0xc
 1078 002c 78650040 		.4byte	0x40006578
 1079 0030 9F       		.byte	0x9f
 1080 0031 42000000 		.4byte	.LVL4
 1081 0035 7C000000 		.4byte	.LVL7
 1082 0039 0600     		.2byte	0x6
 1083 003b 0C       		.byte	0xc
 1084 003c 7D640040 		.4byte	0x4000647d
 1085 0040 9F       		.byte	0x9f
 1086 0041 7C000000 		.4byte	.LVL7
 1087 0045 B6000000 		.4byte	.LVL10
 1088 0049 0600     		.2byte	0x6
 1089 004b 0C       		.byte	0xc
 1090 004c 79650040 		.4byte	0x40006579
 1091 0050 9F       		.byte	0x9f
 1092 0051 00000000 		.4byte	0
 1093 0055 00000000 		.4byte	0
 1094              	.LLST2:
 1095 0059 56000000 		.4byte	.LVL5
 1096 005d 5A000000 		.4byte	.LVL6
 1097 0061 0500     		.2byte	0x5
 1098 0063 72       		.byte	0x72
 1099 0064 00       		.sleb128 0
 1100 0065 3F       		.byte	0x3f
 1101 0066 1A       		.byte	0x1a
 1102 0067 9F       		.byte	0x9f
 1103 0068 90000000 		.4byte	.LVL8
 1104 006c 94000000 		.4byte	.LVL9
 1105 0070 0500     		.2byte	0x5
 1106 0072 72       		.byte	0x72
 1107 0073 00       		.sleb128 0
 1108 0074 3F       		.byte	0x3f
 1109 0075 1A       		.byte	0x1a
 1110 0076 9F       		.byte	0x9f
ARM GAS  C:\Users\Javier\AppData\Local\Temp\cccOQ7WF.s 			page 23


 1111 0077 00000000 		.4byte	0
 1112 007b 00000000 		.4byte	0
 1113              	.LLST3:
 1114 007f 00000000 		.4byte	.LVL11
 1115 0083 04000000 		.4byte	.LVL12
 1116 0087 0100     		.2byte	0x1
 1117 0089 50       		.byte	0x50
 1118 008a 04000000 		.4byte	.LVL12
 1119 008e 6C000000 		.4byte	.LFE64
 1120 0092 0400     		.2byte	0x4
 1121 0094 F3       		.byte	0xf3
 1122 0095 01       		.uleb128 0x1
 1123 0096 50       		.byte	0x50
 1124 0097 9F       		.byte	0x9f
 1125 0098 00000000 		.4byte	0
 1126 009c 00000000 		.4byte	0
 1127              	.LLST4:
 1128 00a0 0E000000 		.4byte	.LVL13
 1129 00a4 30000000 		.4byte	.LVL17
 1130 00a8 0600     		.2byte	0x6
 1131 00aa 0C       		.byte	0xc
 1132 00ab 6D640040 		.4byte	0x4000646d
 1133 00af 9F       		.byte	0x9f
 1134 00b0 30000000 		.4byte	.LVL17
 1135 00b4 52000000 		.4byte	.LVL21
 1136 00b8 0600     		.2byte	0x6
 1137 00ba 0C       		.byte	0xc
 1138 00bb 69650040 		.4byte	0x40006569
 1139 00bf 9F       		.byte	0x9f
 1140 00c0 00000000 		.4byte	0
 1141 00c4 00000000 		.4byte	0
 1142              	.LLST5:
 1143 00c8 1A000000 		.4byte	.LVL14
 1144 00cc 1C000000 		.4byte	.LVL15
 1145 00d0 0100     		.2byte	0x1
 1146 00d2 50       		.byte	0x50
 1147 00d3 24000000 		.4byte	.LVL16
 1148 00d7 30000000 		.4byte	.LVL17
 1149 00db 0100     		.2byte	0x1
 1150 00dd 50       		.byte	0x50
 1151 00de 3C000000 		.4byte	.LVL18
 1152 00e2 3E000000 		.4byte	.LVL19
 1153 00e6 0100     		.2byte	0x1
 1154 00e8 50       		.byte	0x50
 1155 00e9 46000000 		.4byte	.LVL20
 1156 00ed 52000000 		.4byte	.LVL21
 1157 00f1 0100     		.2byte	0x1
 1158 00f3 50       		.byte	0x50
 1159 00f4 5A000000 		.4byte	.LVL22
 1160 00f8 6C000000 		.4byte	.LFE64
 1161 00fc 0100     		.2byte	0x1
 1162 00fe 50       		.byte	0x50
 1163 00ff 00000000 		.4byte	0
 1164 0103 00000000 		.4byte	0
 1165              	.LLST6:
 1166 0107 00000000 		.4byte	.LVL23
 1167 010b 04000000 		.4byte	.LVL24
ARM GAS  C:\Users\Javier\AppData\Local\Temp\cccOQ7WF.s 			page 24


 1168 010f 0100     		.2byte	0x1
 1169 0111 50       		.byte	0x50
 1170 0112 04000000 		.4byte	.LVL24
 1171 0116 34000000 		.4byte	.LFE65
 1172 011a 0400     		.2byte	0x4
 1173 011c F3       		.byte	0xf3
 1174 011d 01       		.uleb128 0x1
 1175 011e 50       		.byte	0x50
 1176 011f 9F       		.byte	0x9f
 1177 0120 00000000 		.4byte	0
 1178 0124 00000000 		.4byte	0
 1179              	.LLST7:
 1180 0128 0E000000 		.4byte	.LVL25
 1181 012c 16000000 		.4byte	.LVL27
 1182 0130 0600     		.2byte	0x6
 1183 0132 0C       		.byte	0xc
 1184 0133 6D640040 		.4byte	0x4000646d
 1185 0137 9F       		.byte	0x9f
 1186 0138 16000000 		.4byte	.LVL27
 1187 013c 1E000000 		.4byte	.LVL29
 1188 0140 0600     		.2byte	0x6
 1189 0142 0C       		.byte	0xc
 1190 0143 69650040 		.4byte	0x40006569
 1191 0147 9F       		.byte	0x9f
 1192 0148 00000000 		.4byte	0
 1193 014c 00000000 		.4byte	0
 1194              	.LLST8:
 1195 0150 14000000 		.4byte	.LVL26
 1196 0154 16000000 		.4byte	.LVL27
 1197 0158 0100     		.2byte	0x1
 1198 015a 50       		.byte	0x50
 1199 015b 1C000000 		.4byte	.LVL28
 1200 015f 1E000000 		.4byte	.LVL29
 1201 0163 0100     		.2byte	0x1
 1202 0165 50       		.byte	0x50
 1203 0166 26000000 		.4byte	.LVL30
 1204 016a 34000000 		.4byte	.LFE65
 1205 016e 0100     		.2byte	0x1
 1206 0170 50       		.byte	0x50
 1207 0171 00000000 		.4byte	0
 1208 0175 00000000 		.4byte	0
 1209              		.section	.debug_aranges,"",%progbits
 1210 0000 2C000000 		.4byte	0x2c
 1211 0004 0200     		.2byte	0x2
 1212 0006 00000000 		.4byte	.Ldebug_info0
 1213 000a 04       		.byte	0x4
 1214 000b 00       		.byte	0
 1215 000c 0000     		.2byte	0
 1216 000e 0000     		.2byte	0
 1217 0010 00000000 		.4byte	.LFB63
 1218 0014 E0000000 		.4byte	.LFE63-.LFB63
 1219 0018 00000000 		.4byte	.LFB64
 1220 001c 6C000000 		.4byte	.LFE64-.LFB64
 1221 0020 00000000 		.4byte	.LFB65
 1222 0024 34000000 		.4byte	.LFE65-.LFB65
 1223 0028 00000000 		.4byte	0
 1224 002c 00000000 		.4byte	0
ARM GAS  C:\Users\Javier\AppData\Local\Temp\cccOQ7WF.s 			page 25


 1225              		.section	.debug_ranges,"",%progbits
 1226              	.Ldebug_ranges0:
 1227 0000 00000000 		.4byte	.LFB63
 1228 0004 E0000000 		.4byte	.LFE63
 1229 0008 00000000 		.4byte	.LFB64
 1230 000c 6C000000 		.4byte	.LFE64
 1231 0010 00000000 		.4byte	.LFB65
 1232 0014 34000000 		.4byte	.LFE65
 1233 0018 00000000 		.4byte	0
 1234 001c 00000000 		.4byte	0
 1235              		.section	.debug_line,"",%progbits
 1236              	.Ldebug_line0:
 1237 0000 DF010000 		.section	.debug_str,"MS",%progbits,1
 1237      02007C01 
 1237      00000201 
 1237      FB0E0D00 
 1237      01010101 
 1238              	.LASF39:
 1239 0000 6E6F726D 		.ascii	"normal_context\000"
 1239      616C5F63 
 1239      6F6E7465 
 1239      787400
 1240              	.LASF31:
 1241 000f 7669615F 		.ascii	"via_state_t\000"
 1241      73746174 
 1241      655F7400 
 1242              	.LASF47:
 1243 001b 676E6F6D 		.ascii	"gnome_store_reg\000"
 1243      655F7374 
 1243      6F72655F 
 1243      72656700 
 1244              	.LASF23:
 1245 002b 61636375 		.ascii	"accumulator\000"
 1245      6D756C61 
 1245      746F7200 
 1246              	.LASF4:
 1247 0037 5F5F7569 		.ascii	"__uint8_t\000"
 1247      6E74385F 
 1247      7400
 1248              	.LASF5:
 1249 0041 5F5F696E 		.ascii	"__int32_t\000"
 1249      7433325F 
 1249      7400
 1250              	.LASF32:
 1251 004b 6D656D5F 		.ascii	"mem_mapped_reg\000"
 1251      6D617070 
 1251      65645F72 
 1251      656700
 1252              	.LASF25:
 1253 005a 73746163 		.ascii	"stack\000"
 1253      6B00
 1254              	.LASF11:
 1255 0060 75696E74 		.ascii	"uint8_t\000"
 1255      385F7400 
 1256              	.LASF13:
 1257 0068 75696E74 		.ascii	"uint8\000"
 1257      3800
ARM GAS  C:\Users\Javier\AppData\Local\Temp\cccOQ7WF.s 			page 26


 1258              	.LASF35:
 1259 006e 72657456 		.ascii	"retVal\000"
 1259      616C00
 1260              	.LASF14:
 1261 0075 666C6F61 		.ascii	"float\000"
 1261      7400
 1262              	.LASF20:
 1263 007b 64617461 		.ascii	"data\000"
 1263      00
 1264              	.LASF0:
 1265 0080 7369676E 		.ascii	"signed char\000"
 1265      65642063 
 1265      68617200 
 1266              	.LASF1:
 1267 008c 756E7369 		.ascii	"unsigned char\000"
 1267      676E6564 
 1267      20636861 
 1267      7200
 1268              	.LASF17:
 1269 009a 72656738 		.ascii	"reg8\000"
 1269      00
 1270              	.LASF7:
 1271 009f 6C6F6E67 		.ascii	"long unsigned int\000"
 1271      20756E73 
 1271      69676E65 
 1271      6420696E 
 1271      7400
 1272              	.LASF22:
 1273 00b1 696E645F 		.ascii	"ind_addr_reg_t\000"
 1273      61646472 
 1273      5F726567 
 1273      5F7400
 1274              	.LASF36:
 1275 00c0 676E6F6D 		.ascii	"gnome_load_reg\000"
 1275      655F6C6F 
 1275      61645F72 
 1275      656700
 1276              	.LASF26:
 1277 00cf 696E645F 		.ascii	"ind_addr_reg\000"
 1277      61646472 
 1277      5F726567 
 1277      00
 1278              	.LASF40:
 1279 00dc 69745F63 		.ascii	"it_context\000"
 1279      6F6E7465 
 1279      787400
 1280              	.LASF38:
 1281 00e7 49544D5F 		.ascii	"ITM_RxBuffer\000"
 1281      52784275 
 1281      66666572 
 1281      00
 1282              	.LASF15:
 1283 00f4 646F7562 		.ascii	"double\000"
 1283      6C6500
 1284              	.LASF45:
 1285 00fb 2E5C676E 		.ascii	".\\gnome_memory.c\000"
 1285      6F6D655F 
ARM GAS  C:\Users\Javier\AppData\Local\Temp\cccOQ7WF.s 			page 27


 1285      6D656D6F 
 1285      72792E63 
 1285      00
 1286              	.LASF43:
 1287 010c 7669615F 		.ascii	"via_state\000"
 1287      73746174 
 1287      6500
 1288              	.LASF44:
 1289 0116 474E5520 		.ascii	"GNU C 4.9.3 20150303 (release) [ARM/embedded-4_9-br"
 1289      4320342E 
 1289      392E3320 
 1289      32303135 
 1289      30333033 
 1290 0149 616E6368 		.ascii	"anch revision 221220] -mcpu=cortex-m3 -mthumb -g -O"
 1290      20726576 
 1290      6973696F 
 1290      6E203232 
 1290      31323230 
 1291 017c 67202D66 		.ascii	"g -ffunction-sections -ffat-lto-objects\000"
 1291      66756E63 
 1291      74696F6E 
 1291      2D736563 
 1291      74696F6E 
 1292              	.LASF41:
 1293 01a4 63757272 		.ascii	"current_context\000"
 1293      656E745F 
 1293      636F6E74 
 1293      65787400 
 1294              	.LASF10:
 1295 01b4 756E7369 		.ascii	"unsigned int\000"
 1295      676E6564 
 1295      20696E74 
 1295      00
 1296              	.LASF24:
 1297 01c1 666C6167 		.ascii	"flags\000"
 1297      7300
 1298              	.LASF9:
 1299 01c7 6C6F6E67 		.ascii	"long long unsigned int\000"
 1299      206C6F6E 
 1299      6720756E 
 1299      7369676E 
 1299      65642069 
 1300              	.LASF34:
 1301 01de 72656769 		.ascii	"regist\000"
 1301      737400
 1302              	.LASF37:
 1303 01e5 676E6F6D 		.ascii	"gnome_debug_load_reg\000"
 1303      655F6465 
 1303      6275675F 
 1303      6C6F6164 
 1303      5F726567 
 1304              	.LASF29:
 1305 01fa 706F7274 		.ascii	"port0_ptr\000"
 1305      305F7074 
 1305      7200
 1306              	.LASF12:
 1307 0204 696E7433 		.ascii	"int32_t\000"
ARM GAS  C:\Users\Javier\AppData\Local\Temp\cccOQ7WF.s 			page 28


 1307      325F7400 
 1308              	.LASF46:
 1309 020c 433A5C55 		.ascii	"C:\\Users\\Javier\\Documents\\PSoC Creator\\gnome_w"
 1309      73657273 
 1309      5C4A6176 
 1309      6965725C 
 1309      446F6375 
 1310 023a 6F726B73 		.ascii	"orkspace\\gnome_psoc5.cydsn\000"
 1310      70616365 
 1310      5C676E6F 
 1310      6D655F70 
 1310      736F6335 
 1311              	.LASF33:
 1312 0255 696E7465 		.ascii	"intermediateValue\000"
 1312      726D6564 
 1312      69617465 
 1312      56616C75 
 1312      6500
 1313              	.LASF8:
 1314 0267 6C6F6E67 		.ascii	"long long int\000"
 1314      206C6F6E 
 1314      6720696E 
 1314      7400
 1315              	.LASF18:
 1316 0275 73697A65 		.ascii	"sizetype\000"
 1316      74797065 
 1316      00
 1317              	.LASF16:
 1318 027e 63686172 		.ascii	"char\000"
 1318      00
 1319              	.LASF19:
 1320 0283 666C6167 		.ascii	"flags_t\000"
 1320      735F7400 
 1321              	.LASF2:
 1322 028b 73686F72 		.ascii	"short int\000"
 1322      7420696E 
 1322      7400
 1323              	.LASF21:
 1324 0295 73746163 		.ascii	"stack_t\000"
 1324      6B5F7400 
 1325              	.LASF42:
 1326 029d 72656769 		.ascii	"registers\000"
 1326      73746572 
 1326      7300
 1327              	.LASF27:
 1328 02a7 636F6E74 		.ascii	"context_t\000"
 1328      6578745F 
 1328      7400
 1329              	.LASF6:
 1330 02b1 6C6F6E67 		.ascii	"long int\000"
 1330      20696E74 
 1330      00
 1331              	.LASF30:
 1332 02ba 706F7274 		.ascii	"port1_ptr\000"
 1332      315F7074 
 1332      7200
 1333              	.LASF3:
ARM GAS  C:\Users\Javier\AppData\Local\Temp\cccOQ7WF.s 			page 29


 1334 02c4 73686F72 		.ascii	"short unsigned int\000"
 1334      7420756E 
 1334      7369676E 
 1334      65642069 
 1334      6E7400
 1335              	.LASF28:
 1336 02d7 636F6E66 		.ascii	"config_mask\000"
 1336      69675F6D 
 1336      61736B00 
 1337              		.ident	"GCC: (GNU Tools for ARM Embedded Processors) 4.9.3 20150303 (release) [ARM/embedded-4_9-br
