ARM GAS  C:\Users\Javier\AppData\Local\Temp\ccCdcMMX.s 			page 1


   1              		.syntax unified
   2              		.cpu cortex-m3
   3              		.fpu softvfp
   4              		.eabi_attribute 20, 1
   5              		.eabi_attribute 21, 1
   6              		.eabi_attribute 23, 3
   7              		.eabi_attribute 24, 1
   8              		.eabi_attribute 25, 1
   9              		.eabi_attribute 26, 1
  10              		.eabi_attribute 30, 1
  11              		.eabi_attribute 34, 1
  12              		.eabi_attribute 18, 4
  13              		.thumb
  14              		.file	"gnome_lcd.c"
  15              		.text
  16              	.Ltext0:
  17              		.cfi_sections	.debug_frame
  18              		.section	.text.update_lcd_it,"ax",%progbits
  19              		.align	2
  20              		.global	update_lcd_it
  21              		.thumb
  22              		.thumb_func
  23              		.type	update_lcd_it, %function
  24              	update_lcd_it:
  25              	.LFB64:
  26              		.file 1 ".\\gnome_lcd.c"
   1:.\gnome_lcd.c **** /* ========================================
   2:.\gnome_lcd.c ****  *
   3:.\gnome_lcd.c ****  * Copyright YOUR COMPANY, THE YEAR
   4:.\gnome_lcd.c ****  * All Rights Reserved
   5:.\gnome_lcd.c ****  * UNPUBLISHED, LICENSED SOFTWARE.
   6:.\gnome_lcd.c ****  *
   7:.\gnome_lcd.c ****  * CONFIDENTIAL AND PROPRIETARY INFORMATION
   8:.\gnome_lcd.c ****  * WHICH IS THE PROPERTY OF your company.
   9:.\gnome_lcd.c ****  *
  10:.\gnome_lcd.c ****  * ========================================
  11:.\gnome_lcd.c **** */
  12:.\gnome_lcd.c **** 
  13:.\gnome_lcd.c **** #include "gnome_lcd.h"
  14:.\gnome_lcd.c **** 
  15:.\gnome_lcd.c **** void update_lcd_it();
  16:.\gnome_lcd.c **** 
  17:.\gnome_lcd.c **** void setup_lcd() {
  18:.\gnome_lcd.c ****     #if (GNOME_LCD_MODULE_ACTIVE)
  19:.\gnome_lcd.c ****         I2C_Start();
  20:.\gnome_lcd.c ****         
  21:.\gnome_lcd.c ****         i2cLCD_Init(&lcd, GNOME_LCD_MODULE_I2C_ADDR, LCD_BACKLIGHTON);
  22:.\gnome_lcd.c ****         
  23:.\gnome_lcd.c ****         CySysTickStart();
  24:.\gnome_lcd.c ****         CySysTickSetCallback(4,(void*)update_lcd_it);
  25:.\gnome_lcd.c ****         lcd_update = 1;
  26:.\gnome_lcd.c **** 
  27:.\gnome_lcd.c ****     #endif
  28:.\gnome_lcd.c **** }
  29:.\gnome_lcd.c **** 
  30:.\gnome_lcd.c **** void update_lcd_it() {
  27              		.loc 1 30 0
ARM GAS  C:\Users\Javier\AppData\Local\Temp\ccCdcMMX.s 			page 2


  28              		.cfi_startproc
  29              		@ args = 0, pretend = 0, frame = 0
  30              		@ frame_needed = 0, uses_anonymous_args = 0
  31 0000 08B5     		push	{r3, lr}
  32              		.cfi_def_cfa_offset 8
  33              		.cfi_offset 3, -8
  34              		.cfi_offset 14, -4
  31:.\gnome_lcd.c ****     if ((CySysTickGetValue() & 0xFF) == 0xFF) {
  35              		.loc 1 31 0
  36 0002 FFF7FEFF 		bl	CySysTickGetValue
  37              	.LVL0:
  38 0006 C0B2     		uxtb	r0, r0
  39 0008 FF28     		cmp	r0, #255
  40 000a 02D1     		bne	.L1
  32:.\gnome_lcd.c ****         lcd_update = 1;
  41              		.loc 1 32 0
  42 000c 0122     		movs	r2, #1
  43 000e 014B     		ldr	r3, .L4
  44 0010 1A70     		strb	r2, [r3]
  45              	.L1:
  46 0012 08BD     		pop	{r3, pc}
  47              	.L5:
  48              		.align	2
  49              	.L4:
  50 0014 00000000 		.word	lcd_update
  51              		.cfi_endproc
  52              	.LFE64:
  53              		.size	update_lcd_it, .-update_lcd_it
  54              		.section	.text.setup_lcd,"ax",%progbits
  55              		.align	2
  56              		.global	setup_lcd
  57              		.thumb
  58              		.thumb_func
  59              		.type	setup_lcd, %function
  60              	setup_lcd:
  61              	.LFB63:
  17:.\gnome_lcd.c ****     #if (GNOME_LCD_MODULE_ACTIVE)
  62              		.loc 1 17 0
  63              		.cfi_startproc
  64              		@ args = 0, pretend = 0, frame = 0
  65              		@ frame_needed = 0, uses_anonymous_args = 0
  66 0000 08B5     		push	{r3, lr}
  67              		.cfi_def_cfa_offset 8
  68              		.cfi_offset 3, -8
  69              		.cfi_offset 14, -4
  19:.\gnome_lcd.c ****         
  70              		.loc 1 19 0
  71 0002 FFF7FEFF 		bl	I2C_Start
  72              	.LVL1:
  21:.\gnome_lcd.c ****         
  73              		.loc 1 21 0
  74 0006 0748     		ldr	r0, .L8
  75 0008 2721     		movs	r1, #39
  76 000a 0822     		movs	r2, #8
  77 000c FFF7FEFF 		bl	i2cLCD_Init
  78              	.LVL2:
  23:.\gnome_lcd.c ****         CySysTickSetCallback(4,(void*)update_lcd_it);
ARM GAS  C:\Users\Javier\AppData\Local\Temp\ccCdcMMX.s 			page 3


  79              		.loc 1 23 0
  80 0010 FFF7FEFF 		bl	CySysTickStart
  81              	.LVL3:
  24:.\gnome_lcd.c ****         lcd_update = 1;
  82              		.loc 1 24 0
  83 0014 0420     		movs	r0, #4
  84 0016 0449     		ldr	r1, .L8+4
  85 0018 FFF7FEFF 		bl	CySysTickSetCallback
  86              	.LVL4:
  25:.\gnome_lcd.c **** 
  87              		.loc 1 25 0
  88 001c 0122     		movs	r2, #1
  89 001e 034B     		ldr	r3, .L8+8
  90 0020 1A70     		strb	r2, [r3]
  91 0022 08BD     		pop	{r3, pc}
  92              	.L9:
  93              		.align	2
  94              	.L8:
  95 0024 00000000 		.word	lcd
  96 0028 00000000 		.word	update_lcd_it
  97 002c 00000000 		.word	lcd_update
  98              		.cfi_endproc
  99              	.LFE63:
 100              		.size	setup_lcd, .-setup_lcd
 101              		.section	.text.update_lcd,"ax",%progbits
 102              		.align	2
 103              		.global	update_lcd
 104              		.thumb
 105              		.thumb_func
 106              		.type	update_lcd, %function
 107              	update_lcd:
 108              	.LFB65:
  33:.\gnome_lcd.c ****     }
  34:.\gnome_lcd.c **** }
  35:.\gnome_lcd.c **** 
  36:.\gnome_lcd.c **** void update_lcd() {
 109              		.loc 1 36 0
 110              		.cfi_startproc
 111              		@ args = 0, pretend = 0, frame = 8
 112              		@ frame_needed = 0, uses_anonymous_args = 0
 113 0000 30B5     		push	{r4, r5, lr}
 114              		.cfi_def_cfa_offset 12
 115              		.cfi_offset 4, -12
 116              		.cfi_offset 5, -8
 117              		.cfi_offset 14, -4
 118 0002 83B0     		sub	sp, sp, #12
 119              		.cfi_def_cfa_offset 24
 120              	.LVL5:
  37:.\gnome_lcd.c ****     #if (GNOME_LCD_MODULE_ACTIVE) 
  38:.\gnome_lcd.c ****         char str[5];
  39:.\gnome_lcd.c ****         #ifndef GNOME_LCD_A_OPR_OUT
  40:.\gnome_lcd.c ****             reg8* a = GNOME_LCD_A_ADDR;
  41:.\gnome_lcd.c ****             i2cLCD_SetPosition(&lcd, 0, 0);
 121              		.loc 1 41 0
 122 0004 164C     		ldr	r4, .L12
 123 0006 2046     		mov	r0, r4
 124 0008 0021     		movs	r1, #0
ARM GAS  C:\Users\Javier\AppData\Local\Temp\ccCdcMMX.s 			page 4


 125 000a 0A46     		mov	r2, r1
 126 000c FFF7FEFF 		bl	i2cLCD_SetPosition
 127              	.LVL6:
  42:.\gnome_lcd.c ****             i2cLCD_Print(&lcd, GNOME_LCD_MODULE_MSG1);
 128              		.loc 1 42 0
 129 0010 2046     		mov	r0, r4
 130 0012 1449     		ldr	r1, .L12+4
 131 0014 FFF7FEFF 		bl	i2cLCD_Print
 132              	.LVL7:
  43:.\gnome_lcd.c ****             sprintf(str, "0x%02x", *a);
 133              		.loc 1 43 0
 134 0018 134B     		ldr	r3, .L12+8
 135 001a 1A78     		ldrb	r2, [r3]	@ zero_extendqisi2
 136 001c 134D     		ldr	r5, .L12+12
 137 001e 6846     		mov	r0, sp
 138 0020 2946     		mov	r1, r5
 139 0022 FFF7FEFF 		bl	sprintf
 140              	.LVL8:
  44:.\gnome_lcd.c ****             i2cLCD_Print(&lcd, str);
 141              		.loc 1 44 0
 142 0026 2046     		mov	r0, r4
 143 0028 6946     		mov	r1, sp
 144 002a FFF7FEFF 		bl	i2cLCD_Print
 145              	.LVL9:
  45:.\gnome_lcd.c ****         #endif
  46:.\gnome_lcd.c ****         #ifndef GNOME_LCD_B_OPR_OUT 
  47:.\gnome_lcd.c ****             reg8* b = GNOME_LCD_B_ADDR;
  48:.\gnome_lcd.c ****             i2cLCD_SetPosition(&lcd, 1, 0);
 146              		.loc 1 48 0
 147 002e 2046     		mov	r0, r4
 148 0030 0121     		movs	r1, #1
 149 0032 0022     		movs	r2, #0
 150 0034 FFF7FEFF 		bl	i2cLCD_SetPosition
 151              	.LVL10:
  49:.\gnome_lcd.c ****             i2cLCD_Print(&lcd, GNOME_LCD_MODULE_MSG2);
 152              		.loc 1 49 0
 153 0038 2046     		mov	r0, r4
 154 003a 0D49     		ldr	r1, .L12+16
 155 003c FFF7FEFF 		bl	i2cLCD_Print
 156              	.LVL11:
  50:.\gnome_lcd.c ****             sprintf(str, "0x%02x", *b);
 157              		.loc 1 50 0
 158 0040 0C4B     		ldr	r3, .L12+20
 159 0042 1A78     		ldrb	r2, [r3]	@ zero_extendqisi2
 160 0044 6846     		mov	r0, sp
 161 0046 2946     		mov	r1, r5
 162 0048 FFF7FEFF 		bl	sprintf
 163              	.LVL12:
  51:.\gnome_lcd.c ****             i2cLCD_Print(&lcd, str);
 164              		.loc 1 51 0
 165 004c 2046     		mov	r0, r4
 166 004e 6946     		mov	r1, sp
 167 0050 FFF7FEFF 		bl	i2cLCD_Print
 168              	.LVL13:
  52:.\gnome_lcd.c ****         #endif
  53:.\gnome_lcd.c ****         
  54:.\gnome_lcd.c ****     #endif
ARM GAS  C:\Users\Javier\AppData\Local\Temp\ccCdcMMX.s 			page 5


  55:.\gnome_lcd.c ****     lcd_update = 0;
 169              		.loc 1 55 0
 170 0054 0022     		movs	r2, #0
 171 0056 084B     		ldr	r3, .L12+24
 172 0058 1A70     		strb	r2, [r3]
  56:.\gnome_lcd.c **** }
 173              		.loc 1 56 0
 174 005a 03B0     		add	sp, sp, #12
 175              		.cfi_def_cfa_offset 12
 176              		@ sp needed
 177 005c 30BD     		pop	{r4, r5, pc}
 178              	.L13:
 179 005e 00BF     		.align	2
 180              	.L12:
 181 0060 00000000 		.word	lcd
 182 0064 00000000 		.word	.LC0
 183 0068 64650040 		.word	1073767780
 184 006c 08000000 		.word	.LC1
 185 0070 10000000 		.word	.LC2
 186 0074 65650040 		.word	1073767781
 187 0078 00000000 		.word	lcd_update
 188              		.cfi_endproc
 189              	.LFE65:
 190              		.size	update_lcd, .-update_lcd
 191              		.comm	lcd_update,1,1
 192              		.comm	lcd,134,4
 193              		.section	.rodata.str1.4,"aMS",%progbits,1
 194              		.align	2
 195              	.LC0:
 196 0000 4E6D6272 		.ascii	"Nmbr1: \000"
 196      313A2000 
 197              	.LC1:
 198 0008 30782530 		.ascii	"0x%02x\000"
 198      327800
 199 000f 00       		.space	1
 200              	.LC2:
 201 0010 4E6D6272 		.ascii	"Nmbr2: \000"
 201      323A2000 
 202              		.text
 203              	.Letext0:
 204              		.file 2 "c:\\program files (x86)\\cypress\\psoc creator\\3.3\\psoc creator\\import\\gnu\\arm\\4.9.
 205              		.file 3 "c:\\program files (x86)\\cypress\\psoc creator\\3.3\\psoc creator\\import\\gnu\\arm\\4.9.
 206              		.file 4 "Generated_Source\\PSoC5/cytypes.h"
 207              		.file 5 "Generated_Source\\PSoC5/CyLib.h"
 208              		.file 6 ".\\i2cLCD.h"
 209              		.file 7 "Generated_Source\\PSoC5/core_cm3.h"
 210              		.file 8 ".\\gnome_lcd.h"
 211              		.file 9 "Generated_Source\\PSoC5/I2C.h"
 212              		.file 10 "c:\\program files (x86)\\cypress\\psoc creator\\3.3\\psoc creator\\import\\gnu\\arm\\4.9
 213              		.section	.debug_info,"",%progbits
 214              	.Ldebug_info0:
 215 0000 13040000 		.4byte	0x413
 216 0004 0400     		.2byte	0x4
 217 0006 00000000 		.4byte	.Ldebug_abbrev0
 218 000a 04       		.byte	0x4
 219 000b 01       		.uleb128 0x1
 220 000c 7F010000 		.4byte	.LASF42
ARM GAS  C:\Users\Javier\AppData\Local\Temp\ccCdcMMX.s 			page 6


 221 0010 01       		.byte	0x1
 222 0011 D3020000 		.4byte	.LASF43
 223 0015 35020000 		.4byte	.LASF44
 224 0019 00000000 		.4byte	.Ldebug_ranges0+0
 225 001d 00000000 		.4byte	0
 226 0021 00000000 		.4byte	.Ldebug_line0
 227 0025 02       		.uleb128 0x2
 228 0026 01       		.byte	0x1
 229 0027 06       		.byte	0x6
 230 0028 EA020000 		.4byte	.LASF0
 231 002c 03       		.uleb128 0x3
 232 002d 0B000000 		.4byte	.LASF3
 233 0031 02       		.byte	0x2
 234 0032 1D       		.byte	0x1d
 235 0033 37000000 		.4byte	0x37
 236 0037 02       		.uleb128 0x2
 237 0038 01       		.byte	0x1
 238 0039 08       		.byte	0x8
 239 003a 0A010000 		.4byte	.LASF1
 240 003e 02       		.uleb128 0x2
 241 003f 02       		.byte	0x2
 242 0040 05       		.byte	0x5
 243 0041 C0020000 		.4byte	.LASF2
 244 0045 03       		.uleb128 0x3
 245 0046 18010000 		.4byte	.LASF4
 246 004a 02       		.byte	0x2
 247 004b 2B       		.byte	0x2b
 248 004c 50000000 		.4byte	0x50
 249 0050 02       		.uleb128 0x2
 250 0051 02       		.byte	0x2
 251 0052 07       		.byte	0x7
 252 0053 B6000000 		.4byte	.LASF5
 253 0057 03       		.uleb128 0x3
 254 0058 52000000 		.4byte	.LASF6
 255 005c 02       		.byte	0x2
 256 005d 3F       		.byte	0x3f
 257 005e 62000000 		.4byte	0x62
 258 0062 02       		.uleb128 0x2
 259 0063 04       		.byte	0x4
 260 0064 05       		.byte	0x5
 261 0065 E1020000 		.4byte	.LASF7
 262 0069 02       		.uleb128 0x2
 263 006a 04       		.byte	0x4
 264 006b 07       		.byte	0x7
 265 006c A4000000 		.4byte	.LASF8
 266 0070 02       		.uleb128 0x2
 267 0071 08       		.byte	0x8
 268 0072 05       		.byte	0x5
 269 0073 87020000 		.4byte	.LASF9
 270 0077 02       		.uleb128 0x2
 271 0078 08       		.byte	0x8
 272 0079 07       		.byte	0x7
 273 007a 5F010000 		.4byte	.LASF10
 274 007e 04       		.uleb128 0x4
 275 007f 04       		.byte	0x4
 276 0080 05       		.byte	0x5
 277 0081 696E7400 		.ascii	"int\000"
ARM GAS  C:\Users\Javier\AppData\Local\Temp\ccCdcMMX.s 			page 7


 278 0085 02       		.uleb128 0x2
 279 0086 04       		.byte	0x4
 280 0087 07       		.byte	0x7
 281 0088 52010000 		.4byte	.LASF11
 282 008c 02       		.uleb128 0x2
 283 008d 04       		.byte	0x4
 284 008e 07       		.byte	0x7
 285 008f 7E020000 		.4byte	.LASF12
 286 0093 05       		.uleb128 0x5
 287 0094 04       		.byte	0x4
 288 0095 99000000 		.4byte	0x99
 289 0099 06       		.uleb128 0x6
 290 009a 05       		.uleb128 0x5
 291 009b 04       		.byte	0x4
 292 009c A0000000 		.4byte	0xa0
 293 00a0 02       		.uleb128 0x2
 294 00a1 01       		.byte	0x1
 295 00a2 08       		.byte	0x8
 296 00a3 95020000 		.4byte	.LASF13
 297 00a7 05       		.uleb128 0x5
 298 00a8 04       		.byte	0x4
 299 00a9 AD000000 		.4byte	0xad
 300 00ad 07       		.uleb128 0x7
 301 00ae A0000000 		.4byte	0xa0
 302 00b2 03       		.uleb128 0x3
 303 00b3 5C000000 		.4byte	.LASF14
 304 00b7 03       		.byte	0x3
 305 00b8 15       		.byte	0x15
 306 00b9 2C000000 		.4byte	0x2c
 307 00bd 03       		.uleb128 0x3
 308 00be CA020000 		.4byte	.LASF15
 309 00c2 03       		.byte	0x3
 310 00c3 21       		.byte	0x21
 311 00c4 45000000 		.4byte	0x45
 312 00c8 03       		.uleb128 0x3
 313 00c9 2D020000 		.4byte	.LASF16
 314 00cd 03       		.byte	0x3
 315 00ce 2C       		.byte	0x2c
 316 00cf 57000000 		.4byte	0x57
 317 00d3 08       		.uleb128 0x8
 318 00d4 82000000 		.4byte	.LASF17
 319 00d8 04       		.byte	0x4
 320 00d9 3801     		.2byte	0x138
 321 00db 37000000 		.4byte	0x37
 322 00df 08       		.uleb128 0x8
 323 00e0 3F010000 		.4byte	.LASF18
 324 00e4 04       		.byte	0x4
 325 00e5 3A01     		.2byte	0x13a
 326 00e7 69000000 		.4byte	0x69
 327 00eb 02       		.uleb128 0x2
 328 00ec 04       		.byte	0x4
 329 00ed 04       		.byte	0x4
 330 00ee 7C000000 		.4byte	.LASF19
 331 00f2 02       		.uleb128 0x2
 332 00f3 08       		.byte	0x8
 333 00f4 04       		.byte	0x4
 334 00f5 23010000 		.4byte	.LASF20
ARM GAS  C:\Users\Javier\AppData\Local\Temp\ccCdcMMX.s 			page 8


 335 00f9 08       		.uleb128 0x8
 336 00fa 90000000 		.4byte	.LASF21
 337 00fe 04       		.byte	0x4
 338 00ff E201     		.2byte	0x1e2
 339 0101 05010000 		.4byte	0x105
 340 0105 09       		.uleb128 0x9
 341 0106 D3000000 		.4byte	0xd3
 342 010a 03       		.uleb128 0x3
 343 010b 9A020000 		.4byte	.LASF22
 344 010f 05       		.byte	0x5
 345 0110 AD       		.byte	0xad
 346 0111 93000000 		.4byte	0x93
 347 0115 09       		.uleb128 0x9
 348 0116 B2000000 		.4byte	0xb2
 349 011a 0A       		.uleb128 0xa
 350 011b 86       		.byte	0x86
 351 011c 06       		.byte	0x6
 352 011d 3F       		.byte	0x3f
 353 011e 77010000 		.4byte	0x177
 354 0122 0B       		.uleb128 0xb
 355 0123 00000000 		.4byte	.LASF23
 356 0127 06       		.byte	0x6
 357 0128 40       		.byte	0x40
 358 0129 B2000000 		.4byte	0xb2
 359 012d 00       		.byte	0
 360 012e 0B       		.uleb128 0xb
 361 012f 28000000 		.4byte	.LASF24
 362 0133 06       		.byte	0x6
 363 0134 41       		.byte	0x41
 364 0135 B2000000 		.4byte	0xb2
 365 0139 01       		.byte	0x1
 366 013a 0B       		.uleb128 0xb
 367 013b 76010000 		.4byte	.LASF25
 368 013f 06       		.byte	0x6
 369 0140 42       		.byte	0x42
 370 0141 B2000000 		.4byte	0xb2
 371 0145 02       		.byte	0x2
 372 0146 0B       		.uleb128 0xb
 373 0147 D4000000 		.4byte	.LASF26
 374 014b 06       		.byte	0x6
 375 014c 43       		.byte	0x43
 376 014d B2000000 		.4byte	0xb2
 377 0151 03       		.byte	0x3
 378 0152 0B       		.uleb128 0xb
 379 0153 88000000 		.4byte	.LASF27
 380 0157 06       		.byte	0x6
 381 0158 44       		.byte	0x44
 382 0159 B2000000 		.4byte	0xb2
 383 015d 04       		.byte	0x4
 384 015e 0B       		.uleb128 0xb
 385 015f AC020000 		.4byte	.LASF28
 386 0163 06       		.byte	0x6
 387 0164 45       		.byte	0x45
 388 0165 B2000000 		.4byte	0xb2
 389 0169 05       		.byte	0x5
 390 016a 0B       		.uleb128 0xb
 391 016b 17020000 		.4byte	.LASF29
ARM GAS  C:\Users\Javier\AppData\Local\Temp\ccCdcMMX.s 			page 9


 392 016f 06       		.byte	0x6
 393 0170 46       		.byte	0x46
 394 0171 77010000 		.4byte	0x177
 395 0175 06       		.byte	0x6
 396 0176 00       		.byte	0
 397 0177 0C       		.uleb128 0xc
 398 0178 A0000000 		.4byte	0xa0
 399 017c 8D010000 		.4byte	0x18d
 400 0180 0D       		.uleb128 0xd
 401 0181 8C000000 		.4byte	0x8c
 402 0185 07       		.byte	0x7
 403 0186 0D       		.uleb128 0xd
 404 0187 8C000000 		.4byte	0x8c
 405 018b 0F       		.byte	0xf
 406 018c 00       		.byte	0
 407 018d 03       		.uleb128 0x3
 408 018e 2A010000 		.4byte	.LASF30
 409 0192 06       		.byte	0x6
 410 0193 47       		.byte	0x47
 411 0194 1A010000 		.4byte	0x11a
 412 0198 0E       		.uleb128 0xe
 413 0199 6E000000 		.4byte	.LASF31
 414 019d 01       		.byte	0x1
 415 019e 1E       		.byte	0x1e
 416 019f 00000000 		.4byte	.LFB64
 417 01a3 18000000 		.4byte	.LFE64-.LFB64
 418 01a7 01       		.uleb128 0x1
 419 01a8 9C       		.byte	0x9c
 420 01a9 B7010000 		.4byte	0x1b7
 421 01ad 0F       		.uleb128 0xf
 422 01ae 06000000 		.4byte	.LVL0
 423 01b2 7A030000 		.4byte	0x37a
 424 01b6 00       		.byte	0
 425 01b7 0E       		.uleb128 0xe
 426 01b8 0D020000 		.4byte	.LASF32
 427 01bc 01       		.byte	0x1
 428 01bd 11       		.byte	0x11
 429 01be 00000000 		.4byte	.LFB63
 430 01c2 30000000 		.4byte	.LFE63-.LFB63
 431 01c6 01       		.uleb128 0x1
 432 01c7 9C       		.byte	0x9c
 433 01c8 19020000 		.4byte	0x219
 434 01cc 0F       		.uleb128 0xf
 435 01cd 06000000 		.4byte	.LVL1
 436 01d1 85030000 		.4byte	0x385
 437 01d5 10       		.uleb128 0x10
 438 01d6 10000000 		.4byte	.LVL2
 439 01da 8C030000 		.4byte	0x38c
 440 01de F7010000 		.4byte	0x1f7
 441 01e2 11       		.uleb128 0x11
 442 01e3 01       		.uleb128 0x1
 443 01e4 52       		.byte	0x52
 444 01e5 01       		.uleb128 0x1
 445 01e6 38       		.byte	0x38
 446 01e7 11       		.uleb128 0x11
 447 01e8 01       		.uleb128 0x1
 448 01e9 51       		.byte	0x51
ARM GAS  C:\Users\Javier\AppData\Local\Temp\ccCdcMMX.s 			page 10


 449 01ea 02       		.uleb128 0x2
 450 01eb 08       		.byte	0x8
 451 01ec 27       		.byte	0x27
 452 01ed 11       		.uleb128 0x11
 453 01ee 01       		.uleb128 0x1
 454 01ef 50       		.byte	0x50
 455 01f0 05       		.uleb128 0x5
 456 01f1 03       		.byte	0x3
 457 01f2 00000000 		.4byte	lcd
 458 01f6 00       		.byte	0
 459 01f7 0F       		.uleb128 0xf
 460 01f8 14000000 		.4byte	.LVL3
 461 01fc AD030000 		.4byte	0x3ad
 462 0200 12       		.uleb128 0x12
 463 0201 1C000000 		.4byte	.LVL4
 464 0205 B4030000 		.4byte	0x3b4
 465 0209 11       		.uleb128 0x11
 466 020a 01       		.uleb128 0x1
 467 020b 51       		.byte	0x51
 468 020c 05       		.uleb128 0x5
 469 020d 03       		.byte	0x3
 470 020e 00000000 		.4byte	update_lcd_it
 471 0212 11       		.uleb128 0x11
 472 0213 01       		.uleb128 0x1
 473 0214 50       		.byte	0x50
 474 0215 01       		.uleb128 0x1
 475 0216 34       		.byte	0x34
 476 0217 00       		.byte	0
 477 0218 00       		.byte	0
 478 0219 0E       		.uleb128 0xe
 479 021a 47000000 		.4byte	.LASF33
 480 021e 01       		.byte	0x1
 481 021f 24       		.byte	0x24
 482 0220 00000000 		.4byte	.LFB65
 483 0224 7C000000 		.4byte	.LFE65-.LFB65
 484 0228 01       		.uleb128 0x1
 485 0229 9C       		.byte	0x9c
 486 022a 31030000 		.4byte	0x331
 487 022e 13       		.uleb128 0x13
 488 022f 73747200 		.ascii	"str\000"
 489 0233 01       		.byte	0x1
 490 0234 26       		.byte	0x26
 491 0235 31030000 		.4byte	0x331
 492 0239 02       		.uleb128 0x2
 493 023a 91       		.byte	0x91
 494 023b 68       		.sleb128 -24
 495 023c 14       		.uleb128 0x14
 496 023d 6100     		.ascii	"a\000"
 497 023f 01       		.byte	0x1
 498 0240 28       		.byte	0x28
 499 0241 41030000 		.4byte	0x341
 500 0245 64650040 		.4byte	0x40006564
 501 0249 14       		.uleb128 0x14
 502 024a 6200     		.ascii	"b\000"
 503 024c 01       		.byte	0x1
 504 024d 2F       		.byte	0x2f
 505 024e 41030000 		.4byte	0x341
ARM GAS  C:\Users\Javier\AppData\Local\Temp\ccCdcMMX.s 			page 11


 506 0252 65650040 		.4byte	0x40006565
 507 0256 10       		.uleb128 0x10
 508 0257 10000000 		.4byte	.LVL6
 509 025b CE030000 		.4byte	0x3ce
 510 025f 74020000 		.4byte	0x274
 511 0263 11       		.uleb128 0x11
 512 0264 01       		.uleb128 0x1
 513 0265 52       		.byte	0x52
 514 0266 01       		.uleb128 0x1
 515 0267 30       		.byte	0x30
 516 0268 11       		.uleb128 0x11
 517 0269 01       		.uleb128 0x1
 518 026a 51       		.byte	0x51
 519 026b 01       		.uleb128 0x1
 520 026c 30       		.byte	0x30
 521 026d 11       		.uleb128 0x11
 522 026e 01       		.uleb128 0x1
 523 026f 50       		.byte	0x50
 524 0270 02       		.uleb128 0x2
 525 0271 74       		.byte	0x74
 526 0272 00       		.sleb128 0
 527 0273 00       		.byte	0
 528 0274 10       		.uleb128 0x10
 529 0275 18000000 		.4byte	.LVL7
 530 0279 E9030000 		.4byte	0x3e9
 531 027d 91020000 		.4byte	0x291
 532 0281 11       		.uleb128 0x11
 533 0282 01       		.uleb128 0x1
 534 0283 51       		.byte	0x51
 535 0284 05       		.uleb128 0x5
 536 0285 03       		.byte	0x3
 537 0286 00000000 		.4byte	.LC0
 538 028a 11       		.uleb128 0x11
 539 028b 01       		.uleb128 0x1
 540 028c 50       		.byte	0x50
 541 028d 02       		.uleb128 0x2
 542 028e 74       		.byte	0x74
 543 028f 00       		.sleb128 0
 544 0290 00       		.byte	0
 545 0291 10       		.uleb128 0x10
 546 0292 26000000 		.4byte	.LVL8
 547 0296 FF030000 		.4byte	0x3ff
 548 029a AB020000 		.4byte	0x2ab
 549 029e 11       		.uleb128 0x11
 550 029f 01       		.uleb128 0x1
 551 02a0 51       		.byte	0x51
 552 02a1 02       		.uleb128 0x2
 553 02a2 75       		.byte	0x75
 554 02a3 00       		.sleb128 0
 555 02a4 11       		.uleb128 0x11
 556 02a5 01       		.uleb128 0x1
 557 02a6 50       		.byte	0x50
 558 02a7 02       		.uleb128 0x2
 559 02a8 7D       		.byte	0x7d
 560 02a9 00       		.sleb128 0
 561 02aa 00       		.byte	0
 562 02ab 10       		.uleb128 0x10
ARM GAS  C:\Users\Javier\AppData\Local\Temp\ccCdcMMX.s 			page 12


 563 02ac 2E000000 		.4byte	.LVL9
 564 02b0 E9030000 		.4byte	0x3e9
 565 02b4 C5020000 		.4byte	0x2c5
 566 02b8 11       		.uleb128 0x11
 567 02b9 01       		.uleb128 0x1
 568 02ba 51       		.byte	0x51
 569 02bb 02       		.uleb128 0x2
 570 02bc 7D       		.byte	0x7d
 571 02bd 00       		.sleb128 0
 572 02be 11       		.uleb128 0x11
 573 02bf 01       		.uleb128 0x1
 574 02c0 50       		.byte	0x50
 575 02c1 02       		.uleb128 0x2
 576 02c2 74       		.byte	0x74
 577 02c3 00       		.sleb128 0
 578 02c4 00       		.byte	0
 579 02c5 10       		.uleb128 0x10
 580 02c6 38000000 		.4byte	.LVL10
 581 02ca CE030000 		.4byte	0x3ce
 582 02ce E3020000 		.4byte	0x2e3
 583 02d2 11       		.uleb128 0x11
 584 02d3 01       		.uleb128 0x1
 585 02d4 52       		.byte	0x52
 586 02d5 01       		.uleb128 0x1
 587 02d6 30       		.byte	0x30
 588 02d7 11       		.uleb128 0x11
 589 02d8 01       		.uleb128 0x1
 590 02d9 51       		.byte	0x51
 591 02da 01       		.uleb128 0x1
 592 02db 31       		.byte	0x31
 593 02dc 11       		.uleb128 0x11
 594 02dd 01       		.uleb128 0x1
 595 02de 50       		.byte	0x50
 596 02df 02       		.uleb128 0x2
 597 02e0 74       		.byte	0x74
 598 02e1 00       		.sleb128 0
 599 02e2 00       		.byte	0
 600 02e3 10       		.uleb128 0x10
 601 02e4 40000000 		.4byte	.LVL11
 602 02e8 E9030000 		.4byte	0x3e9
 603 02ec 00030000 		.4byte	0x300
 604 02f0 11       		.uleb128 0x11
 605 02f1 01       		.uleb128 0x1
 606 02f2 51       		.byte	0x51
 607 02f3 05       		.uleb128 0x5
 608 02f4 03       		.byte	0x3
 609 02f5 10000000 		.4byte	.LC2
 610 02f9 11       		.uleb128 0x11
 611 02fa 01       		.uleb128 0x1
 612 02fb 50       		.byte	0x50
 613 02fc 02       		.uleb128 0x2
 614 02fd 74       		.byte	0x74
 615 02fe 00       		.sleb128 0
 616 02ff 00       		.byte	0
 617 0300 10       		.uleb128 0x10
 618 0301 4C000000 		.4byte	.LVL12
 619 0305 FF030000 		.4byte	0x3ff
ARM GAS  C:\Users\Javier\AppData\Local\Temp\ccCdcMMX.s 			page 13


 620 0309 1A030000 		.4byte	0x31a
 621 030d 11       		.uleb128 0x11
 622 030e 01       		.uleb128 0x1
 623 030f 51       		.byte	0x51
 624 0310 02       		.uleb128 0x2
 625 0311 75       		.byte	0x75
 626 0312 00       		.sleb128 0
 627 0313 11       		.uleb128 0x11
 628 0314 01       		.uleb128 0x1
 629 0315 50       		.byte	0x50
 630 0316 02       		.uleb128 0x2
 631 0317 7D       		.byte	0x7d
 632 0318 00       		.sleb128 0
 633 0319 00       		.byte	0
 634 031a 12       		.uleb128 0x12
 635 031b 54000000 		.4byte	.LVL13
 636 031f E9030000 		.4byte	0x3e9
 637 0323 11       		.uleb128 0x11
 638 0324 01       		.uleb128 0x1
 639 0325 51       		.byte	0x51
 640 0326 02       		.uleb128 0x2
 641 0327 7D       		.byte	0x7d
 642 0328 00       		.sleb128 0
 643 0329 11       		.uleb128 0x11
 644 032a 01       		.uleb128 0x1
 645 032b 50       		.byte	0x50
 646 032c 02       		.uleb128 0x2
 647 032d 74       		.byte	0x74
 648 032e 00       		.sleb128 0
 649 032f 00       		.byte	0
 650 0330 00       		.byte	0
 651 0331 0C       		.uleb128 0xc
 652 0332 A0000000 		.4byte	0xa0
 653 0336 41030000 		.4byte	0x341
 654 033a 0D       		.uleb128 0xd
 655 033b 8C000000 		.4byte	0x8c
 656 033f 04       		.byte	0x4
 657 0340 00       		.byte	0
 658 0341 05       		.uleb128 0x5
 659 0342 04       		.byte	0x4
 660 0343 F9000000 		.4byte	0xf9
 661 0347 15       		.uleb128 0x15
 662 0348 F0000000 		.4byte	.LASF34
 663 034c 07       		.byte	0x7
 664 034d 5506     		.2byte	0x655
 665 034f 53030000 		.4byte	0x353
 666 0353 09       		.uleb128 0x9
 667 0354 C8000000 		.4byte	0xc8
 668 0358 16       		.uleb128 0x16
 669 0359 6C636400 		.ascii	"lcd\000"
 670 035d 08       		.byte	0x8
 671 035e 12       		.byte	0x12
 672 035f 8D010000 		.4byte	0x18d
 673 0363 05       		.uleb128 0x5
 674 0364 03       		.byte	0x3
 675 0365 00000000 		.4byte	lcd
 676 0369 17       		.uleb128 0x17
ARM GAS  C:\Users\Javier\AppData\Local\Temp\ccCdcMMX.s 			page 14


 677 036a C9000000 		.4byte	.LASF35
 678 036e 08       		.byte	0x8
 679 036f 14       		.byte	0x14
 680 0370 15010000 		.4byte	0x115
 681 0374 05       		.uleb128 0x5
 682 0375 03       		.byte	0x3
 683 0376 00000000 		.4byte	lcd_update
 684 037a 18       		.uleb128 0x18
 685 037b DE000000 		.4byte	.LASF45
 686 037f 05       		.byte	0x5
 687 0380 B7       		.byte	0xb7
 688 0381 DF000000 		.4byte	0xdf
 689 0385 19       		.uleb128 0x19
 690 0386 64000000 		.4byte	.LASF36
 691 038a 09       		.byte	0x9
 692 038b 93       		.byte	0x93
 693 038c 1A       		.uleb128 0x1a
 694 038d 46010000 		.4byte	.LASF38
 695 0391 06       		.byte	0x6
 696 0392 4A       		.byte	0x4a
 697 0393 A7030000 		.4byte	0x3a7
 698 0397 1B       		.uleb128 0x1b
 699 0398 A7030000 		.4byte	0x3a7
 700 039c 1B       		.uleb128 0x1b
 701 039d BD000000 		.4byte	0xbd
 702 03a1 1B       		.uleb128 0x1b
 703 03a2 B2000000 		.4byte	0xb2
 704 03a6 00       		.byte	0
 705 03a7 05       		.uleb128 0x5
 706 03a8 04       		.byte	0x4
 707 03a9 8D010000 		.4byte	0x18d
 708 03ad 19       		.uleb128 0x19
 709 03ae 95000000 		.4byte	.LASF37
 710 03b2 05       		.byte	0x5
 711 03b3 AF       		.byte	0xaf
 712 03b4 1C       		.uleb128 0x1c
 713 03b5 32000000 		.4byte	.LASF46
 714 03b9 05       		.byte	0x5
 715 03ba B8       		.byte	0xb8
 716 03bb 0A010000 		.4byte	0x10a
 717 03bf CE030000 		.4byte	0x3ce
 718 03c3 1B       		.uleb128 0x1b
 719 03c4 DF000000 		.4byte	0xdf
 720 03c8 1B       		.uleb128 0x1b
 721 03c9 0A010000 		.4byte	0x10a
 722 03cd 00       		.byte	0
 723 03ce 1A       		.uleb128 0x1a
 724 03cf 15000000 		.4byte	.LASF39
 725 03d3 06       		.byte	0x6
 726 03d4 4F       		.byte	0x4f
 727 03d5 E9030000 		.4byte	0x3e9
 728 03d9 1B       		.uleb128 0x1b
 729 03da A7030000 		.4byte	0x3a7
 730 03de 1B       		.uleb128 0x1b
 731 03df B2000000 		.4byte	0xb2
 732 03e3 1B       		.uleb128 0x1b
 733 03e4 B2000000 		.4byte	0xb2
ARM GAS  C:\Users\Javier\AppData\Local\Temp\ccCdcMMX.s 			page 15


 734 03e8 00       		.byte	0
 735 03e9 1A       		.uleb128 0x1a
 736 03ea FD000000 		.4byte	.LASF40
 737 03ee 06       		.byte	0x6
 738 03ef 4D       		.byte	0x4d
 739 03f0 FF030000 		.4byte	0x3ff
 740 03f4 1B       		.uleb128 0x1b
 741 03f5 A7030000 		.4byte	0x3a7
 742 03f9 1B       		.uleb128 0x1b
 743 03fa 9A000000 		.4byte	0x9a
 744 03fe 00       		.byte	0
 745 03ff 1D       		.uleb128 0x1d
 746 0400 F6020000 		.4byte	.LASF41
 747 0404 0A       		.byte	0xa
 748 0405 DE       		.byte	0xde
 749 0406 7E000000 		.4byte	0x7e
 750 040a 1B       		.uleb128 0x1b
 751 040b 9A000000 		.4byte	0x9a
 752 040f 1B       		.uleb128 0x1b
 753 0410 A7000000 		.4byte	0xa7
 754 0414 1E       		.uleb128 0x1e
 755 0415 00       		.byte	0
 756 0416 00       		.byte	0
 757              		.section	.debug_abbrev,"",%progbits
 758              	.Ldebug_abbrev0:
 759 0000 01       		.uleb128 0x1
 760 0001 11       		.uleb128 0x11
 761 0002 01       		.byte	0x1
 762 0003 25       		.uleb128 0x25
 763 0004 0E       		.uleb128 0xe
 764 0005 13       		.uleb128 0x13
 765 0006 0B       		.uleb128 0xb
 766 0007 03       		.uleb128 0x3
 767 0008 0E       		.uleb128 0xe
 768 0009 1B       		.uleb128 0x1b
 769 000a 0E       		.uleb128 0xe
 770 000b 55       		.uleb128 0x55
 771 000c 17       		.uleb128 0x17
 772 000d 11       		.uleb128 0x11
 773 000e 01       		.uleb128 0x1
 774 000f 10       		.uleb128 0x10
 775 0010 17       		.uleb128 0x17
 776 0011 00       		.byte	0
 777 0012 00       		.byte	0
 778 0013 02       		.uleb128 0x2
 779 0014 24       		.uleb128 0x24
 780 0015 00       		.byte	0
 781 0016 0B       		.uleb128 0xb
 782 0017 0B       		.uleb128 0xb
 783 0018 3E       		.uleb128 0x3e
 784 0019 0B       		.uleb128 0xb
 785 001a 03       		.uleb128 0x3
 786 001b 0E       		.uleb128 0xe
 787 001c 00       		.byte	0
 788 001d 00       		.byte	0
 789 001e 03       		.uleb128 0x3
 790 001f 16       		.uleb128 0x16
ARM GAS  C:\Users\Javier\AppData\Local\Temp\ccCdcMMX.s 			page 16


 791 0020 00       		.byte	0
 792 0021 03       		.uleb128 0x3
 793 0022 0E       		.uleb128 0xe
 794 0023 3A       		.uleb128 0x3a
 795 0024 0B       		.uleb128 0xb
 796 0025 3B       		.uleb128 0x3b
 797 0026 0B       		.uleb128 0xb
 798 0027 49       		.uleb128 0x49
 799 0028 13       		.uleb128 0x13
 800 0029 00       		.byte	0
 801 002a 00       		.byte	0
 802 002b 04       		.uleb128 0x4
 803 002c 24       		.uleb128 0x24
 804 002d 00       		.byte	0
 805 002e 0B       		.uleb128 0xb
 806 002f 0B       		.uleb128 0xb
 807 0030 3E       		.uleb128 0x3e
 808 0031 0B       		.uleb128 0xb
 809 0032 03       		.uleb128 0x3
 810 0033 08       		.uleb128 0x8
 811 0034 00       		.byte	0
 812 0035 00       		.byte	0
 813 0036 05       		.uleb128 0x5
 814 0037 0F       		.uleb128 0xf
 815 0038 00       		.byte	0
 816 0039 0B       		.uleb128 0xb
 817 003a 0B       		.uleb128 0xb
 818 003b 49       		.uleb128 0x49
 819 003c 13       		.uleb128 0x13
 820 003d 00       		.byte	0
 821 003e 00       		.byte	0
 822 003f 06       		.uleb128 0x6
 823 0040 15       		.uleb128 0x15
 824 0041 00       		.byte	0
 825 0042 27       		.uleb128 0x27
 826 0043 19       		.uleb128 0x19
 827 0044 00       		.byte	0
 828 0045 00       		.byte	0
 829 0046 07       		.uleb128 0x7
 830 0047 26       		.uleb128 0x26
 831 0048 00       		.byte	0
 832 0049 49       		.uleb128 0x49
 833 004a 13       		.uleb128 0x13
 834 004b 00       		.byte	0
 835 004c 00       		.byte	0
 836 004d 08       		.uleb128 0x8
 837 004e 16       		.uleb128 0x16
 838 004f 00       		.byte	0
 839 0050 03       		.uleb128 0x3
 840 0051 0E       		.uleb128 0xe
 841 0052 3A       		.uleb128 0x3a
 842 0053 0B       		.uleb128 0xb
 843 0054 3B       		.uleb128 0x3b
 844 0055 05       		.uleb128 0x5
 845 0056 49       		.uleb128 0x49
 846 0057 13       		.uleb128 0x13
 847 0058 00       		.byte	0
ARM GAS  C:\Users\Javier\AppData\Local\Temp\ccCdcMMX.s 			page 17


 848 0059 00       		.byte	0
 849 005a 09       		.uleb128 0x9
 850 005b 35       		.uleb128 0x35
 851 005c 00       		.byte	0
 852 005d 49       		.uleb128 0x49
 853 005e 13       		.uleb128 0x13
 854 005f 00       		.byte	0
 855 0060 00       		.byte	0
 856 0061 0A       		.uleb128 0xa
 857 0062 13       		.uleb128 0x13
 858 0063 01       		.byte	0x1
 859 0064 0B       		.uleb128 0xb
 860 0065 0B       		.uleb128 0xb
 861 0066 3A       		.uleb128 0x3a
 862 0067 0B       		.uleb128 0xb
 863 0068 3B       		.uleb128 0x3b
 864 0069 0B       		.uleb128 0xb
 865 006a 01       		.uleb128 0x1
 866 006b 13       		.uleb128 0x13
 867 006c 00       		.byte	0
 868 006d 00       		.byte	0
 869 006e 0B       		.uleb128 0xb
 870 006f 0D       		.uleb128 0xd
 871 0070 00       		.byte	0
 872 0071 03       		.uleb128 0x3
 873 0072 0E       		.uleb128 0xe
 874 0073 3A       		.uleb128 0x3a
 875 0074 0B       		.uleb128 0xb
 876 0075 3B       		.uleb128 0x3b
 877 0076 0B       		.uleb128 0xb
 878 0077 49       		.uleb128 0x49
 879 0078 13       		.uleb128 0x13
 880 0079 38       		.uleb128 0x38
 881 007a 0B       		.uleb128 0xb
 882 007b 00       		.byte	0
 883 007c 00       		.byte	0
 884 007d 0C       		.uleb128 0xc
 885 007e 01       		.uleb128 0x1
 886 007f 01       		.byte	0x1
 887 0080 49       		.uleb128 0x49
 888 0081 13       		.uleb128 0x13
 889 0082 01       		.uleb128 0x1
 890 0083 13       		.uleb128 0x13
 891 0084 00       		.byte	0
 892 0085 00       		.byte	0
 893 0086 0D       		.uleb128 0xd
 894 0087 21       		.uleb128 0x21
 895 0088 00       		.byte	0
 896 0089 49       		.uleb128 0x49
 897 008a 13       		.uleb128 0x13
 898 008b 2F       		.uleb128 0x2f
 899 008c 0B       		.uleb128 0xb
 900 008d 00       		.byte	0
 901 008e 00       		.byte	0
 902 008f 0E       		.uleb128 0xe
 903 0090 2E       		.uleb128 0x2e
 904 0091 01       		.byte	0x1
ARM GAS  C:\Users\Javier\AppData\Local\Temp\ccCdcMMX.s 			page 18


 905 0092 3F       		.uleb128 0x3f
 906 0093 19       		.uleb128 0x19
 907 0094 03       		.uleb128 0x3
 908 0095 0E       		.uleb128 0xe
 909 0096 3A       		.uleb128 0x3a
 910 0097 0B       		.uleb128 0xb
 911 0098 3B       		.uleb128 0x3b
 912 0099 0B       		.uleb128 0xb
 913 009a 11       		.uleb128 0x11
 914 009b 01       		.uleb128 0x1
 915 009c 12       		.uleb128 0x12
 916 009d 06       		.uleb128 0x6
 917 009e 40       		.uleb128 0x40
 918 009f 18       		.uleb128 0x18
 919 00a0 9742     		.uleb128 0x2117
 920 00a2 19       		.uleb128 0x19
 921 00a3 01       		.uleb128 0x1
 922 00a4 13       		.uleb128 0x13
 923 00a5 00       		.byte	0
 924 00a6 00       		.byte	0
 925 00a7 0F       		.uleb128 0xf
 926 00a8 898201   		.uleb128 0x4109
 927 00ab 00       		.byte	0
 928 00ac 11       		.uleb128 0x11
 929 00ad 01       		.uleb128 0x1
 930 00ae 31       		.uleb128 0x31
 931 00af 13       		.uleb128 0x13
 932 00b0 00       		.byte	0
 933 00b1 00       		.byte	0
 934 00b2 10       		.uleb128 0x10
 935 00b3 898201   		.uleb128 0x4109
 936 00b6 01       		.byte	0x1
 937 00b7 11       		.uleb128 0x11
 938 00b8 01       		.uleb128 0x1
 939 00b9 31       		.uleb128 0x31
 940 00ba 13       		.uleb128 0x13
 941 00bb 01       		.uleb128 0x1
 942 00bc 13       		.uleb128 0x13
 943 00bd 00       		.byte	0
 944 00be 00       		.byte	0
 945 00bf 11       		.uleb128 0x11
 946 00c0 8A8201   		.uleb128 0x410a
 947 00c3 00       		.byte	0
 948 00c4 02       		.uleb128 0x2
 949 00c5 18       		.uleb128 0x18
 950 00c6 9142     		.uleb128 0x2111
 951 00c8 18       		.uleb128 0x18
 952 00c9 00       		.byte	0
 953 00ca 00       		.byte	0
 954 00cb 12       		.uleb128 0x12
 955 00cc 898201   		.uleb128 0x4109
 956 00cf 01       		.byte	0x1
 957 00d0 11       		.uleb128 0x11
 958 00d1 01       		.uleb128 0x1
 959 00d2 31       		.uleb128 0x31
 960 00d3 13       		.uleb128 0x13
 961 00d4 00       		.byte	0
ARM GAS  C:\Users\Javier\AppData\Local\Temp\ccCdcMMX.s 			page 19


 962 00d5 00       		.byte	0
 963 00d6 13       		.uleb128 0x13
 964 00d7 34       		.uleb128 0x34
 965 00d8 00       		.byte	0
 966 00d9 03       		.uleb128 0x3
 967 00da 08       		.uleb128 0x8
 968 00db 3A       		.uleb128 0x3a
 969 00dc 0B       		.uleb128 0xb
 970 00dd 3B       		.uleb128 0x3b
 971 00de 0B       		.uleb128 0xb
 972 00df 49       		.uleb128 0x49
 973 00e0 13       		.uleb128 0x13
 974 00e1 02       		.uleb128 0x2
 975 00e2 18       		.uleb128 0x18
 976 00e3 00       		.byte	0
 977 00e4 00       		.byte	0
 978 00e5 14       		.uleb128 0x14
 979 00e6 34       		.uleb128 0x34
 980 00e7 00       		.byte	0
 981 00e8 03       		.uleb128 0x3
 982 00e9 08       		.uleb128 0x8
 983 00ea 3A       		.uleb128 0x3a
 984 00eb 0B       		.uleb128 0xb
 985 00ec 3B       		.uleb128 0x3b
 986 00ed 0B       		.uleb128 0xb
 987 00ee 49       		.uleb128 0x49
 988 00ef 13       		.uleb128 0x13
 989 00f0 1C       		.uleb128 0x1c
 990 00f1 06       		.uleb128 0x6
 991 00f2 00       		.byte	0
 992 00f3 00       		.byte	0
 993 00f4 15       		.uleb128 0x15
 994 00f5 34       		.uleb128 0x34
 995 00f6 00       		.byte	0
 996 00f7 03       		.uleb128 0x3
 997 00f8 0E       		.uleb128 0xe
 998 00f9 3A       		.uleb128 0x3a
 999 00fa 0B       		.uleb128 0xb
 1000 00fb 3B       		.uleb128 0x3b
 1001 00fc 05       		.uleb128 0x5
 1002 00fd 49       		.uleb128 0x49
 1003 00fe 13       		.uleb128 0x13
 1004 00ff 3F       		.uleb128 0x3f
 1005 0100 19       		.uleb128 0x19
 1006 0101 3C       		.uleb128 0x3c
 1007 0102 19       		.uleb128 0x19
 1008 0103 00       		.byte	0
 1009 0104 00       		.byte	0
 1010 0105 16       		.uleb128 0x16
 1011 0106 34       		.uleb128 0x34
 1012 0107 00       		.byte	0
 1013 0108 03       		.uleb128 0x3
 1014 0109 08       		.uleb128 0x8
 1015 010a 3A       		.uleb128 0x3a
 1016 010b 0B       		.uleb128 0xb
 1017 010c 3B       		.uleb128 0x3b
 1018 010d 0B       		.uleb128 0xb
ARM GAS  C:\Users\Javier\AppData\Local\Temp\ccCdcMMX.s 			page 20


 1019 010e 49       		.uleb128 0x49
 1020 010f 13       		.uleb128 0x13
 1021 0110 3F       		.uleb128 0x3f
 1022 0111 19       		.uleb128 0x19
 1023 0112 02       		.uleb128 0x2
 1024 0113 18       		.uleb128 0x18
 1025 0114 00       		.byte	0
 1026 0115 00       		.byte	0
 1027 0116 17       		.uleb128 0x17
 1028 0117 34       		.uleb128 0x34
 1029 0118 00       		.byte	0
 1030 0119 03       		.uleb128 0x3
 1031 011a 0E       		.uleb128 0xe
 1032 011b 3A       		.uleb128 0x3a
 1033 011c 0B       		.uleb128 0xb
 1034 011d 3B       		.uleb128 0x3b
 1035 011e 0B       		.uleb128 0xb
 1036 011f 49       		.uleb128 0x49
 1037 0120 13       		.uleb128 0x13
 1038 0121 3F       		.uleb128 0x3f
 1039 0122 19       		.uleb128 0x19
 1040 0123 02       		.uleb128 0x2
 1041 0124 18       		.uleb128 0x18
 1042 0125 00       		.byte	0
 1043 0126 00       		.byte	0
 1044 0127 18       		.uleb128 0x18
 1045 0128 2E       		.uleb128 0x2e
 1046 0129 00       		.byte	0
 1047 012a 3F       		.uleb128 0x3f
 1048 012b 19       		.uleb128 0x19
 1049 012c 03       		.uleb128 0x3
 1050 012d 0E       		.uleb128 0xe
 1051 012e 3A       		.uleb128 0x3a
 1052 012f 0B       		.uleb128 0xb
 1053 0130 3B       		.uleb128 0x3b
 1054 0131 0B       		.uleb128 0xb
 1055 0132 27       		.uleb128 0x27
 1056 0133 19       		.uleb128 0x19
 1057 0134 49       		.uleb128 0x49
 1058 0135 13       		.uleb128 0x13
 1059 0136 3C       		.uleb128 0x3c
 1060 0137 19       		.uleb128 0x19
 1061 0138 00       		.byte	0
 1062 0139 00       		.byte	0
 1063 013a 19       		.uleb128 0x19
 1064 013b 2E       		.uleb128 0x2e
 1065 013c 00       		.byte	0
 1066 013d 3F       		.uleb128 0x3f
 1067 013e 19       		.uleb128 0x19
 1068 013f 03       		.uleb128 0x3
 1069 0140 0E       		.uleb128 0xe
 1070 0141 3A       		.uleb128 0x3a
 1071 0142 0B       		.uleb128 0xb
 1072 0143 3B       		.uleb128 0x3b
 1073 0144 0B       		.uleb128 0xb
 1074 0145 27       		.uleb128 0x27
 1075 0146 19       		.uleb128 0x19
ARM GAS  C:\Users\Javier\AppData\Local\Temp\ccCdcMMX.s 			page 21


 1076 0147 3C       		.uleb128 0x3c
 1077 0148 19       		.uleb128 0x19
 1078 0149 00       		.byte	0
 1079 014a 00       		.byte	0
 1080 014b 1A       		.uleb128 0x1a
 1081 014c 2E       		.uleb128 0x2e
 1082 014d 01       		.byte	0x1
 1083 014e 3F       		.uleb128 0x3f
 1084 014f 19       		.uleb128 0x19
 1085 0150 03       		.uleb128 0x3
 1086 0151 0E       		.uleb128 0xe
 1087 0152 3A       		.uleb128 0x3a
 1088 0153 0B       		.uleb128 0xb
 1089 0154 3B       		.uleb128 0x3b
 1090 0155 0B       		.uleb128 0xb
 1091 0156 27       		.uleb128 0x27
 1092 0157 19       		.uleb128 0x19
 1093 0158 3C       		.uleb128 0x3c
 1094 0159 19       		.uleb128 0x19
 1095 015a 01       		.uleb128 0x1
 1096 015b 13       		.uleb128 0x13
 1097 015c 00       		.byte	0
 1098 015d 00       		.byte	0
 1099 015e 1B       		.uleb128 0x1b
 1100 015f 05       		.uleb128 0x5
 1101 0160 00       		.byte	0
 1102 0161 49       		.uleb128 0x49
 1103 0162 13       		.uleb128 0x13
 1104 0163 00       		.byte	0
 1105 0164 00       		.byte	0
 1106 0165 1C       		.uleb128 0x1c
 1107 0166 2E       		.uleb128 0x2e
 1108 0167 01       		.byte	0x1
 1109 0168 3F       		.uleb128 0x3f
 1110 0169 19       		.uleb128 0x19
 1111 016a 03       		.uleb128 0x3
 1112 016b 0E       		.uleb128 0xe
 1113 016c 3A       		.uleb128 0x3a
 1114 016d 0B       		.uleb128 0xb
 1115 016e 3B       		.uleb128 0x3b
 1116 016f 0B       		.uleb128 0xb
 1117 0170 27       		.uleb128 0x27
 1118 0171 19       		.uleb128 0x19
 1119 0172 49       		.uleb128 0x49
 1120 0173 13       		.uleb128 0x13
 1121 0174 3C       		.uleb128 0x3c
 1122 0175 19       		.uleb128 0x19
 1123 0176 01       		.uleb128 0x1
 1124 0177 13       		.uleb128 0x13
 1125 0178 00       		.byte	0
 1126 0179 00       		.byte	0
 1127 017a 1D       		.uleb128 0x1d
 1128 017b 2E       		.uleb128 0x2e
 1129 017c 01       		.byte	0x1
 1130 017d 3F       		.uleb128 0x3f
 1131 017e 19       		.uleb128 0x19
 1132 017f 03       		.uleb128 0x3
ARM GAS  C:\Users\Javier\AppData\Local\Temp\ccCdcMMX.s 			page 22


 1133 0180 0E       		.uleb128 0xe
 1134 0181 3A       		.uleb128 0x3a
 1135 0182 0B       		.uleb128 0xb
 1136 0183 3B       		.uleb128 0x3b
 1137 0184 0B       		.uleb128 0xb
 1138 0185 27       		.uleb128 0x27
 1139 0186 19       		.uleb128 0x19
 1140 0187 49       		.uleb128 0x49
 1141 0188 13       		.uleb128 0x13
 1142 0189 3C       		.uleb128 0x3c
 1143 018a 19       		.uleb128 0x19
 1144 018b 00       		.byte	0
 1145 018c 00       		.byte	0
 1146 018d 1E       		.uleb128 0x1e
 1147 018e 18       		.uleb128 0x18
 1148 018f 00       		.byte	0
 1149 0190 00       		.byte	0
 1150 0191 00       		.byte	0
 1151 0192 00       		.byte	0
 1152              		.section	.debug_aranges,"",%progbits
 1153 0000 2C000000 		.4byte	0x2c
 1154 0004 0200     		.2byte	0x2
 1155 0006 00000000 		.4byte	.Ldebug_info0
 1156 000a 04       		.byte	0x4
 1157 000b 00       		.byte	0
 1158 000c 0000     		.2byte	0
 1159 000e 0000     		.2byte	0
 1160 0010 00000000 		.4byte	.LFB64
 1161 0014 18000000 		.4byte	.LFE64-.LFB64
 1162 0018 00000000 		.4byte	.LFB63
 1163 001c 30000000 		.4byte	.LFE63-.LFB63
 1164 0020 00000000 		.4byte	.LFB65
 1165 0024 7C000000 		.4byte	.LFE65-.LFB65
 1166 0028 00000000 		.4byte	0
 1167 002c 00000000 		.4byte	0
 1168              		.section	.debug_ranges,"",%progbits
 1169              	.Ldebug_ranges0:
 1170 0000 00000000 		.4byte	.LFB64
 1171 0004 18000000 		.4byte	.LFE64
 1172 0008 00000000 		.4byte	.LFB63
 1173 000c 30000000 		.4byte	.LFE63
 1174 0010 00000000 		.4byte	.LFB65
 1175 0014 7C000000 		.4byte	.LFE65
 1176 0018 00000000 		.4byte	0
 1177 001c 00000000 		.4byte	0
 1178              		.section	.debug_line,"",%progbits
 1179              	.Ldebug_line0:
 1180 0000 CF010000 		.section	.debug_str,"MS",%progbits,1
 1180      02008C01 
 1180      00000201 
 1180      FB0E0D00 
 1180      01010101 
 1181              	.LASF23:
 1182 0000 64657641 		.ascii	"devAddress\000"
 1182      64647265 
 1182      737300
 1183              	.LASF3:
ARM GAS  C:\Users\Javier\AppData\Local\Temp\ccCdcMMX.s 			page 23


 1184 000b 5F5F7569 		.ascii	"__uint8_t\000"
 1184      6E74385F 
 1184      7400
 1185              	.LASF39:
 1186 0015 6932634C 		.ascii	"i2cLCD_SetPosition\000"
 1186      43445F53 
 1186      6574506F 
 1186      73697469 
 1186      6F6E00
 1187              	.LASF24:
 1188 0028 6261636B 		.ascii	"backlight\000"
 1188      6C696768 
 1188      7400
 1189              	.LASF46:
 1190 0032 43795379 		.ascii	"CySysTickSetCallback\000"
 1190      73546963 
 1190      6B536574 
 1190      43616C6C 
 1190      6261636B 
 1191              	.LASF33:
 1192 0047 75706461 		.ascii	"update_lcd\000"
 1192      74655F6C 
 1192      636400
 1193              	.LASF6:
 1194 0052 5F5F696E 		.ascii	"__int32_t\000"
 1194      7433325F 
 1194      7400
 1195              	.LASF14:
 1196 005c 75696E74 		.ascii	"uint8_t\000"
 1196      385F7400 
 1197              	.LASF36:
 1198 0064 4932435F 		.ascii	"I2C_Start\000"
 1198      53746172 
 1198      7400
 1199              	.LASF31:
 1200 006e 75706461 		.ascii	"update_lcd_it\000"
 1200      74655F6C 
 1200      63645F69 
 1200      7400
 1201              	.LASF19:
 1202 007c 666C6F61 		.ascii	"float\000"
 1202      7400
 1203              	.LASF17:
 1204 0082 75696E74 		.ascii	"uint8\000"
 1204      3800
 1205              	.LASF27:
 1206 0088 626C696E 		.ascii	"blinkON\000"
 1206      6B4F4E00 
 1207              	.LASF21:
 1208 0090 72656738 		.ascii	"reg8\000"
 1208      00
 1209              	.LASF37:
 1210 0095 43795379 		.ascii	"CySysTickStart\000"
 1210      73546963 
 1210      6B537461 
 1210      727400
 1211              	.LASF8:
ARM GAS  C:\Users\Javier\AppData\Local\Temp\ccCdcMMX.s 			page 24


 1212 00a4 6C6F6E67 		.ascii	"long unsigned int\000"
 1212      20756E73 
 1212      69676E65 
 1212      6420696E 
 1212      7400
 1213              	.LASF5:
 1214 00b6 73686F72 		.ascii	"short unsigned int\000"
 1214      7420756E 
 1214      7369676E 
 1214      65642069 
 1214      6E7400
 1215              	.LASF35:
 1216 00c9 6C63645F 		.ascii	"lcd_update\000"
 1216      75706461 
 1216      746500
 1217              	.LASF26:
 1218 00d4 64697370 		.ascii	"displayON\000"
 1218      6C61794F 
 1218      4E00
 1219              	.LASF45:
 1220 00de 43795379 		.ascii	"CySysTickGetValue\000"
 1220      73546963 
 1220      6B476574 
 1220      56616C75 
 1220      6500
 1221              	.LASF34:
 1222 00f0 49544D5F 		.ascii	"ITM_RxBuffer\000"
 1222      52784275 
 1222      66666572 
 1222      00
 1223              	.LASF40:
 1224 00fd 6932634C 		.ascii	"i2cLCD_Print\000"
 1224      43445F50 
 1224      72696E74 
 1224      00
 1225              	.LASF1:
 1226 010a 756E7369 		.ascii	"unsigned char\000"
 1226      676E6564 
 1226      20636861 
 1226      7200
 1227              	.LASF4:
 1228 0118 5F5F7569 		.ascii	"__uint16_t\000"
 1228      6E743136 
 1228      5F7400
 1229              	.LASF20:
 1230 0123 646F7562 		.ascii	"double\000"
 1230      6C6500
 1231              	.LASF30:
 1232 012a 6932634C 		.ascii	"i2cLCD_HandleTypeDef\000"
 1232      43445F48 
 1232      616E646C 
 1232      65547970 
 1232      65446566 
 1233              	.LASF18:
 1234 013f 75696E74 		.ascii	"uint32\000"
 1234      333200
 1235              	.LASF38:
ARM GAS  C:\Users\Javier\AppData\Local\Temp\ccCdcMMX.s 			page 25


 1236 0146 6932634C 		.ascii	"i2cLCD_Init\000"
 1236      43445F49 
 1236      6E697400 
 1237              	.LASF11:
 1238 0152 756E7369 		.ascii	"unsigned int\000"
 1238      676E6564 
 1238      20696E74 
 1238      00
 1239              	.LASF10:
 1240 015f 6C6F6E67 		.ascii	"long long unsigned int\000"
 1240      206C6F6E 
 1240      6720756E 
 1240      7369676E 
 1240      65642069 
 1241              	.LASF25:
 1242 0176 63757273 		.ascii	"cursorON\000"
 1242      6F724F4E 
 1242      00
 1243              	.LASF42:
 1244 017f 474E5520 		.ascii	"GNU C 4.9.3 20150303 (release) [ARM/embedded-4_9-br"
 1244      4320342E 
 1244      392E3320 
 1244      32303135 
 1244      30333033 
 1245 01b2 616E6368 		.ascii	"anch revision 221220] -mcpu=cortex-m3 -mthumb -g -O"
 1245      20726576 
 1245      6973696F 
 1245      6E203232 
 1245      31323230 
 1246 01e5 67202D66 		.ascii	"g -ffunction-sections -ffat-lto-objects\000"
 1246      66756E63 
 1246      74696F6E 
 1246      2D736563 
 1246      74696F6E 
 1247              	.LASF32:
 1248 020d 73657475 		.ascii	"setup_lcd\000"
 1248      705F6C63 
 1248      6400
 1249              	.LASF29:
 1250 0217 63757374 		.ascii	"customCharIdentifiers\000"
 1250      6F6D4368 
 1250      61724964 
 1250      656E7469 
 1250      66696572 
 1251              	.LASF16:
 1252 022d 696E7433 		.ascii	"int32_t\000"
 1252      325F7400 
 1253              	.LASF44:
 1254 0235 433A5C55 		.ascii	"C:\\Users\\Javier\\Documents\\PSoC Creator\\gnome_w"
 1254      73657273 
 1254      5C4A6176 
 1254      6965725C 
 1254      446F6375 
 1255 0263 6F726B73 		.ascii	"orkspace\\gnome_psoc5.cydsn\000"
 1255      70616365 
 1255      5C676E6F 
 1255      6D655F70 
ARM GAS  C:\Users\Javier\AppData\Local\Temp\ccCdcMMX.s 			page 26


 1255      736F6335 
 1256              	.LASF12:
 1257 027e 73697A65 		.ascii	"sizetype\000"
 1257      74797065 
 1257      00
 1258              	.LASF9:
 1259 0287 6C6F6E67 		.ascii	"long long int\000"
 1259      206C6F6E 
 1259      6720696E 
 1259      7400
 1260              	.LASF13:
 1261 0295 63686172 		.ascii	"char\000"
 1261      00
 1262              	.LASF22:
 1263 029a 63795379 		.ascii	"cySysTickCallback\000"
 1263      73546963 
 1263      6B43616C 
 1263      6C626163 
 1263      6B00
 1264              	.LASF28:
 1265 02ac 6E756D62 		.ascii	"numberOfCustomChars\000"
 1265      65724F66 
 1265      43757374 
 1265      6F6D4368 
 1265      61727300 
 1266              	.LASF2:
 1267 02c0 73686F72 		.ascii	"short int\000"
 1267      7420696E 
 1267      7400
 1268              	.LASF15:
 1269 02ca 75696E74 		.ascii	"uint16_t\000"
 1269      31365F74 
 1269      00
 1270              	.LASF43:
 1271 02d3 2E5C676E 		.ascii	".\\gnome_lcd.c\000"
 1271      6F6D655F 
 1271      6C63642E 
 1271      6300
 1272              	.LASF7:
 1273 02e1 6C6F6E67 		.ascii	"long int\000"
 1273      20696E74 
 1273      00
 1274              	.LASF0:
 1275 02ea 7369676E 		.ascii	"signed char\000"
 1275      65642063 
 1275      68617200 
 1276              	.LASF41:
 1277 02f6 73707269 		.ascii	"sprintf\000"
 1277      6E746600 
 1278              		.ident	"GCC: (GNU Tools for ARM Embedded Processors) 4.9.3 20150303 (release) [ARM/embedded-4_9-br
