ARM GAS  C:\Users\Javier\AppData\Local\Temp\ccyoBzKh.s 			page 1


   1              		.cpu cortex-m0
   2              		.fpu softvfp
   3              		.eabi_attribute 20, 1
   4              		.eabi_attribute 21, 1
   5              		.eabi_attribute 23, 3
   6              		.eabi_attribute 24, 1
   7              		.eabi_attribute 25, 1
   8              		.eabi_attribute 26, 1
   9              		.eabi_attribute 30, 1
  10              		.eabi_attribute 34, 0
  11              		.eabi_attribute 18, 4
  12              		.code	16
  13              		.file	"gnome_memory.c"
  14              		.text
  15              	.Ltext0:
  16              		.cfi_sections	.debug_frame
  17              		.section	.text.gnome_store_reg,"ax",%progbits
  18              		.align	2
  19              		.global	gnome_store_reg
  20              		.code	16
  21              		.thumb_func
  22              		.type	gnome_store_reg, %function
  23              	gnome_store_reg:
  24              	.LFB34:
  25              		.file 1 ".\\gnome_memory.c"
   1:.\gnome_memory.c **** /* ========================================
   2:.\gnome_memory.c ****  *
   3:.\gnome_memory.c ****  * Copyright YOUR COMPANY, THE YEAR
   4:.\gnome_memory.c ****  * All Rights Reserved
   5:.\gnome_memory.c ****  * UNPUBLISHED, LICENSED SOFTWARE.
   6:.\gnome_memory.c ****  *
   7:.\gnome_memory.c ****  * CONFIDENTIAL AND PROPRIETARY INFORMATION
   8:.\gnome_memory.c ****  * WHICH IS THE PROPERTY OF your company.
   9:.\gnome_memory.c ****  *
  10:.\gnome_memory.c ****  * ========================================
  11:.\gnome_memory.c **** */
  12:.\gnome_memory.c **** 
  13:.\gnome_memory.c **** #include "gnome_memory.h"
  14:.\gnome_memory.c **** 
  15:.\gnome_memory.c **** void gnome_store_reg(uint8_t regist) {
  26              		.loc 1 15 0
  27              		.cfi_startproc
  28              	.LVL0:
  29 0000 10B5     		push	{r4, lr}
  30              		.cfi_def_cfa_offset 8
  31              		.cfi_offset 4, -8
  32              		.cfi_offset 14, -4
  33              	.LBB2:
  16:.\gnome_memory.c ****     if (GNOME_VIA_ACTIVE) {
  17:.\gnome_memory.c ****         reg8 *mem_mapped_reg;
  18:.\gnome_memory.c ****         uint8_t intermediateValue;
  19:.\gnome_memory.c ****         switch (regist & 0x0F) {
  34              		.loc 1 19 0
  35 0002 0F23     		mov	r3, #15
  36 0004 1840     		and	r0, r3
  37              	.LVL1:
  38 0006 0E28     		cmp	r0, #14
ARM GAS  C:\Users\Javier\AppData\Local\Temp\ccyoBzKh.s 			page 2


  39 0008 1DD0     		beq	.L3
  40 000a 0F28     		cmp	r0, #15
  41 000c 40D0     		beq	.L4
  42 000e 0D28     		cmp	r0, #13
  43 0010 63D1     		bne	.L12
  20:.\gnome_memory.c ****             #if !defined(GNOME_VIA_CONFIG_OUT_OPT_OUT) /* Check for removal by optimization */
  21:.\gnome_memory.c ****             case GNOME_VIA_CONFIG:
  22:.\gnome_memory.c ****                 if(via_state.config_mask & 0x80) {
  44              		.loc 1 22 0
  45 0012 364B     		ldr	r3, .L13
  46 0014 1B78     		ldrb	r3, [r3]
  47 0016 5AB2     		sxtb	r2, r3
  48 0018 002A     		cmp	r2, #0
  49 001a 0BDA     		bge	.L6
  50              	.LVL2:
  23:.\gnome_memory.c ****                     mem_mapped_reg = GNOME_VIA_CONFIG_OUT_ADDR;
  24:.\gnome_memory.c ****                     *mem_mapped_reg = current_context->accumulator & via_state.config_mask & ((1<<G
  51              		.loc 1 24 0
  52 001c 344A     		ldr	r2, .L13+4
  53 001e 1268     		ldr	r2, [r2]
  54 0020 1278     		ldrb	r2, [r2]
  55 0022 1340     		and	r3, r2
  56 0024 0F22     		mov	r2, #15
  57 0026 1340     		and	r3, r2
  58 0028 324A     		ldr	r2, .L13+8
  59 002a 1370     		strb	r3, [r2]
  25:.\gnome_memory.c ****                     via_state.config_mask = 0;
  60              		.loc 1 25 0
  61 002c 0022     		mov	r2, #0
  62 002e 2F4B     		ldr	r3, .L13
  63 0030 1A70     		strb	r2, [r3]
  64 0032 59E0     		b	.L1
  65              	.LVL3:
  66              	.L6:
  26:.\gnome_memory.c ****                 } else {
  27:.\gnome_memory.c ****                     // 0x80 indica una petición de escritura, incluso si la máscara es cero.
  28:.\gnome_memory.c ****                     via_state.config_mask = current_context->accumulator | 0x80;
  67              		.loc 1 28 0
  68 0034 2E4B     		ldr	r3, .L13+4
  69 0036 1B68     		ldr	r3, [r3]
  70 0038 1B78     		ldrb	r3, [r3]
  71 003a 8022     		mov	r2, #128
  72 003c 5242     		neg	r2, r2
  73 003e 1343     		orr	r3, r2
  74 0040 2A4A     		ldr	r2, .L13
  75 0042 1370     		strb	r3, [r2]
  76 0044 50E0     		b	.L1
  77              	.L3:
  78              	.LVL4:
  29:.\gnome_memory.c ****                 }
  30:.\gnome_memory.c ****                 break;
  31:.\gnome_memory.c ****             #endif
  32:.\gnome_memory.c ****             #if !defined(GNOME_VIA_PORT0_OUT_OPT_OUT) /* Check for removal by optimization */
  33:.\gnome_memory.c ****             case GNOME_VIA_PORT0:
  34:.\gnome_memory.c ****                 mem_mapped_reg = GNOME_VIA_PORT0_OUT_ADDR;
  35:.\gnome_memory.c ****                 if (via_state.port0_ptr) {
  79              		.loc 1 35 0
ARM GAS  C:\Users\Javier\AppData\Local\Temp\ccyoBzKh.s 			page 3


  80 0046 294B     		ldr	r3, .L13
  81 0048 5B78     		ldrb	r3, [r3, #1]
  82 004a 002B     		cmp	r3, #0
  83 004c 0FD0     		beq	.L8
  36:.\gnome_memory.c ****                     current_context->accumulator = (((*mem_mapped_reg) & 0xF0) >> 4) & ((1<<GNOME_W
  84              		.loc 1 36 0
  85 004e 284A     		ldr	r2, .L13+4
  86 0050 2949     		ldr	r1, .L13+12
  87 0052 0B78     		ldrb	r3, [r1]
  88 0054 1B09     		lsr	r3, r3, #4
  89 0056 1068     		ldr	r0, [r2]
  90 0058 0370     		strb	r3, [r0]
  37:.\gnome_memory.c ****                     intermediateValue = 0x0F & *mem_mapped_reg;
  91              		.loc 1 37 0
  92 005a 0878     		ldrb	r0, [r1]
  93 005c 0F24     		mov	r4, #15
  94 005e 2040     		and	r0, r4
  95              	.LVL5:
  38:.\gnome_memory.c ****                     *mem_mapped_reg =  (intermediateValue + (current_context->accumulator << 4)) & 
  96              		.loc 1 38 0
  97 0060 1368     		ldr	r3, [r2]
  98 0062 1A78     		ldrb	r2, [r3]
  99 0064 1201     		lsl	r2, r2, #4
 100 0066 8318     		add	r3, r0, r2
 101 0068 2340     		and	r3, r4
 102 006a 0B70     		strb	r3, [r1]
 103 006c 0AE0     		b	.L9
 104              	.LVL6:
 105              	.L8:
  39:.\gnome_memory.c ****                 } else {
  40:.\gnome_memory.c ****                     intermediateValue = 0xF0 & *mem_mapped_reg;
 106              		.loc 1 40 0
 107 006e 224A     		ldr	r2, .L13+12
 108 0070 1378     		ldrb	r3, [r2]
 109 0072 0F21     		mov	r1, #15
 110 0074 8B43     		bic	r3, r1
 111              	.LVL7:
  41:.\gnome_memory.c ****                     *mem_mapped_reg =  (intermediateValue + current_context->accumulator) & ((1<<GN
 112              		.loc 1 41 0
 113 0076 1E49     		ldr	r1, .L13+4
 114 0078 0968     		ldr	r1, [r1]
 115 007a 0978     		ldrb	r1, [r1]
 116 007c CB18     		add	r3, r1, r3
 117              	.LVL8:
 118 007e 0F21     		mov	r1, #15
 119 0080 0B40     		and	r3, r1
 120 0082 1370     		strb	r3, [r2]
 121              	.L9:
  42:.\gnome_memory.c ****                 }
  43:.\gnome_memory.c ****                 via_state.port0_ptr = !via_state.port0_ptr;
 122              		.loc 1 43 0
 123 0084 194A     		ldr	r2, .L13
 124 0086 5178     		ldrb	r1, [r2, #1]
 125 0088 4B42     		neg	r3, r1
 126 008a 4B41     		adc	r3, r3, r1
 127 008c 5370     		strb	r3, [r2, #1]
  44:.\gnome_memory.c ****                 break;
ARM GAS  C:\Users\Javier\AppData\Local\Temp\ccyoBzKh.s 			page 4


 128              		.loc 1 44 0
 129 008e 2BE0     		b	.L1
 130              	.LVL9:
 131              	.L4:
  45:.\gnome_memory.c ****             #endif
  46:.\gnome_memory.c ****             #if !defined(GNOME_VIA_PORT1_OUT_OPT_OUT) /* Check for removal by optimization */
  47:.\gnome_memory.c ****             case GNOME_VIA_PORT1:
  48:.\gnome_memory.c ****                 mem_mapped_reg = GNOME_VIA_PORT1_OUT_ADDR;
  49:.\gnome_memory.c ****                 if (via_state.port1_ptr) {
 132              		.loc 1 49 0
 133 0090 164B     		ldr	r3, .L13
 134 0092 9B78     		ldrb	r3, [r3, #2]
 135 0094 002B     		cmp	r3, #0
 136 0096 0FD0     		beq	.L10
  50:.\gnome_memory.c ****                     current_context->accumulator = (((*mem_mapped_reg) & 0xF0) >> 4) & ((1<<GNOME_W
 137              		.loc 1 50 0
 138 0098 154A     		ldr	r2, .L13+4
 139 009a 1849     		ldr	r1, .L13+16
 140 009c 0B78     		ldrb	r3, [r1]
 141 009e 1B09     		lsr	r3, r3, #4
 142 00a0 1068     		ldr	r0, [r2]
 143 00a2 0370     		strb	r3, [r0]
  51:.\gnome_memory.c ****                     intermediateValue = 0x0F & *mem_mapped_reg;
 144              		.loc 1 51 0
 145 00a4 0878     		ldrb	r0, [r1]
 146 00a6 0F24     		mov	r4, #15
 147 00a8 2040     		and	r0, r4
 148              	.LVL10:
  52:.\gnome_memory.c ****                     *mem_mapped_reg =  (intermediateValue + (current_context->accumulator << 4)) & 
 149              		.loc 1 52 0
 150 00aa 1368     		ldr	r3, [r2]
 151 00ac 1A78     		ldrb	r2, [r3]
 152 00ae 1201     		lsl	r2, r2, #4
 153 00b0 8318     		add	r3, r0, r2
 154 00b2 2340     		and	r3, r4
 155 00b4 0B70     		strb	r3, [r1]
 156 00b6 0AE0     		b	.L11
 157              	.LVL11:
 158              	.L10:
  53:.\gnome_memory.c ****                 } else {
  54:.\gnome_memory.c ****                     intermediateValue = 0xF0 & *mem_mapped_reg;
 159              		.loc 1 54 0
 160 00b8 104A     		ldr	r2, .L13+16
 161 00ba 1378     		ldrb	r3, [r2]
 162 00bc 0F21     		mov	r1, #15
 163 00be 8B43     		bic	r3, r1
 164              	.LVL12:
  55:.\gnome_memory.c ****                     *mem_mapped_reg =  (intermediateValue + current_context->accumulator) & ((1<<GN
 165              		.loc 1 55 0
 166 00c0 0B49     		ldr	r1, .L13+4
 167 00c2 0968     		ldr	r1, [r1]
 168 00c4 0978     		ldrb	r1, [r1]
 169 00c6 CB18     		add	r3, r1, r3
 170              	.LVL13:
 171 00c8 0F21     		mov	r1, #15
 172 00ca 0B40     		and	r3, r1
 173 00cc 1370     		strb	r3, [r2]
ARM GAS  C:\Users\Javier\AppData\Local\Temp\ccyoBzKh.s 			page 5


 174              	.L11:
  56:.\gnome_memory.c ****                 }
  57:.\gnome_memory.c ****                 via_state.port1_ptr = !via_state.port1_ptr;                
 175              		.loc 1 57 0
 176 00ce 074A     		ldr	r2, .L13
 177 00d0 9178     		ldrb	r1, [r2, #2]
 178 00d2 4B42     		neg	r3, r1
 179 00d4 4B41     		adc	r3, r3, r1
 180 00d6 9370     		strb	r3, [r2, #2]
  58:.\gnome_memory.c ****                 break;
 181              		.loc 1 58 0
 182 00d8 06E0     		b	.L1
 183              	.LVL14:
 184              	.L12:
  59:.\gnome_memory.c ****             #endif
  60:.\gnome_memory.c ****             default:
  61:.\gnome_memory.c ****                 registers[regist & 0x0f] = current_context->accumulator & ((1<<GNOME_WORD_SIZE) -1)
 185              		.loc 1 61 0
 186 00da 054B     		ldr	r3, .L13+4
 187 00dc 1B68     		ldr	r3, [r3]
 188 00de 1B78     		ldrb	r3, [r3]
 189 00e0 0F22     		mov	r2, #15
 190 00e2 1340     		and	r3, r2
 191 00e4 064A     		ldr	r2, .L13+20
 192 00e6 1354     		strb	r3, [r2, r0]
 193              	.L1:
 194              	.LBE2:
  62:.\gnome_memory.c ****                 break;
  63:.\gnome_memory.c ****         }
  64:.\gnome_memory.c ****     } else {
  65:.\gnome_memory.c ****         registers[regist & 0x0f] = current_context->accumulator;
  66:.\gnome_memory.c ****     }
  67:.\gnome_memory.c **** }
 195              		.loc 1 67 0
 196              		@ sp needed
 197 00e8 10BD     		pop	{r4, pc}
 198              	.L14:
 199 00ea C046     		.align	2
 200              	.L13:
 201 00ec 00000000 		.word	via_state
 202 00f0 00000000 		.word	current_context
 203 00f4 70000F40 		.word	1074724976
 204 00f8 71000F40 		.word	1074724977
 205 00fc 73000F40 		.word	1074724979
 206 0100 00000000 		.word	registers
 207              		.cfi_endproc
 208              	.LFE34:
 209              		.size	gnome_store_reg, .-gnome_store_reg
 210              		.section	.text.gnome_load_reg,"ax",%progbits
 211              		.align	2
 212              		.global	gnome_load_reg
 213              		.code	16
 214              		.thumb_func
 215              		.type	gnome_load_reg, %function
 216              	gnome_load_reg:
 217              	.LFB35:
  68:.\gnome_memory.c **** 
ARM GAS  C:\Users\Javier\AppData\Local\Temp\ccyoBzKh.s 			page 6


  69:.\gnome_memory.c **** uint8_t gnome_load_reg(uint8_t regist) {
 218              		.loc 1 69 0
 219              		.cfi_startproc
 220              	.LVL15:
 221              	.LBB3:
  70:.\gnome_memory.c ****     if (GNOME_VIA_ACTIVE) {
  71:.\gnome_memory.c ****         reg8 *mem_mapped_reg;
  72:.\gnome_memory.c ****         uint8_t retVal;
  73:.\gnome_memory.c ****         switch (regist & 0xF) {
 222              		.loc 1 73 0
 223 0000 0F23     		mov	r3, #15
 224 0002 1840     		and	r0, r3
 225              	.LVL16:
 226 0004 0E28     		cmp	r0, #14
 227 0006 02D0     		beq	.L17
 228 0008 0F28     		cmp	r0, #15
 229 000a 11D0     		beq	.L18
 230 000c 21E0     		b	.L24
 231              	.L17:
 232              	.LVL17:
  74:.\gnome_memory.c ****             #if !defined(GNOME_VIA_CONFIG_IN_OPT_OUT) /* Check for removal by optimization */
  75:.\gnome_memory.c ****             case GNOME_VIA_CONFIG:
  76:.\gnome_memory.c ****                 mem_mapped_reg = GNOME_VIA_CONFIG_IN_ADDR;
  77:.\gnome_memory.c ****                 retVal = (*mem_mapped_reg) & 0x0F;
  78:.\gnome_memory.c ****                 break;
  79:.\gnome_memory.c ****             #endif
  80:.\gnome_memory.c ****             #if !defined(GNOME_VIA_PORT0_IN_OPT_OUT) /* Check for removal by optimization */
  81:.\gnome_memory.c ****             case GNOME_VIA_PORT0:
  82:.\gnome_memory.c ****                 mem_mapped_reg = GNOME_VIA_PORT0_IN_ADDR;
  83:.\gnome_memory.c ****                 if (via_state.port0_ptr) {
 233              		.loc 1 83 0
 234 000e 134B     		ldr	r3, .L25
 235 0010 5A78     		ldrb	r2, [r3, #1]
 236 0012 002A     		cmp	r2, #0
 237 0014 03D0     		beq	.L19
  84:.\gnome_memory.c ****                     retVal = (((*mem_mapped_reg) & 0xF0) >> 4) & ((1<<GNOME_WORD_SIZE) -1);
 238              		.loc 1 84 0
 239 0016 124B     		ldr	r3, .L25+4
 240 0018 1878     		ldrb	r0, [r3]
 241 001a 0009     		lsr	r0, r0, #4
 242              	.LVL18:
 243 001c 03E0     		b	.L20
 244              	.LVL19:
 245              	.L19:
  85:.\gnome_memory.c ****                 } else {
  86:.\gnome_memory.c ****                     retVal = (*mem_mapped_reg) & ((1<<GNOME_WORD_SIZE) -1);
 246              		.loc 1 86 0
 247 001e 104B     		ldr	r3, .L25+4
 248 0020 1878     		ldrb	r0, [r3]
 249 0022 0F23     		mov	r3, #15
 250 0024 1840     		and	r0, r3
 251              	.LVL20:
 252              	.L20:
  87:.\gnome_memory.c ****                 }
  88:.\gnome_memory.c ****                 via_state.port0_ptr = !via_state.port0_ptr;
 253              		.loc 1 88 0
 254 0026 5342     		neg	r3, r2
ARM GAS  C:\Users\Javier\AppData\Local\Temp\ccyoBzKh.s 			page 7


 255 0028 5341     		adc	r3, r3, r2
 256 002a 0C4A     		ldr	r2, .L25
 257 002c 5370     		strb	r3, [r2, #1]
  89:.\gnome_memory.c ****                 break;
 258              		.loc 1 89 0
 259 002e 14E0     		b	.L21
 260              	.LVL21:
 261              	.L18:
  90:.\gnome_memory.c ****             #endif
  91:.\gnome_memory.c ****             #if !defined(GNOME_VIA_PORT1_IN_OPT_OUT) /* Check for removal by optimization */
  92:.\gnome_memory.c ****             case GNOME_VIA_PORT1:
  93:.\gnome_memory.c ****                 mem_mapped_reg = GNOME_VIA_PORT1_IN_ADDR;
  94:.\gnome_memory.c ****                 if (via_state.port1_ptr) {
 262              		.loc 1 94 0
 263 0030 0A4B     		ldr	r3, .L25
 264 0032 9A78     		ldrb	r2, [r3, #2]
 265 0034 002A     		cmp	r2, #0
 266 0036 03D0     		beq	.L22
  95:.\gnome_memory.c ****                     retVal = (((*mem_mapped_reg) & 0xF0) >> 4) & ((1<<GNOME_WORD_SIZE) -1);
 267              		.loc 1 95 0
 268 0038 0A4B     		ldr	r3, .L25+8
 269 003a 1878     		ldrb	r0, [r3]
 270 003c 0009     		lsr	r0, r0, #4
 271              	.LVL22:
 272 003e 03E0     		b	.L23
 273              	.LVL23:
 274              	.L22:
  96:.\gnome_memory.c ****                 } else {
  97:.\gnome_memory.c ****                     retVal = (*mem_mapped_reg) & ((1<<GNOME_WORD_SIZE) -1);
 275              		.loc 1 97 0
 276 0040 084B     		ldr	r3, .L25+8
 277 0042 1878     		ldrb	r0, [r3]
 278 0044 0F23     		mov	r3, #15
 279 0046 1840     		and	r0, r3
 280              	.LVL24:
 281              	.L23:
  98:.\gnome_memory.c ****                 }
  99:.\gnome_memory.c ****                 via_state.port1_ptr = !via_state.port1_ptr;                
 282              		.loc 1 99 0
 283 0048 5342     		neg	r3, r2
 284 004a 5341     		adc	r3, r3, r2
 285 004c 034A     		ldr	r2, .L25
 286 004e 9370     		strb	r3, [r2, #2]
 100:.\gnome_memory.c ****                 break;
 287              		.loc 1 100 0
 288 0050 03E0     		b	.L21
 289              	.LVL25:
 290              	.L24:
 101:.\gnome_memory.c ****             #endif
 102:.\gnome_memory.c ****             default:
 103:.\gnome_memory.c ****                retVal = registers[regist & 0x0F] &((1<<GNOME_WORD_SIZE) -1);
 291              		.loc 1 103 0
 292 0052 054B     		ldr	r3, .L25+12
 293 0054 1B5C     		ldrb	r3, [r3, r0]
 294 0056 0F20     		mov	r0, #15
 295 0058 1840     		and	r0, r3
 296              	.LVL26:
ARM GAS  C:\Users\Javier\AppData\Local\Temp\ccyoBzKh.s 			page 8


 297              	.L21:
 298              	.LBE3:
 104:.\gnome_memory.c ****                 break;
 105:.\gnome_memory.c ****         }
 106:.\gnome_memory.c ****         return retVal;
 107:.\gnome_memory.c ****     } else {
 108:.\gnome_memory.c ****         return registers[regist & 0x0f] & ((1<<GNOME_WORD_SIZE) -1);
 109:.\gnome_memory.c ****     }
 110:.\gnome_memory.c **** }
 299              		.loc 1 110 0
 300              		@ sp needed
 301 005a 7047     		bx	lr
 302              	.L26:
 303              		.align	2
 304              	.L25:
 305 005c 00000000 		.word	via_state
 306 0060 61000F40 		.word	1074724961
 307 0064 63000F40 		.word	1074724963
 308 0068 00000000 		.word	registers
 309              		.cfi_endproc
 310              	.LFE35:
 311              		.size	gnome_load_reg, .-gnome_load_reg
 312              		.section	.text.gnome_debug_load_reg,"ax",%progbits
 313              		.align	2
 314              		.global	gnome_debug_load_reg
 315              		.code	16
 316              		.thumb_func
 317              		.type	gnome_debug_load_reg, %function
 318              	gnome_debug_load_reg:
 319              	.LFB36:
 111:.\gnome_memory.c **** 
 112:.\gnome_memory.c **** 
 113:.\gnome_memory.c **** uint8_t gnome_debug_load_reg(uint8_t regist) {
 320              		.loc 1 113 0
 321              		.cfi_startproc
 322              	.LVL27:
 323              	.LBB4:
 114:.\gnome_memory.c ****     if (GNOME_VIA_ACTIVE) {
 115:.\gnome_memory.c ****         reg8 *mem_mapped_reg;
 116:.\gnome_memory.c ****         uint8_t retVal;
 117:.\gnome_memory.c ****         switch (regist & 0xF) {
 324              		.loc 1 117 0
 325 0000 0F23     		mov	r3, #15
 326 0002 1840     		and	r0, r3
 327              	.LVL28:
 328 0004 0E28     		cmp	r0, #14
 329 0006 02D0     		beq	.L29
 330 0008 0F28     		cmp	r0, #15
 331 000a 04D0     		beq	.L30
 332 000c 07E0     		b	.L32
 333              	.L29:
 334              	.LVL29:
 118:.\gnome_memory.c ****             #if !defined(GNOME_VIA_CONFIG_IN_OPT_OUT) /* Check for removal by optimization */
 119:.\gnome_memory.c ****             case GNOME_VIA_CONFIG:
 120:.\gnome_memory.c ****                 mem_mapped_reg = GNOME_VIA_CONFIG_IN_ADDR;
 121:.\gnome_memory.c ****                 retVal = *mem_mapped_reg;
 122:.\gnome_memory.c ****                 break;
ARM GAS  C:\Users\Javier\AppData\Local\Temp\ccyoBzKh.s 			page 9


 123:.\gnome_memory.c ****             #endif
 124:.\gnome_memory.c ****             #if !defined(GNOME_VIA_PORT0_IN_OPT_OUT) /* Check for removal by optimization */
 125:.\gnome_memory.c ****             case GNOME_VIA_PORT0:
 126:.\gnome_memory.c ****                 mem_mapped_reg = GNOME_VIA_PORT0_IN_ADDR;
 127:.\gnome_memory.c ****                 retVal = *mem_mapped_reg;
 335              		.loc 1 127 0
 336 000e 064B     		ldr	r3, .L33
 337 0010 1878     		ldrb	r0, [r3]
 338 0012 C0B2     		uxtb	r0, r0
 339              	.LVL30:
 128:.\gnome_memory.c ****                 break;
 340              		.loc 1 128 0
 341 0014 07E0     		b	.L31
 342              	.LVL31:
 343              	.L30:
 129:.\gnome_memory.c ****             #endif
 130:.\gnome_memory.c ****             #if !defined(GNOME_VIA_PORT1_IN_OPT_OUT) /* Check for removal by optimization */
 131:.\gnome_memory.c ****             case GNOME_VIA_PORT1:
 132:.\gnome_memory.c ****                 mem_mapped_reg = GNOME_VIA_PORT1_IN_ADDR;
 133:.\gnome_memory.c ****                 retVal = *mem_mapped_reg;
 344              		.loc 1 133 0
 345 0016 054B     		ldr	r3, .L33+4
 346 0018 1878     		ldrb	r0, [r3]
 347 001a C0B2     		uxtb	r0, r0
 348              	.LVL32:
 134:.\gnome_memory.c ****                 break;
 349              		.loc 1 134 0
 350 001c 03E0     		b	.L31
 351              	.LVL33:
 352              	.L32:
 135:.\gnome_memory.c ****             #endif
 136:.\gnome_memory.c ****             default:
 137:.\gnome_memory.c ****                retVal = registers[regist & 0x0F] &((1<<GNOME_WORD_SIZE) -1);
 353              		.loc 1 137 0
 354 001e 044B     		ldr	r3, .L33+8
 355 0020 1B5C     		ldrb	r3, [r3, r0]
 356 0022 0F20     		mov	r0, #15
 357 0024 1840     		and	r0, r3
 358              	.LVL34:
 359              	.L31:
 360              	.LBE4:
 138:.\gnome_memory.c ****                 break;
 139:.\gnome_memory.c ****         }
 140:.\gnome_memory.c ****         return retVal;
 141:.\gnome_memory.c ****     } else {
 142:.\gnome_memory.c ****         return registers[regist & 0x0f] & ((1<<GNOME_WORD_SIZE) -1);
 143:.\gnome_memory.c ****     }
 144:.\gnome_memory.c **** }
 361              		.loc 1 144 0
 362              		@ sp needed
 363 0026 7047     		bx	lr
 364              	.L34:
 365              		.align	2
 366              	.L33:
 367 0028 61000F40 		.word	1074724961
 368 002c 63000F40 		.word	1074724963
 369 0030 00000000 		.word	registers
ARM GAS  C:\Users\Javier\AppData\Local\Temp\ccyoBzKh.s 			page 10


 370              		.cfi_endproc
 371              	.LFE36:
 372              		.size	gnome_debug_load_reg, .-gnome_debug_load_reg
 373              		.comm	via_state,3,4
 374              		.comm	registers,16,4
 375              		.comm	current_context,4,4
 376              		.comm	it_context,11,4
 377              		.comm	normal_context,11,4
 378              		.text
 379              	.Letext0:
 380              		.file 2 "c:\\program files (x86)\\cypress\\psoc creator\\3.3\\psoc creator\\import\\gnu\\arm\\4.9.
 381              		.file 3 "c:\\program files (x86)\\cypress\\psoc creator\\3.3\\psoc creator\\import\\gnu\\arm\\4.9.
 382              		.file 4 "Generated_Source\\PSoC4/cytypes.h"
 383              		.file 5 ".\\gnome_registers.h"
 384              		.file 6 ".\\gnome_memory.h"
 385              		.section	.debug_info,"",%progbits
 386              	.Ldebug_info0:
 387 0000 2E030000 		.4byte	0x32e
 388 0004 0400     		.2byte	0x4
 389 0006 00000000 		.4byte	.Ldebug_abbrev0
 390 000a 04       		.byte	0x4
 391 000b 01       		.uleb128 0x1
 392 000c DE010000 		.4byte	.LASF41
 393 0010 01       		.byte	0x1
 394 0011 07010000 		.4byte	.LASF42
 395 0015 44000000 		.4byte	.LASF43
 396 0019 00000000 		.4byte	.Ldebug_ranges0+0
 397 001d 00000000 		.4byte	0
 398 0021 00000000 		.4byte	.Ldebug_line0
 399 0025 02       		.uleb128 0x2
 400 0026 01       		.byte	0x1
 401 0027 06       		.byte	0x6
 402 0028 A0020000 		.4byte	.LASF0
 403 002c 03       		.uleb128 0x3
 404 002d 0F000000 		.4byte	.LASF9
 405 0031 02       		.byte	0x2
 406 0032 1D       		.byte	0x1d
 407 0033 37000000 		.4byte	0x37
 408 0037 02       		.uleb128 0x2
 409 0038 01       		.byte	0x1
 410 0039 08       		.byte	0x8
 411 003a CB000000 		.4byte	.LASF1
 412 003e 02       		.uleb128 0x2
 413 003f 02       		.byte	0x2
 414 0040 05       		.byte	0x5
 415 0041 6C020000 		.4byte	.LASF2
 416 0045 02       		.uleb128 0x2
 417 0046 02       		.byte	0x2
 418 0047 07       		.byte	0x7
 419 0048 8D000000 		.4byte	.LASF3
 420 004c 02       		.uleb128 0x2
 421 004d 04       		.byte	0x4
 422 004e 05       		.byte	0x5
 423 004f 92020000 		.4byte	.LASF4
 424 0053 02       		.uleb128 0x2
 425 0054 04       		.byte	0x4
 426 0055 07       		.byte	0x7
ARM GAS  C:\Users\Javier\AppData\Local\Temp\ccyoBzKh.s 			page 11


 427 0056 32010000 		.4byte	.LASF5
 428 005a 02       		.uleb128 0x2
 429 005b 08       		.byte	0x8
 430 005c 05       		.byte	0x5
 431 005d AF010000 		.4byte	.LASF6
 432 0061 02       		.uleb128 0x2
 433 0062 08       		.byte	0x8
 434 0063 07       		.byte	0x7
 435 0064 57010000 		.4byte	.LASF7
 436 0068 04       		.uleb128 0x4
 437 0069 04       		.byte	0x4
 438 006a 05       		.byte	0x5
 439 006b 696E7400 		.ascii	"int\000"
 440 006f 02       		.uleb128 0x2
 441 0070 04       		.byte	0x4
 442 0071 07       		.byte	0x7
 443 0072 44010000 		.4byte	.LASF8
 444 0076 03       		.uleb128 0x3
 445 0077 A0000000 		.4byte	.LASF10
 446 007b 03       		.byte	0x3
 447 007c 15       		.byte	0x15
 448 007d 2C000000 		.4byte	0x2c
 449 0081 05       		.uleb128 0x5
 450 0082 ED000000 		.4byte	.LASF11
 451 0086 04       		.byte	0x4
 452 0087 3801     		.2byte	0x138
 453 0089 37000000 		.4byte	0x37
 454 008d 02       		.uleb128 0x2
 455 008e 04       		.byte	0x4
 456 008f 04       		.byte	0x4
 457 0090 B5000000 		.4byte	.LASF12
 458 0094 02       		.uleb128 0x2
 459 0095 08       		.byte	0x8
 460 0096 04       		.byte	0x4
 461 0097 00010000 		.4byte	.LASF13
 462 009b 02       		.uleb128 0x2
 463 009c 01       		.byte	0x1
 464 009d 08       		.byte	0x8
 465 009e 9B020000 		.4byte	.LASF14
 466 00a2 05       		.uleb128 0x5
 467 00a3 D9000000 		.4byte	.LASF15
 468 00a7 04       		.byte	0x4
 469 00a8 E201     		.2byte	0x1e2
 470 00aa AE000000 		.4byte	0xae
 471 00ae 06       		.uleb128 0x6
 472 00af 81000000 		.4byte	0x81
 473 00b3 02       		.uleb128 0x2
 474 00b4 04       		.byte	0x4
 475 00b5 07       		.byte	0x7
 476 00b6 94010000 		.4byte	.LASF16
 477 00ba 07       		.uleb128 0x7
 478 00bb 02       		.byte	0x2
 479 00bc 05       		.byte	0x5
 480 00bd 19       		.byte	0x19
 481 00be D7000000 		.4byte	0xd7
 482 00c2 08       		.uleb128 0x8
 483 00c3 4300     		.ascii	"C\000"
ARM GAS  C:\Users\Javier\AppData\Local\Temp\ccyoBzKh.s 			page 12


 484 00c5 05       		.byte	0x5
 485 00c6 1A       		.byte	0x1a
 486 00c7 76000000 		.4byte	0x76
 487 00cb 00       		.byte	0
 488 00cc 08       		.uleb128 0x8
 489 00cd 5A00     		.ascii	"Z\000"
 490 00cf 05       		.byte	0x5
 491 00d0 1B       		.byte	0x1b
 492 00d1 76000000 		.4byte	0x76
 493 00d5 01       		.byte	0x1
 494 00d6 00       		.byte	0
 495 00d7 03       		.uleb128 0x3
 496 00d8 C7010000 		.4byte	.LASF17
 497 00dc 05       		.byte	0x5
 498 00dd 1C       		.byte	0x1c
 499 00de BA000000 		.4byte	0xba
 500 00e2 07       		.uleb128 0x7
 501 00e3 05       		.byte	0x5
 502 00e4 05       		.byte	0x5
 503 00e5 20       		.byte	0x20
 504 00e6 03010000 		.4byte	0x103
 505 00ea 09       		.uleb128 0x9
 506 00eb BB000000 		.4byte	.LASF18
 507 00ef 05       		.byte	0x5
 508 00f0 21       		.byte	0x21
 509 00f1 03010000 		.4byte	0x103
 510 00f5 00       		.byte	0
 511 00f6 08       		.uleb128 0x8
 512 00f7 70747200 		.ascii	"ptr\000"
 513 00fb 05       		.byte	0x5
 514 00fc 22       		.byte	0x22
 515 00fd 76000000 		.4byte	0x76
 516 0101 04       		.byte	0x4
 517 0102 00       		.byte	0
 518 0103 0A       		.uleb128 0xa
 519 0104 76000000 		.4byte	0x76
 520 0108 13010000 		.4byte	0x113
 521 010c 0B       		.uleb128 0xb
 522 010d B3000000 		.4byte	0xb3
 523 0111 03       		.byte	0x3
 524 0112 00       		.byte	0
 525 0113 03       		.uleb128 0x3
 526 0114 76020000 		.4byte	.LASF19
 527 0118 05       		.byte	0x5
 528 0119 23       		.byte	0x23
 529 011a E2000000 		.4byte	0xe2
 530 011e 07       		.uleb128 0x7
 531 011f 02       		.byte	0x2
 532 0120 05       		.byte	0x5
 533 0121 25       		.byte	0x25
 534 0122 3F010000 		.4byte	0x13f
 535 0126 09       		.uleb128 0x9
 536 0127 BB000000 		.4byte	.LASF18
 537 012b 05       		.byte	0x5
 538 012c 26       		.byte	0x26
 539 012d 76000000 		.4byte	0x76
 540 0131 00       		.byte	0
ARM GAS  C:\Users\Javier\AppData\Local\Temp\ccyoBzKh.s 			page 13


 541 0132 08       		.uleb128 0x8
 542 0133 70747200 		.ascii	"ptr\000"
 543 0137 05       		.byte	0x5
 544 0138 27       		.byte	0x27
 545 0139 76000000 		.4byte	0x76
 546 013d 01       		.byte	0x1
 547 013e 00       		.byte	0
 548 013f 03       		.uleb128 0x3
 549 0140 DE000000 		.4byte	.LASF20
 550 0144 05       		.byte	0x5
 551 0145 28       		.byte	0x28
 552 0146 1E010000 		.4byte	0x11e
 553 014a 07       		.uleb128 0x7
 554 014b 0B       		.byte	0xb
 555 014c 05       		.byte	0x5
 556 014d 45       		.byte	0x45
 557 014e 8E010000 		.4byte	0x18e
 558 0152 09       		.uleb128 0x9
 559 0153 29000000 		.4byte	.LASF21
 560 0157 05       		.byte	0x5
 561 0158 46       		.byte	0x46
 562 0159 76000000 		.4byte	0x76
 563 015d 00       		.byte	0
 564 015e 09       		.uleb128 0x9
 565 015f 51010000 		.4byte	.LASF22
 566 0163 05       		.byte	0x5
 567 0164 47       		.byte	0x47
 568 0165 D7000000 		.4byte	0xd7
 569 0169 01       		.byte	0x1
 570 016a 08       		.uleb128 0x8
 571 016b 504300   		.ascii	"PC\000"
 572 016e 05       		.byte	0x5
 573 016f 48       		.byte	0x48
 574 0170 76000000 		.4byte	0x76
 575 0174 03       		.byte	0x3
 576 0175 09       		.uleb128 0x9
 577 0176 AF000000 		.4byte	.LASF23
 578 017a 05       		.byte	0x5
 579 017b 49       		.byte	0x49
 580 017c 13010000 		.4byte	0x113
 581 0180 04       		.byte	0x4
 582 0181 09       		.uleb128 0x9
 583 0182 F3000000 		.4byte	.LASF24
 584 0186 05       		.byte	0x5
 585 0187 4A       		.byte	0x4a
 586 0188 3F010000 		.4byte	0x13f
 587 018c 09       		.byte	0x9
 588 018d 00       		.byte	0
 589 018e 03       		.uleb128 0x3
 590 018f 88020000 		.4byte	.LASF25
 591 0193 05       		.byte	0x5
 592 0194 4B       		.byte	0x4b
 593 0195 4A010000 		.4byte	0x14a
 594 0199 07       		.uleb128 0x7
 595 019a 03       		.byte	0x3
 596 019b 06       		.byte	0x6
 597 019c 13       		.byte	0x13
ARM GAS  C:\Users\Javier\AppData\Local\Temp\ccyoBzKh.s 			page 14


 598 019d C6010000 		.4byte	0x1c6
 599 01a1 09       		.uleb128 0x9
 600 01a2 B8020000 		.4byte	.LASF26
 601 01a6 06       		.byte	0x6
 602 01a7 14       		.byte	0x14
 603 01a8 76000000 		.4byte	0x76
 604 01ac 00       		.byte	0
 605 01ad 09       		.uleb128 0x9
 606 01ae 8A010000 		.4byte	.LASF27
 607 01b2 06       		.byte	0x6
 608 01b3 15       		.byte	0x15
 609 01b4 76000000 		.4byte	0x76
 610 01b8 01       		.byte	0x1
 611 01b9 09       		.uleb128 0x9
 612 01ba BD010000 		.4byte	.LASF28
 613 01be 06       		.byte	0x6
 614 01bf 16       		.byte	0x16
 615 01c0 76000000 		.4byte	0x76
 616 01c4 02       		.byte	0x2
 617 01c5 00       		.byte	0
 618 01c6 03       		.uleb128 0x3
 619 01c7 AC020000 		.4byte	.LASF29
 620 01cb 06       		.byte	0x6
 621 01cc 17       		.byte	0x17
 622 01cd 99010000 		.4byte	0x199
 623 01d1 0C       		.uleb128 0xc
 624 01d2 19000000 		.4byte	.LASF44
 625 01d6 01       		.byte	0x1
 626 01d7 0F       		.byte	0xf
 627 01d8 00000000 		.4byte	.LFB34
 628 01dc 04010000 		.4byte	.LFE34-.LFB34
 629 01e0 01       		.uleb128 0x1
 630 01e1 9C       		.byte	0x9c
 631 01e2 1E020000 		.4byte	0x21e
 632 01e6 0D       		.uleb128 0xd
 633 01e7 6E010000 		.4byte	.LASF32
 634 01eb 01       		.byte	0x1
 635 01ec 0F       		.byte	0xf
 636 01ed 76000000 		.4byte	0x76
 637 01f1 00000000 		.4byte	.LLST0
 638 01f5 0E       		.uleb128 0xe
 639 01f6 02000000 		.4byte	.LBB2
 640 01fa E6000000 		.4byte	.LBE2-.LBB2
 641 01fe 0F       		.uleb128 0xf
 642 01ff 35000000 		.4byte	.LASF30
 643 0203 01       		.byte	0x1
 644 0204 11       		.byte	0x11
 645 0205 1E020000 		.4byte	0x21e
 646 0209 21000000 		.4byte	.LLST1
 647 020d 0F       		.uleb128 0xf
 648 020e 9D010000 		.4byte	.LASF31
 649 0212 01       		.byte	0x1
 650 0213 12       		.byte	0x12
 651 0214 76000000 		.4byte	0x76
 652 0218 59000000 		.4byte	.LLST2
 653 021c 00       		.byte	0
 654 021d 00       		.byte	0
ARM GAS  C:\Users\Javier\AppData\Local\Temp\ccyoBzKh.s 			page 15


 655 021e 10       		.uleb128 0x10
 656 021f 04       		.byte	0x4
 657 0220 A2000000 		.4byte	0xa2
 658 0224 11       		.uleb128 0x11
 659 0225 CF010000 		.4byte	.LASF34
 660 0229 01       		.byte	0x1
 661 022a 45       		.byte	0x45
 662 022b 76000000 		.4byte	0x76
 663 022f 00000000 		.4byte	.LFB35
 664 0233 6C000000 		.4byte	.LFE35-.LFB35
 665 0237 01       		.uleb128 0x1
 666 0238 9C       		.byte	0x9c
 667 0239 75020000 		.4byte	0x275
 668 023d 0D       		.uleb128 0xd
 669 023e 6E010000 		.4byte	.LASF32
 670 0242 01       		.byte	0x1
 671 0243 45       		.byte	0x45
 672 0244 76000000 		.4byte	0x76
 673 0248 8D000000 		.4byte	.LLST3
 674 024c 0E       		.uleb128 0xe
 675 024d 00000000 		.4byte	.LBB3
 676 0251 5A000000 		.4byte	.LBE3-.LBB3
 677 0255 0F       		.uleb128 0xf
 678 0256 35000000 		.4byte	.LASF30
 679 025a 01       		.byte	0x1
 680 025b 47       		.byte	0x47
 681 025c 1E020000 		.4byte	0x21e
 682 0260 AE000000 		.4byte	.LLST4
 683 0264 0F       		.uleb128 0xf
 684 0265 A8000000 		.4byte	.LASF33
 685 0269 01       		.byte	0x1
 686 026a 48       		.byte	0x48
 687 026b 76000000 		.4byte	0x76
 688 026f D6000000 		.4byte	.LLST5
 689 0273 00       		.byte	0
 690 0274 00       		.byte	0
 691 0275 11       		.uleb128 0x11
 692 0276 75010000 		.4byte	.LASF35
 693 027a 01       		.byte	0x1
 694 027b 71       		.byte	0x71
 695 027c 76000000 		.4byte	0x76
 696 0280 00000000 		.4byte	.LFB36
 697 0284 34000000 		.4byte	.LFE36-.LFB36
 698 0288 01       		.uleb128 0x1
 699 0289 9C       		.byte	0x9c
 700 028a C6020000 		.4byte	0x2c6
 701 028e 0D       		.uleb128 0xd
 702 028f 6E010000 		.4byte	.LASF32
 703 0293 01       		.byte	0x1
 704 0294 71       		.byte	0x71
 705 0295 76000000 		.4byte	0x76
 706 0299 15010000 		.4byte	.LLST6
 707 029d 0E       		.uleb128 0xe
 708 029e 00000000 		.4byte	.LBB4
 709 02a2 26000000 		.4byte	.LBE4-.LBB4
 710 02a6 0F       		.uleb128 0xf
 711 02a7 35000000 		.4byte	.LASF30
ARM GAS  C:\Users\Javier\AppData\Local\Temp\ccyoBzKh.s 			page 16


 712 02ab 01       		.byte	0x1
 713 02ac 73       		.byte	0x73
 714 02ad 1E020000 		.4byte	0x21e
 715 02b1 36010000 		.4byte	.LLST7
 716 02b5 0F       		.uleb128 0xf
 717 02b6 A8000000 		.4byte	.LASF33
 718 02ba 01       		.byte	0x1
 719 02bb 74       		.byte	0x74
 720 02bc 76000000 		.4byte	0x76
 721 02c0 5E010000 		.4byte	.LLST8
 722 02c4 00       		.byte	0
 723 02c5 00       		.byte	0
 724 02c6 12       		.uleb128 0x12
 725 02c7 00000000 		.4byte	.LASF36
 726 02cb 05       		.byte	0x5
 727 02cc 51       		.byte	0x51
 728 02cd 8E010000 		.4byte	0x18e
 729 02d1 05       		.uleb128 0x5
 730 02d2 03       		.byte	0x3
 731 02d3 00000000 		.4byte	normal_context
 732 02d7 12       		.uleb128 0x12
 733 02d8 C0000000 		.4byte	.LASF37
 734 02dc 05       		.byte	0x5
 735 02dd 52       		.byte	0x52
 736 02de 8E010000 		.4byte	0x18e
 737 02e2 05       		.uleb128 0x5
 738 02e3 03       		.byte	0x3
 739 02e4 00000000 		.4byte	it_context
 740 02e8 12       		.uleb128 0x12
 741 02e9 22010000 		.4byte	.LASF38
 742 02ed 05       		.byte	0x5
 743 02ee 54       		.byte	0x54
 744 02ef F9020000 		.4byte	0x2f9
 745 02f3 05       		.uleb128 0x5
 746 02f4 03       		.byte	0x3
 747 02f5 00000000 		.4byte	current_context
 748 02f9 10       		.uleb128 0x10
 749 02fa 04       		.byte	0x4
 750 02fb 8E010000 		.4byte	0x18e
 751 02ff 0A       		.uleb128 0xa
 752 0300 76000000 		.4byte	0x76
 753 0304 0F030000 		.4byte	0x30f
 754 0308 0B       		.uleb128 0xb
 755 0309 B3000000 		.4byte	0xb3
 756 030d 0F       		.byte	0xf
 757 030e 00       		.byte	0
 758 030f 12       		.uleb128 0x12
 759 0310 7E020000 		.4byte	.LASF39
 760 0314 05       		.byte	0x5
 761 0315 56       		.byte	0x56
 762 0316 FF020000 		.4byte	0x2ff
 763 031a 05       		.uleb128 0x5
 764 031b 03       		.byte	0x3
 765 031c 00000000 		.4byte	registers
 766 0320 12       		.uleb128 0x12
 767 0321 18010000 		.4byte	.LASF40
 768 0325 06       		.byte	0x6
ARM GAS  C:\Users\Javier\AppData\Local\Temp\ccyoBzKh.s 			page 17


 769 0326 19       		.byte	0x19
 770 0327 C6010000 		.4byte	0x1c6
 771 032b 05       		.uleb128 0x5
 772 032c 03       		.byte	0x3
 773 032d 00000000 		.4byte	via_state
 774 0331 00       		.byte	0
 775              		.section	.debug_abbrev,"",%progbits
 776              	.Ldebug_abbrev0:
 777 0000 01       		.uleb128 0x1
 778 0001 11       		.uleb128 0x11
 779 0002 01       		.byte	0x1
 780 0003 25       		.uleb128 0x25
 781 0004 0E       		.uleb128 0xe
 782 0005 13       		.uleb128 0x13
 783 0006 0B       		.uleb128 0xb
 784 0007 03       		.uleb128 0x3
 785 0008 0E       		.uleb128 0xe
 786 0009 1B       		.uleb128 0x1b
 787 000a 0E       		.uleb128 0xe
 788 000b 55       		.uleb128 0x55
 789 000c 17       		.uleb128 0x17
 790 000d 11       		.uleb128 0x11
 791 000e 01       		.uleb128 0x1
 792 000f 10       		.uleb128 0x10
 793 0010 17       		.uleb128 0x17
 794 0011 00       		.byte	0
 795 0012 00       		.byte	0
 796 0013 02       		.uleb128 0x2
 797 0014 24       		.uleb128 0x24
 798 0015 00       		.byte	0
 799 0016 0B       		.uleb128 0xb
 800 0017 0B       		.uleb128 0xb
 801 0018 3E       		.uleb128 0x3e
 802 0019 0B       		.uleb128 0xb
 803 001a 03       		.uleb128 0x3
 804 001b 0E       		.uleb128 0xe
 805 001c 00       		.byte	0
 806 001d 00       		.byte	0
 807 001e 03       		.uleb128 0x3
 808 001f 16       		.uleb128 0x16
 809 0020 00       		.byte	0
 810 0021 03       		.uleb128 0x3
 811 0022 0E       		.uleb128 0xe
 812 0023 3A       		.uleb128 0x3a
 813 0024 0B       		.uleb128 0xb
 814 0025 3B       		.uleb128 0x3b
 815 0026 0B       		.uleb128 0xb
 816 0027 49       		.uleb128 0x49
 817 0028 13       		.uleb128 0x13
 818 0029 00       		.byte	0
 819 002a 00       		.byte	0
 820 002b 04       		.uleb128 0x4
 821 002c 24       		.uleb128 0x24
 822 002d 00       		.byte	0
 823 002e 0B       		.uleb128 0xb
 824 002f 0B       		.uleb128 0xb
 825 0030 3E       		.uleb128 0x3e
ARM GAS  C:\Users\Javier\AppData\Local\Temp\ccyoBzKh.s 			page 18


 826 0031 0B       		.uleb128 0xb
 827 0032 03       		.uleb128 0x3
 828 0033 08       		.uleb128 0x8
 829 0034 00       		.byte	0
 830 0035 00       		.byte	0
 831 0036 05       		.uleb128 0x5
 832 0037 16       		.uleb128 0x16
 833 0038 00       		.byte	0
 834 0039 03       		.uleb128 0x3
 835 003a 0E       		.uleb128 0xe
 836 003b 3A       		.uleb128 0x3a
 837 003c 0B       		.uleb128 0xb
 838 003d 3B       		.uleb128 0x3b
 839 003e 05       		.uleb128 0x5
 840 003f 49       		.uleb128 0x49
 841 0040 13       		.uleb128 0x13
 842 0041 00       		.byte	0
 843 0042 00       		.byte	0
 844 0043 06       		.uleb128 0x6
 845 0044 35       		.uleb128 0x35
 846 0045 00       		.byte	0
 847 0046 49       		.uleb128 0x49
 848 0047 13       		.uleb128 0x13
 849 0048 00       		.byte	0
 850 0049 00       		.byte	0
 851 004a 07       		.uleb128 0x7
 852 004b 13       		.uleb128 0x13
 853 004c 01       		.byte	0x1
 854 004d 0B       		.uleb128 0xb
 855 004e 0B       		.uleb128 0xb
 856 004f 3A       		.uleb128 0x3a
 857 0050 0B       		.uleb128 0xb
 858 0051 3B       		.uleb128 0x3b
 859 0052 0B       		.uleb128 0xb
 860 0053 01       		.uleb128 0x1
 861 0054 13       		.uleb128 0x13
 862 0055 00       		.byte	0
 863 0056 00       		.byte	0
 864 0057 08       		.uleb128 0x8
 865 0058 0D       		.uleb128 0xd
 866 0059 00       		.byte	0
 867 005a 03       		.uleb128 0x3
 868 005b 08       		.uleb128 0x8
 869 005c 3A       		.uleb128 0x3a
 870 005d 0B       		.uleb128 0xb
 871 005e 3B       		.uleb128 0x3b
 872 005f 0B       		.uleb128 0xb
 873 0060 49       		.uleb128 0x49
 874 0061 13       		.uleb128 0x13
 875 0062 38       		.uleb128 0x38
 876 0063 0B       		.uleb128 0xb
 877 0064 00       		.byte	0
 878 0065 00       		.byte	0
 879 0066 09       		.uleb128 0x9
 880 0067 0D       		.uleb128 0xd
 881 0068 00       		.byte	0
 882 0069 03       		.uleb128 0x3
ARM GAS  C:\Users\Javier\AppData\Local\Temp\ccyoBzKh.s 			page 19


 883 006a 0E       		.uleb128 0xe
 884 006b 3A       		.uleb128 0x3a
 885 006c 0B       		.uleb128 0xb
 886 006d 3B       		.uleb128 0x3b
 887 006e 0B       		.uleb128 0xb
 888 006f 49       		.uleb128 0x49
 889 0070 13       		.uleb128 0x13
 890 0071 38       		.uleb128 0x38
 891 0072 0B       		.uleb128 0xb
 892 0073 00       		.byte	0
 893 0074 00       		.byte	0
 894 0075 0A       		.uleb128 0xa
 895 0076 01       		.uleb128 0x1
 896 0077 01       		.byte	0x1
 897 0078 49       		.uleb128 0x49
 898 0079 13       		.uleb128 0x13
 899 007a 01       		.uleb128 0x1
 900 007b 13       		.uleb128 0x13
 901 007c 00       		.byte	0
 902 007d 00       		.byte	0
 903 007e 0B       		.uleb128 0xb
 904 007f 21       		.uleb128 0x21
 905 0080 00       		.byte	0
 906 0081 49       		.uleb128 0x49
 907 0082 13       		.uleb128 0x13
 908 0083 2F       		.uleb128 0x2f
 909 0084 0B       		.uleb128 0xb
 910 0085 00       		.byte	0
 911 0086 00       		.byte	0
 912 0087 0C       		.uleb128 0xc
 913 0088 2E       		.uleb128 0x2e
 914 0089 01       		.byte	0x1
 915 008a 3F       		.uleb128 0x3f
 916 008b 19       		.uleb128 0x19
 917 008c 03       		.uleb128 0x3
 918 008d 0E       		.uleb128 0xe
 919 008e 3A       		.uleb128 0x3a
 920 008f 0B       		.uleb128 0xb
 921 0090 3B       		.uleb128 0x3b
 922 0091 0B       		.uleb128 0xb
 923 0092 27       		.uleb128 0x27
 924 0093 19       		.uleb128 0x19
 925 0094 11       		.uleb128 0x11
 926 0095 01       		.uleb128 0x1
 927 0096 12       		.uleb128 0x12
 928 0097 06       		.uleb128 0x6
 929 0098 40       		.uleb128 0x40
 930 0099 18       		.uleb128 0x18
 931 009a 9742     		.uleb128 0x2117
 932 009c 19       		.uleb128 0x19
 933 009d 01       		.uleb128 0x1
 934 009e 13       		.uleb128 0x13
 935 009f 00       		.byte	0
 936 00a0 00       		.byte	0
 937 00a1 0D       		.uleb128 0xd
 938 00a2 05       		.uleb128 0x5
 939 00a3 00       		.byte	0
ARM GAS  C:\Users\Javier\AppData\Local\Temp\ccyoBzKh.s 			page 20


 940 00a4 03       		.uleb128 0x3
 941 00a5 0E       		.uleb128 0xe
 942 00a6 3A       		.uleb128 0x3a
 943 00a7 0B       		.uleb128 0xb
 944 00a8 3B       		.uleb128 0x3b
 945 00a9 0B       		.uleb128 0xb
 946 00aa 49       		.uleb128 0x49
 947 00ab 13       		.uleb128 0x13
 948 00ac 02       		.uleb128 0x2
 949 00ad 17       		.uleb128 0x17
 950 00ae 00       		.byte	0
 951 00af 00       		.byte	0
 952 00b0 0E       		.uleb128 0xe
 953 00b1 0B       		.uleb128 0xb
 954 00b2 01       		.byte	0x1
 955 00b3 11       		.uleb128 0x11
 956 00b4 01       		.uleb128 0x1
 957 00b5 12       		.uleb128 0x12
 958 00b6 06       		.uleb128 0x6
 959 00b7 00       		.byte	0
 960 00b8 00       		.byte	0
 961 00b9 0F       		.uleb128 0xf
 962 00ba 34       		.uleb128 0x34
 963 00bb 00       		.byte	0
 964 00bc 03       		.uleb128 0x3
 965 00bd 0E       		.uleb128 0xe
 966 00be 3A       		.uleb128 0x3a
 967 00bf 0B       		.uleb128 0xb
 968 00c0 3B       		.uleb128 0x3b
 969 00c1 0B       		.uleb128 0xb
 970 00c2 49       		.uleb128 0x49
 971 00c3 13       		.uleb128 0x13
 972 00c4 02       		.uleb128 0x2
 973 00c5 17       		.uleb128 0x17
 974 00c6 00       		.byte	0
 975 00c7 00       		.byte	0
 976 00c8 10       		.uleb128 0x10
 977 00c9 0F       		.uleb128 0xf
 978 00ca 00       		.byte	0
 979 00cb 0B       		.uleb128 0xb
 980 00cc 0B       		.uleb128 0xb
 981 00cd 49       		.uleb128 0x49
 982 00ce 13       		.uleb128 0x13
 983 00cf 00       		.byte	0
 984 00d0 00       		.byte	0
 985 00d1 11       		.uleb128 0x11
 986 00d2 2E       		.uleb128 0x2e
 987 00d3 01       		.byte	0x1
 988 00d4 3F       		.uleb128 0x3f
 989 00d5 19       		.uleb128 0x19
 990 00d6 03       		.uleb128 0x3
 991 00d7 0E       		.uleb128 0xe
 992 00d8 3A       		.uleb128 0x3a
 993 00d9 0B       		.uleb128 0xb
 994 00da 3B       		.uleb128 0x3b
 995 00db 0B       		.uleb128 0xb
 996 00dc 27       		.uleb128 0x27
ARM GAS  C:\Users\Javier\AppData\Local\Temp\ccyoBzKh.s 			page 21


 997 00dd 19       		.uleb128 0x19
 998 00de 49       		.uleb128 0x49
 999 00df 13       		.uleb128 0x13
 1000 00e0 11       		.uleb128 0x11
 1001 00e1 01       		.uleb128 0x1
 1002 00e2 12       		.uleb128 0x12
 1003 00e3 06       		.uleb128 0x6
 1004 00e4 40       		.uleb128 0x40
 1005 00e5 18       		.uleb128 0x18
 1006 00e6 9742     		.uleb128 0x2117
 1007 00e8 19       		.uleb128 0x19
 1008 00e9 01       		.uleb128 0x1
 1009 00ea 13       		.uleb128 0x13
 1010 00eb 00       		.byte	0
 1011 00ec 00       		.byte	0
 1012 00ed 12       		.uleb128 0x12
 1013 00ee 34       		.uleb128 0x34
 1014 00ef 00       		.byte	0
 1015 00f0 03       		.uleb128 0x3
 1016 00f1 0E       		.uleb128 0xe
 1017 00f2 3A       		.uleb128 0x3a
 1018 00f3 0B       		.uleb128 0xb
 1019 00f4 3B       		.uleb128 0x3b
 1020 00f5 0B       		.uleb128 0xb
 1021 00f6 49       		.uleb128 0x49
 1022 00f7 13       		.uleb128 0x13
 1023 00f8 3F       		.uleb128 0x3f
 1024 00f9 19       		.uleb128 0x19
 1025 00fa 02       		.uleb128 0x2
 1026 00fb 18       		.uleb128 0x18
 1027 00fc 00       		.byte	0
 1028 00fd 00       		.byte	0
 1029 00fe 00       		.byte	0
 1030              		.section	.debug_loc,"",%progbits
 1031              	.Ldebug_loc0:
 1032              	.LLST0:
 1033 0000 00000000 		.4byte	.LVL0
 1034 0004 06000000 		.4byte	.LVL1
 1035 0008 0100     		.2byte	0x1
 1036 000a 50       		.byte	0x50
 1037 000b 06000000 		.4byte	.LVL1
 1038 000f 04010000 		.4byte	.LFE34
 1039 0013 0400     		.2byte	0x4
 1040 0015 F3       		.byte	0xf3
 1041 0016 01       		.uleb128 0x1
 1042 0017 50       		.byte	0x50
 1043 0018 9F       		.byte	0x9f
 1044 0019 00000000 		.4byte	0
 1045 001d 00000000 		.4byte	0
 1046              	.LLST1:
 1047 0021 1C000000 		.4byte	.LVL2
 1048 0025 34000000 		.4byte	.LVL3
 1049 0029 0600     		.2byte	0x6
 1050 002b 0C       		.byte	0xc
 1051 002c 70000F40 		.4byte	0x400f0070
 1052 0030 9F       		.byte	0x9f
 1053 0031 46000000 		.4byte	.LVL4
ARM GAS  C:\Users\Javier\AppData\Local\Temp\ccyoBzKh.s 			page 22


 1054 0035 90000000 		.4byte	.LVL9
 1055 0039 0600     		.2byte	0x6
 1056 003b 0C       		.byte	0xc
 1057 003c 71000F40 		.4byte	0x400f0071
 1058 0040 9F       		.byte	0x9f
 1059 0041 90000000 		.4byte	.LVL9
 1060 0045 DA000000 		.4byte	.LVL14
 1061 0049 0600     		.2byte	0x6
 1062 004b 0C       		.byte	0xc
 1063 004c 73000F40 		.4byte	0x400f0073
 1064 0050 9F       		.byte	0x9f
 1065 0051 00000000 		.4byte	0
 1066 0055 00000000 		.4byte	0
 1067              	.LLST2:
 1068 0059 60000000 		.4byte	.LVL5
 1069 005d 6E000000 		.4byte	.LVL6
 1070 0061 0100     		.2byte	0x1
 1071 0063 50       		.byte	0x50
 1072 0064 76000000 		.4byte	.LVL7
 1073 0068 7E000000 		.4byte	.LVL8
 1074 006c 0100     		.2byte	0x1
 1075 006e 53       		.byte	0x53
 1076 006f AA000000 		.4byte	.LVL10
 1077 0073 B8000000 		.4byte	.LVL11
 1078 0077 0100     		.2byte	0x1
 1079 0079 50       		.byte	0x50
 1080 007a C0000000 		.4byte	.LVL12
 1081 007e C8000000 		.4byte	.LVL13
 1082 0082 0100     		.2byte	0x1
 1083 0084 53       		.byte	0x53
 1084 0085 00000000 		.4byte	0
 1085 0089 00000000 		.4byte	0
 1086              	.LLST3:
 1087 008d 00000000 		.4byte	.LVL15
 1088 0091 04000000 		.4byte	.LVL16
 1089 0095 0100     		.2byte	0x1
 1090 0097 50       		.byte	0x50
 1091 0098 04000000 		.4byte	.LVL16
 1092 009c 6C000000 		.4byte	.LFE35
 1093 00a0 0400     		.2byte	0x4
 1094 00a2 F3       		.byte	0xf3
 1095 00a3 01       		.uleb128 0x1
 1096 00a4 50       		.byte	0x50
 1097 00a5 9F       		.byte	0x9f
 1098 00a6 00000000 		.4byte	0
 1099 00aa 00000000 		.4byte	0
 1100              	.LLST4:
 1101 00ae 0E000000 		.4byte	.LVL17
 1102 00b2 30000000 		.4byte	.LVL21
 1103 00b6 0600     		.2byte	0x6
 1104 00b8 0C       		.byte	0xc
 1105 00b9 61000F40 		.4byte	0x400f0061
 1106 00bd 9F       		.byte	0x9f
 1107 00be 30000000 		.4byte	.LVL21
 1108 00c2 52000000 		.4byte	.LVL25
 1109 00c6 0600     		.2byte	0x6
 1110 00c8 0C       		.byte	0xc
ARM GAS  C:\Users\Javier\AppData\Local\Temp\ccyoBzKh.s 			page 23


 1111 00c9 63000F40 		.4byte	0x400f0063
 1112 00cd 9F       		.byte	0x9f
 1113 00ce 00000000 		.4byte	0
 1114 00d2 00000000 		.4byte	0
 1115              	.LLST5:
 1116 00d6 1C000000 		.4byte	.LVL18
 1117 00da 1E000000 		.4byte	.LVL19
 1118 00de 0100     		.2byte	0x1
 1119 00e0 50       		.byte	0x50
 1120 00e1 26000000 		.4byte	.LVL20
 1121 00e5 30000000 		.4byte	.LVL21
 1122 00e9 0100     		.2byte	0x1
 1123 00eb 50       		.byte	0x50
 1124 00ec 3E000000 		.4byte	.LVL22
 1125 00f0 40000000 		.4byte	.LVL23
 1126 00f4 0100     		.2byte	0x1
 1127 00f6 50       		.byte	0x50
 1128 00f7 48000000 		.4byte	.LVL24
 1129 00fb 52000000 		.4byte	.LVL25
 1130 00ff 0100     		.2byte	0x1
 1131 0101 50       		.byte	0x50
 1132 0102 5A000000 		.4byte	.LVL26
 1133 0106 6C000000 		.4byte	.LFE35
 1134 010a 0100     		.2byte	0x1
 1135 010c 50       		.byte	0x50
 1136 010d 00000000 		.4byte	0
 1137 0111 00000000 		.4byte	0
 1138              	.LLST6:
 1139 0115 00000000 		.4byte	.LVL27
 1140 0119 04000000 		.4byte	.LVL28
 1141 011d 0100     		.2byte	0x1
 1142 011f 50       		.byte	0x50
 1143 0120 04000000 		.4byte	.LVL28
 1144 0124 34000000 		.4byte	.LFE36
 1145 0128 0400     		.2byte	0x4
 1146 012a F3       		.byte	0xf3
 1147 012b 01       		.uleb128 0x1
 1148 012c 50       		.byte	0x50
 1149 012d 9F       		.byte	0x9f
 1150 012e 00000000 		.4byte	0
 1151 0132 00000000 		.4byte	0
 1152              	.LLST7:
 1153 0136 0E000000 		.4byte	.LVL29
 1154 013a 16000000 		.4byte	.LVL31
 1155 013e 0600     		.2byte	0x6
 1156 0140 0C       		.byte	0xc
 1157 0141 61000F40 		.4byte	0x400f0061
 1158 0145 9F       		.byte	0x9f
 1159 0146 16000000 		.4byte	.LVL31
 1160 014a 1E000000 		.4byte	.LVL33
 1161 014e 0600     		.2byte	0x6
 1162 0150 0C       		.byte	0xc
 1163 0151 63000F40 		.4byte	0x400f0063
 1164 0155 9F       		.byte	0x9f
 1165 0156 00000000 		.4byte	0
 1166 015a 00000000 		.4byte	0
 1167              	.LLST8:
ARM GAS  C:\Users\Javier\AppData\Local\Temp\ccyoBzKh.s 			page 24


 1168 015e 14000000 		.4byte	.LVL30
 1169 0162 16000000 		.4byte	.LVL31
 1170 0166 0100     		.2byte	0x1
 1171 0168 50       		.byte	0x50
 1172 0169 1C000000 		.4byte	.LVL32
 1173 016d 1E000000 		.4byte	.LVL33
 1174 0171 0100     		.2byte	0x1
 1175 0173 50       		.byte	0x50
 1176 0174 26000000 		.4byte	.LVL34
 1177 0178 34000000 		.4byte	.LFE36
 1178 017c 0100     		.2byte	0x1
 1179 017e 50       		.byte	0x50
 1180 017f 00000000 		.4byte	0
 1181 0183 00000000 		.4byte	0
 1182              		.section	.debug_aranges,"",%progbits
 1183 0000 2C000000 		.4byte	0x2c
 1184 0004 0200     		.2byte	0x2
 1185 0006 00000000 		.4byte	.Ldebug_info0
 1186 000a 04       		.byte	0x4
 1187 000b 00       		.byte	0
 1188 000c 0000     		.2byte	0
 1189 000e 0000     		.2byte	0
 1190 0010 00000000 		.4byte	.LFB34
 1191 0014 04010000 		.4byte	.LFE34-.LFB34
 1192 0018 00000000 		.4byte	.LFB35
 1193 001c 6C000000 		.4byte	.LFE35-.LFB35
 1194 0020 00000000 		.4byte	.LFB36
 1195 0024 34000000 		.4byte	.LFE36-.LFB36
 1196 0028 00000000 		.4byte	0
 1197 002c 00000000 		.4byte	0
 1198              		.section	.debug_ranges,"",%progbits
 1199              	.Ldebug_ranges0:
 1200 0000 00000000 		.4byte	.LFB34
 1201 0004 04010000 		.4byte	.LFE34
 1202 0008 00000000 		.4byte	.LFB35
 1203 000c 6C000000 		.4byte	.LFE35
 1204 0010 00000000 		.4byte	.LFB36
 1205 0014 34000000 		.4byte	.LFE36
 1206 0018 00000000 		.4byte	0
 1207 001c 00000000 		.4byte	0
 1208              		.section	.debug_line,"",%progbits
 1209              	.Ldebug_line0:
 1210 0000 D2010000 		.section	.debug_str,"MS",%progbits,1
 1210      02006E01 
 1210      00000201 
 1210      FB0E0D00 
 1210      01010101 
 1211              	.LASF36:
 1212 0000 6E6F726D 		.ascii	"normal_context\000"
 1212      616C5F63 
 1212      6F6E7465 
 1212      787400
 1213              	.LASF9:
 1214 000f 5F5F7569 		.ascii	"__uint8_t\000"
 1214      6E74385F 
 1214      7400
 1215              	.LASF44:
ARM GAS  C:\Users\Javier\AppData\Local\Temp\ccyoBzKh.s 			page 25


 1216 0019 676E6F6D 		.ascii	"gnome_store_reg\000"
 1216      655F7374 
 1216      6F72655F 
 1216      72656700 
 1217              	.LASF21:
 1218 0029 61636375 		.ascii	"accumulator\000"
 1218      6D756C61 
 1218      746F7200 
 1219              	.LASF30:
 1220 0035 6D656D5F 		.ascii	"mem_mapped_reg\000"
 1220      6D617070 
 1220      65645F72 
 1220      656700
 1221              	.LASF43:
 1222 0044 433A5C55 		.ascii	"C:\\Users\\Javier\\Documents\\PSoC Creator\\gnome_w"
 1222      73657273 
 1222      5C4A6176 
 1222      6965725C 
 1222      446F6375 
 1223 0072 6F726B73 		.ascii	"orkspace\\gnome_psoc4.cydsn\000"
 1223      70616365 
 1223      5C676E6F 
 1223      6D655F70 
 1223      736F6334 
 1224              	.LASF3:
 1225 008d 73686F72 		.ascii	"short unsigned int\000"
 1225      7420756E 
 1225      7369676E 
 1225      65642069 
 1225      6E7400
 1226              	.LASF10:
 1227 00a0 75696E74 		.ascii	"uint8_t\000"
 1227      385F7400 
 1228              	.LASF33:
 1229 00a8 72657456 		.ascii	"retVal\000"
 1229      616C00
 1230              	.LASF23:
 1231 00af 73746163 		.ascii	"stack\000"
 1231      6B00
 1232              	.LASF12:
 1233 00b5 666C6F61 		.ascii	"float\000"
 1233      7400
 1234              	.LASF18:
 1235 00bb 64617461 		.ascii	"data\000"
 1235      00
 1236              	.LASF37:
 1237 00c0 69745F63 		.ascii	"it_context\000"
 1237      6F6E7465 
 1237      787400
 1238              	.LASF1:
 1239 00cb 756E7369 		.ascii	"unsigned char\000"
 1239      676E6564 
 1239      20636861 
 1239      7200
 1240              	.LASF15:
 1241 00d9 72656738 		.ascii	"reg8\000"
 1241      00
ARM GAS  C:\Users\Javier\AppData\Local\Temp\ccyoBzKh.s 			page 26


 1242              	.LASF20:
 1243 00de 696E645F 		.ascii	"ind_addr_reg_t\000"
 1243      61646472 
 1243      5F726567 
 1243      5F7400
 1244              	.LASF11:
 1245 00ed 75696E74 		.ascii	"uint8\000"
 1245      3800
 1246              	.LASF24:
 1247 00f3 696E645F 		.ascii	"ind_addr_reg\000"
 1247      61646472 
 1247      5F726567 
 1247      00
 1248              	.LASF13:
 1249 0100 646F7562 		.ascii	"double\000"
 1249      6C6500
 1250              	.LASF42:
 1251 0107 2E5C676E 		.ascii	".\\gnome_memory.c\000"
 1251      6F6D655F 
 1251      6D656D6F 
 1251      72792E63 
 1251      00
 1252              	.LASF40:
 1253 0118 7669615F 		.ascii	"via_state\000"
 1253      73746174 
 1253      6500
 1254              	.LASF38:
 1255 0122 63757272 		.ascii	"current_context\000"
 1255      656E745F 
 1255      636F6E74 
 1255      65787400 
 1256              	.LASF5:
 1257 0132 6C6F6E67 		.ascii	"long unsigned int\000"
 1257      20756E73 
 1257      69676E65 
 1257      6420696E 
 1257      7400
 1258              	.LASF8:
 1259 0144 756E7369 		.ascii	"unsigned int\000"
 1259      676E6564 
 1259      20696E74 
 1259      00
 1260              	.LASF22:
 1261 0151 666C6167 		.ascii	"flags\000"
 1261      7300
 1262              	.LASF7:
 1263 0157 6C6F6E67 		.ascii	"long long unsigned int\000"
 1263      206C6F6E 
 1263      6720756E 
 1263      7369676E 
 1263      65642069 
 1264              	.LASF32:
 1265 016e 72656769 		.ascii	"regist\000"
 1265      737400
 1266              	.LASF35:
 1267 0175 676E6F6D 		.ascii	"gnome_debug_load_reg\000"
 1267      655F6465 
ARM GAS  C:\Users\Javier\AppData\Local\Temp\ccyoBzKh.s 			page 27


 1267      6275675F 
 1267      6C6F6164 
 1267      5F726567 
 1268              	.LASF27:
 1269 018a 706F7274 		.ascii	"port0_ptr\000"
 1269      305F7074 
 1269      7200
 1270              	.LASF16:
 1271 0194 73697A65 		.ascii	"sizetype\000"
 1271      74797065 
 1271      00
 1272              	.LASF31:
 1273 019d 696E7465 		.ascii	"intermediateValue\000"
 1273      726D6564 
 1273      69617465 
 1273      56616C75 
 1273      6500
 1274              	.LASF6:
 1275 01af 6C6F6E67 		.ascii	"long long int\000"
 1275      206C6F6E 
 1275      6720696E 
 1275      7400
 1276              	.LASF28:
 1277 01bd 706F7274 		.ascii	"port1_ptr\000"
 1277      315F7074 
 1277      7200
 1278              	.LASF17:
 1279 01c7 666C6167 		.ascii	"flags_t\000"
 1279      735F7400 
 1280              	.LASF34:
 1281 01cf 676E6F6D 		.ascii	"gnome_load_reg\000"
 1281      655F6C6F 
 1281      61645F72 
 1281      656700
 1282              	.LASF41:
 1283 01de 474E5520 		.ascii	"GNU C 4.9.3 20150303 (release) [ARM/embedded-4_9-br"
 1283      4320342E 
 1283      392E3320 
 1283      32303135 
 1283      30333033 
 1284 0211 616E6368 		.ascii	"anch revision 221220] -mcpu=cortex-m0 -mthumb -g -O"
 1284      20726576 
 1284      6973696F 
 1284      6E203232 
 1284      31323230 
 1285 0244 67202D66 		.ascii	"g -ffunction-sections -ffat-lto-objects\000"
 1285      66756E63 
 1285      74696F6E 
 1285      2D736563 
 1285      74696F6E 
 1286              	.LASF2:
 1287 026c 73686F72 		.ascii	"short int\000"
 1287      7420696E 
 1287      7400
 1288              	.LASF19:
 1289 0276 73746163 		.ascii	"stack_t\000"
 1289      6B5F7400 
ARM GAS  C:\Users\Javier\AppData\Local\Temp\ccyoBzKh.s 			page 28


 1290              	.LASF39:
 1291 027e 72656769 		.ascii	"registers\000"
 1291      73746572 
 1291      7300
 1292              	.LASF25:
 1293 0288 636F6E74 		.ascii	"context_t\000"
 1293      6578745F 
 1293      7400
 1294              	.LASF4:
 1295 0292 6C6F6E67 		.ascii	"long int\000"
 1295      20696E74 
 1295      00
 1296              	.LASF14:
 1297 029b 63686172 		.ascii	"char\000"
 1297      00
 1298              	.LASF0:
 1299 02a0 7369676E 		.ascii	"signed char\000"
 1299      65642063 
 1299      68617200 
 1300              	.LASF29:
 1301 02ac 7669615F 		.ascii	"via_state_t\000"
 1301      73746174 
 1301      655F7400 
 1302              	.LASF26:
 1303 02b8 636F6E66 		.ascii	"config_mask\000"
 1303      69675F6D 
 1303      61736B00 
 1304              		.ident	"GCC: (GNU Tools for ARM Embedded Processors) 4.9.3 20150303 (release) [ARM/embedded-4_9-br
