ARM GAS  C:\Users\Javier\AppData\Local\Temp\cc2bJ99Q.s 			page 1


   1              		.cpu cortex-m0
   2              		.fpu softvfp
   3              		.eabi_attribute 20, 1
   4              		.eabi_attribute 21, 1
   5              		.eabi_attribute 23, 3
   6              		.eabi_attribute 24, 1
   7              		.eabi_attribute 25, 1
   8              		.eabi_attribute 26, 1
   9              		.eabi_attribute 30, 1
  10              		.eabi_attribute 34, 0
  11              		.eabi_attribute 18, 4
  12              		.code	16
  13              		.file	"gnome.c"
  14              		.text
  15              	.Ltext0:
  16              		.cfi_sections	.debug_frame
  17              		.section	.text.gnome_process_it,"ax",%progbits
  18              		.align	2
  19              		.global	gnome_process_it
  20              		.code	16
  21              		.thumb_func
  22              		.type	gnome_process_it, %function
  23              	gnome_process_it:
  24              	.LFB36:
  25              		.file 1 ".\\gnome.c"
   1:.\gnome.c     **** /* ========================================
   2:.\gnome.c     ****  *
   3:.\gnome.c     ****  * Copyright YOUR COMPANY, THE YEAR
   4:.\gnome.c     ****  * All Rights Reserved
   5:.\gnome.c     ****  * UNPUBLISHED, LICENSED SOFTWARE.
   6:.\gnome.c     ****  *
   7:.\gnome.c     ****  * CONFIDENTIAL AND PROPRIETARY INFORMATION
   8:.\gnome.c     ****  * WHICH IS THE PROPERTY OF your company.
   9:.\gnome.c     ****  *
  10:.\gnome.c     ****  * ========================================
  11:.\gnome.c     **** */
  12:.\gnome.c     **** 
  13:.\gnome.c     **** #include "gnome.h"
  14:.\gnome.c     **** #include "gnome_config.h"
  15:.\gnome.c     **** #include "gnome_inst_decoder.h"
  16:.\gnome.c     **** #include "gnome_execute.h"
  17:.\gnome.c     **** #include "gnome_memory.h"
  18:.\gnome.c     **** #include "gnome_program.h"
  19:.\gnome.c     **** 
  20:.\gnome.c     **** CY_ISR_PROTO(gnome_process_it);
  21:.\gnome.c     **** 
  22:.\gnome.c     **** #if (GNOME_DEBUGGING_ON==1)
  23:.\gnome.c     ****     #include <stdio.h>
  24:.\gnome.c     **** #endif
  25:.\gnome.c     **** 
  26:.\gnome.c     **** void gnome_reset() {
  27:.\gnome.c     ****     
  28:.\gnome.c     ****     // Inicializa contexto normal
  29:.\gnome.c     ****     normal_context.accumulator = 0;
  30:.\gnome.c     ****     normal_context.flags.C = 0;
  31:.\gnome.c     ****     normal_context.flags.Z = 0;
  32:.\gnome.c     ****     normal_context.ind_addr_reg.data = 0;
ARM GAS  C:\Users\Javier\AppData\Local\Temp\cc2bJ99Q.s 			page 2


  33:.\gnome.c     ****     normal_context.ind_addr_reg.ptr = 0;
  34:.\gnome.c     ****     normal_context.PC = GNOME_RESET_VECTOR;
  35:.\gnome.c     ****     normal_context.stack.ptr = 0;
  36:.\gnome.c     ****     
  37:.\gnome.c     ****     int i = 0;
  38:.\gnome.c     ****     for (i = 0; i < GNOME_STACK_SIZE; i++) {
  39:.\gnome.c     ****         normal_context.stack.data[i] = 0;
  40:.\gnome.c     ****     }
  41:.\gnome.c     ****     
  42:.\gnome.c     ****     // Inicializa contexto interrupción
  43:.\gnome.c     ****     it_context.accumulator = 0;
  44:.\gnome.c     ****     it_context.flags.C = 0;
  45:.\gnome.c     ****     it_context.flags.Z = 0;
  46:.\gnome.c     ****     it_context.ind_addr_reg.data = 0;
  47:.\gnome.c     ****     it_context.ind_addr_reg.ptr = 0;
  48:.\gnome.c     ****     it_context.PC = GNOME_IT_VECTOR;
  49:.\gnome.c     ****     it_context.stack.ptr = 0;
  50:.\gnome.c     ****     
  51:.\gnome.c     ****     for (i = 0; i < GNOME_STACK_SIZE; i++) {
  52:.\gnome.c     ****         it_context.stack.data[i] = 0;
  53:.\gnome.c     ****     }
  54:.\gnome.c     ****     
  55:.\gnome.c     ****     // Inicializa puertos de memoria
  56:.\gnome.c     ****     via_state.port0_ptr = 0;
  57:.\gnome.c     ****     via_state.port1_ptr = 0;
  58:.\gnome.c     ****     
  59:.\gnome.c     ****     // Asignamos el contexto de ejecución
  60:.\gnome.c     ****     current_context = &normal_context;
  61:.\gnome.c     **** }
  62:.\gnome.c     **** 
  63:.\gnome.c     **** void gnome_start() {
  64:.\gnome.c     ****         
  65:.\gnome.c     ****     // Inicializa la UART
  66:.\gnome.c     ****     #if (GNOME_DEBUGGING_ON==1)
  67:.\gnome.c     ****         UART_Start();
  68:.\gnome.c     ****     #endif
  69:.\gnome.c     ****     
  70:.\gnome.c     ****     // Reset del micro
  71:.\gnome.c     ****     gnome_reset();
  72:.\gnome.c     ****     
  73:.\gnome.c     ****     #if (GNOME_DEBUGGING_ON==1)
  74:.\gnome.c     ****         UART_PutString("//////////////////////////////////////\n");
  75:.\gnome.c     ****         UART_PutString("//---- GNOME DEBUGGING TERMINAL ----//\n");
  76:.\gnome.c     ****         UART_PutString("//////////////////////////////////////\n");
  77:.\gnome.c     ****         char str[40];
  78:.\gnome.c     ****         if (current_context == &normal_context) 
  79:.\gnome.c     ****             UART_PutString("\tNormal Context\n");
  80:.\gnome.c     ****         else
  81:.\gnome.c     ****             UART_PutString("\tIT Context\n");
  82:.\gnome.c     ****             
  83:.\gnome.c     ****         sprintf(str, "\tPC = 0x%02x\n", current_context->PC);
  84:.\gnome.c     ****         UART_PutString(str);
  85:.\gnome.c     ****         sprintf(str, "\tAcc Va= 0x%02x\n", current_context->accumulator);
  86:.\gnome.c     ****         UART_PutString(str);
  87:.\gnome.c     ****         sprintf(str, "\tC, Z = %d, %d\n", current_context->flags.C, current_context->flags.Z);
  88:.\gnome.c     ****         UART_PutString(str);
  89:.\gnome.c     ****         sprintf(str, "\tIND_ADDR_REG =  0x%02x\n", current_context->ind_addr_reg.data);
ARM GAS  C:\Users\Javier\AppData\Local\Temp\cc2bJ99Q.s 			page 3


  90:.\gnome.c     ****         UART_PutString(str);
  91:.\gnome.c     ****         
  92:.\gnome.c     ****         int i = 0;
  93:.\gnome.c     ****         for (i = 0; i < 16; i++) {
  94:.\gnome.c     ****             sprintf(str, "\tREG[%d] = 0x%02x\n", i, gnome_debug_load_reg(i));
  95:.\gnome.c     ****             UART_PutString(str);
  96:.\gnome.c     ****         }
  97:.\gnome.c     ****         UART_PutString("\n\n");
  98:.\gnome.c     ****     #endif
  99:.\gnome.c     ****     
 100:.\gnome.c     ****     // Configure interrupt
 101:.\gnome.c     ****     ISR_StartEx(gnome_process_it);
 102:.\gnome.c     ****     
 103:.\gnome.c     ****     while(1) {
 104:.\gnome.c     ****         
 105:.\gnome.c     ****         CyGlobalIntDisable;
 106:.\gnome.c     ****         // Fetch Instruction & Increment PC
 107:.\gnome.c     ****         uint8_t code = rom[current_context->PC & 0xFF]; 
 108:.\gnome.c     ****         current_context->PC++;
 109:.\gnome.c     ****         
 110:.\gnome.c     ****         // Decode Instruction
 111:.\gnome.c     ****         inst_enum inst = decodeInstruction(code);
 112:.\gnome.c     ****         
 113:.\gnome.c     ****         // Execute instruction
 114:.\gnome.c     ****         exectute(inst, code);
 115:.\gnome.c     ****         
 116:.\gnome.c     ****         #if(GNOME_DEBUGGING_ON==1)
 117:.\gnome.c     ****             char str[40];
 118:.\gnome.c     ****             if (current_context == &normal_context) 
 119:.\gnome.c     ****                 UART_PutString("\tNormal Context\n");
 120:.\gnome.c     ****             else
 121:.\gnome.c     ****                 UART_PutString("\tIT Context\n");
 122:.\gnome.c     ****                 
 123:.\gnome.c     ****             sprintf(str, "\tPC = 0x%02x\n", current_context->PC);
 124:.\gnome.c     ****             UART_PutString(str);
 125:.\gnome.c     ****             sprintf(str, "\tAcc = 0x%02x\n", current_context->accumulator);
 126:.\gnome.c     ****             UART_PutString(str);
 127:.\gnome.c     ****             sprintf(str, "\tC, Z = %d, %d\n", current_context->flags.C, current_context->flags.Z);
 128:.\gnome.c     ****             UART_PutString(str);
 129:.\gnome.c     ****             sprintf(str, "\tIND_ADDR_REG =  0x%02x\n", current_context->ind_addr_reg.data);
 130:.\gnome.c     ****             UART_PutString(str);
 131:.\gnome.c     ****             
 132:.\gnome.c     ****             int i = 0;
 133:.\gnome.c     ****             for (i = 0; i < 16; i++) {
 134:.\gnome.c     ****                 sprintf(str, "\tREG[%d] = 0x%02x\n", i, gnome_debug_load_reg(i));
 135:.\gnome.c     ****                 UART_PutString(str);
 136:.\gnome.c     ****             }
 137:.\gnome.c     ****             UART_PutString("\n");
 138:.\gnome.c     ****             for (i = 0; i < GNOME_STACK_SIZE; i++) {
 139:.\gnome.c     ****                 uint8_t addr = current_context->stack.ptr - i;
 140:.\gnome.c     ****                 if (addr >= GNOME_STACK_SIZE) addr += GNOME_STACK_SIZE;
 141:.\gnome.c     ****                 sprintf(str, "\tSTACK[%d] = 0x%02x\n", i, current_context->stack.data[addr]);
 142:.\gnome.c     ****                 UART_PutString(str);
 143:.\gnome.c     ****             }
 144:.\gnome.c     ****             sprintf(str, "\tSTACK_PTR = 0x%02x\n", current_context->stack.ptr);
 145:.\gnome.c     ****             UART_PutString(str);
 146:.\gnome.c     ****             
ARM GAS  C:\Users\Javier\AppData\Local\Temp\cc2bJ99Q.s 			page 4


 147:.\gnome.c     ****             UART_PutString("\n\n");
 148:.\gnome.c     ****             
 149:.\gnome.c     ****             CyDelay(GNOME_DEBUGGING_PERIOD);
 150:.\gnome.c     ****         }
 151:.\gnome.c     ****         #endif
 152:.\gnome.c     ****         // Habilitar interrupciones entre instrucciones
 153:.\gnome.c     ****         CyGlobalIntEnable;
 154:.\gnome.c     ****     }
 155:.\gnome.c     **** }
 156:.\gnome.c     **** 
 157:.\gnome.c     **** CY_ISR(gnome_process_it){
  26              		.loc 1 157 0
  27              		.cfi_startproc
 158:.\gnome.c     ****     current_context = &it_context;
  28              		.loc 1 158 0
  29 0000 024B     		ldr	r3, .L2
  30 0002 034A     		ldr	r2, .L2+4
  31 0004 1360     		str	r3, [r2]
 159:.\gnome.c     ****     
 160:.\gnome.c     ****     // Configuracion del vector de interrupcion.
 161:.\gnome.c     ****     current_context->PC = GNOME_IT_VECTOR;    
  32              		.loc 1 161 0
  33 0006 E022     		mov	r2, #224
  34 0008 DA70     		strb	r2, [r3, #3]
 162:.\gnome.c     **** }
  35              		.loc 1 162 0
  36              		@ sp needed
  37 000a 7047     		bx	lr
  38              	.L3:
  39              		.align	2
  40              	.L2:
  41 000c 00000000 		.word	it_context
  42 0010 00000000 		.word	current_context
  43              		.cfi_endproc
  44              	.LFE36:
  45              		.size	gnome_process_it, .-gnome_process_it
  46              		.section	.text.gnome_reset,"ax",%progbits
  47              		.align	2
  48              		.global	gnome_reset
  49              		.code	16
  50              		.thumb_func
  51              		.type	gnome_reset, %function
  52              	gnome_reset:
  53              	.LFB34:
  26:.\gnome.c     ****     
  54              		.loc 1 26 0
  55              		.cfi_startproc
  29:.\gnome.c     ****     normal_context.flags.C = 0;
  56              		.loc 1 29 0
  57 0000 164B     		ldr	r3, .L9
  58 0002 0022     		mov	r2, #0
  59 0004 1A70     		strb	r2, [r3]
  30:.\gnome.c     ****     normal_context.flags.Z = 0;
  60              		.loc 1 30 0
  61 0006 5A70     		strb	r2, [r3, #1]
  31:.\gnome.c     ****     normal_context.ind_addr_reg.data = 0;
  62              		.loc 1 31 0
ARM GAS  C:\Users\Javier\AppData\Local\Temp\cc2bJ99Q.s 			page 5


  63 0008 9A70     		strb	r2, [r3, #2]
  32:.\gnome.c     ****     normal_context.ind_addr_reg.ptr = 0;
  64              		.loc 1 32 0
  65 000a 5A72     		strb	r2, [r3, #9]
  33:.\gnome.c     ****     normal_context.PC = GNOME_RESET_VECTOR;
  66              		.loc 1 33 0
  67 000c 9A72     		strb	r2, [r3, #10]
  34:.\gnome.c     ****     normal_context.stack.ptr = 0;
  68              		.loc 1 34 0
  69 000e DA70     		strb	r2, [r3, #3]
  35:.\gnome.c     ****     
  70              		.loc 1 35 0
  71 0010 1A72     		strb	r2, [r3, #8]
  72              	.LVL0:
  38:.\gnome.c     ****         normal_context.stack.data[i] = 0;
  73              		.loc 1 38 0
  74 0012 0023     		mov	r3, #0
  75 0014 04E0     		b	.L5
  76              	.LVL1:
  77              	.L6:
  39:.\gnome.c     ****     }
  78              		.loc 1 39 0 discriminator 3
  79 0016 114A     		ldr	r2, .L9
  80 0018 D218     		add	r2, r2, r3
  81 001a 0021     		mov	r1, #0
  82 001c 1171     		strb	r1, [r2, #4]
  38:.\gnome.c     ****         normal_context.stack.data[i] = 0;
  83              		.loc 1 38 0 discriminator 3
  84 001e 0133     		add	r3, r3, #1
  85              	.LVL2:
  86              	.L5:
  38:.\gnome.c     ****         normal_context.stack.data[i] = 0;
  87              		.loc 1 38 0 is_stmt 0 discriminator 1
  88 0020 032B     		cmp	r3, #3
  89 0022 F8DD     		ble	.L6
  43:.\gnome.c     ****     it_context.flags.C = 0;
  90              		.loc 1 43 0 is_stmt 1
  91 0024 0E4B     		ldr	r3, .L9+4
  92              	.LVL3:
  93 0026 0022     		mov	r2, #0
  94 0028 1A70     		strb	r2, [r3]
  44:.\gnome.c     ****     it_context.flags.Z = 0;
  95              		.loc 1 44 0
  96 002a 5A70     		strb	r2, [r3, #1]
  45:.\gnome.c     ****     it_context.ind_addr_reg.data = 0;
  97              		.loc 1 45 0
  98 002c 9A70     		strb	r2, [r3, #2]
  46:.\gnome.c     ****     it_context.ind_addr_reg.ptr = 0;
  99              		.loc 1 46 0
 100 002e 5A72     		strb	r2, [r3, #9]
  47:.\gnome.c     ****     it_context.PC = GNOME_IT_VECTOR;
 101              		.loc 1 47 0
 102 0030 9A72     		strb	r2, [r3, #10]
  48:.\gnome.c     ****     it_context.stack.ptr = 0;
 103              		.loc 1 48 0
 104 0032 E021     		mov	r1, #224
 105 0034 D970     		strb	r1, [r3, #3]
ARM GAS  C:\Users\Javier\AppData\Local\Temp\cc2bJ99Q.s 			page 6


  49:.\gnome.c     ****     
 106              		.loc 1 49 0
 107 0036 1A72     		strb	r2, [r3, #8]
 108              	.LVL4:
  51:.\gnome.c     ****         it_context.stack.data[i] = 0;
 109              		.loc 1 51 0
 110 0038 0023     		mov	r3, #0
 111 003a 04E0     		b	.L7
 112              	.LVL5:
 113              	.L8:
  52:.\gnome.c     ****     }
 114              		.loc 1 52 0 discriminator 3
 115 003c 084A     		ldr	r2, .L9+4
 116 003e D218     		add	r2, r2, r3
 117 0040 0021     		mov	r1, #0
 118 0042 1171     		strb	r1, [r2, #4]
  51:.\gnome.c     ****         it_context.stack.data[i] = 0;
 119              		.loc 1 51 0 discriminator 3
 120 0044 0133     		add	r3, r3, #1
 121              	.LVL6:
 122              	.L7:
  51:.\gnome.c     ****         it_context.stack.data[i] = 0;
 123              		.loc 1 51 0 is_stmt 0 discriminator 1
 124 0046 032B     		cmp	r3, #3
 125 0048 F8DD     		ble	.L8
  56:.\gnome.c     ****     via_state.port1_ptr = 0;
 126              		.loc 1 56 0 is_stmt 1
 127 004a 064B     		ldr	r3, .L9+8
 128              	.LVL7:
 129 004c 0022     		mov	r2, #0
 130 004e 5A70     		strb	r2, [r3, #1]
  57:.\gnome.c     ****     
 131              		.loc 1 57 0
 132 0050 9A70     		strb	r2, [r3, #2]
  60:.\gnome.c     **** }
 133              		.loc 1 60 0
 134 0052 024A     		ldr	r2, .L9
 135 0054 044B     		ldr	r3, .L9+12
 136 0056 1A60     		str	r2, [r3]
  61:.\gnome.c     **** 
 137              		.loc 1 61 0
 138              		@ sp needed
 139 0058 7047     		bx	lr
 140              	.L10:
 141 005a C046     		.align	2
 142              	.L9:
 143 005c 00000000 		.word	normal_context
 144 0060 00000000 		.word	it_context
 145 0064 00000000 		.word	via_state
 146 0068 00000000 		.word	current_context
 147              		.cfi_endproc
 148              	.LFE34:
 149              		.size	gnome_reset, .-gnome_reset
 150              		.section	.text.gnome_start,"ax",%progbits
 151              		.align	2
 152              		.global	gnome_start
 153              		.code	16
ARM GAS  C:\Users\Javier\AppData\Local\Temp\cc2bJ99Q.s 			page 7


 154              		.thumb_func
 155              		.type	gnome_start, %function
 156              	gnome_start:
 157              	.LFB35:
  63:.\gnome.c     ****         
 158              		.loc 1 63 0
 159              		.cfi_startproc
 160 0000 10B5     		push	{r4, lr}
 161              		.cfi_def_cfa_offset 8
 162              		.cfi_offset 4, -8
 163              		.cfi_offset 14, -4
  71:.\gnome.c     ****     
 164              		.loc 1 71 0
 165 0002 FFF7FEFF 		bl	gnome_reset
 166              	.LVL8:
 101:.\gnome.c     ****     
 167              		.loc 1 101 0
 168 0006 0948     		ldr	r0, .L13
 169 0008 FFF7FEFF 		bl	ISR_StartEx
 170              	.LVL9:
 171              	.L12:
 172              	.LBB2:
 105:.\gnome.c     ****         // Fetch Instruction & Increment PC
 173              		.loc 1 105 0 discriminator 1
 174              	@ 105 ".\gnome.c" 1
 175 000c 72B6     		CPSID   i
 176              	@ 0 "" 2
 107:.\gnome.c     ****         current_context->PC++;
 177              		.loc 1 107 0 discriminator 1
 178              		.code	16
 179 000e 084B     		ldr	r3, .L13+4
 180 0010 1A68     		ldr	r2, [r3]
 181 0012 D378     		ldrb	r3, [r2, #3]
 182 0014 0749     		ldr	r1, .L13+8
 183 0016 CC5C     		ldrb	r4, [r1, r3]
 184              	.LVL10:
 108:.\gnome.c     ****         
 185              		.loc 1 108 0 discriminator 1
 186 0018 0133     		add	r3, r3, #1
 187 001a D370     		strb	r3, [r2, #3]
 111:.\gnome.c     ****         
 188              		.loc 1 111 0 discriminator 1
 189 001c 201C     		mov	r0, r4
 190 001e FFF7FEFF 		bl	decodeInstruction
 191              	.LVL11:
 114:.\gnome.c     ****         
 192              		.loc 1 114 0 discriminator 1
 193 0022 211C     		mov	r1, r4
 194 0024 FFF7FEFF 		bl	exectute
 195              	.LVL12:
 153:.\gnome.c     ****     }
 196              		.loc 1 153 0 discriminator 1
 197              	@ 153 ".\gnome.c" 1
 198 0028 62B6     		CPSIE   i
 199              	@ 0 "" 2
 200              		.code	16
 201              	.LBE2:
ARM GAS  C:\Users\Javier\AppData\Local\Temp\cc2bJ99Q.s 			page 8


 154:.\gnome.c     **** }
 202              		.loc 1 154 0 discriminator 1
 203 002a EFE7     		b	.L12
 204              	.L14:
 205              		.align	2
 206              	.L13:
 207 002c 00000000 		.word	gnome_process_it
 208 0030 00000000 		.word	current_context
 209 0034 00000000 		.word	.LANCHOR0
 210              		.cfi_endproc
 211              	.LFE35:
 212              		.size	gnome_start, .-gnome_start
 213              		.comm	via_state,3,4
 214              		.comm	registers,16,4
 215              		.comm	current_context,4,4
 216              		.comm	it_context,11,4
 217              		.comm	normal_context,11,4
 218              		.section	.rodata
 219              		.align	2
 220              		.set	.LANCHOR0,. + 0
 221              		.type	rom, %object
 222              		.size	rom, 256
 223              	rom:
 224 0000 12       		.byte	18
 225 0001 3D       		.byte	61
 226 0002 3D       		.byte	61
 227 0003 83       		.byte	-125
 228 0004 00       		.byte	0
 229 0005 00       		.byte	0
 230 0006 00       		.byte	0
 231 0007 00       		.byte	0
 232 0008 00       		.byte	0
 233 0009 00       		.byte	0
 234 000a 00       		.byte	0
 235 000b 00       		.byte	0
 236 000c 00       		.byte	0
 237 000d 00       		.byte	0
 238 000e 00       		.byte	0
 239 000f 00       		.byte	0
 240 0010 00       		.byte	0
 241 0011 00       		.byte	0
 242 0012 00       		.byte	0
 243 0013 00       		.byte	0
 244 0014 00       		.byte	0
 245 0015 00       		.byte	0
 246 0016 00       		.byte	0
 247 0017 00       		.byte	0
 248 0018 00       		.byte	0
 249 0019 00       		.byte	0
 250 001a 00       		.byte	0
 251 001b 00       		.byte	0
 252 001c 00       		.byte	0
 253 001d 00       		.byte	0
 254 001e 00       		.byte	0
 255 001f 00       		.byte	0
 256 0020 00       		.byte	0
 257 0021 00       		.byte	0
ARM GAS  C:\Users\Javier\AppData\Local\Temp\cc2bJ99Q.s 			page 9


 258 0022 00       		.byte	0
 259 0023 00       		.byte	0
 260 0024 00       		.byte	0
 261 0025 00       		.byte	0
 262 0026 00       		.byte	0
 263 0027 00       		.byte	0
 264 0028 00       		.byte	0
 265 0029 00       		.byte	0
 266 002a 00       		.byte	0
 267 002b 00       		.byte	0
 268 002c 00       		.byte	0
 269 002d 00       		.byte	0
 270 002e 00       		.byte	0
 271 002f 00       		.byte	0
 272 0030 00       		.byte	0
 273 0031 00       		.byte	0
 274 0032 00       		.byte	0
 275 0033 00       		.byte	0
 276 0034 00       		.byte	0
 277 0035 00       		.byte	0
 278 0036 00       		.byte	0
 279 0037 00       		.byte	0
 280 0038 00       		.byte	0
 281 0039 00       		.byte	0
 282 003a 00       		.byte	0
 283 003b 00       		.byte	0
 284 003c 00       		.byte	0
 285 003d 00       		.byte	0
 286 003e 00       		.byte	0
 287 003f 00       		.byte	0
 288 0040 00       		.byte	0
 289 0041 00       		.byte	0
 290 0042 00       		.byte	0
 291 0043 00       		.byte	0
 292 0044 00       		.byte	0
 293 0045 00       		.byte	0
 294 0046 00       		.byte	0
 295 0047 00       		.byte	0
 296 0048 00       		.byte	0
 297 0049 00       		.byte	0
 298 004a 00       		.byte	0
 299 004b 00       		.byte	0
 300 004c 00       		.byte	0
 301 004d 00       		.byte	0
 302 004e 00       		.byte	0
 303 004f 00       		.byte	0
 304 0050 00       		.byte	0
 305 0051 00       		.byte	0
 306 0052 00       		.byte	0
 307 0053 00       		.byte	0
 308 0054 00       		.byte	0
 309 0055 00       		.byte	0
 310 0056 00       		.byte	0
 311 0057 00       		.byte	0
 312 0058 00       		.byte	0
 313 0059 00       		.byte	0
 314 005a 00       		.byte	0
ARM GAS  C:\Users\Javier\AppData\Local\Temp\cc2bJ99Q.s 			page 10


 315 005b 00       		.byte	0
 316 005c 00       		.byte	0
 317 005d 00       		.byte	0
 318 005e 00       		.byte	0
 319 005f 00       		.byte	0
 320 0060 00       		.byte	0
 321 0061 00       		.byte	0
 322 0062 00       		.byte	0
 323 0063 00       		.byte	0
 324 0064 00       		.byte	0
 325 0065 00       		.byte	0
 326 0066 00       		.byte	0
 327 0067 00       		.byte	0
 328 0068 00       		.byte	0
 329 0069 00       		.byte	0
 330 006a 00       		.byte	0
 331 006b 00       		.byte	0
 332 006c 00       		.byte	0
 333 006d 00       		.byte	0
 334 006e 00       		.byte	0
 335 006f 00       		.byte	0
 336 0070 00       		.byte	0
 337 0071 00       		.byte	0
 338 0072 00       		.byte	0
 339 0073 00       		.byte	0
 340 0074 00       		.byte	0
 341 0075 00       		.byte	0
 342 0076 00       		.byte	0
 343 0077 00       		.byte	0
 344 0078 00       		.byte	0
 345 0079 00       		.byte	0
 346 007a 00       		.byte	0
 347 007b 00       		.byte	0
 348 007c 00       		.byte	0
 349 007d 00       		.byte	0
 350 007e 00       		.byte	0
 351 007f 00       		.byte	0
 352 0080 00       		.byte	0
 353 0081 00       		.byte	0
 354 0082 00       		.byte	0
 355 0083 00       		.byte	0
 356 0084 00       		.byte	0
 357 0085 00       		.byte	0
 358 0086 00       		.byte	0
 359 0087 00       		.byte	0
 360 0088 00       		.byte	0
 361 0089 00       		.byte	0
 362 008a 00       		.byte	0
 363 008b 00       		.byte	0
 364 008c 00       		.byte	0
 365 008d 00       		.byte	0
 366 008e 00       		.byte	0
 367 008f 00       		.byte	0
 368 0090 00       		.byte	0
 369 0091 00       		.byte	0
 370 0092 00       		.byte	0
 371 0093 00       		.byte	0
ARM GAS  C:\Users\Javier\AppData\Local\Temp\cc2bJ99Q.s 			page 11


 372 0094 00       		.byte	0
 373 0095 00       		.byte	0
 374 0096 00       		.byte	0
 375 0097 00       		.byte	0
 376 0098 00       		.byte	0
 377 0099 00       		.byte	0
 378 009a 00       		.byte	0
 379 009b 00       		.byte	0
 380 009c 00       		.byte	0
 381 009d 00       		.byte	0
 382 009e 00       		.byte	0
 383 009f 00       		.byte	0
 384 00a0 00       		.byte	0
 385 00a1 00       		.byte	0
 386 00a2 00       		.byte	0
 387 00a3 00       		.byte	0
 388 00a4 00       		.byte	0
 389 00a5 00       		.byte	0
 390 00a6 00       		.byte	0
 391 00a7 00       		.byte	0
 392 00a8 00       		.byte	0
 393 00a9 00       		.byte	0
 394 00aa 00       		.byte	0
 395 00ab 00       		.byte	0
 396 00ac 00       		.byte	0
 397 00ad 00       		.byte	0
 398 00ae 00       		.byte	0
 399 00af 00       		.byte	0
 400 00b0 00       		.byte	0
 401 00b1 00       		.byte	0
 402 00b2 00       		.byte	0
 403 00b3 00       		.byte	0
 404 00b4 00       		.byte	0
 405 00b5 00       		.byte	0
 406 00b6 00       		.byte	0
 407 00b7 00       		.byte	0
 408 00b8 00       		.byte	0
 409 00b9 00       		.byte	0
 410 00ba 00       		.byte	0
 411 00bb 00       		.byte	0
 412 00bc 00       		.byte	0
 413 00bd 00       		.byte	0
 414 00be 00       		.byte	0
 415 00bf 00       		.byte	0
 416 00c0 00       		.byte	0
 417 00c1 00       		.byte	0
 418 00c2 00       		.byte	0
 419 00c3 00       		.byte	0
 420 00c4 00       		.byte	0
 421 00c5 00       		.byte	0
 422 00c6 00       		.byte	0
 423 00c7 00       		.byte	0
 424 00c8 00       		.byte	0
 425 00c9 00       		.byte	0
 426 00ca 00       		.byte	0
 427 00cb 00       		.byte	0
 428 00cc 00       		.byte	0
ARM GAS  C:\Users\Javier\AppData\Local\Temp\cc2bJ99Q.s 			page 12


 429 00cd 00       		.byte	0
 430 00ce 00       		.byte	0
 431 00cf 00       		.byte	0
 432 00d0 00       		.byte	0
 433 00d1 00       		.byte	0
 434 00d2 00       		.byte	0
 435 00d3 00       		.byte	0
 436 00d4 00       		.byte	0
 437 00d5 00       		.byte	0
 438 00d6 00       		.byte	0
 439 00d7 00       		.byte	0
 440 00d8 00       		.byte	0
 441 00d9 00       		.byte	0
 442 00da 00       		.byte	0
 443 00db 00       		.byte	0
 444 00dc 00       		.byte	0
 445 00dd 00       		.byte	0
 446 00de 00       		.byte	0
 447 00df 00       		.byte	0
 448 00e0 4E       		.byte	78
 449 00e1 30       		.byte	48
 450 00e2 4E       		.byte	78
 451 00e3 11       		.byte	17
 452 00e4 70       		.byte	112
 453 00e5 03       		.byte	3
 454 00e6 07       		.byte	7
 455 00e7 4F       		.byte	79
 456 00e8 30       		.byte	48
 457 00e9 4F       		.byte	79
 458 00ea 11       		.byte	17
 459 00eb 60       		.byte	96
 460 00ec 3F       		.byte	63
 461 00ed 10       		.byte	16
 462 00ee 3F       		.byte	63
 463 00ef 07       		.byte	7
 464 00f0 00       		.byte	0
 465 00f1 00       		.byte	0
 466 00f2 00       		.byte	0
 467 00f3 00       		.byte	0
 468 00f4 00       		.byte	0
 469 00f5 00       		.byte	0
 470 00f6 00       		.byte	0
 471 00f7 00       		.byte	0
 472 00f8 00       		.byte	0
 473 00f9 00       		.byte	0
 474 00fa 00       		.byte	0
 475 00fb 00       		.byte	0
 476 00fc 00       		.byte	0
 477 00fd 00       		.byte	0
 478 00fe 00       		.byte	0
 479 00ff 00       		.byte	0
 480              		.text
 481              	.Letext0:
 482              		.file 2 "c:\\program files (x86)\\cypress\\psoc creator\\3.3\\psoc creator\\import\\gnu\\arm\\4.9.
 483              		.file 3 "c:\\program files (x86)\\cypress\\psoc creator\\3.3\\psoc creator\\import\\gnu\\arm\\4.9.
 484              		.file 4 "Generated_Source\\PSoC4/cytypes.h"
 485              		.file 5 ".\\gnome_registers.h"
ARM GAS  C:\Users\Javier\AppData\Local\Temp\cc2bJ99Q.s 			page 13


 486              		.file 6 ".\\gnome_memory.h"
 487              		.file 7 ".\\gnome_program.h"
 488              		.file 8 ".\\gnome_inst_decoder.h"
 489              		.file 9 ".\\gnome_execute.h"
 490              		.file 10 "Generated_Source\\PSoC4/ISR.h"
 491              		.section	.debug_info,"",%progbits
 492              	.Ldebug_info0:
 493 0000 CD030000 		.4byte	0x3cd
 494 0004 0400     		.2byte	0x4
 495 0006 00000000 		.4byte	.Ldebug_abbrev0
 496 000a 04       		.byte	0x4
 497 000b 01       		.uleb128 0x1
 498 000c CC010000 		.4byte	.LASF53
 499 0010 01       		.byte	0x1
 500 0011 4C000000 		.4byte	.LASF54
 501 0015 E0000000 		.4byte	.LASF55
 502 0019 00000000 		.4byte	.Ldebug_ranges0+0
 503 001d 00000000 		.4byte	0
 504 0021 00000000 		.4byte	.Ldebug_line0
 505 0025 02       		.uleb128 0x2
 506 0026 01       		.byte	0x1
 507 0027 06       		.byte	0x6
 508 0028 7A000000 		.4byte	.LASF0
 509 002c 03       		.uleb128 0x3
 510 002d 21000000 		.4byte	.LASF9
 511 0031 02       		.byte	0x2
 512 0032 1D       		.byte	0x1d
 513 0033 37000000 		.4byte	0x37
 514 0037 02       		.uleb128 0x2
 515 0038 01       		.byte	0x1
 516 0039 08       		.byte	0x8
 517 003a 7D020000 		.4byte	.LASF1
 518 003e 02       		.uleb128 0x2
 519 003f 02       		.byte	0x2
 520 0040 05       		.byte	0x5
 521 0041 95020000 		.4byte	.LASF2
 522 0045 02       		.uleb128 0x2
 523 0046 02       		.byte	0x2
 524 0047 07       		.byte	0x7
 525 0048 73010000 		.4byte	.LASF3
 526 004c 02       		.uleb128 0x2
 527 004d 04       		.byte	0x4
 528 004e 05       		.byte	0x5
 529 004f 97000000 		.4byte	.LASF4
 530 0053 02       		.uleb128 0x2
 531 0054 04       		.byte	0x4
 532 0055 07       		.byte	0x7
 533 0056 3B010000 		.4byte	.LASF5
 534 005a 02       		.uleb128 0x2
 535 005b 08       		.byte	0x8
 536 005c 05       		.byte	0x5
 537 005d 6C000000 		.4byte	.LASF6
 538 0061 02       		.uleb128 0x2
 539 0062 08       		.byte	0x8
 540 0063 07       		.byte	0x7
 541 0064 2B000000 		.4byte	.LASF7
 542 0068 04       		.uleb128 0x4
ARM GAS  C:\Users\Javier\AppData\Local\Temp\cc2bJ99Q.s 			page 14


 543 0069 04       		.byte	0x4
 544 006a 05       		.byte	0x5
 545 006b 696E7400 		.ascii	"int\000"
 546 006f 02       		.uleb128 0x2
 547 0070 04       		.byte	0x4
 548 0071 07       		.byte	0x7
 549 0072 29010000 		.4byte	.LASF8
 550 0076 03       		.uleb128 0x3
 551 0077 FB020000 		.4byte	.LASF10
 552 007b 03       		.byte	0x3
 553 007c 15       		.byte	0x15
 554 007d 2C000000 		.4byte	0x2c
 555 0081 02       		.uleb128 0x2
 556 0082 04       		.byte	0x4
 557 0083 04       		.byte	0x4
 558 0084 69020000 		.4byte	.LASF11
 559 0088 02       		.uleb128 0x2
 560 0089 08       		.byte	0x8
 561 008a 04       		.byte	0x4
 562 008b BE000000 		.4byte	.LASF12
 563 008f 02       		.uleb128 0x2
 564 0090 01       		.byte	0x1
 565 0091 08       		.byte	0x8
 566 0092 BF020000 		.4byte	.LASF13
 567 0096 05       		.uleb128 0x5
 568 0097 C4020000 		.4byte	.LASF14
 569 009b 04       		.byte	0x4
 570 009c F401     		.2byte	0x1f4
 571 009e A2000000 		.4byte	0xa2
 572 00a2 06       		.uleb128 0x6
 573 00a3 04       		.byte	0x4
 574 00a4 A8000000 		.4byte	0xa8
 575 00a8 07       		.uleb128 0x7
 576 00a9 02       		.uleb128 0x2
 577 00aa 04       		.byte	0x4
 578 00ab 07       		.byte	0x7
 579 00ac 9C010000 		.4byte	.LASF15
 580 00b0 08       		.uleb128 0x8
 581 00b1 02       		.byte	0x2
 582 00b2 05       		.byte	0x5
 583 00b3 19       		.byte	0x19
 584 00b4 CD000000 		.4byte	0xcd
 585 00b8 09       		.uleb128 0x9
 586 00b9 4300     		.ascii	"C\000"
 587 00bb 05       		.byte	0x5
 588 00bc 1A       		.byte	0x1a
 589 00bd 76000000 		.4byte	0x76
 590 00c1 00       		.byte	0
 591 00c2 09       		.uleb128 0x9
 592 00c3 5A00     		.ascii	"Z\000"
 593 00c5 05       		.byte	0x5
 594 00c6 1B       		.byte	0x1b
 595 00c7 76000000 		.4byte	0x76
 596 00cb 01       		.byte	0x1
 597 00cc 00       		.byte	0
 598 00cd 03       		.uleb128 0x3
 599 00ce 5D000000 		.4byte	.LASF16
ARM GAS  C:\Users\Javier\AppData\Local\Temp\cc2bJ99Q.s 			page 15


 600 00d2 05       		.byte	0x5
 601 00d3 1C       		.byte	0x1c
 602 00d4 B0000000 		.4byte	0xb0
 603 00d8 08       		.uleb128 0x8
 604 00d9 05       		.byte	0x5
 605 00da 05       		.byte	0x5
 606 00db 20       		.byte	0x20
 607 00dc F9000000 		.4byte	0xf9
 608 00e0 0A       		.uleb128 0xa
 609 00e1 63010000 		.4byte	.LASF17
 610 00e5 05       		.byte	0x5
 611 00e6 21       		.byte	0x21
 612 00e7 F9000000 		.4byte	0xf9
 613 00eb 00       		.byte	0
 614 00ec 09       		.uleb128 0x9
 615 00ed 70747200 		.ascii	"ptr\000"
 616 00f1 05       		.byte	0x5
 617 00f2 22       		.byte	0x22
 618 00f3 76000000 		.4byte	0x76
 619 00f7 04       		.byte	0x4
 620 00f8 00       		.byte	0
 621 00f9 0B       		.uleb128 0xb
 622 00fa 76000000 		.4byte	0x76
 623 00fe 09010000 		.4byte	0x109
 624 0102 0C       		.uleb128 0xc
 625 0103 A9000000 		.4byte	0xa9
 626 0107 03       		.byte	0x3
 627 0108 00       		.byte	0
 628 0109 03       		.uleb128 0x3
 629 010a 6F020000 		.4byte	.LASF18
 630 010e 05       		.byte	0x5
 631 010f 23       		.byte	0x23
 632 0110 D8000000 		.4byte	0xd8
 633 0114 08       		.uleb128 0x8
 634 0115 02       		.byte	0x2
 635 0116 05       		.byte	0x5
 636 0117 25       		.byte	0x25
 637 0118 35010000 		.4byte	0x135
 638 011c 0A       		.uleb128 0xa
 639 011d 63010000 		.4byte	.LASF17
 640 0121 05       		.byte	0x5
 641 0122 26       		.byte	0x26
 642 0123 76000000 		.4byte	0x76
 643 0127 00       		.byte	0
 644 0128 09       		.uleb128 0x9
 645 0129 70747200 		.ascii	"ptr\000"
 646 012d 05       		.byte	0x5
 647 012e 27       		.byte	0x27
 648 012f 76000000 		.4byte	0x76
 649 0133 01       		.byte	0x1
 650 0134 00       		.byte	0
 651 0135 03       		.uleb128 0x3
 652 0136 5A020000 		.4byte	.LASF19
 653 013a 05       		.byte	0x5
 654 013b 28       		.byte	0x28
 655 013c 14010000 		.4byte	0x114
 656 0140 0D       		.uleb128 0xd
ARM GAS  C:\Users\Javier\AppData\Local\Temp\cc2bJ99Q.s 			page 16


 657 0141 01       		.byte	0x1
 658 0142 05       		.byte	0x5
 659 0143 2C       		.byte	0x2c
 660 0144 C1010000 		.4byte	0x1c1
 661 0148 0E       		.uleb128 0xe
 662 0149 09030000 		.4byte	.LASF20
 663 014d 00       		.sleb128 0
 664 014e 0E       		.uleb128 0xe
 665 014f 77020000 		.4byte	.LASF21
 666 0153 01       		.sleb128 1
 667 0154 0E       		.uleb128 0xe
 668 0155 56000000 		.4byte	.LASF22
 669 0159 02       		.sleb128 2
 670 015a 0E       		.uleb128 0xe
 671 015b 90000000 		.4byte	.LASF23
 672 015f 03       		.sleb128 3
 673 0160 0E       		.uleb128 0xe
 674 0161 36010000 		.4byte	.LASF24
 675 0165 04       		.sleb128 4
 676 0166 0F       		.uleb128 0xf
 677 0167 72747300 		.ascii	"rts\000"
 678 016b 05       		.sleb128 5
 679 016c 0F       		.uleb128 0xf
 680 016d 6A737200 		.ascii	"jsr\000"
 681 0171 06       		.sleb128 6
 682 0172 0F       		.uleb128 0xf
 683 0173 72746900 		.ascii	"rti\000"
 684 0177 07       		.sleb128 7
 685 0178 0E       		.uleb128 0xe
 686 0179 A8020000 		.4byte	.LASF25
 687 017d 08       		.sleb128 8
 688 017e 0F       		.uleb128 0xf
 689 017f 726F7200 		.ascii	"ror\000"
 690 0183 09       		.sleb128 9
 691 0184 0F       		.uleb128 0xf
 692 0185 726F6C00 		.ascii	"rol\000"
 693 0189 0A       		.sleb128 10
 694 018a 0F       		.uleb128 0xf
 695 018b 6E6F7000 		.ascii	"nop\000"
 696 018f 0B       		.sleb128 11
 697 0190 0E       		.uleb128 0xe
 698 0191 C5000000 		.4byte	.LASF26
 699 0195 0C       		.sleb128 12
 700 0196 0E       		.uleb128 0xe
 701 0197 00000000 		.4byte	.LASF27
 702 019b 0D       		.sleb128 13
 703 019c 0E       		.uleb128 0xe
 704 019d 9F020000 		.4byte	.LASF28
 705 01a1 0E       		.sleb128 14
 706 01a2 0E       		.uleb128 0xe
 707 01a3 D8000000 		.4byte	.LASF29
 708 01a7 0F       		.sleb128 15
 709 01a8 0E       		.uleb128 0xe
 710 01a9 E2020000 		.4byte	.LASF30
 711 01ad 10       		.sleb128 16
 712 01ae 0E       		.uleb128 0xe
 713 01af 95010000 		.4byte	.LASF31
ARM GAS  C:\Users\Javier\AppData\Local\Temp\cc2bJ99Q.s 			page 17


 714 01b3 11       		.sleb128 17
 715 01b4 0E       		.uleb128 0xe
 716 01b5 65000000 		.4byte	.LASF32
 717 01b9 12       		.sleb128 18
 718 01ba 0E       		.uleb128 0xe
 719 01bb DA020000 		.4byte	.LASF33
 720 01bf 13       		.sleb128 19
 721 01c0 00       		.byte	0
 722 01c1 03       		.uleb128 0x3
 723 01c2 86000000 		.4byte	.LASF34
 724 01c6 05       		.byte	0x5
 725 01c7 41       		.byte	0x41
 726 01c8 40010000 		.4byte	0x140
 727 01cc 08       		.uleb128 0x8
 728 01cd 0B       		.byte	0xb
 729 01ce 05       		.byte	0x5
 730 01cf 45       		.byte	0x45
 731 01d0 10020000 		.4byte	0x210
 732 01d4 0A       		.uleb128 0xa
 733 01d5 A0000000 		.4byte	.LASF35
 734 01d9 05       		.byte	0x5
 735 01da 46       		.byte	0x46
 736 01db 76000000 		.4byte	0x76
 737 01df 00       		.byte	0
 738 01e0 0A       		.uleb128 0xa
 739 01e1 03030000 		.4byte	.LASF36
 740 01e5 05       		.byte	0x5
 741 01e6 47       		.byte	0x47
 742 01e7 CD000000 		.4byte	0xcd
 743 01eb 01       		.byte	0x1
 744 01ec 09       		.uleb128 0x9
 745 01ed 504300   		.ascii	"PC\000"
 746 01f0 05       		.byte	0x5
 747 01f1 48       		.byte	0x48
 748 01f2 76000000 		.4byte	0x76
 749 01f6 03       		.byte	0x3
 750 01f7 0A       		.uleb128 0xa
 751 01f8 11030000 		.4byte	.LASF37
 752 01fc 05       		.byte	0x5
 753 01fd 49       		.byte	0x49
 754 01fe 09010000 		.4byte	0x109
 755 0202 04       		.byte	0x4
 756 0203 0A       		.uleb128 0xa
 757 0204 EE020000 		.4byte	.LASF38
 758 0208 05       		.byte	0x5
 759 0209 4A       		.byte	0x4a
 760 020a 35010000 		.4byte	0x135
 761 020e 09       		.byte	0x9
 762 020f 00       		.byte	0
 763 0210 03       		.uleb128 0x3
 764 0211 42000000 		.4byte	.LASF39
 765 0215 05       		.byte	0x5
 766 0216 4B       		.byte	0x4b
 767 0217 CC010000 		.4byte	0x1cc
 768 021b 08       		.uleb128 0x8
 769 021c 03       		.byte	0x3
 770 021d 06       		.byte	0x6
ARM GAS  C:\Users\Javier\AppData\Local\Temp\cc2bJ99Q.s 			page 18


 771 021e 13       		.byte	0x13
 772 021f 48020000 		.4byte	0x248
 773 0223 0A       		.uleb128 0xa
 774 0224 A5010000 		.4byte	.LASF40
 775 0228 06       		.byte	0x6
 776 0229 14       		.byte	0x14
 777 022a 76000000 		.4byte	0x76
 778 022e 00       		.byte	0
 779 022f 0A       		.uleb128 0xa
 780 0230 06000000 		.4byte	.LASF41
 781 0234 06       		.byte	0x6
 782 0235 15       		.byte	0x15
 783 0236 76000000 		.4byte	0x76
 784 023a 01       		.byte	0x1
 785 023b 0A       		.uleb128 0xa
 786 023c 8B020000 		.4byte	.LASF42
 787 0240 06       		.byte	0x6
 788 0241 16       		.byte	0x16
 789 0242 76000000 		.4byte	0x76
 790 0246 02       		.byte	0x2
 791 0247 00       		.byte	0
 792 0248 03       		.uleb128 0x3
 793 0249 57010000 		.4byte	.LASF43
 794 024d 06       		.byte	0x6
 795 024e 17       		.byte	0x17
 796 024f 1B020000 		.4byte	0x21b
 797 0253 10       		.uleb128 0x10
 798 0254 BB010000 		.4byte	.LASF56
 799 0258 01       		.byte	0x1
 800 0259 9D       		.byte	0x9d
 801 025a 00000000 		.4byte	.LFB36
 802 025e 14000000 		.4byte	.LFE36-.LFB36
 803 0262 01       		.uleb128 0x1
 804 0263 9C       		.byte	0x9c
 805 0264 11       		.uleb128 0x11
 806 0265 10000000 		.4byte	.LASF44
 807 0269 01       		.byte	0x1
 808 026a 1A       		.byte	0x1a
 809 026b 00000000 		.4byte	.LFB34
 810 026f 6C000000 		.4byte	.LFE34-.LFB34
 811 0273 01       		.uleb128 0x1
 812 0274 9C       		.byte	0x9c
 813 0275 87020000 		.4byte	0x287
 814 0279 12       		.uleb128 0x12
 815 027a 6900     		.ascii	"i\000"
 816 027c 01       		.byte	0x1
 817 027d 25       		.byte	0x25
 818 027e 68000000 		.4byte	0x68
 819 0282 00000000 		.4byte	.LLST0
 820 0286 00       		.byte	0
 821 0287 11       		.uleb128 0x11
 822 0288 17030000 		.4byte	.LASF45
 823 028c 01       		.byte	0x1
 824 028d 3F       		.byte	0x3f
 825 028e 00000000 		.4byte	.LFB35
 826 0292 38000000 		.4byte	.LFE35-.LFB35
 827 0296 01       		.uleb128 0x1
ARM GAS  C:\Users\Javier\AppData\Local\Temp\cc2bJ99Q.s 			page 19


 828 0297 9C       		.byte	0x9c
 829 0298 07030000 		.4byte	0x307
 830 029c 13       		.uleb128 0x13
 831 029d 0C000000 		.4byte	.LBB2
 832 02a1 1E000000 		.4byte	.LBE2-.LBB2
 833 02a5 EA020000 		.4byte	0x2ea
 834 02a9 14       		.uleb128 0x14
 835 02aa E9020000 		.4byte	.LASF46
 836 02ae 01       		.byte	0x1
 837 02af 6B       		.byte	0x6b
 838 02b0 76000000 		.4byte	0x76
 839 02b4 01       		.uleb128 0x1
 840 02b5 54       		.byte	0x54
 841 02b6 15       		.uleb128 0x15
 842 02b7 1C000000 		.4byte	.LASF47
 843 02bb 01       		.byte	0x1
 844 02bc 6F       		.byte	0x6f
 845 02bd C1010000 		.4byte	0x1c1
 846 02c1 36000000 		.4byte	.LLST1
 847 02c5 16       		.uleb128 0x16
 848 02c6 22000000 		.4byte	.LVL11
 849 02ca 98030000 		.4byte	0x398
 850 02ce D9020000 		.4byte	0x2d9
 851 02d2 17       		.uleb128 0x17
 852 02d3 01       		.uleb128 0x1
 853 02d4 50       		.byte	0x50
 854 02d5 02       		.uleb128 0x2
 855 02d6 74       		.byte	0x74
 856 02d7 00       		.sleb128 0
 857 02d8 00       		.byte	0
 858 02d9 18       		.uleb128 0x18
 859 02da 28000000 		.4byte	.LVL12
 860 02de AD030000 		.4byte	0x3ad
 861 02e2 17       		.uleb128 0x17
 862 02e3 01       		.uleb128 0x1
 863 02e4 51       		.byte	0x51
 864 02e5 02       		.uleb128 0x2
 865 02e6 74       		.byte	0x74
 866 02e7 00       		.sleb128 0
 867 02e8 00       		.byte	0
 868 02e9 00       		.byte	0
 869 02ea 19       		.uleb128 0x19
 870 02eb 06000000 		.4byte	.LVL8
 871 02ef 64020000 		.4byte	0x264
 872 02f3 18       		.uleb128 0x18
 873 02f4 0C000000 		.4byte	.LVL9
 874 02f8 C3030000 		.4byte	0x3c3
 875 02fc 17       		.uleb128 0x17
 876 02fd 01       		.uleb128 0x1
 877 02fe 50       		.byte	0x50
 878 02ff 05       		.uleb128 0x5
 879 0300 03       		.byte	0x3
 880 0301 00000000 		.4byte	gnome_process_it
 881 0305 00       		.byte	0
 882 0306 00       		.byte	0
 883 0307 0B       		.uleb128 0xb
 884 0308 76000000 		.4byte	0x76
ARM GAS  C:\Users\Javier\AppData\Local\Temp\cc2bJ99Q.s 			page 20


 885 030c 17030000 		.4byte	0x317
 886 0310 0C       		.uleb128 0xc
 887 0311 A9000000 		.4byte	0xa9
 888 0315 FF       		.byte	0xff
 889 0316 00       		.byte	0
 890 0317 1A       		.uleb128 0x1a
 891 0318 726F6D00 		.ascii	"rom\000"
 892 031c 07       		.byte	0x7
 893 031d 0F       		.byte	0xf
 894 031e 28030000 		.4byte	0x328
 895 0322 05       		.uleb128 0x5
 896 0323 03       		.byte	0x3
 897 0324 00000000 		.4byte	rom
 898 0328 1B       		.uleb128 0x1b
 899 0329 07030000 		.4byte	0x307
 900 032d 1C       		.uleb128 0x1c
 901 032e 86010000 		.4byte	.LASF48
 902 0332 05       		.byte	0x5
 903 0333 51       		.byte	0x51
 904 0334 10020000 		.4byte	0x210
 905 0338 05       		.uleb128 0x5
 906 0339 03       		.byte	0x3
 907 033a 00000000 		.4byte	normal_context
 908 033e 1C       		.uleb128 0x1c
 909 033f 68010000 		.4byte	.LASF49
 910 0343 05       		.byte	0x5
 911 0344 52       		.byte	0x52
 912 0345 10020000 		.4byte	0x210
 913 0349 05       		.uleb128 0x5
 914 034a 03       		.byte	0x3
 915 034b 00000000 		.4byte	it_context
 916 034f 1C       		.uleb128 0x1c
 917 0350 AF020000 		.4byte	.LASF50
 918 0354 05       		.byte	0x5
 919 0355 54       		.byte	0x54
 920 0356 60030000 		.4byte	0x360
 921 035a 05       		.uleb128 0x5
 922 035b 03       		.byte	0x3
 923 035c 00000000 		.4byte	current_context
 924 0360 06       		.uleb128 0x6
 925 0361 04       		.byte	0x4
 926 0362 10020000 		.4byte	0x210
 927 0366 0B       		.uleb128 0xb
 928 0367 76000000 		.4byte	0x76
 929 036b 76030000 		.4byte	0x376
 930 036f 0C       		.uleb128 0xc
 931 0370 A9000000 		.4byte	0xa9
 932 0374 0F       		.byte	0xf
 933 0375 00       		.byte	0
 934 0376 1C       		.uleb128 0x1c
 935 0377 4D010000 		.4byte	.LASF51
 936 037b 05       		.byte	0x5
 937 037c 56       		.byte	0x56
 938 037d 66030000 		.4byte	0x366
 939 0381 05       		.uleb128 0x5
 940 0382 03       		.byte	0x3
 941 0383 00000000 		.4byte	registers
ARM GAS  C:\Users\Javier\AppData\Local\Temp\cc2bJ99Q.s 			page 21


 942 0387 1C       		.uleb128 0x1c
 943 0388 B1010000 		.4byte	.LASF52
 944 038c 06       		.byte	0x6
 945 038d 19       		.byte	0x19
 946 038e 48020000 		.4byte	0x248
 947 0392 05       		.uleb128 0x5
 948 0393 03       		.byte	0x3
 949 0394 00000000 		.4byte	via_state
 950 0398 1D       		.uleb128 0x1d
 951 0399 AC000000 		.4byte	.LASF57
 952 039d 08       		.byte	0x8
 953 039e 13       		.byte	0x13
 954 039f C1010000 		.4byte	0x1c1
 955 03a3 AD030000 		.4byte	0x3ad
 956 03a7 1E       		.uleb128 0x1e
 957 03a8 76000000 		.4byte	0x76
 958 03ac 00       		.byte	0
 959 03ad 1F       		.uleb128 0x1f
 960 03ae D1020000 		.4byte	.LASF58
 961 03b2 09       		.byte	0x9
 962 03b3 12       		.byte	0x12
 963 03b4 C3030000 		.4byte	0x3c3
 964 03b8 1E       		.uleb128 0x1e
 965 03b9 C1010000 		.4byte	0x1c1
 966 03bd 1E       		.uleb128 0x1e
 967 03be 76000000 		.4byte	0x76
 968 03c2 00       		.byte	0
 969 03c3 20       		.uleb128 0x20
 970 03c4 CC000000 		.4byte	.LASF59
 971 03c8 0A       		.byte	0xa
 972 03c9 18       		.byte	0x18
 973 03ca 1E       		.uleb128 0x1e
 974 03cb 96000000 		.4byte	0x96
 975 03cf 00       		.byte	0
 976 03d0 00       		.byte	0
 977              		.section	.debug_abbrev,"",%progbits
 978              	.Ldebug_abbrev0:
 979 0000 01       		.uleb128 0x1
 980 0001 11       		.uleb128 0x11
 981 0002 01       		.byte	0x1
 982 0003 25       		.uleb128 0x25
 983 0004 0E       		.uleb128 0xe
 984 0005 13       		.uleb128 0x13
 985 0006 0B       		.uleb128 0xb
 986 0007 03       		.uleb128 0x3
 987 0008 0E       		.uleb128 0xe
 988 0009 1B       		.uleb128 0x1b
 989 000a 0E       		.uleb128 0xe
 990 000b 55       		.uleb128 0x55
 991 000c 17       		.uleb128 0x17
 992 000d 11       		.uleb128 0x11
 993 000e 01       		.uleb128 0x1
 994 000f 10       		.uleb128 0x10
 995 0010 17       		.uleb128 0x17
 996 0011 00       		.byte	0
 997 0012 00       		.byte	0
 998 0013 02       		.uleb128 0x2
ARM GAS  C:\Users\Javier\AppData\Local\Temp\cc2bJ99Q.s 			page 22


 999 0014 24       		.uleb128 0x24
 1000 0015 00       		.byte	0
 1001 0016 0B       		.uleb128 0xb
 1002 0017 0B       		.uleb128 0xb
 1003 0018 3E       		.uleb128 0x3e
 1004 0019 0B       		.uleb128 0xb
 1005 001a 03       		.uleb128 0x3
 1006 001b 0E       		.uleb128 0xe
 1007 001c 00       		.byte	0
 1008 001d 00       		.byte	0
 1009 001e 03       		.uleb128 0x3
 1010 001f 16       		.uleb128 0x16
 1011 0020 00       		.byte	0
 1012 0021 03       		.uleb128 0x3
 1013 0022 0E       		.uleb128 0xe
 1014 0023 3A       		.uleb128 0x3a
 1015 0024 0B       		.uleb128 0xb
 1016 0025 3B       		.uleb128 0x3b
 1017 0026 0B       		.uleb128 0xb
 1018 0027 49       		.uleb128 0x49
 1019 0028 13       		.uleb128 0x13
 1020 0029 00       		.byte	0
 1021 002a 00       		.byte	0
 1022 002b 04       		.uleb128 0x4
 1023 002c 24       		.uleb128 0x24
 1024 002d 00       		.byte	0
 1025 002e 0B       		.uleb128 0xb
 1026 002f 0B       		.uleb128 0xb
 1027 0030 3E       		.uleb128 0x3e
 1028 0031 0B       		.uleb128 0xb
 1029 0032 03       		.uleb128 0x3
 1030 0033 08       		.uleb128 0x8
 1031 0034 00       		.byte	0
 1032 0035 00       		.byte	0
 1033 0036 05       		.uleb128 0x5
 1034 0037 16       		.uleb128 0x16
 1035 0038 00       		.byte	0
 1036 0039 03       		.uleb128 0x3
 1037 003a 0E       		.uleb128 0xe
 1038 003b 3A       		.uleb128 0x3a
 1039 003c 0B       		.uleb128 0xb
 1040 003d 3B       		.uleb128 0x3b
 1041 003e 05       		.uleb128 0x5
 1042 003f 49       		.uleb128 0x49
 1043 0040 13       		.uleb128 0x13
 1044 0041 00       		.byte	0
 1045 0042 00       		.byte	0
 1046 0043 06       		.uleb128 0x6
 1047 0044 0F       		.uleb128 0xf
 1048 0045 00       		.byte	0
 1049 0046 0B       		.uleb128 0xb
 1050 0047 0B       		.uleb128 0xb
 1051 0048 49       		.uleb128 0x49
 1052 0049 13       		.uleb128 0x13
 1053 004a 00       		.byte	0
 1054 004b 00       		.byte	0
 1055 004c 07       		.uleb128 0x7
ARM GAS  C:\Users\Javier\AppData\Local\Temp\cc2bJ99Q.s 			page 23


 1056 004d 15       		.uleb128 0x15
 1057 004e 00       		.byte	0
 1058 004f 27       		.uleb128 0x27
 1059 0050 19       		.uleb128 0x19
 1060 0051 00       		.byte	0
 1061 0052 00       		.byte	0
 1062 0053 08       		.uleb128 0x8
 1063 0054 13       		.uleb128 0x13
 1064 0055 01       		.byte	0x1
 1065 0056 0B       		.uleb128 0xb
 1066 0057 0B       		.uleb128 0xb
 1067 0058 3A       		.uleb128 0x3a
 1068 0059 0B       		.uleb128 0xb
 1069 005a 3B       		.uleb128 0x3b
 1070 005b 0B       		.uleb128 0xb
 1071 005c 01       		.uleb128 0x1
 1072 005d 13       		.uleb128 0x13
 1073 005e 00       		.byte	0
 1074 005f 00       		.byte	0
 1075 0060 09       		.uleb128 0x9
 1076 0061 0D       		.uleb128 0xd
 1077 0062 00       		.byte	0
 1078 0063 03       		.uleb128 0x3
 1079 0064 08       		.uleb128 0x8
 1080 0065 3A       		.uleb128 0x3a
 1081 0066 0B       		.uleb128 0xb
 1082 0067 3B       		.uleb128 0x3b
 1083 0068 0B       		.uleb128 0xb
 1084 0069 49       		.uleb128 0x49
 1085 006a 13       		.uleb128 0x13
 1086 006b 38       		.uleb128 0x38
 1087 006c 0B       		.uleb128 0xb
 1088 006d 00       		.byte	0
 1089 006e 00       		.byte	0
 1090 006f 0A       		.uleb128 0xa
 1091 0070 0D       		.uleb128 0xd
 1092 0071 00       		.byte	0
 1093 0072 03       		.uleb128 0x3
 1094 0073 0E       		.uleb128 0xe
 1095 0074 3A       		.uleb128 0x3a
 1096 0075 0B       		.uleb128 0xb
 1097 0076 3B       		.uleb128 0x3b
 1098 0077 0B       		.uleb128 0xb
 1099 0078 49       		.uleb128 0x49
 1100 0079 13       		.uleb128 0x13
 1101 007a 38       		.uleb128 0x38
 1102 007b 0B       		.uleb128 0xb
 1103 007c 00       		.byte	0
 1104 007d 00       		.byte	0
 1105 007e 0B       		.uleb128 0xb
 1106 007f 01       		.uleb128 0x1
 1107 0080 01       		.byte	0x1
 1108 0081 49       		.uleb128 0x49
 1109 0082 13       		.uleb128 0x13
 1110 0083 01       		.uleb128 0x1
 1111 0084 13       		.uleb128 0x13
 1112 0085 00       		.byte	0
ARM GAS  C:\Users\Javier\AppData\Local\Temp\cc2bJ99Q.s 			page 24


 1113 0086 00       		.byte	0
 1114 0087 0C       		.uleb128 0xc
 1115 0088 21       		.uleb128 0x21
 1116 0089 00       		.byte	0
 1117 008a 49       		.uleb128 0x49
 1118 008b 13       		.uleb128 0x13
 1119 008c 2F       		.uleb128 0x2f
 1120 008d 0B       		.uleb128 0xb
 1121 008e 00       		.byte	0
 1122 008f 00       		.byte	0
 1123 0090 0D       		.uleb128 0xd
 1124 0091 04       		.uleb128 0x4
 1125 0092 01       		.byte	0x1
 1126 0093 0B       		.uleb128 0xb
 1127 0094 0B       		.uleb128 0xb
 1128 0095 3A       		.uleb128 0x3a
 1129 0096 0B       		.uleb128 0xb
 1130 0097 3B       		.uleb128 0x3b
 1131 0098 0B       		.uleb128 0xb
 1132 0099 01       		.uleb128 0x1
 1133 009a 13       		.uleb128 0x13
 1134 009b 00       		.byte	0
 1135 009c 00       		.byte	0
 1136 009d 0E       		.uleb128 0xe
 1137 009e 28       		.uleb128 0x28
 1138 009f 00       		.byte	0
 1139 00a0 03       		.uleb128 0x3
 1140 00a1 0E       		.uleb128 0xe
 1141 00a2 1C       		.uleb128 0x1c
 1142 00a3 0D       		.uleb128 0xd
 1143 00a4 00       		.byte	0
 1144 00a5 00       		.byte	0
 1145 00a6 0F       		.uleb128 0xf
 1146 00a7 28       		.uleb128 0x28
 1147 00a8 00       		.byte	0
 1148 00a9 03       		.uleb128 0x3
 1149 00aa 08       		.uleb128 0x8
 1150 00ab 1C       		.uleb128 0x1c
 1151 00ac 0D       		.uleb128 0xd
 1152 00ad 00       		.byte	0
 1153 00ae 00       		.byte	0
 1154 00af 10       		.uleb128 0x10
 1155 00b0 2E       		.uleb128 0x2e
 1156 00b1 00       		.byte	0
 1157 00b2 3F       		.uleb128 0x3f
 1158 00b3 19       		.uleb128 0x19
 1159 00b4 03       		.uleb128 0x3
 1160 00b5 0E       		.uleb128 0xe
 1161 00b6 3A       		.uleb128 0x3a
 1162 00b7 0B       		.uleb128 0xb
 1163 00b8 3B       		.uleb128 0x3b
 1164 00b9 0B       		.uleb128 0xb
 1165 00ba 27       		.uleb128 0x27
 1166 00bb 19       		.uleb128 0x19
 1167 00bc 11       		.uleb128 0x11
 1168 00bd 01       		.uleb128 0x1
 1169 00be 12       		.uleb128 0x12
ARM GAS  C:\Users\Javier\AppData\Local\Temp\cc2bJ99Q.s 			page 25


 1170 00bf 06       		.uleb128 0x6
 1171 00c0 40       		.uleb128 0x40
 1172 00c1 18       		.uleb128 0x18
 1173 00c2 9742     		.uleb128 0x2117
 1174 00c4 19       		.uleb128 0x19
 1175 00c5 00       		.byte	0
 1176 00c6 00       		.byte	0
 1177 00c7 11       		.uleb128 0x11
 1178 00c8 2E       		.uleb128 0x2e
 1179 00c9 01       		.byte	0x1
 1180 00ca 3F       		.uleb128 0x3f
 1181 00cb 19       		.uleb128 0x19
 1182 00cc 03       		.uleb128 0x3
 1183 00cd 0E       		.uleb128 0xe
 1184 00ce 3A       		.uleb128 0x3a
 1185 00cf 0B       		.uleb128 0xb
 1186 00d0 3B       		.uleb128 0x3b
 1187 00d1 0B       		.uleb128 0xb
 1188 00d2 11       		.uleb128 0x11
 1189 00d3 01       		.uleb128 0x1
 1190 00d4 12       		.uleb128 0x12
 1191 00d5 06       		.uleb128 0x6
 1192 00d6 40       		.uleb128 0x40
 1193 00d7 18       		.uleb128 0x18
 1194 00d8 9742     		.uleb128 0x2117
 1195 00da 19       		.uleb128 0x19
 1196 00db 01       		.uleb128 0x1
 1197 00dc 13       		.uleb128 0x13
 1198 00dd 00       		.byte	0
 1199 00de 00       		.byte	0
 1200 00df 12       		.uleb128 0x12
 1201 00e0 34       		.uleb128 0x34
 1202 00e1 00       		.byte	0
 1203 00e2 03       		.uleb128 0x3
 1204 00e3 08       		.uleb128 0x8
 1205 00e4 3A       		.uleb128 0x3a
 1206 00e5 0B       		.uleb128 0xb
 1207 00e6 3B       		.uleb128 0x3b
 1208 00e7 0B       		.uleb128 0xb
 1209 00e8 49       		.uleb128 0x49
 1210 00e9 13       		.uleb128 0x13
 1211 00ea 02       		.uleb128 0x2
 1212 00eb 17       		.uleb128 0x17
 1213 00ec 00       		.byte	0
 1214 00ed 00       		.byte	0
 1215 00ee 13       		.uleb128 0x13
 1216 00ef 0B       		.uleb128 0xb
 1217 00f0 01       		.byte	0x1
 1218 00f1 11       		.uleb128 0x11
 1219 00f2 01       		.uleb128 0x1
 1220 00f3 12       		.uleb128 0x12
 1221 00f4 06       		.uleb128 0x6
 1222 00f5 01       		.uleb128 0x1
 1223 00f6 13       		.uleb128 0x13
 1224 00f7 00       		.byte	0
 1225 00f8 00       		.byte	0
 1226 00f9 14       		.uleb128 0x14
ARM GAS  C:\Users\Javier\AppData\Local\Temp\cc2bJ99Q.s 			page 26


 1227 00fa 34       		.uleb128 0x34
 1228 00fb 00       		.byte	0
 1229 00fc 03       		.uleb128 0x3
 1230 00fd 0E       		.uleb128 0xe
 1231 00fe 3A       		.uleb128 0x3a
 1232 00ff 0B       		.uleb128 0xb
 1233 0100 3B       		.uleb128 0x3b
 1234 0101 0B       		.uleb128 0xb
 1235 0102 49       		.uleb128 0x49
 1236 0103 13       		.uleb128 0x13
 1237 0104 02       		.uleb128 0x2
 1238 0105 18       		.uleb128 0x18
 1239 0106 00       		.byte	0
 1240 0107 00       		.byte	0
 1241 0108 15       		.uleb128 0x15
 1242 0109 34       		.uleb128 0x34
 1243 010a 00       		.byte	0
 1244 010b 03       		.uleb128 0x3
 1245 010c 0E       		.uleb128 0xe
 1246 010d 3A       		.uleb128 0x3a
 1247 010e 0B       		.uleb128 0xb
 1248 010f 3B       		.uleb128 0x3b
 1249 0110 0B       		.uleb128 0xb
 1250 0111 49       		.uleb128 0x49
 1251 0112 13       		.uleb128 0x13
 1252 0113 02       		.uleb128 0x2
 1253 0114 17       		.uleb128 0x17
 1254 0115 00       		.byte	0
 1255 0116 00       		.byte	0
 1256 0117 16       		.uleb128 0x16
 1257 0118 898201   		.uleb128 0x4109
 1258 011b 01       		.byte	0x1
 1259 011c 11       		.uleb128 0x11
 1260 011d 01       		.uleb128 0x1
 1261 011e 31       		.uleb128 0x31
 1262 011f 13       		.uleb128 0x13
 1263 0120 01       		.uleb128 0x1
 1264 0121 13       		.uleb128 0x13
 1265 0122 00       		.byte	0
 1266 0123 00       		.byte	0
 1267 0124 17       		.uleb128 0x17
 1268 0125 8A8201   		.uleb128 0x410a
 1269 0128 00       		.byte	0
 1270 0129 02       		.uleb128 0x2
 1271 012a 18       		.uleb128 0x18
 1272 012b 9142     		.uleb128 0x2111
 1273 012d 18       		.uleb128 0x18
 1274 012e 00       		.byte	0
 1275 012f 00       		.byte	0
 1276 0130 18       		.uleb128 0x18
 1277 0131 898201   		.uleb128 0x4109
 1278 0134 01       		.byte	0x1
 1279 0135 11       		.uleb128 0x11
 1280 0136 01       		.uleb128 0x1
 1281 0137 31       		.uleb128 0x31
 1282 0138 13       		.uleb128 0x13
 1283 0139 00       		.byte	0
ARM GAS  C:\Users\Javier\AppData\Local\Temp\cc2bJ99Q.s 			page 27


 1284 013a 00       		.byte	0
 1285 013b 19       		.uleb128 0x19
 1286 013c 898201   		.uleb128 0x4109
 1287 013f 00       		.byte	0
 1288 0140 11       		.uleb128 0x11
 1289 0141 01       		.uleb128 0x1
 1290 0142 31       		.uleb128 0x31
 1291 0143 13       		.uleb128 0x13
 1292 0144 00       		.byte	0
 1293 0145 00       		.byte	0
 1294 0146 1A       		.uleb128 0x1a
 1295 0147 34       		.uleb128 0x34
 1296 0148 00       		.byte	0
 1297 0149 03       		.uleb128 0x3
 1298 014a 08       		.uleb128 0x8
 1299 014b 3A       		.uleb128 0x3a
 1300 014c 0B       		.uleb128 0xb
 1301 014d 3B       		.uleb128 0x3b
 1302 014e 0B       		.uleb128 0xb
 1303 014f 49       		.uleb128 0x49
 1304 0150 13       		.uleb128 0x13
 1305 0151 02       		.uleb128 0x2
 1306 0152 18       		.uleb128 0x18
 1307 0153 00       		.byte	0
 1308 0154 00       		.byte	0
 1309 0155 1B       		.uleb128 0x1b
 1310 0156 26       		.uleb128 0x26
 1311 0157 00       		.byte	0
 1312 0158 49       		.uleb128 0x49
 1313 0159 13       		.uleb128 0x13
 1314 015a 00       		.byte	0
 1315 015b 00       		.byte	0
 1316 015c 1C       		.uleb128 0x1c
 1317 015d 34       		.uleb128 0x34
 1318 015e 00       		.byte	0
 1319 015f 03       		.uleb128 0x3
 1320 0160 0E       		.uleb128 0xe
 1321 0161 3A       		.uleb128 0x3a
 1322 0162 0B       		.uleb128 0xb
 1323 0163 3B       		.uleb128 0x3b
 1324 0164 0B       		.uleb128 0xb
 1325 0165 49       		.uleb128 0x49
 1326 0166 13       		.uleb128 0x13
 1327 0167 3F       		.uleb128 0x3f
 1328 0168 19       		.uleb128 0x19
 1329 0169 02       		.uleb128 0x2
 1330 016a 18       		.uleb128 0x18
 1331 016b 00       		.byte	0
 1332 016c 00       		.byte	0
 1333 016d 1D       		.uleb128 0x1d
 1334 016e 2E       		.uleb128 0x2e
 1335 016f 01       		.byte	0x1
 1336 0170 3F       		.uleb128 0x3f
 1337 0171 19       		.uleb128 0x19
 1338 0172 03       		.uleb128 0x3
 1339 0173 0E       		.uleb128 0xe
 1340 0174 3A       		.uleb128 0x3a
ARM GAS  C:\Users\Javier\AppData\Local\Temp\cc2bJ99Q.s 			page 28


 1341 0175 0B       		.uleb128 0xb
 1342 0176 3B       		.uleb128 0x3b
 1343 0177 0B       		.uleb128 0xb
 1344 0178 27       		.uleb128 0x27
 1345 0179 19       		.uleb128 0x19
 1346 017a 49       		.uleb128 0x49
 1347 017b 13       		.uleb128 0x13
 1348 017c 3C       		.uleb128 0x3c
 1349 017d 19       		.uleb128 0x19
 1350 017e 01       		.uleb128 0x1
 1351 017f 13       		.uleb128 0x13
 1352 0180 00       		.byte	0
 1353 0181 00       		.byte	0
 1354 0182 1E       		.uleb128 0x1e
 1355 0183 05       		.uleb128 0x5
 1356 0184 00       		.byte	0
 1357 0185 49       		.uleb128 0x49
 1358 0186 13       		.uleb128 0x13
 1359 0187 00       		.byte	0
 1360 0188 00       		.byte	0
 1361 0189 1F       		.uleb128 0x1f
 1362 018a 2E       		.uleb128 0x2e
 1363 018b 01       		.byte	0x1
 1364 018c 3F       		.uleb128 0x3f
 1365 018d 19       		.uleb128 0x19
 1366 018e 03       		.uleb128 0x3
 1367 018f 0E       		.uleb128 0xe
 1368 0190 3A       		.uleb128 0x3a
 1369 0191 0B       		.uleb128 0xb
 1370 0192 3B       		.uleb128 0x3b
 1371 0193 0B       		.uleb128 0xb
 1372 0194 27       		.uleb128 0x27
 1373 0195 19       		.uleb128 0x19
 1374 0196 3C       		.uleb128 0x3c
 1375 0197 19       		.uleb128 0x19
 1376 0198 01       		.uleb128 0x1
 1377 0199 13       		.uleb128 0x13
 1378 019a 00       		.byte	0
 1379 019b 00       		.byte	0
 1380 019c 20       		.uleb128 0x20
 1381 019d 2E       		.uleb128 0x2e
 1382 019e 01       		.byte	0x1
 1383 019f 3F       		.uleb128 0x3f
 1384 01a0 19       		.uleb128 0x19
 1385 01a1 03       		.uleb128 0x3
 1386 01a2 0E       		.uleb128 0xe
 1387 01a3 3A       		.uleb128 0x3a
 1388 01a4 0B       		.uleb128 0xb
 1389 01a5 3B       		.uleb128 0x3b
 1390 01a6 0B       		.uleb128 0xb
 1391 01a7 27       		.uleb128 0x27
 1392 01a8 19       		.uleb128 0x19
 1393 01a9 3C       		.uleb128 0x3c
 1394 01aa 19       		.uleb128 0x19
 1395 01ab 00       		.byte	0
 1396 01ac 00       		.byte	0
 1397 01ad 00       		.byte	0
ARM GAS  C:\Users\Javier\AppData\Local\Temp\cc2bJ99Q.s 			page 29


 1398              		.section	.debug_loc,"",%progbits
 1399              	.Ldebug_loc0:
 1400              	.LLST0:
 1401 0000 12000000 		.4byte	.LVL0
 1402 0004 16000000 		.4byte	.LVL1
 1403 0008 0200     		.2byte	0x2
 1404 000a 30       		.byte	0x30
 1405 000b 9F       		.byte	0x9f
 1406 000c 16000000 		.4byte	.LVL1
 1407 0010 26000000 		.4byte	.LVL3
 1408 0014 0100     		.2byte	0x1
 1409 0016 53       		.byte	0x53
 1410 0017 38000000 		.4byte	.LVL4
 1411 001b 3C000000 		.4byte	.LVL5
 1412 001f 0200     		.2byte	0x2
 1413 0021 30       		.byte	0x30
 1414 0022 9F       		.byte	0x9f
 1415 0023 3C000000 		.4byte	.LVL5
 1416 0027 4C000000 		.4byte	.LVL7
 1417 002b 0100     		.2byte	0x1
 1418 002d 53       		.byte	0x53
 1419 002e 00000000 		.4byte	0
 1420 0032 00000000 		.4byte	0
 1421              	.LLST1:
 1422 0036 22000000 		.4byte	.LVL11
 1423 003a 27000000 		.4byte	.LVL12-1
 1424 003e 0100     		.2byte	0x1
 1425 0040 50       		.byte	0x50
 1426 0041 00000000 		.4byte	0
 1427 0045 00000000 		.4byte	0
 1428              		.section	.debug_aranges,"",%progbits
 1429 0000 2C000000 		.4byte	0x2c
 1430 0004 0200     		.2byte	0x2
 1431 0006 00000000 		.4byte	.Ldebug_info0
 1432 000a 04       		.byte	0x4
 1433 000b 00       		.byte	0
 1434 000c 0000     		.2byte	0
 1435 000e 0000     		.2byte	0
 1436 0010 00000000 		.4byte	.LFB36
 1437 0014 14000000 		.4byte	.LFE36-.LFB36
 1438 0018 00000000 		.4byte	.LFB34
 1439 001c 6C000000 		.4byte	.LFE34-.LFB34
 1440 0020 00000000 		.4byte	.LFB35
 1441 0024 38000000 		.4byte	.LFE35-.LFB35
 1442 0028 00000000 		.4byte	0
 1443 002c 00000000 		.4byte	0
 1444              		.section	.debug_ranges,"",%progbits
 1445              	.Ldebug_ranges0:
 1446 0000 00000000 		.4byte	.LFB36
 1447 0004 14000000 		.4byte	.LFE36
 1448 0008 00000000 		.4byte	.LFB34
 1449 000c 6C000000 		.4byte	.LFE34
 1450 0010 00000000 		.4byte	.LFB35
 1451 0014 38000000 		.4byte	.LFE35
 1452 0018 00000000 		.4byte	0
 1453 001c 00000000 		.4byte	0
 1454              		.section	.debug_line,"",%progbits
ARM GAS  C:\Users\Javier\AppData\Local\Temp\cc2bJ99Q.s 			page 30


 1455              	.Ldebug_line0:
 1456 0000 4A020000 		.section	.debug_str,"MS",%progbits,1
 1456      0200B401 
 1456      00000201 
 1456      FB0E0D00 
 1456      01010101 
 1457              	.LASF27:
 1458 0000 6164645F 		.ascii	"add_d\000"
 1458      6400
 1459              	.LASF41:
 1460 0006 706F7274 		.ascii	"port0_ptr\000"
 1460      305F7074 
 1460      7200
 1461              	.LASF44:
 1462 0010 676E6F6D 		.ascii	"gnome_reset\000"
 1462      655F7265 
 1462      73657400 
 1463              	.LASF47:
 1464 001c 696E7374 		.ascii	"inst\000"
 1464      00
 1465              	.LASF9:
 1466 0021 5F5F7569 		.ascii	"__uint8_t\000"
 1466      6E74385F 
 1466      7400
 1467              	.LASF7:
 1468 002b 6C6F6E67 		.ascii	"long long unsigned int\000"
 1468      206C6F6E 
 1468      6720756E 
 1468      7369676E 
 1468      65642069 
 1469              	.LASF39:
 1470 0042 636F6E74 		.ascii	"context_t\000"
 1470      6578745F 
 1470      7400
 1471              	.LASF54:
 1472 004c 2E5C676E 		.ascii	".\\gnome.c\000"
 1472      6F6D652E 
 1472      6300
 1473              	.LASF22:
 1474 0056 736B6970 		.ascii	"skip_c\000"
 1474      5F6300
 1475              	.LASF16:
 1476 005d 666C6167 		.ascii	"flags_t\000"
 1476      735F7400 
 1477              	.LASF32:
 1478 0065 616E645F 		.ascii	"and_rd\000"
 1478      726400
 1479              	.LASF6:
 1480 006c 6C6F6E67 		.ascii	"long long int\000"
 1480      206C6F6E 
 1480      6720696E 
 1480      7400
 1481              	.LASF0:
 1482 007a 7369676E 		.ascii	"signed char\000"
 1482      65642063 
 1482      68617200 
 1483              	.LASF34:
ARM GAS  C:\Users\Javier\AppData\Local\Temp\cc2bJ99Q.s 			page 31


 1484 0086 696E7374 		.ascii	"inst_enum\000"
 1484      5F656E75 
 1484      6D00
 1485              	.LASF23:
 1486 0090 736B6970 		.ascii	"skip_z\000"
 1486      5F7A00
 1487              	.LASF4:
 1488 0097 6C6F6E67 		.ascii	"long int\000"
 1488      20696E74 
 1488      00
 1489              	.LASF35:
 1490 00a0 61636375 		.ascii	"accumulator\000"
 1490      6D756C61 
 1490      746F7200 
 1491              	.LASF57:
 1492 00ac 6465636F 		.ascii	"decodeInstruction\000"
 1492      6465496E 
 1492      73747275 
 1492      6374696F 
 1492      6E00
 1493              	.LASF12:
 1494 00be 646F7562 		.ascii	"double\000"
 1494      6C6500
 1495              	.LASF26:
 1496 00c5 6C6F6164 		.ascii	"load_d\000"
 1496      5F6400
 1497              	.LASF59:
 1498 00cc 4953525F 		.ascii	"ISR_StartEx\000"
 1498      53746172 
 1498      74457800 
 1499              	.LASF29:
 1500 00d8 6C6F6164 		.ascii	"load_rd\000"
 1500      5F726400 
 1501              	.LASF55:
 1502 00e0 433A5C55 		.ascii	"C:\\Users\\Javier\\Documents\\PSoC Creator\\gnome_w"
 1502      73657273 
 1502      5C4A6176 
 1502      6965725C 
 1502      446F6375 
 1503 010e 6F726B73 		.ascii	"orkspace\\gnome_psoc4.cydsn\000"
 1503      70616365 
 1503      5C676E6F 
 1503      6D655F70 
 1503      736F6334 
 1504              	.LASF8:
 1505 0129 756E7369 		.ascii	"unsigned int\000"
 1505      676E6564 
 1505      20696E74 
 1505      00
 1506              	.LASF24:
 1507 0136 70757368 		.ascii	"push\000"
 1507      00
 1508              	.LASF5:
 1509 013b 6C6F6E67 		.ascii	"long unsigned int\000"
 1509      20756E73 
 1509      69676E65 
 1509      6420696E 
ARM GAS  C:\Users\Javier\AppData\Local\Temp\cc2bJ99Q.s 			page 32


 1509      7400
 1510              	.LASF51:
 1511 014d 72656769 		.ascii	"registers\000"
 1511      73746572 
 1511      7300
 1512              	.LASF43:
 1513 0157 7669615F 		.ascii	"via_state_t\000"
 1513      73746174 
 1513      655F7400 
 1514              	.LASF17:
 1515 0163 64617461 		.ascii	"data\000"
 1515      00
 1516              	.LASF49:
 1517 0168 69745F63 		.ascii	"it_context\000"
 1517      6F6E7465 
 1517      787400
 1518              	.LASF3:
 1519 0173 73686F72 		.ascii	"short unsigned int\000"
 1519      7420756E 
 1519      7369676E 
 1519      65642069 
 1519      6E7400
 1520              	.LASF48:
 1521 0186 6E6F726D 		.ascii	"normal_context\000"
 1521      616C5F63 
 1521      6F6E7465 
 1521      787400
 1522              	.LASF31:
 1523 0195 786F725F 		.ascii	"xor_rd\000"
 1523      726400
 1524              	.LASF15:
 1525 019c 73697A65 		.ascii	"sizetype\000"
 1525      74797065 
 1525      00
 1526              	.LASF40:
 1527 01a5 636F6E66 		.ascii	"config_mask\000"
 1527      69675F6D 
 1527      61736B00 
 1528              	.LASF52:
 1529 01b1 7669615F 		.ascii	"via_state\000"
 1529      73746174 
 1529      6500
 1530              	.LASF56:
 1531 01bb 676E6F6D 		.ascii	"gnome_process_it\000"
 1531      655F7072 
 1531      6F636573 
 1531      735F6974 
 1531      00
 1532              	.LASF53:
 1533 01cc 474E5520 		.ascii	"GNU C 4.9.3 20150303 (release) [ARM/embedded-4_9-br"
 1533      4320342E 
 1533      392E3320 
 1533      32303135 
 1533      30333033 
 1534 01ff 616E6368 		.ascii	"anch revision 221220] -mcpu=cortex-m0 -mthumb -g -O"
 1534      20726576 
 1534      6973696F 
ARM GAS  C:\Users\Javier\AppData\Local\Temp\cc2bJ99Q.s 			page 33


 1534      6E203232 
 1534      31323230 
 1535 0232 67202D66 		.ascii	"g -ffunction-sections -ffat-lto-objects\000"
 1535      66756E63 
 1535      74696F6E 
 1535      2D736563 
 1535      74696F6E 
 1536              	.LASF19:
 1537 025a 696E645F 		.ascii	"ind_addr_reg_t\000"
 1537      61646472 
 1537      5F726567 
 1537      5F7400
 1538              	.LASF11:
 1539 0269 666C6F61 		.ascii	"float\000"
 1539      7400
 1540              	.LASF18:
 1541 026f 73746163 		.ascii	"stack_t\000"
 1541      6B5F7400 
 1542              	.LASF21:
 1543 0277 7365745F 		.ascii	"set_c\000"
 1543      6300
 1544              	.LASF1:
 1545 027d 756E7369 		.ascii	"unsigned char\000"
 1545      676E6564 
 1545      20636861 
 1545      7200
 1546              	.LASF42:
 1547 028b 706F7274 		.ascii	"port1_ptr\000"
 1547      315F7074 
 1547      7200
 1548              	.LASF2:
 1549 0295 73686F72 		.ascii	"short int\000"
 1549      7420696E 
 1549      7400
 1550              	.LASF28:
 1551 029f 73746F72 		.ascii	"store_rd\000"
 1551      655F7264 
 1551      00
 1552              	.LASF25:
 1553 02a8 6272616E 		.ascii	"branch\000"
 1553      636800
 1554              	.LASF50:
 1555 02af 63757272 		.ascii	"current_context\000"
 1555      656E745F 
 1555      636F6E74 
 1555      65787400 
 1556              	.LASF13:
 1557 02bf 63686172 		.ascii	"char\000"
 1557      00
 1558              	.LASF14:
 1559 02c4 63796973 		.ascii	"cyisraddress\000"
 1559      72616464 
 1559      72657373 
 1559      00
 1560              	.LASF58:
 1561 02d1 65786563 		.ascii	"exectute\000"
 1561      74757465 
ARM GAS  C:\Users\Javier\AppData\Local\Temp\cc2bJ99Q.s 			page 34


 1561      00
 1562              	.LASF33:
 1563 02da 6A6D705F 		.ascii	"jmp_add\000"
 1563      61646400 
 1564              	.LASF30:
 1565 02e2 6164645F 		.ascii	"add_rd\000"
 1565      726400
 1566              	.LASF46:
 1567 02e9 636F6465 		.ascii	"code\000"
 1567      00
 1568              	.LASF38:
 1569 02ee 696E645F 		.ascii	"ind_addr_reg\000"
 1569      61646472 
 1569      5F726567 
 1569      00
 1570              	.LASF10:
 1571 02fb 75696E74 		.ascii	"uint8_t\000"
 1571      385F7400 
 1572              	.LASF36:
 1573 0303 666C6167 		.ascii	"flags\000"
 1573      7300
 1574              	.LASF20:
 1575 0309 636C6561 		.ascii	"clear_c\000"
 1575      725F6300 
 1576              	.LASF37:
 1577 0311 73746163 		.ascii	"stack\000"
 1577      6B00
 1578              	.LASF45:
 1579 0317 676E6F6D 		.ascii	"gnome_start\000"
 1579      655F7374 
 1579      61727400 
 1580              		.ident	"GCC: (GNU Tools for ARM Embedded Processors) 4.9.3 20150303 (release) [ARM/embedded-4_9-br
