ARM GAS  C:\Users\Javier\AppData\Local\Temp\ccwvrcka.s 			page 1


   1              		.cpu cortex-m0
   2              		.fpu softvfp
   3              		.eabi_attribute 20, 1
   4              		.eabi_attribute 21, 1
   5              		.eabi_attribute 23, 3
   6              		.eabi_attribute 24, 1
   7              		.eabi_attribute 25, 1
   8              		.eabi_attribute 26, 1
   9              		.eabi_attribute 30, 1
  10              		.eabi_attribute 34, 0
  11              		.eabi_attribute 18, 4
  12              		.code	16
  13              		.file	"gnome_inst_decoder.c"
  14              		.text
  15              	.Ltext0:
  16              		.cfi_sections	.debug_frame
  17              		.section	.text.decodeInstruction,"ax",%progbits
  18              		.align	2
  19              		.global	decodeInstruction
  20              		.code	16
  21              		.thumb_func
  22              		.type	decodeInstruction, %function
  23              	decodeInstruction:
  24              	.LFB34:
  25              		.file 1 ".\\gnome_inst_decoder.c"
   1:.\gnome_inst_decoder.c **** /* ========================================
   2:.\gnome_inst_decoder.c ****  *
   3:.\gnome_inst_decoder.c ****  * Copyright YOUR COMPANY, THE YEAR
   4:.\gnome_inst_decoder.c ****  * All Rights Reserved
   5:.\gnome_inst_decoder.c ****  * UNPUBLISHED, LICENSED SOFTWARE.
   6:.\gnome_inst_decoder.c ****  *
   7:.\gnome_inst_decoder.c ****  * CONFIDENTIAL AND PROPRIETARY INFORMATION
   8:.\gnome_inst_decoder.c ****  * WHICH IS THE PROPERTY OF your company.
   9:.\gnome_inst_decoder.c ****  *
  10:.\gnome_inst_decoder.c ****  * ========================================
  11:.\gnome_inst_decoder.c **** */
  12:.\gnome_inst_decoder.c **** 
  13:.\gnome_inst_decoder.c **** #include "gnome_inst_decoder.h"
  14:.\gnome_inst_decoder.c **** 
  15:.\gnome_inst_decoder.c **** inst_enum decodeInstruction(uint8_t code) {
  26              		.loc 1 15 0
  27              		.cfi_startproc
  28              	.LVL0:
  16:.\gnome_inst_decoder.c ****     if (!(code & 0xF0)) {
  29              		.loc 1 16 0
  30 0000 0F23     		mov	r3, #15
  31 0002 021C     		mov	r2, r0
  32 0004 9A43     		bic	r2, r3
  33 0006 131E     		sub	r3, r2, #0
  34 0008 1FD1     		bne	.L2
  17:.\gnome_inst_decoder.c ****         switch(code & 0x0F) {
  35              		.loc 1 17 0
  36 000a 0F33     		add	r3, r3, #15
  37 000c 1840     		and	r0, r3
  38              	.LVL1:
  39 000e 0B28     		cmp	r0, #11
  40 0010 19D8     		bhi	.L3
ARM GAS  C:\Users\Javier\AppData\Local\Temp\ccwvrcka.s 			page 2


  41 0012 8000     		lsl	r0, r0, #2
  42 0014 1C4B     		ldr	r3, .L28
  43 0016 1B58     		ldr	r3, [r3, r0]
  44 0018 9F46     		mov	pc, r3
  45              		.section	.rodata
  46              		.align	2
  47              	.L5:
  48 0000 1A000000 		.word	.L4
  49 0004 7A000000 		.word	.L25
  50 0008 1E000000 		.word	.L7
  51 000c 22000000 		.word	.L8
  52 0010 26000000 		.word	.L9
  53 0014 2A000000 		.word	.L10
  54 0018 2E000000 		.word	.L11
  55 001c 32000000 		.word	.L12
  56 0020 36000000 		.word	.L13
  57 0024 3A000000 		.word	.L14
  58 0028 3E000000 		.word	.L15
  59 002c 42000000 		.word	.L16
  60              		.section	.text.decodeInstruction
  61              	.L4:
  18:.\gnome_inst_decoder.c ****             case 0x00:
  19:.\gnome_inst_decoder.c ****                 return clear_c;
  62              		.loc 1 19 0
  63 001a 0020     		mov	r0, #0
  64 001c 32E0     		b	.L6
  65              	.L7:
  20:.\gnome_inst_decoder.c ****                 break;
  21:.\gnome_inst_decoder.c ****             case 0x01:
  22:.\gnome_inst_decoder.c ****                 return set_c;
  23:.\gnome_inst_decoder.c ****                 break;
  24:.\gnome_inst_decoder.c ****             case 0x02:
  25:.\gnome_inst_decoder.c ****                 return skip_c;
  66              		.loc 1 25 0
  67 001e 0220     		mov	r0, #2
  68 0020 30E0     		b	.L6
  69              	.L8:
  26:.\gnome_inst_decoder.c ****                 break;
  27:.\gnome_inst_decoder.c ****             case 0x03:
  28:.\gnome_inst_decoder.c ****                 return skip_z;
  70              		.loc 1 28 0
  71 0022 0320     		mov	r0, #3
  72 0024 2EE0     		b	.L6
  73              	.L9:
  29:.\gnome_inst_decoder.c ****                 break;
  30:.\gnome_inst_decoder.c ****             case 0x04:
  31:.\gnome_inst_decoder.c ****                 return push;
  74              		.loc 1 31 0
  75 0026 0420     		mov	r0, #4
  76 0028 2CE0     		b	.L6
  77              	.L10:
  32:.\gnome_inst_decoder.c ****                 break;
  33:.\gnome_inst_decoder.c ****             case 0x05: 
  34:.\gnome_inst_decoder.c ****                 return rts;
  78              		.loc 1 34 0
  79 002a 0520     		mov	r0, #5
  80 002c 2AE0     		b	.L6
ARM GAS  C:\Users\Javier\AppData\Local\Temp\ccwvrcka.s 			page 3


  81              	.L11:
  35:.\gnome_inst_decoder.c ****                 break;
  36:.\gnome_inst_decoder.c ****             case 0x06:
  37:.\gnome_inst_decoder.c ****                 return jsr;
  82              		.loc 1 37 0
  83 002e 0620     		mov	r0, #6
  84 0030 28E0     		b	.L6
  85              	.L12:
  38:.\gnome_inst_decoder.c ****                 break;
  39:.\gnome_inst_decoder.c ****             case 0x07:
  40:.\gnome_inst_decoder.c ****                 return rti;
  86              		.loc 1 40 0
  87 0032 0720     		mov	r0, #7
  88 0034 26E0     		b	.L6
  89              	.L13:
  41:.\gnome_inst_decoder.c ****                 break;
  42:.\gnome_inst_decoder.c ****             case 0x08:
  43:.\gnome_inst_decoder.c ****                 return branch;
  90              		.loc 1 43 0
  91 0036 0820     		mov	r0, #8
  92 0038 24E0     		b	.L6
  93              	.L14:
  44:.\gnome_inst_decoder.c ****                 break;
  45:.\gnome_inst_decoder.c ****             case 0x09:
  46:.\gnome_inst_decoder.c ****                 return ror;
  94              		.loc 1 46 0
  95 003a 0920     		mov	r0, #9
  96 003c 22E0     		b	.L6
  97              	.L15:
  47:.\gnome_inst_decoder.c ****                 break;
  48:.\gnome_inst_decoder.c ****             case 0x0A:
  49:.\gnome_inst_decoder.c ****                 return rol;
  98              		.loc 1 49 0
  99 003e 0A20     		mov	r0, #10
 100 0040 20E0     		b	.L6
 101              	.L16:
  50:.\gnome_inst_decoder.c ****                 break;
  51:.\gnome_inst_decoder.c ****             case 0x0B:
  52:.\gnome_inst_decoder.c ****                 return nop;
 102              		.loc 1 52 0
 103 0042 0B20     		mov	r0, #11
 104 0044 1EE0     		b	.L6
 105              	.L3:
  53:.\gnome_inst_decoder.c ****             default:
  54:.\gnome_inst_decoder.c ****                 return nop;
 106              		.loc 1 54 0
 107 0046 0B20     		mov	r0, #11
 108 0048 1CE0     		b	.L6
 109              	.LVL2:
 110              	.L2:
  55:.\gnome_inst_decoder.c ****                 break;
  56:.\gnome_inst_decoder.c ****         }
  57:.\gnome_inst_decoder.c ****     }
  58:.\gnome_inst_decoder.c ****     else if (code & 0x80) {
 111              		.loc 1 58 0
 112 004a 43B2     		sxtb	r3, r0
 113 004c 002B     		cmp	r3, #0
ARM GAS  C:\Users\Javier\AppData\Local\Temp\ccwvrcka.s 			page 4


 114 004e 16DB     		blt	.L26
  59:.\gnome_inst_decoder.c ****         return jmp_add;
  60:.\gnome_inst_decoder.c ****     }
  61:.\gnome_inst_decoder.c ****     else {
  62:.\gnome_inst_decoder.c ****         switch ((code & 0xF0) >> 4) {
 115              		.loc 1 62 0
 116 0050 0009     		lsr	r0, r0, #4
 117              	.LVL3:
 118 0052 0728     		cmp	r0, #7
 119 0054 0FD8     		bhi	.L17
 120 0056 8000     		lsl	r0, r0, #2
 121 0058 0C4B     		ldr	r3, .L28+4
 122              	.LVL4:
 123 005a 1B58     		ldr	r3, [r3, r0]
 124 005c 9F46     		mov	pc, r3
 125              		.section	.rodata
 126              		.align	2
 127              	.L19:
 128 0030 76000000 		.word	.L17
 129 0034 5E000000 		.word	.L18
 130 0038 82000000 		.word	.L27
 131 003c 62000000 		.word	.L20
 132 0040 66000000 		.word	.L21
 133 0044 6A000000 		.word	.L22
 134 0048 6E000000 		.word	.L23
 135 004c 72000000 		.word	.L24
 136              		.section	.text.decodeInstruction
 137              	.L18:
  63:.\gnome_inst_decoder.c ****             case 0x01:
  64:.\gnome_inst_decoder.c ****                 return load_d;
 138              		.loc 1 64 0
 139 005e 0C20     		mov	r0, #12
 140 0060 10E0     		b	.L6
 141              	.L20:
  65:.\gnome_inst_decoder.c ****                 break;
  66:.\gnome_inst_decoder.c ****             case 0x02:
  67:.\gnome_inst_decoder.c ****                 return add_d;
  68:.\gnome_inst_decoder.c ****                 break;
  69:.\gnome_inst_decoder.c ****             case 0x03:
  70:.\gnome_inst_decoder.c ****                 return store_rd;
 142              		.loc 1 70 0
 143 0062 0E20     		mov	r0, #14
 144 0064 0EE0     		b	.L6
 145              	.L21:
  71:.\gnome_inst_decoder.c ****                 break;
  72:.\gnome_inst_decoder.c ****             case 0x04:
  73:.\gnome_inst_decoder.c ****                 return load_rd;
 146              		.loc 1 73 0
 147 0066 0F20     		mov	r0, #15
 148 0068 0CE0     		b	.L6
 149              	.L22:
  74:.\gnome_inst_decoder.c ****                 break;
  75:.\gnome_inst_decoder.c ****             case 0x05:
  76:.\gnome_inst_decoder.c ****                 return add_rd;
 150              		.loc 1 76 0
 151 006a 1020     		mov	r0, #16
 152 006c 0AE0     		b	.L6
ARM GAS  C:\Users\Javier\AppData\Local\Temp\ccwvrcka.s 			page 5


 153              	.L23:
  77:.\gnome_inst_decoder.c ****                 break;
  78:.\gnome_inst_decoder.c ****             case 0x06:
  79:.\gnome_inst_decoder.c ****                 return xor_rd;
 154              		.loc 1 79 0
 155 006e 1120     		mov	r0, #17
 156 0070 08E0     		b	.L6
 157              	.L24:
  80:.\gnome_inst_decoder.c ****                 break;
  81:.\gnome_inst_decoder.c ****             case 0x07:
  82:.\gnome_inst_decoder.c ****                 return and_rd;
 158              		.loc 1 82 0
 159 0072 1220     		mov	r0, #18
 160 0074 06E0     		b	.L6
 161              	.L17:
  83:.\gnome_inst_decoder.c ****                 break;
  84:.\gnome_inst_decoder.c ****             default:
  85:.\gnome_inst_decoder.c ****                 return nop;
 162              		.loc 1 85 0
 163 0076 0B20     		mov	r0, #11
 164 0078 04E0     		b	.L6
 165              	.L25:
  22:.\gnome_inst_decoder.c ****                 break;
 166              		.loc 1 22 0
 167 007a 0120     		mov	r0, #1
 168 007c 02E0     		b	.L6
 169              	.LVL5:
 170              	.L26:
  59:.\gnome_inst_decoder.c ****     }
 171              		.loc 1 59 0
 172 007e 1320     		mov	r0, #19
 173              	.LVL6:
 174 0080 00E0     		b	.L6
 175              	.LVL7:
 176              	.L27:
  67:.\gnome_inst_decoder.c ****                 break;
 177              		.loc 1 67 0
 178 0082 0D20     		mov	r0, #13
 179              	.L6:
  86:.\gnome_inst_decoder.c ****                 break;
  87:.\gnome_inst_decoder.c ****         }
  88:.\gnome_inst_decoder.c ****     }
  89:.\gnome_inst_decoder.c ****     
  90:.\gnome_inst_decoder.c ****     // Si ninguna instrucción tiene asociada el codigo
  91:.\gnome_inst_decoder.c ****     return nop;
  92:.\gnome_inst_decoder.c **** }
 180              		.loc 1 92 0
 181              		@ sp needed
 182 0084 7047     		bx	lr
 183              	.L29:
 184 0086 C046     		.align	2
 185              	.L28:
 186 0088 00000000 		.word	.L5
 187 008c 30000000 		.word	.L19
 188              		.cfi_endproc
 189              	.LFE34:
 190              		.size	decodeInstruction, .-decodeInstruction
ARM GAS  C:\Users\Javier\AppData\Local\Temp\ccwvrcka.s 			page 6


 191              		.comm	registers,16,4
 192              		.comm	current_context,4,4
 193              		.comm	it_context,11,4
 194              		.comm	normal_context,11,4
 195              		.text
 196              	.Letext0:
 197              		.file 2 "c:\\program files (x86)\\cypress\\psoc creator\\3.3\\psoc creator\\import\\gnu\\arm\\4.9.
 198              		.file 3 "c:\\program files (x86)\\cypress\\psoc creator\\3.3\\psoc creator\\import\\gnu\\arm\\4.9.
 199              		.file 4 ".\\gnome_registers.h"
 200              		.section	.debug_info,"",%progbits
 201              	.Ldebug_info0:
 202 0000 88020000 		.4byte	0x288
 203 0004 0400     		.2byte	0x4
 204 0006 00000000 		.4byte	.Ldebug_abbrev0
 205 000a 04       		.byte	0x4
 206 000b 01       		.uleb128 0x1
 207 000c 9C010000 		.4byte	.LASF43
 208 0010 01       		.byte	0x1
 209 0011 33000000 		.4byte	.LASF44
 210 0015 4A000000 		.4byte	.LASF45
 211 0019 00000000 		.4byte	.Ldebug_ranges0+0
 212 001d 00000000 		.4byte	0
 213 0021 00000000 		.4byte	.Ldebug_line0
 214 0025 02       		.uleb128 0x2
 215 0026 01       		.byte	0x1
 216 0027 06       		.byte	0x6
 217 0028 8C020000 		.4byte	.LASF0
 218 002c 03       		.uleb128 0x3
 219 002d 15000000 		.4byte	.LASF9
 220 0031 02       		.byte	0x2
 221 0032 1D       		.byte	0x1d
 222 0033 37000000 		.4byte	0x37
 223 0037 02       		.uleb128 0x2
 224 0038 01       		.byte	0x1
 225 0039 08       		.byte	0x8
 226 003a C5000000 		.4byte	.LASF1
 227 003e 02       		.uleb128 0x2
 228 003f 02       		.byte	0x2
 229 0040 05       		.byte	0x5
 230 0041 58020000 		.4byte	.LASF2
 231 0045 02       		.uleb128 0x2
 232 0046 02       		.byte	0x2
 233 0047 07       		.byte	0x7
 234 0048 93000000 		.4byte	.LASF3
 235 004c 02       		.uleb128 0x2
 236 004d 04       		.byte	0x4
 237 004e 05       		.byte	0x5
 238 004f 7E020000 		.4byte	.LASF4
 239 0053 02       		.uleb128 0x2
 240 0054 04       		.byte	0x4
 241 0055 07       		.byte	0x7
 242 0056 2A010000 		.4byte	.LASF5
 243 005a 02       		.uleb128 0x2
 244 005b 08       		.byte	0x8
 245 005c 05       		.byte	0x5
 246 005d 2A020000 		.4byte	.LASF6
 247 0061 02       		.uleb128 0x2
ARM GAS  C:\Users\Javier\AppData\Local\Temp\ccwvrcka.s 			page 7


 248 0062 08       		.byte	0x8
 249 0063 07       		.byte	0x7
 250 0064 5D010000 		.4byte	.LASF7
 251 0068 04       		.uleb128 0x4
 252 0069 04       		.byte	0x4
 253 006a 05       		.byte	0x5
 254 006b 696E7400 		.ascii	"int\000"
 255 006f 02       		.uleb128 0x2
 256 0070 04       		.byte	0x4
 257 0071 07       		.byte	0x7
 258 0072 3C010000 		.4byte	.LASF8
 259 0076 03       		.uleb128 0x3
 260 0077 74010000 		.4byte	.LASF10
 261 007b 03       		.byte	0x3
 262 007c 15       		.byte	0x15
 263 007d 2C000000 		.4byte	0x2c
 264 0081 02       		.uleb128 0x2
 265 0082 04       		.byte	0x4
 266 0083 04       		.byte	0x4
 267 0084 B5000000 		.4byte	.LASF11
 268 0088 02       		.uleb128 0x2
 269 0089 08       		.byte	0x8
 270 008a 04       		.byte	0x4
 271 008b 07010000 		.4byte	.LASF12
 272 008f 02       		.uleb128 0x2
 273 0090 01       		.byte	0x1
 274 0091 08       		.byte	0x8
 275 0092 87020000 		.4byte	.LASF13
 276 0096 02       		.uleb128 0x2
 277 0097 04       		.byte	0x4
 278 0098 07       		.byte	0x7
 279 0099 93010000 		.4byte	.LASF14
 280 009d 05       		.uleb128 0x5
 281 009e 02       		.byte	0x2
 282 009f 04       		.byte	0x4
 283 00a0 19       		.byte	0x19
 284 00a1 BA000000 		.4byte	0xba
 285 00a5 06       		.uleb128 0x6
 286 00a6 4300     		.ascii	"C\000"
 287 00a8 04       		.byte	0x4
 288 00a9 1A       		.byte	0x1a
 289 00aa 76000000 		.4byte	0x76
 290 00ae 00       		.byte	0
 291 00af 06       		.uleb128 0x6
 292 00b0 5A00     		.ascii	"Z\000"
 293 00b2 04       		.byte	0x4
 294 00b3 1B       		.byte	0x1b
 295 00b4 76000000 		.4byte	0x76
 296 00b8 01       		.byte	0x1
 297 00b9 00       		.byte	0
 298 00ba 03       		.uleb128 0x3
 299 00bb 42020000 		.4byte	.LASF15
 300 00bf 04       		.byte	0x4
 301 00c0 1C       		.byte	0x1c
 302 00c1 9D000000 		.4byte	0x9d
 303 00c5 05       		.uleb128 0x5
 304 00c6 05       		.byte	0x5
ARM GAS  C:\Users\Javier\AppData\Local\Temp\ccwvrcka.s 			page 8


 305 00c7 04       		.byte	0x4
 306 00c8 20       		.byte	0x20
 307 00c9 E6000000 		.4byte	0xe6
 308 00cd 07       		.uleb128 0x7
 309 00ce BB000000 		.4byte	.LASF16
 310 00d2 04       		.byte	0x4
 311 00d3 21       		.byte	0x21
 312 00d4 E6000000 		.4byte	0xe6
 313 00d8 00       		.byte	0
 314 00d9 06       		.uleb128 0x6
 315 00da 70747200 		.ascii	"ptr\000"
 316 00de 04       		.byte	0x4
 317 00df 22       		.byte	0x22
 318 00e0 76000000 		.4byte	0x76
 319 00e4 04       		.byte	0x4
 320 00e5 00       		.byte	0
 321 00e6 08       		.uleb128 0x8
 322 00e7 76000000 		.4byte	0x76
 323 00eb F6000000 		.4byte	0xf6
 324 00ef 09       		.uleb128 0x9
 325 00f0 96000000 		.4byte	0x96
 326 00f4 03       		.byte	0x3
 327 00f5 00       		.byte	0
 328 00f6 03       		.uleb128 0x3
 329 00f7 62020000 		.4byte	.LASF17
 330 00fb 04       		.byte	0x4
 331 00fc 23       		.byte	0x23
 332 00fd C5000000 		.4byte	0xc5
 333 0101 05       		.uleb128 0x5
 334 0102 02       		.byte	0x2
 335 0103 04       		.byte	0x4
 336 0104 25       		.byte	0x25
 337 0105 22010000 		.4byte	0x122
 338 0109 07       		.uleb128 0x7
 339 010a BB000000 		.4byte	.LASF16
 340 010e 04       		.byte	0x4
 341 010f 26       		.byte	0x26
 342 0110 76000000 		.4byte	0x76
 343 0114 00       		.byte	0
 344 0115 06       		.uleb128 0x6
 345 0116 70747200 		.ascii	"ptr\000"
 346 011a 04       		.byte	0x4
 347 011b 27       		.byte	0x27
 348 011c 76000000 		.4byte	0x76
 349 0120 01       		.byte	0x1
 350 0121 00       		.byte	0
 351 0122 03       		.uleb128 0x3
 352 0123 E0000000 		.4byte	.LASF18
 353 0127 04       		.byte	0x4
 354 0128 28       		.byte	0x28
 355 0129 01010000 		.4byte	0x101
 356 012d 0A       		.uleb128 0xa
 357 012e 01       		.byte	0x1
 358 012f 04       		.byte	0x4
 359 0130 2C       		.byte	0x2c
 360 0131 AE010000 		.4byte	0x1ae
 361 0135 0B       		.uleb128 0xb
ARM GAS  C:\Users\Javier\AppData\Local\Temp\ccwvrcka.s 			page 9


 362 0136 7C010000 		.4byte	.LASF19
 363 013a 00       		.sleb128 0
 364 013b 0B       		.uleb128 0xb
 365 013c 00000000 		.4byte	.LASF20
 366 0140 01       		.sleb128 1
 367 0141 0B       		.uleb128 0xb
 368 0142 56010000 		.4byte	.LASF21
 369 0146 02       		.sleb128 2
 370 0147 0B       		.uleb128 0xb
 371 0148 4A020000 		.4byte	.LASF22
 372 014c 03       		.sleb128 3
 373 014d 0B       		.uleb128 0xb
 374 014e C0000000 		.4byte	.LASF23
 375 0152 04       		.sleb128 4
 376 0153 0C       		.uleb128 0xc
 377 0154 72747300 		.ascii	"rts\000"
 378 0158 05       		.sleb128 5
 379 0159 0C       		.uleb128 0xc
 380 015a 6A737200 		.ascii	"jsr\000"
 381 015e 06       		.sleb128 6
 382 015f 0C       		.uleb128 0xc
 383 0160 72746900 		.ascii	"rti\000"
 384 0164 07       		.sleb128 7
 385 0165 0B       		.uleb128 0xb
 386 0166 84010000 		.4byte	.LASF24
 387 016a 08       		.sleb128 8
 388 016b 0C       		.uleb128 0xc
 389 016c 726F7200 		.ascii	"ror\000"
 390 0170 09       		.sleb128 9
 391 0171 0C       		.uleb128 0xc
 392 0172 726F6C00 		.ascii	"rol\000"
 393 0176 0A       		.sleb128 10
 394 0177 0C       		.uleb128 0xc
 395 0178 6E6F7000 		.ascii	"nop\000"
 396 017c 0B       		.sleb128 11
 397 017d 0B       		.uleb128 0xb
 398 017e 0E010000 		.4byte	.LASF25
 399 0182 0C       		.sleb128 12
 400 0183 0B       		.uleb128 0xb
 401 0184 DA000000 		.4byte	.LASF26
 402 0188 0D       		.sleb128 13
 403 0189 0B       		.uleb128 0xb
 404 018a A6000000 		.4byte	.LASF27
 405 018e 0E       		.sleb128 14
 406 018f 0B       		.uleb128 0xb
 407 0190 8B010000 		.4byte	.LASF28
 408 0194 0F       		.sleb128 15
 409 0195 0B       		.uleb128 0xb
 410 0196 D3000000 		.4byte	.LASF29
 411 019a 10       		.sleb128 16
 412 019b 0B       		.uleb128 0xb
 413 019c 4F010000 		.4byte	.LASF30
 414 01a0 11       		.sleb128 17
 415 01a1 0B       		.uleb128 0xb
 416 01a2 51020000 		.4byte	.LASF31
 417 01a6 12       		.sleb128 18
 418 01a7 0B       		.uleb128 0xb
ARM GAS  C:\Users\Javier\AppData\Local\Temp\ccwvrcka.s 			page 10


 419 01a8 1F000000 		.4byte	.LASF32
 420 01ac 13       		.sleb128 19
 421 01ad 00       		.byte	0
 422 01ae 03       		.uleb128 0x3
 423 01af 38020000 		.4byte	.LASF33
 424 01b3 04       		.byte	0x4
 425 01b4 41       		.byte	0x41
 426 01b5 2D010000 		.4byte	0x12d
 427 01b9 05       		.uleb128 0x5
 428 01ba 0B       		.byte	0xb
 429 01bb 04       		.byte	0x4
 430 01bc 45       		.byte	0x45
 431 01bd FD010000 		.4byte	0x1fd
 432 01c1 07       		.uleb128 0x7
 433 01c2 27000000 		.4byte	.LASF34
 434 01c6 04       		.byte	0x4
 435 01c7 46       		.byte	0x46
 436 01c8 76000000 		.4byte	0x76
 437 01cc 00       		.byte	0
 438 01cd 07       		.uleb128 0x7
 439 01ce 49010000 		.4byte	.LASF35
 440 01d2 04       		.byte	0x4
 441 01d3 47       		.byte	0x47
 442 01d4 BA000000 		.4byte	0xba
 443 01d8 01       		.byte	0x1
 444 01d9 06       		.uleb128 0x6
 445 01da 504300   		.ascii	"PC\000"
 446 01dd 04       		.byte	0x4
 447 01de 48       		.byte	0x48
 448 01df 76000000 		.4byte	0x76
 449 01e3 03       		.byte	0x3
 450 01e4 07       		.uleb128 0x7
 451 01e5 AF000000 		.4byte	.LASF36
 452 01e9 04       		.byte	0x4
 453 01ea 49       		.byte	0x49
 454 01eb F6000000 		.4byte	0xf6
 455 01ef 04       		.byte	0x4
 456 01f0 07       		.uleb128 0x7
 457 01f1 EF000000 		.4byte	.LASF37
 458 01f5 04       		.byte	0x4
 459 01f6 4A       		.byte	0x4a
 460 01f7 22010000 		.4byte	0x122
 461 01fb 09       		.byte	0x9
 462 01fc 00       		.byte	0
 463 01fd 03       		.uleb128 0x3
 464 01fe 74020000 		.4byte	.LASF38
 465 0202 04       		.byte	0x4
 466 0203 4B       		.byte	0x4b
 467 0204 B9010000 		.4byte	0x1b9
 468 0208 0D       		.uleb128 0xd
 469 0209 98020000 		.4byte	.LASF46
 470 020d 01       		.byte	0x1
 471 020e 0F       		.byte	0xf
 472 020f AE010000 		.4byte	0x1ae
 473 0213 00000000 		.4byte	.LFB34
 474 0217 90000000 		.4byte	.LFE34-.LFB34
 475 021b 01       		.uleb128 0x1
ARM GAS  C:\Users\Javier\AppData\Local\Temp\ccwvrcka.s 			page 11


 476 021c 9C       		.byte	0x9c
 477 021d 31020000 		.4byte	0x231
 478 0221 0E       		.uleb128 0xe
 479 0222 15010000 		.4byte	.LASF47
 480 0226 01       		.byte	0x1
 481 0227 0F       		.byte	0xf
 482 0228 76000000 		.4byte	0x76
 483 022c 00000000 		.4byte	.LLST0
 484 0230 00       		.byte	0
 485 0231 0F       		.uleb128 0xf
 486 0232 06000000 		.4byte	.LASF39
 487 0236 04       		.byte	0x4
 488 0237 51       		.byte	0x51
 489 0238 FD010000 		.4byte	0x1fd
 490 023c 05       		.uleb128 0x5
 491 023d 03       		.byte	0x3
 492 023e 00000000 		.4byte	normal_context
 493 0242 0F       		.uleb128 0xf
 494 0243 FC000000 		.4byte	.LASF40
 495 0247 04       		.byte	0x4
 496 0248 52       		.byte	0x52
 497 0249 FD010000 		.4byte	0x1fd
 498 024d 05       		.uleb128 0x5
 499 024e 03       		.byte	0x3
 500 024f 00000000 		.4byte	it_context
 501 0253 0F       		.uleb128 0xf
 502 0254 1A010000 		.4byte	.LASF41
 503 0258 04       		.byte	0x4
 504 0259 54       		.byte	0x54
 505 025a 64020000 		.4byte	0x264
 506 025e 05       		.uleb128 0x5
 507 025f 03       		.byte	0x3
 508 0260 00000000 		.4byte	current_context
 509 0264 10       		.uleb128 0x10
 510 0265 04       		.byte	0x4
 511 0266 FD010000 		.4byte	0x1fd
 512 026a 08       		.uleb128 0x8
 513 026b 76000000 		.4byte	0x76
 514 026f 7A020000 		.4byte	0x27a
 515 0273 09       		.uleb128 0x9
 516 0274 96000000 		.4byte	0x96
 517 0278 0F       		.byte	0xf
 518 0279 00       		.byte	0
 519 027a 0F       		.uleb128 0xf
 520 027b 6A020000 		.4byte	.LASF42
 521 027f 04       		.byte	0x4
 522 0280 56       		.byte	0x56
 523 0281 6A020000 		.4byte	0x26a
 524 0285 05       		.uleb128 0x5
 525 0286 03       		.byte	0x3
 526 0287 00000000 		.4byte	registers
 527 028b 00       		.byte	0
 528              		.section	.debug_abbrev,"",%progbits
 529              	.Ldebug_abbrev0:
 530 0000 01       		.uleb128 0x1
 531 0001 11       		.uleb128 0x11
 532 0002 01       		.byte	0x1
ARM GAS  C:\Users\Javier\AppData\Local\Temp\ccwvrcka.s 			page 12


 533 0003 25       		.uleb128 0x25
 534 0004 0E       		.uleb128 0xe
 535 0005 13       		.uleb128 0x13
 536 0006 0B       		.uleb128 0xb
 537 0007 03       		.uleb128 0x3
 538 0008 0E       		.uleb128 0xe
 539 0009 1B       		.uleb128 0x1b
 540 000a 0E       		.uleb128 0xe
 541 000b 55       		.uleb128 0x55
 542 000c 17       		.uleb128 0x17
 543 000d 11       		.uleb128 0x11
 544 000e 01       		.uleb128 0x1
 545 000f 10       		.uleb128 0x10
 546 0010 17       		.uleb128 0x17
 547 0011 00       		.byte	0
 548 0012 00       		.byte	0
 549 0013 02       		.uleb128 0x2
 550 0014 24       		.uleb128 0x24
 551 0015 00       		.byte	0
 552 0016 0B       		.uleb128 0xb
 553 0017 0B       		.uleb128 0xb
 554 0018 3E       		.uleb128 0x3e
 555 0019 0B       		.uleb128 0xb
 556 001a 03       		.uleb128 0x3
 557 001b 0E       		.uleb128 0xe
 558 001c 00       		.byte	0
 559 001d 00       		.byte	0
 560 001e 03       		.uleb128 0x3
 561 001f 16       		.uleb128 0x16
 562 0020 00       		.byte	0
 563 0021 03       		.uleb128 0x3
 564 0022 0E       		.uleb128 0xe
 565 0023 3A       		.uleb128 0x3a
 566 0024 0B       		.uleb128 0xb
 567 0025 3B       		.uleb128 0x3b
 568 0026 0B       		.uleb128 0xb
 569 0027 49       		.uleb128 0x49
 570 0028 13       		.uleb128 0x13
 571 0029 00       		.byte	0
 572 002a 00       		.byte	0
 573 002b 04       		.uleb128 0x4
 574 002c 24       		.uleb128 0x24
 575 002d 00       		.byte	0
 576 002e 0B       		.uleb128 0xb
 577 002f 0B       		.uleb128 0xb
 578 0030 3E       		.uleb128 0x3e
 579 0031 0B       		.uleb128 0xb
 580 0032 03       		.uleb128 0x3
 581 0033 08       		.uleb128 0x8
 582 0034 00       		.byte	0
 583 0035 00       		.byte	0
 584 0036 05       		.uleb128 0x5
 585 0037 13       		.uleb128 0x13
 586 0038 01       		.byte	0x1
 587 0039 0B       		.uleb128 0xb
 588 003a 0B       		.uleb128 0xb
 589 003b 3A       		.uleb128 0x3a
ARM GAS  C:\Users\Javier\AppData\Local\Temp\ccwvrcka.s 			page 13


 590 003c 0B       		.uleb128 0xb
 591 003d 3B       		.uleb128 0x3b
 592 003e 0B       		.uleb128 0xb
 593 003f 01       		.uleb128 0x1
 594 0040 13       		.uleb128 0x13
 595 0041 00       		.byte	0
 596 0042 00       		.byte	0
 597 0043 06       		.uleb128 0x6
 598 0044 0D       		.uleb128 0xd
 599 0045 00       		.byte	0
 600 0046 03       		.uleb128 0x3
 601 0047 08       		.uleb128 0x8
 602 0048 3A       		.uleb128 0x3a
 603 0049 0B       		.uleb128 0xb
 604 004a 3B       		.uleb128 0x3b
 605 004b 0B       		.uleb128 0xb
 606 004c 49       		.uleb128 0x49
 607 004d 13       		.uleb128 0x13
 608 004e 38       		.uleb128 0x38
 609 004f 0B       		.uleb128 0xb
 610 0050 00       		.byte	0
 611 0051 00       		.byte	0
 612 0052 07       		.uleb128 0x7
 613 0053 0D       		.uleb128 0xd
 614 0054 00       		.byte	0
 615 0055 03       		.uleb128 0x3
 616 0056 0E       		.uleb128 0xe
 617 0057 3A       		.uleb128 0x3a
 618 0058 0B       		.uleb128 0xb
 619 0059 3B       		.uleb128 0x3b
 620 005a 0B       		.uleb128 0xb
 621 005b 49       		.uleb128 0x49
 622 005c 13       		.uleb128 0x13
 623 005d 38       		.uleb128 0x38
 624 005e 0B       		.uleb128 0xb
 625 005f 00       		.byte	0
 626 0060 00       		.byte	0
 627 0061 08       		.uleb128 0x8
 628 0062 01       		.uleb128 0x1
 629 0063 01       		.byte	0x1
 630 0064 49       		.uleb128 0x49
 631 0065 13       		.uleb128 0x13
 632 0066 01       		.uleb128 0x1
 633 0067 13       		.uleb128 0x13
 634 0068 00       		.byte	0
 635 0069 00       		.byte	0
 636 006a 09       		.uleb128 0x9
 637 006b 21       		.uleb128 0x21
 638 006c 00       		.byte	0
 639 006d 49       		.uleb128 0x49
 640 006e 13       		.uleb128 0x13
 641 006f 2F       		.uleb128 0x2f
 642 0070 0B       		.uleb128 0xb
 643 0071 00       		.byte	0
 644 0072 00       		.byte	0
 645 0073 0A       		.uleb128 0xa
 646 0074 04       		.uleb128 0x4
ARM GAS  C:\Users\Javier\AppData\Local\Temp\ccwvrcka.s 			page 14


 647 0075 01       		.byte	0x1
 648 0076 0B       		.uleb128 0xb
 649 0077 0B       		.uleb128 0xb
 650 0078 3A       		.uleb128 0x3a
 651 0079 0B       		.uleb128 0xb
 652 007a 3B       		.uleb128 0x3b
 653 007b 0B       		.uleb128 0xb
 654 007c 01       		.uleb128 0x1
 655 007d 13       		.uleb128 0x13
 656 007e 00       		.byte	0
 657 007f 00       		.byte	0
 658 0080 0B       		.uleb128 0xb
 659 0081 28       		.uleb128 0x28
 660 0082 00       		.byte	0
 661 0083 03       		.uleb128 0x3
 662 0084 0E       		.uleb128 0xe
 663 0085 1C       		.uleb128 0x1c
 664 0086 0D       		.uleb128 0xd
 665 0087 00       		.byte	0
 666 0088 00       		.byte	0
 667 0089 0C       		.uleb128 0xc
 668 008a 28       		.uleb128 0x28
 669 008b 00       		.byte	0
 670 008c 03       		.uleb128 0x3
 671 008d 08       		.uleb128 0x8
 672 008e 1C       		.uleb128 0x1c
 673 008f 0D       		.uleb128 0xd
 674 0090 00       		.byte	0
 675 0091 00       		.byte	0
 676 0092 0D       		.uleb128 0xd
 677 0093 2E       		.uleb128 0x2e
 678 0094 01       		.byte	0x1
 679 0095 3F       		.uleb128 0x3f
 680 0096 19       		.uleb128 0x19
 681 0097 03       		.uleb128 0x3
 682 0098 0E       		.uleb128 0xe
 683 0099 3A       		.uleb128 0x3a
 684 009a 0B       		.uleb128 0xb
 685 009b 3B       		.uleb128 0x3b
 686 009c 0B       		.uleb128 0xb
 687 009d 27       		.uleb128 0x27
 688 009e 19       		.uleb128 0x19
 689 009f 49       		.uleb128 0x49
 690 00a0 13       		.uleb128 0x13
 691 00a1 11       		.uleb128 0x11
 692 00a2 01       		.uleb128 0x1
 693 00a3 12       		.uleb128 0x12
 694 00a4 06       		.uleb128 0x6
 695 00a5 40       		.uleb128 0x40
 696 00a6 18       		.uleb128 0x18
 697 00a7 9742     		.uleb128 0x2117
 698 00a9 19       		.uleb128 0x19
 699 00aa 01       		.uleb128 0x1
 700 00ab 13       		.uleb128 0x13
 701 00ac 00       		.byte	0
 702 00ad 00       		.byte	0
 703 00ae 0E       		.uleb128 0xe
ARM GAS  C:\Users\Javier\AppData\Local\Temp\ccwvrcka.s 			page 15


 704 00af 05       		.uleb128 0x5
 705 00b0 00       		.byte	0
 706 00b1 03       		.uleb128 0x3
 707 00b2 0E       		.uleb128 0xe
 708 00b3 3A       		.uleb128 0x3a
 709 00b4 0B       		.uleb128 0xb
 710 00b5 3B       		.uleb128 0x3b
 711 00b6 0B       		.uleb128 0xb
 712 00b7 49       		.uleb128 0x49
 713 00b8 13       		.uleb128 0x13
 714 00b9 02       		.uleb128 0x2
 715 00ba 17       		.uleb128 0x17
 716 00bb 00       		.byte	0
 717 00bc 00       		.byte	0
 718 00bd 0F       		.uleb128 0xf
 719 00be 34       		.uleb128 0x34
 720 00bf 00       		.byte	0
 721 00c0 03       		.uleb128 0x3
 722 00c1 0E       		.uleb128 0xe
 723 00c2 3A       		.uleb128 0x3a
 724 00c3 0B       		.uleb128 0xb
 725 00c4 3B       		.uleb128 0x3b
 726 00c5 0B       		.uleb128 0xb
 727 00c6 49       		.uleb128 0x49
 728 00c7 13       		.uleb128 0x13
 729 00c8 3F       		.uleb128 0x3f
 730 00c9 19       		.uleb128 0x19
 731 00ca 02       		.uleb128 0x2
 732 00cb 18       		.uleb128 0x18
 733 00cc 00       		.byte	0
 734 00cd 00       		.byte	0
 735 00ce 10       		.uleb128 0x10
 736 00cf 0F       		.uleb128 0xf
 737 00d0 00       		.byte	0
 738 00d1 0B       		.uleb128 0xb
 739 00d2 0B       		.uleb128 0xb
 740 00d3 49       		.uleb128 0x49
 741 00d4 13       		.uleb128 0x13
 742 00d5 00       		.byte	0
 743 00d6 00       		.byte	0
 744 00d7 00       		.byte	0
 745              		.section	.debug_loc,"",%progbits
 746              	.Ldebug_loc0:
 747              	.LLST0:
 748 0000 00000000 		.4byte	.LVL0
 749 0004 0E000000 		.4byte	.LVL1
 750 0008 0100     		.2byte	0x1
 751 000a 50       		.byte	0x50
 752 000b 0E000000 		.4byte	.LVL1
 753 000f 4A000000 		.4byte	.LVL2
 754 0013 0400     		.2byte	0x4
 755 0015 F3       		.byte	0xf3
 756 0016 01       		.uleb128 0x1
 757 0017 50       		.byte	0x50
 758 0018 9F       		.byte	0x9f
 759 0019 4A000000 		.4byte	.LVL2
 760 001d 52000000 		.4byte	.LVL3
ARM GAS  C:\Users\Javier\AppData\Local\Temp\ccwvrcka.s 			page 16


 761 0021 0100     		.2byte	0x1
 762 0023 50       		.byte	0x50
 763 0024 52000000 		.4byte	.LVL3
 764 0028 5A000000 		.4byte	.LVL4
 765 002c 0100     		.2byte	0x1
 766 002e 53       		.byte	0x53
 767 002f 5A000000 		.4byte	.LVL4
 768 0033 7E000000 		.4byte	.LVL5
 769 0037 0400     		.2byte	0x4
 770 0039 F3       		.byte	0xf3
 771 003a 01       		.uleb128 0x1
 772 003b 50       		.byte	0x50
 773 003c 9F       		.byte	0x9f
 774 003d 7E000000 		.4byte	.LVL5
 775 0041 80000000 		.4byte	.LVL6
 776 0045 0100     		.2byte	0x1
 777 0047 50       		.byte	0x50
 778 0048 80000000 		.4byte	.LVL6
 779 004c 82000000 		.4byte	.LVL7
 780 0050 0100     		.2byte	0x1
 781 0052 53       		.byte	0x53
 782 0053 82000000 		.4byte	.LVL7
 783 0057 90000000 		.4byte	.LFE34
 784 005b 0400     		.2byte	0x4
 785 005d F3       		.byte	0xf3
 786 005e 01       		.uleb128 0x1
 787 005f 50       		.byte	0x50
 788 0060 9F       		.byte	0x9f
 789 0061 00000000 		.4byte	0
 790 0065 00000000 		.4byte	0
 791              		.section	.debug_aranges,"",%progbits
 792 0000 1C000000 		.4byte	0x1c
 793 0004 0200     		.2byte	0x2
 794 0006 00000000 		.4byte	.Ldebug_info0
 795 000a 04       		.byte	0x4
 796 000b 00       		.byte	0
 797 000c 0000     		.2byte	0
 798 000e 0000     		.2byte	0
 799 0010 00000000 		.4byte	.LFB34
 800 0014 90000000 		.4byte	.LFE34-.LFB34
 801 0018 00000000 		.4byte	0
 802 001c 00000000 		.4byte	0
 803              		.section	.debug_ranges,"",%progbits
 804              	.Ldebug_ranges0:
 805 0000 00000000 		.4byte	.LFB34
 806 0004 90000000 		.4byte	.LFE34
 807 0008 00000000 		.4byte	0
 808 000c 00000000 		.4byte	0
 809              		.section	.debug_line,"",%progbits
 810              	.Ldebug_line0:
 811 0000 72010000 		.section	.debug_str,"MS",%progbits,1
 811      02003C01 
 811      00000201 
 811      FB0E0D00 
 811      01010101 
 812              	.LASF20:
 813 0000 7365745F 		.ascii	"set_c\000"
ARM GAS  C:\Users\Javier\AppData\Local\Temp\ccwvrcka.s 			page 17


 813      6300
 814              	.LASF39:
 815 0006 6E6F726D 		.ascii	"normal_context\000"
 815      616C5F63 
 815      6F6E7465 
 815      787400
 816              	.LASF9:
 817 0015 5F5F7569 		.ascii	"__uint8_t\000"
 817      6E74385F 
 817      7400
 818              	.LASF32:
 819 001f 6A6D705F 		.ascii	"jmp_add\000"
 819      61646400 
 820              	.LASF34:
 821 0027 61636375 		.ascii	"accumulator\000"
 821      6D756C61 
 821      746F7200 
 822              	.LASF44:
 823 0033 2E5C676E 		.ascii	".\\gnome_inst_decoder.c\000"
 823      6F6D655F 
 823      696E7374 
 823      5F646563 
 823      6F646572 
 824              	.LASF45:
 825 004a 433A5C55 		.ascii	"C:\\Users\\Javier\\Documents\\PSoC Creator\\gnome_w"
 825      73657273 
 825      5C4A6176 
 825      6965725C 
 825      446F6375 
 826 0078 6F726B73 		.ascii	"orkspace\\gnome_psoc4.cydsn\000"
 826      70616365 
 826      5C676E6F 
 826      6D655F70 
 826      736F6334 
 827              	.LASF3:
 828 0093 73686F72 		.ascii	"short unsigned int\000"
 828      7420756E 
 828      7369676E 
 828      65642069 
 828      6E7400
 829              	.LASF27:
 830 00a6 73746F72 		.ascii	"store_rd\000"
 830      655F7264 
 830      00
 831              	.LASF36:
 832 00af 73746163 		.ascii	"stack\000"
 832      6B00
 833              	.LASF11:
 834 00b5 666C6F61 		.ascii	"float\000"
 834      7400
 835              	.LASF16:
 836 00bb 64617461 		.ascii	"data\000"
 836      00
 837              	.LASF23:
 838 00c0 70757368 		.ascii	"push\000"
 838      00
 839              	.LASF1:
ARM GAS  C:\Users\Javier\AppData\Local\Temp\ccwvrcka.s 			page 18


 840 00c5 756E7369 		.ascii	"unsigned char\000"
 840      676E6564 
 840      20636861 
 840      7200
 841              	.LASF29:
 842 00d3 6164645F 		.ascii	"add_rd\000"
 842      726400
 843              	.LASF26:
 844 00da 6164645F 		.ascii	"add_d\000"
 844      6400
 845              	.LASF18:
 846 00e0 696E645F 		.ascii	"ind_addr_reg_t\000"
 846      61646472 
 846      5F726567 
 846      5F7400
 847              	.LASF37:
 848 00ef 696E645F 		.ascii	"ind_addr_reg\000"
 848      61646472 
 848      5F726567 
 848      00
 849              	.LASF40:
 850 00fc 69745F63 		.ascii	"it_context\000"
 850      6F6E7465 
 850      787400
 851              	.LASF12:
 852 0107 646F7562 		.ascii	"double\000"
 852      6C6500
 853              	.LASF25:
 854 010e 6C6F6164 		.ascii	"load_d\000"
 854      5F6400
 855              	.LASF47:
 856 0115 636F6465 		.ascii	"code\000"
 856      00
 857              	.LASF41:
 858 011a 63757272 		.ascii	"current_context\000"
 858      656E745F 
 858      636F6E74 
 858      65787400 
 859              	.LASF5:
 860 012a 6C6F6E67 		.ascii	"long unsigned int\000"
 860      20756E73 
 860      69676E65 
 860      6420696E 
 860      7400
 861              	.LASF8:
 862 013c 756E7369 		.ascii	"unsigned int\000"
 862      676E6564 
 862      20696E74 
 862      00
 863              	.LASF35:
 864 0149 666C6167 		.ascii	"flags\000"
 864      7300
 865              	.LASF30:
 866 014f 786F725F 		.ascii	"xor_rd\000"
 866      726400
 867              	.LASF21:
 868 0156 736B6970 		.ascii	"skip_c\000"
ARM GAS  C:\Users\Javier\AppData\Local\Temp\ccwvrcka.s 			page 19


 868      5F6300
 869              	.LASF7:
 870 015d 6C6F6E67 		.ascii	"long long unsigned int\000"
 870      206C6F6E 
 870      6720756E 
 870      7369676E 
 870      65642069 
 871              	.LASF10:
 872 0174 75696E74 		.ascii	"uint8_t\000"
 872      385F7400 
 873              	.LASF19:
 874 017c 636C6561 		.ascii	"clear_c\000"
 874      725F6300 
 875              	.LASF24:
 876 0184 6272616E 		.ascii	"branch\000"
 876      636800
 877              	.LASF28:
 878 018b 6C6F6164 		.ascii	"load_rd\000"
 878      5F726400 
 879              	.LASF14:
 880 0193 73697A65 		.ascii	"sizetype\000"
 880      74797065 
 880      00
 881              	.LASF43:
 882 019c 474E5520 		.ascii	"GNU C 4.9.3 20150303 (release) [ARM/embedded-4_9-br"
 882      4320342E 
 882      392E3320 
 882      32303135 
 882      30333033 
 883 01cf 616E6368 		.ascii	"anch revision 221220] -mcpu=cortex-m0 -mthumb -g -O"
 883      20726576 
 883      6973696F 
 883      6E203232 
 883      31323230 
 884 0202 67202D66 		.ascii	"g -ffunction-sections -ffat-lto-objects\000"
 884      66756E63 
 884      74696F6E 
 884      2D736563 
 884      74696F6E 
 885              	.LASF6:
 886 022a 6C6F6E67 		.ascii	"long long int\000"
 886      206C6F6E 
 886      6720696E 
 886      7400
 887              	.LASF33:
 888 0238 696E7374 		.ascii	"inst_enum\000"
 888      5F656E75 
 888      6D00
 889              	.LASF15:
 890 0242 666C6167 		.ascii	"flags_t\000"
 890      735F7400 
 891              	.LASF22:
 892 024a 736B6970 		.ascii	"skip_z\000"
 892      5F7A00
 893              	.LASF31:
 894 0251 616E645F 		.ascii	"and_rd\000"
 894      726400
ARM GAS  C:\Users\Javier\AppData\Local\Temp\ccwvrcka.s 			page 20


 895              	.LASF2:
 896 0258 73686F72 		.ascii	"short int\000"
 896      7420696E 
 896      7400
 897              	.LASF17:
 898 0262 73746163 		.ascii	"stack_t\000"
 898      6B5F7400 
 899              	.LASF42:
 900 026a 72656769 		.ascii	"registers\000"
 900      73746572 
 900      7300
 901              	.LASF38:
 902 0274 636F6E74 		.ascii	"context_t\000"
 902      6578745F 
 902      7400
 903              	.LASF4:
 904 027e 6C6F6E67 		.ascii	"long int\000"
 904      20696E74 
 904      00
 905              	.LASF13:
 906 0287 63686172 		.ascii	"char\000"
 906      00
 907              	.LASF0:
 908 028c 7369676E 		.ascii	"signed char\000"
 908      65642063 
 908      68617200 
 909              	.LASF46:
 910 0298 6465636F 		.ascii	"decodeInstruction\000"
 910      6465496E 
 910      73747275 
 910      6374696F 
 910      6E00
 911              		.ident	"GCC: (GNU Tools for ARM Embedded Processors) 4.9.3 20150303 (release) [ARM/embedded-4_9-br
