ARM GAS  C:\Users\Javier\AppData\Local\Temp\ccE1qUbN.s 			page 1


   1              		.cpu cortex-m0
   2              		.fpu softvfp
   3              		.eabi_attribute 20, 1
   4              		.eabi_attribute 21, 1
   5              		.eabi_attribute 23, 3
   6              		.eabi_attribute 24, 1
   7              		.eabi_attribute 25, 1
   8              		.eabi_attribute 26, 1
   9              		.eabi_attribute 30, 1
  10              		.eabi_attribute 34, 0
  11              		.eabi_attribute 18, 4
  12              		.code	16
  13              		.file	"main.c"
  14              		.text
  15              	.Ltext0:
  16              		.cfi_sections	.debug_frame
  17              		.section	.text.main,"ax",%progbits
  18              		.align	2
  19              		.global	main
  20              		.code	16
  21              		.thumb_func
  22              		.type	main, %function
  23              	main:
  24              	.LFB34:
  25              		.file 1 ".\\main.c"
   1:.\main.c      **** /* ========================================
   2:.\main.c      ****  *
   3:.\main.c      ****  * Copyright YOUR COMPANY, THE YEAR
   4:.\main.c      ****  * All Rights Reserved
   5:.\main.c      ****  * UNPUBLISHED, LICENSED SOFTWARE.
   6:.\main.c      ****  *
   7:.\main.c      ****  * CONFIDENTIAL AND PROPRIETARY INFORMATION
   8:.\main.c      ****  * WHICH IS THE PROPERTY OF your company.
   9:.\main.c      ****  *
  10:.\main.c      ****  * ========================================
  11:.\main.c      **** */
  12:.\main.c      **** #include <project.h>
  13:.\main.c      **** #include "gnome.h"
  14:.\main.c      **** int main()
  15:.\main.c      **** {
  26              		.loc 1 15 0
  27              		.cfi_startproc
  28 0000 08B5     		push	{r3, lr}
  29              		.cfi_def_cfa_offset 8
  30              		.cfi_offset 3, -8
  31              		.cfi_offset 14, -4
  16:.\main.c      ****     CyGlobalIntEnable; /* Enable global interrupts. */
  32              		.loc 1 16 0
  33              	@ 16 ".\main.c" 1
  34 0002 62B6     		CPSIE   i
  35              	@ 0 "" 2
  17:.\main.c      **** 
  18:.\main.c      ****     /* Place your initialization/startup code here (e.g. MyInst_Start()) */
  19:.\main.c      ****     gnome_start();
  36              		.loc 1 19 0
  37              		.code	16
  38 0004 FFF7FEFF 		bl	gnome_start
ARM GAS  C:\Users\Javier\AppData\Local\Temp\ccE1qUbN.s 			page 2


  39              	.LVL0:
  40              	.L2:
  20:.\main.c      ****     
  21:.\main.c      ****     for(;;)
  22:.\main.c      ****     {
  23:.\main.c      ****         /* Place your application code here. */
  24:.\main.c      ****     }
  41              		.loc 1 24 0 discriminator 1
  42 0008 FEE7     		b	.L2
  43              		.cfi_endproc
  44              	.LFE34:
  45              		.size	main, .-main
  46              		.comm	registers,16,4
  47              		.comm	current_context,4,4
  48              		.comm	it_context,11,4
  49              		.comm	normal_context,11,4
  50 000a C046     		.text
  51              	.Letext0:
  52              		.file 2 "c:\\program files (x86)\\cypress\\psoc creator\\3.3\\psoc creator\\import\\gnu\\arm\\4.9.
  53              		.file 3 "c:\\program files (x86)\\cypress\\psoc creator\\3.3\\psoc creator\\import\\gnu\\arm\\4.9.
  54              		.file 4 ".\\gnome_registers.h"
  55              		.file 5 ".\\gnome.h"
  56              		.section	.debug_info,"",%progbits
  57              	.Ldebug_info0:
  58 0000 FF010000 		.4byte	0x1ff
  59 0004 0400     		.2byte	0x4
  60 0006 00000000 		.4byte	.Ldebug_abbrev0
  61 000a 04       		.byte	0x4
  62 000b 01       		.uleb128 0x1
  63 000c 54010000 		.4byte	.LASF28
  64 0010 01       		.byte	0x1
  65 0011 CE000000 		.4byte	.LASF29
  66 0015 25000000 		.4byte	.LASF30
  67 0019 00000000 		.4byte	.Ldebug_ranges0+0
  68 001d 00000000 		.4byte	0
  69 0021 00000000 		.4byte	.Ldebug_line0
  70 0025 02       		.uleb128 0x2
  71 0026 01       		.byte	0x1
  72 0027 06       		.byte	0x6
  73 0028 11020000 		.4byte	.LASF0
  74 002c 03       		.uleb128 0x3
  75 002d 0F000000 		.4byte	.LASF9
  76 0031 02       		.byte	0x2
  77 0032 1D       		.byte	0x1d
  78 0033 37000000 		.4byte	0x37
  79 0037 02       		.uleb128 0x2
  80 0038 01       		.byte	0x1
  81 0039 08       		.byte	0x8
  82 003a 9D000000 		.4byte	.LASF1
  83 003e 02       		.uleb128 0x2
  84 003f 02       		.byte	0x2
  85 0040 05       		.byte	0x5
  86 0041 E2010000 		.4byte	.LASF2
  87 0045 02       		.uleb128 0x2
  88 0046 02       		.byte	0x2
  89 0047 07       		.byte	0x7
  90 0048 6E000000 		.4byte	.LASF3
ARM GAS  C:\Users\Javier\AppData\Local\Temp\ccE1qUbN.s 			page 3


  91 004c 02       		.uleb128 0x2
  92 004d 04       		.byte	0x4
  93 004e 05       		.byte	0x5
  94 004f 08020000 		.4byte	.LASF4
  95 0053 02       		.uleb128 0x2
  96 0054 04       		.byte	0x4
  97 0055 07       		.byte	0x7
  98 0056 EC000000 		.4byte	.LASF5
  99 005a 02       		.uleb128 0x2
 100 005b 08       		.byte	0x8
 101 005c 05       		.byte	0x5
 102 005d 39010000 		.4byte	.LASF6
 103 0061 02       		.uleb128 0x2
 104 0062 08       		.byte	0x8
 105 0063 07       		.byte	0x7
 106 0064 11010000 		.4byte	.LASF7
 107 0068 04       		.uleb128 0x4
 108 0069 04       		.byte	0x4
 109 006a 05       		.byte	0x5
 110 006b 696E7400 		.ascii	"int\000"
 111 006f 02       		.uleb128 0x2
 112 0070 04       		.byte	0x4
 113 0071 07       		.byte	0x7
 114 0072 FE000000 		.4byte	.LASF8
 115 0076 03       		.uleb128 0x3
 116 0077 28010000 		.4byte	.LASF10
 117 007b 03       		.byte	0x3
 118 007c 15       		.byte	0x15
 119 007d 2C000000 		.4byte	0x2c
 120 0081 02       		.uleb128 0x2
 121 0082 04       		.byte	0x4
 122 0083 04       		.byte	0x4
 123 0084 87000000 		.4byte	.LASF11
 124 0088 02       		.uleb128 0x2
 125 0089 08       		.byte	0x8
 126 008a 04       		.byte	0x4
 127 008b C7000000 		.4byte	.LASF12
 128 008f 02       		.uleb128 0x2
 129 0090 01       		.byte	0x1
 130 0091 08       		.byte	0x8
 131 0092 47010000 		.4byte	.LASF13
 132 0096 02       		.uleb128 0x2
 133 0097 04       		.byte	0x4
 134 0098 07       		.byte	0x7
 135 0099 30010000 		.4byte	.LASF14
 136 009d 05       		.uleb128 0x5
 137 009e 02       		.byte	0x2
 138 009f 04       		.byte	0x4
 139 00a0 19       		.byte	0x19
 140 00a1 BA000000 		.4byte	0xba
 141 00a5 06       		.uleb128 0x6
 142 00a6 4300     		.ascii	"C\000"
 143 00a8 04       		.byte	0x4
 144 00a9 1A       		.byte	0x1a
 145 00aa 76000000 		.4byte	0x76
 146 00ae 00       		.byte	0
 147 00af 06       		.uleb128 0x6
ARM GAS  C:\Users\Javier\AppData\Local\Temp\ccE1qUbN.s 			page 4


 148 00b0 5A00     		.ascii	"Z\000"
 149 00b2 04       		.byte	0x4
 150 00b3 1B       		.byte	0x1b
 151 00b4 76000000 		.4byte	0x76
 152 00b8 01       		.byte	0x1
 153 00b9 00       		.byte	0
 154 00ba 03       		.uleb128 0x3
 155 00bb 4C010000 		.4byte	.LASF15
 156 00bf 04       		.byte	0x4
 157 00c0 1C       		.byte	0x1c
 158 00c1 9D000000 		.4byte	0x9d
 159 00c5 05       		.uleb128 0x5
 160 00c6 05       		.byte	0x5
 161 00c7 04       		.byte	0x4
 162 00c8 20       		.byte	0x20
 163 00c9 E6000000 		.4byte	0xe6
 164 00cd 07       		.uleb128 0x7
 165 00ce 8D000000 		.4byte	.LASF16
 166 00d2 04       		.byte	0x4
 167 00d3 21       		.byte	0x21
 168 00d4 E6000000 		.4byte	0xe6
 169 00d8 00       		.byte	0
 170 00d9 06       		.uleb128 0x6
 171 00da 70747200 		.ascii	"ptr\000"
 172 00de 04       		.byte	0x4
 173 00df 22       		.byte	0x22
 174 00e0 76000000 		.4byte	0x76
 175 00e4 04       		.byte	0x4
 176 00e5 00       		.byte	0
 177 00e6 08       		.uleb128 0x8
 178 00e7 76000000 		.4byte	0x76
 179 00eb F6000000 		.4byte	0xf6
 180 00ef 09       		.uleb128 0x9
 181 00f0 96000000 		.4byte	0x96
 182 00f4 03       		.byte	0x3
 183 00f5 00       		.byte	0
 184 00f6 03       		.uleb128 0x3
 185 00f7 EC010000 		.4byte	.LASF17
 186 00fb 04       		.byte	0x4
 187 00fc 23       		.byte	0x23
 188 00fd C5000000 		.4byte	0xc5
 189 0101 05       		.uleb128 0x5
 190 0102 02       		.byte	0x2
 191 0103 04       		.byte	0x4
 192 0104 25       		.byte	0x25
 193 0105 22010000 		.4byte	0x122
 194 0109 07       		.uleb128 0x7
 195 010a 8D000000 		.4byte	.LASF16
 196 010e 04       		.byte	0x4
 197 010f 26       		.byte	0x26
 198 0110 76000000 		.4byte	0x76
 199 0114 00       		.byte	0
 200 0115 06       		.uleb128 0x6
 201 0116 70747200 		.ascii	"ptr\000"
 202 011a 04       		.byte	0x4
 203 011b 27       		.byte	0x27
 204 011c 76000000 		.4byte	0x76
ARM GAS  C:\Users\Javier\AppData\Local\Temp\ccE1qUbN.s 			page 5


 205 0120 01       		.byte	0x1
 206 0121 00       		.byte	0
 207 0122 03       		.uleb128 0x3
 208 0123 AB000000 		.4byte	.LASF18
 209 0127 04       		.byte	0x4
 210 0128 28       		.byte	0x28
 211 0129 01010000 		.4byte	0x101
 212 012d 05       		.uleb128 0x5
 213 012e 0B       		.byte	0xb
 214 012f 04       		.byte	0x4
 215 0130 45       		.byte	0x45
 216 0131 71010000 		.4byte	0x171
 217 0135 07       		.uleb128 0x7
 218 0136 19000000 		.4byte	.LASF19
 219 013a 04       		.byte	0x4
 220 013b 46       		.byte	0x46
 221 013c 76000000 		.4byte	0x76
 222 0140 00       		.byte	0
 223 0141 07       		.uleb128 0x7
 224 0142 0B010000 		.4byte	.LASF20
 225 0146 04       		.byte	0x4
 226 0147 47       		.byte	0x47
 227 0148 BA000000 		.4byte	0xba
 228 014c 01       		.byte	0x1
 229 014d 06       		.uleb128 0x6
 230 014e 504300   		.ascii	"PC\000"
 231 0151 04       		.byte	0x4
 232 0152 48       		.byte	0x48
 233 0153 76000000 		.4byte	0x76
 234 0157 03       		.byte	0x3
 235 0158 07       		.uleb128 0x7
 236 0159 81000000 		.4byte	.LASF21
 237 015d 04       		.byte	0x4
 238 015e 49       		.byte	0x49
 239 015f F6000000 		.4byte	0xf6
 240 0163 04       		.byte	0x4
 241 0164 07       		.uleb128 0x7
 242 0165 BA000000 		.4byte	.LASF22
 243 0169 04       		.byte	0x4
 244 016a 4A       		.byte	0x4a
 245 016b 22010000 		.4byte	0x122
 246 016f 09       		.byte	0x9
 247 0170 00       		.byte	0
 248 0171 03       		.uleb128 0x3
 249 0172 FE010000 		.4byte	.LASF23
 250 0176 04       		.byte	0x4
 251 0177 4B       		.byte	0x4b
 252 0178 2D010000 		.4byte	0x12d
 253 017c 0A       		.uleb128 0xa
 254 017d D7000000 		.4byte	.LASF31
 255 0181 01       		.byte	0x1
 256 0182 0E       		.byte	0xe
 257 0183 68000000 		.4byte	0x68
 258 0187 00000000 		.4byte	.LFB34
 259 018b 0A000000 		.4byte	.LFE34-.LFB34
 260 018f 01       		.uleb128 0x1
 261 0190 9C       		.byte	0x9c
ARM GAS  C:\Users\Javier\AppData\Local\Temp\ccE1qUbN.s 			page 6


 262 0191 9F010000 		.4byte	0x19f
 263 0195 0B       		.uleb128 0xb
 264 0196 08000000 		.4byte	.LVL0
 265 019a F9010000 		.4byte	0x1f9
 266 019e 00       		.byte	0
 267 019f 0C       		.uleb128 0xc
 268 01a0 00000000 		.4byte	.LASF24
 269 01a4 04       		.byte	0x4
 270 01a5 51       		.byte	0x51
 271 01a6 71010000 		.4byte	0x171
 272 01aa 05       		.uleb128 0x5
 273 01ab 03       		.byte	0x3
 274 01ac 00000000 		.4byte	normal_context
 275 01b0 0C       		.uleb128 0xc
 276 01b1 92000000 		.4byte	.LASF25
 277 01b5 04       		.byte	0x4
 278 01b6 52       		.byte	0x52
 279 01b7 71010000 		.4byte	0x171
 280 01bb 05       		.uleb128 0x5
 281 01bc 03       		.byte	0x3
 282 01bd 00000000 		.4byte	it_context
 283 01c1 0C       		.uleb128 0xc
 284 01c2 DC000000 		.4byte	.LASF26
 285 01c6 04       		.byte	0x4
 286 01c7 54       		.byte	0x54
 287 01c8 D2010000 		.4byte	0x1d2
 288 01cc 05       		.uleb128 0x5
 289 01cd 03       		.byte	0x3
 290 01ce 00000000 		.4byte	current_context
 291 01d2 0D       		.uleb128 0xd
 292 01d3 04       		.byte	0x4
 293 01d4 71010000 		.4byte	0x171
 294 01d8 08       		.uleb128 0x8
 295 01d9 76000000 		.4byte	0x76
 296 01dd E8010000 		.4byte	0x1e8
 297 01e1 09       		.uleb128 0x9
 298 01e2 96000000 		.4byte	0x96
 299 01e6 0F       		.byte	0xf
 300 01e7 00       		.byte	0
 301 01e8 0C       		.uleb128 0xc
 302 01e9 F4010000 		.4byte	.LASF27
 303 01ed 04       		.byte	0x4
 304 01ee 56       		.byte	0x56
 305 01ef D8010000 		.4byte	0x1d8
 306 01f3 05       		.uleb128 0x5
 307 01f4 03       		.byte	0x3
 308 01f5 00000000 		.4byte	registers
 309 01f9 0E       		.uleb128 0xe
 310 01fa 1D020000 		.4byte	.LASF32
 311 01fe 05       		.byte	0x5
 312 01ff 13       		.byte	0x13
 313 0200 0F       		.uleb128 0xf
 314 0201 00       		.byte	0
 315 0202 00       		.byte	0
 316              		.section	.debug_abbrev,"",%progbits
 317              	.Ldebug_abbrev0:
 318 0000 01       		.uleb128 0x1
ARM GAS  C:\Users\Javier\AppData\Local\Temp\ccE1qUbN.s 			page 7


 319 0001 11       		.uleb128 0x11
 320 0002 01       		.byte	0x1
 321 0003 25       		.uleb128 0x25
 322 0004 0E       		.uleb128 0xe
 323 0005 13       		.uleb128 0x13
 324 0006 0B       		.uleb128 0xb
 325 0007 03       		.uleb128 0x3
 326 0008 0E       		.uleb128 0xe
 327 0009 1B       		.uleb128 0x1b
 328 000a 0E       		.uleb128 0xe
 329 000b 55       		.uleb128 0x55
 330 000c 17       		.uleb128 0x17
 331 000d 11       		.uleb128 0x11
 332 000e 01       		.uleb128 0x1
 333 000f 10       		.uleb128 0x10
 334 0010 17       		.uleb128 0x17
 335 0011 00       		.byte	0
 336 0012 00       		.byte	0
 337 0013 02       		.uleb128 0x2
 338 0014 24       		.uleb128 0x24
 339 0015 00       		.byte	0
 340 0016 0B       		.uleb128 0xb
 341 0017 0B       		.uleb128 0xb
 342 0018 3E       		.uleb128 0x3e
 343 0019 0B       		.uleb128 0xb
 344 001a 03       		.uleb128 0x3
 345 001b 0E       		.uleb128 0xe
 346 001c 00       		.byte	0
 347 001d 00       		.byte	0
 348 001e 03       		.uleb128 0x3
 349 001f 16       		.uleb128 0x16
 350 0020 00       		.byte	0
 351 0021 03       		.uleb128 0x3
 352 0022 0E       		.uleb128 0xe
 353 0023 3A       		.uleb128 0x3a
 354 0024 0B       		.uleb128 0xb
 355 0025 3B       		.uleb128 0x3b
 356 0026 0B       		.uleb128 0xb
 357 0027 49       		.uleb128 0x49
 358 0028 13       		.uleb128 0x13
 359 0029 00       		.byte	0
 360 002a 00       		.byte	0
 361 002b 04       		.uleb128 0x4
 362 002c 24       		.uleb128 0x24
 363 002d 00       		.byte	0
 364 002e 0B       		.uleb128 0xb
 365 002f 0B       		.uleb128 0xb
 366 0030 3E       		.uleb128 0x3e
 367 0031 0B       		.uleb128 0xb
 368 0032 03       		.uleb128 0x3
 369 0033 08       		.uleb128 0x8
 370 0034 00       		.byte	0
 371 0035 00       		.byte	0
 372 0036 05       		.uleb128 0x5
 373 0037 13       		.uleb128 0x13
 374 0038 01       		.byte	0x1
 375 0039 0B       		.uleb128 0xb
ARM GAS  C:\Users\Javier\AppData\Local\Temp\ccE1qUbN.s 			page 8


 376 003a 0B       		.uleb128 0xb
 377 003b 3A       		.uleb128 0x3a
 378 003c 0B       		.uleb128 0xb
 379 003d 3B       		.uleb128 0x3b
 380 003e 0B       		.uleb128 0xb
 381 003f 01       		.uleb128 0x1
 382 0040 13       		.uleb128 0x13
 383 0041 00       		.byte	0
 384 0042 00       		.byte	0
 385 0043 06       		.uleb128 0x6
 386 0044 0D       		.uleb128 0xd
 387 0045 00       		.byte	0
 388 0046 03       		.uleb128 0x3
 389 0047 08       		.uleb128 0x8
 390 0048 3A       		.uleb128 0x3a
 391 0049 0B       		.uleb128 0xb
 392 004a 3B       		.uleb128 0x3b
 393 004b 0B       		.uleb128 0xb
 394 004c 49       		.uleb128 0x49
 395 004d 13       		.uleb128 0x13
 396 004e 38       		.uleb128 0x38
 397 004f 0B       		.uleb128 0xb
 398 0050 00       		.byte	0
 399 0051 00       		.byte	0
 400 0052 07       		.uleb128 0x7
 401 0053 0D       		.uleb128 0xd
 402 0054 00       		.byte	0
 403 0055 03       		.uleb128 0x3
 404 0056 0E       		.uleb128 0xe
 405 0057 3A       		.uleb128 0x3a
 406 0058 0B       		.uleb128 0xb
 407 0059 3B       		.uleb128 0x3b
 408 005a 0B       		.uleb128 0xb
 409 005b 49       		.uleb128 0x49
 410 005c 13       		.uleb128 0x13
 411 005d 38       		.uleb128 0x38
 412 005e 0B       		.uleb128 0xb
 413 005f 00       		.byte	0
 414 0060 00       		.byte	0
 415 0061 08       		.uleb128 0x8
 416 0062 01       		.uleb128 0x1
 417 0063 01       		.byte	0x1
 418 0064 49       		.uleb128 0x49
 419 0065 13       		.uleb128 0x13
 420 0066 01       		.uleb128 0x1
 421 0067 13       		.uleb128 0x13
 422 0068 00       		.byte	0
 423 0069 00       		.byte	0
 424 006a 09       		.uleb128 0x9
 425 006b 21       		.uleb128 0x21
 426 006c 00       		.byte	0
 427 006d 49       		.uleb128 0x49
 428 006e 13       		.uleb128 0x13
 429 006f 2F       		.uleb128 0x2f
 430 0070 0B       		.uleb128 0xb
 431 0071 00       		.byte	0
 432 0072 00       		.byte	0
ARM GAS  C:\Users\Javier\AppData\Local\Temp\ccE1qUbN.s 			page 9


 433 0073 0A       		.uleb128 0xa
 434 0074 2E       		.uleb128 0x2e
 435 0075 01       		.byte	0x1
 436 0076 3F       		.uleb128 0x3f
 437 0077 19       		.uleb128 0x19
 438 0078 03       		.uleb128 0x3
 439 0079 0E       		.uleb128 0xe
 440 007a 3A       		.uleb128 0x3a
 441 007b 0B       		.uleb128 0xb
 442 007c 3B       		.uleb128 0x3b
 443 007d 0B       		.uleb128 0xb
 444 007e 49       		.uleb128 0x49
 445 007f 13       		.uleb128 0x13
 446 0080 11       		.uleb128 0x11
 447 0081 01       		.uleb128 0x1
 448 0082 12       		.uleb128 0x12
 449 0083 06       		.uleb128 0x6
 450 0084 40       		.uleb128 0x40
 451 0085 18       		.uleb128 0x18
 452 0086 9742     		.uleb128 0x2117
 453 0088 19       		.uleb128 0x19
 454 0089 01       		.uleb128 0x1
 455 008a 13       		.uleb128 0x13
 456 008b 00       		.byte	0
 457 008c 00       		.byte	0
 458 008d 0B       		.uleb128 0xb
 459 008e 898201   		.uleb128 0x4109
 460 0091 00       		.byte	0
 461 0092 11       		.uleb128 0x11
 462 0093 01       		.uleb128 0x1
 463 0094 31       		.uleb128 0x31
 464 0095 13       		.uleb128 0x13
 465 0096 00       		.byte	0
 466 0097 00       		.byte	0
 467 0098 0C       		.uleb128 0xc
 468 0099 34       		.uleb128 0x34
 469 009a 00       		.byte	0
 470 009b 03       		.uleb128 0x3
 471 009c 0E       		.uleb128 0xe
 472 009d 3A       		.uleb128 0x3a
 473 009e 0B       		.uleb128 0xb
 474 009f 3B       		.uleb128 0x3b
 475 00a0 0B       		.uleb128 0xb
 476 00a1 49       		.uleb128 0x49
 477 00a2 13       		.uleb128 0x13
 478 00a3 3F       		.uleb128 0x3f
 479 00a4 19       		.uleb128 0x19
 480 00a5 02       		.uleb128 0x2
 481 00a6 18       		.uleb128 0x18
 482 00a7 00       		.byte	0
 483 00a8 00       		.byte	0
 484 00a9 0D       		.uleb128 0xd
 485 00aa 0F       		.uleb128 0xf
 486 00ab 00       		.byte	0
 487 00ac 0B       		.uleb128 0xb
 488 00ad 0B       		.uleb128 0xb
 489 00ae 49       		.uleb128 0x49
ARM GAS  C:\Users\Javier\AppData\Local\Temp\ccE1qUbN.s 			page 10


 490 00af 13       		.uleb128 0x13
 491 00b0 00       		.byte	0
 492 00b1 00       		.byte	0
 493 00b2 0E       		.uleb128 0xe
 494 00b3 2E       		.uleb128 0x2e
 495 00b4 01       		.byte	0x1
 496 00b5 3F       		.uleb128 0x3f
 497 00b6 19       		.uleb128 0x19
 498 00b7 03       		.uleb128 0x3
 499 00b8 0E       		.uleb128 0xe
 500 00b9 3A       		.uleb128 0x3a
 501 00ba 0B       		.uleb128 0xb
 502 00bb 3B       		.uleb128 0x3b
 503 00bc 0B       		.uleb128 0xb
 504 00bd 3C       		.uleb128 0x3c
 505 00be 19       		.uleb128 0x19
 506 00bf 00       		.byte	0
 507 00c0 00       		.byte	0
 508 00c1 0F       		.uleb128 0xf
 509 00c2 18       		.uleb128 0x18
 510 00c3 00       		.byte	0
 511 00c4 00       		.byte	0
 512 00c5 00       		.byte	0
 513 00c6 00       		.byte	0
 514              		.section	.debug_aranges,"",%progbits
 515 0000 1C000000 		.4byte	0x1c
 516 0004 0200     		.2byte	0x2
 517 0006 00000000 		.4byte	.Ldebug_info0
 518 000a 04       		.byte	0x4
 519 000b 00       		.byte	0
 520 000c 0000     		.2byte	0
 521 000e 0000     		.2byte	0
 522 0010 00000000 		.4byte	.LFB34
 523 0014 0A000000 		.4byte	.LFE34-.LFB34
 524 0018 00000000 		.4byte	0
 525 001c 00000000 		.4byte	0
 526              		.section	.debug_ranges,"",%progbits
 527              	.Ldebug_ranges0:
 528 0000 00000000 		.4byte	.LFB34
 529 0004 0A000000 		.4byte	.LFE34
 530 0008 00000000 		.4byte	0
 531 000c 00000000 		.4byte	0
 532              		.section	.debug_line,"",%progbits
 533              	.Ldebug_line0:
 534 0000 57010000 		.section	.debug_str,"MS",%progbits,1
 534      02003B01 
 534      00000201 
 534      FB0E0D00 
 534      01010101 
 535              	.LASF24:
 536 0000 6E6F726D 		.ascii	"normal_context\000"
 536      616C5F63 
 536      6F6E7465 
 536      787400
 537              	.LASF9:
 538 000f 5F5F7569 		.ascii	"__uint8_t\000"
 538      6E74385F 
ARM GAS  C:\Users\Javier\AppData\Local\Temp\ccE1qUbN.s 			page 11


 538      7400
 539              	.LASF19:
 540 0019 61636375 		.ascii	"accumulator\000"
 540      6D756C61 
 540      746F7200 
 541              	.LASF30:
 542 0025 433A5C55 		.ascii	"C:\\Users\\Javier\\Documents\\PSoC Creator\\gnome_w"
 542      73657273 
 542      5C4A6176 
 542      6965725C 
 542      446F6375 
 543 0053 6F726B73 		.ascii	"orkspace\\gnome_psoc4.cydsn\000"
 543      70616365 
 543      5C676E6F 
 543      6D655F70 
 543      736F6334 
 544              	.LASF3:
 545 006e 73686F72 		.ascii	"short unsigned int\000"
 545      7420756E 
 545      7369676E 
 545      65642069 
 545      6E7400
 546              	.LASF21:
 547 0081 73746163 		.ascii	"stack\000"
 547      6B00
 548              	.LASF11:
 549 0087 666C6F61 		.ascii	"float\000"
 549      7400
 550              	.LASF16:
 551 008d 64617461 		.ascii	"data\000"
 551      00
 552              	.LASF25:
 553 0092 69745F63 		.ascii	"it_context\000"
 553      6F6E7465 
 553      787400
 554              	.LASF1:
 555 009d 756E7369 		.ascii	"unsigned char\000"
 555      676E6564 
 555      20636861 
 555      7200
 556              	.LASF18:
 557 00ab 696E645F 		.ascii	"ind_addr_reg_t\000"
 557      61646472 
 557      5F726567 
 557      5F7400
 558              	.LASF22:
 559 00ba 696E645F 		.ascii	"ind_addr_reg\000"
 559      61646472 
 559      5F726567 
 559      00
 560              	.LASF12:
 561 00c7 646F7562 		.ascii	"double\000"
 561      6C6500
 562              	.LASF29:
 563 00ce 2E5C6D61 		.ascii	".\\main.c\000"
 563      696E2E63 
 563      00
ARM GAS  C:\Users\Javier\AppData\Local\Temp\ccE1qUbN.s 			page 12


 564              	.LASF31:
 565 00d7 6D61696E 		.ascii	"main\000"
 565      00
 566              	.LASF26:
 567 00dc 63757272 		.ascii	"current_context\000"
 567      656E745F 
 567      636F6E74 
 567      65787400 
 568              	.LASF5:
 569 00ec 6C6F6E67 		.ascii	"long unsigned int\000"
 569      20756E73 
 569      69676E65 
 569      6420696E 
 569      7400
 570              	.LASF8:
 571 00fe 756E7369 		.ascii	"unsigned int\000"
 571      676E6564 
 571      20696E74 
 571      00
 572              	.LASF20:
 573 010b 666C6167 		.ascii	"flags\000"
 573      7300
 574              	.LASF7:
 575 0111 6C6F6E67 		.ascii	"long long unsigned int\000"
 575      206C6F6E 
 575      6720756E 
 575      7369676E 
 575      65642069 
 576              	.LASF10:
 577 0128 75696E74 		.ascii	"uint8_t\000"
 577      385F7400 
 578              	.LASF14:
 579 0130 73697A65 		.ascii	"sizetype\000"
 579      74797065 
 579      00
 580              	.LASF6:
 581 0139 6C6F6E67 		.ascii	"long long int\000"
 581      206C6F6E 
 581      6720696E 
 581      7400
 582              	.LASF13:
 583 0147 63686172 		.ascii	"char\000"
 583      00
 584              	.LASF15:
 585 014c 666C6167 		.ascii	"flags_t\000"
 585      735F7400 
 586              	.LASF28:
 587 0154 474E5520 		.ascii	"GNU C 4.9.3 20150303 (release) [ARM/embedded-4_9-br"
 587      4320342E 
 587      392E3320 
 587      32303135 
 587      30333033 
 588 0187 616E6368 		.ascii	"anch revision 221220] -mcpu=cortex-m0 -mthumb -g -O"
 588      20726576 
 588      6973696F 
 588      6E203232 
 588      31323230 
ARM GAS  C:\Users\Javier\AppData\Local\Temp\ccE1qUbN.s 			page 13


 589 01ba 67202D66 		.ascii	"g -ffunction-sections -ffat-lto-objects\000"
 589      66756E63 
 589      74696F6E 
 589      2D736563 
 589      74696F6E 
 590              	.LASF2:
 591 01e2 73686F72 		.ascii	"short int\000"
 591      7420696E 
 591      7400
 592              	.LASF17:
 593 01ec 73746163 		.ascii	"stack_t\000"
 593      6B5F7400 
 594              	.LASF27:
 595 01f4 72656769 		.ascii	"registers\000"
 595      73746572 
 595      7300
 596              	.LASF23:
 597 01fe 636F6E74 		.ascii	"context_t\000"
 597      6578745F 
 597      7400
 598              	.LASF4:
 599 0208 6C6F6E67 		.ascii	"long int\000"
 599      20696E74 
 599      00
 600              	.LASF0:
 601 0211 7369676E 		.ascii	"signed char\000"
 601      65642063 
 601      68617200 
 602              	.LASF32:
 603 021d 676E6F6D 		.ascii	"gnome_start\000"
 603      655F7374 
 603      61727400 
 604              		.ident	"GCC: (GNU Tools for ARM Embedded Processors) 4.9.3 20150303 (release) [ARM/embedded-4_9-br
