ARM GAS  C:\Users\Javier\AppData\Local\Temp\cchQL9Vi.s 			page 1


   1              		.syntax unified
   2              		.cpu cortex-m3
   3              		.fpu softvfp
   4              		.eabi_attribute 20, 1
   5              		.eabi_attribute 21, 1
   6              		.eabi_attribute 23, 3
   7              		.eabi_attribute 24, 1
   8              		.eabi_attribute 25, 1
   9              		.eabi_attribute 26, 1
  10              		.eabi_attribute 30, 1
  11              		.eabi_attribute 34, 1
  12              		.eabi_attribute 18, 4
  13              		.thumb
  14              		.file	"gnome.c"
  15              		.text
  16              	.Ltext0:
  17              		.cfi_sections	.debug_frame
  18              		.section	.text.gnome_switch_clk,"ax",%progbits
  19              		.align	2
  20              		.global	gnome_switch_clk
  21              		.thumb
  22              		.thumb_func
  23              		.type	gnome_switch_clk, %function
  24              	gnome_switch_clk:
  25              	.LFB63:
  26              		.file 1 ".\\gnome.c"
   1:.\gnome.c     **** /* ========================================
   2:.\gnome.c     ****  *
   3:.\gnome.c     ****  * Copyright YOUR COMPANY, THE YEAR
   4:.\gnome.c     ****  * All Rights Reserved
   5:.\gnome.c     ****  * UNPUBLISHED, LICENSED SOFTWARE.
   6:.\gnome.c     ****  *
   7:.\gnome.c     ****  * CONFIDENTIAL AND PROPRIETARY INFORMATION
   8:.\gnome.c     ****  * WHICH IS THE PROPERTY OF your company.
   9:.\gnome.c     ****  *
  10:.\gnome.c     ****  * ========================================
  11:.\gnome.c     **** */
  12:.\gnome.c     **** 
  13:.\gnome.c     **** #include "gnome.h"
  14:.\gnome.c     **** #include "gnome_config.h"
  15:.\gnome.c     **** #include "gnome_inst_decoder.h"
  16:.\gnome.c     **** #include "gnome_execute.h"
  17:.\gnome.c     **** #include "gnome_memory.h"
  18:.\gnome.c     **** #include "gnome_lcd.h"
  19:.\gnome.c     **** #include "gnome_debug.h"
  20:.\gnome.c     **** #include "gnome_it.h"
  21:.\gnome.c     **** 
  22:.\gnome.c     **** void gnome_switch_clk() {
  27              		.loc 1 22 0
  28              		.cfi_startproc
  29              		@ args = 0, pretend = 0, frame = 0
  30              		@ frame_needed = 0, uses_anonymous_args = 0
  31              		@ link register save eliminated.
  32 0000 7047     		bx	lr
  33              		.cfi_endproc
  34              	.LFE63:
  35              		.size	gnome_switch_clk, .-gnome_switch_clk
ARM GAS  C:\Users\Javier\AppData\Local\Temp\cchQL9Vi.s 			page 2


  36 0002 00BF     		.section	.text.gnome_assert_reset,"ax",%progbits
  37              		.align	2
  38              		.global	gnome_assert_reset
  39              		.thumb
  40              		.thumb_func
  41              		.type	gnome_assert_reset, %function
  42              	gnome_assert_reset:
  43              	.LFB64:
  23:.\gnome.c     ****     #ifndef GNOME_VIA1_GNOME_CLK_OPT_OUT 
  24:.\gnome.c     ****         // Set CLK pointer
  25:.\gnome.c     ****         reg8 *clk = GNOME_VIA1_GNOME_CLK_ADDR;
  26:.\gnome.c     ****         *clk = !*clk;
  27:.\gnome.c     ****     #endif
  28:.\gnome.c     ****     #ifndef GNOME_VIA2_GNOME_CLK_OPT_OUT 
  29:.\gnome.c     ****         #if GNOME_VIA2_ACTIVE
  30:.\gnome.c     ****         // Set CLK pointer
  31:.\gnome.c     ****         reg8 *clk = GNOME_VIA2_GNOME_CLK_ADDR;
  32:.\gnome.c     ****         *clk = !*clk;
  33:.\gnome.c     ****         #endif
  34:.\gnome.c     ****     #endif
  35:.\gnome.c     **** }
  36:.\gnome.c     **** 
  37:.\gnome.c     **** void gnome_assert_reset() {
  44              		.loc 1 37 0
  45              		.cfi_startproc
  46              		@ args = 0, pretend = 0, frame = 0
  47              		@ frame_needed = 0, uses_anonymous_args = 0
  48              		@ link register save eliminated.
  49 0000 7047     		bx	lr
  50              		.cfi_endproc
  51              	.LFE64:
  52              		.size	gnome_assert_reset, .-gnome_assert_reset
  53 0002 00BF     		.section	.text.gnome_power_on_reset,"ax",%progbits
  54              		.align	2
  55              		.global	gnome_power_on_reset
  56              		.thumb
  57              		.thumb_func
  58              		.type	gnome_power_on_reset, %function
  59              	gnome_power_on_reset:
  60              	.LFB65:
  38:.\gnome.c     ****     #ifndef GNOME_VIA1_GNOME_RES_OPT_OUT 
  39:.\gnome.c     ****         // Set CLK pointer
  40:.\gnome.c     ****         *((reg8*)GNOME_VIA1_GNOME_RES_ADDR) = 1;
  41:.\gnome.c     ****         CyDelay(1);
  42:.\gnome.c     ****         *((reg8*)GNOME_VIA1_GNOME_RES_ADDR) = 0;
  43:.\gnome.c     ****     #endif
  44:.\gnome.c     ****     
  45:.\gnome.c     ****     #ifndef GNOME_VIA2_GNOME_RES_OPT_OUT 
  46:.\gnome.c     ****         #if GNOME_VIA2_ACTIVE
  47:.\gnome.c     ****         // Set CLK pointer
  48:.\gnome.c     ****         *((reg8*)GNOME_VIA2_GNOME_RES_ADDR) = 1;
  49:.\gnome.c     ****         CyDelay(1);
  50:.\gnome.c     ****         *((reg8*)GNOME_VIA2_GNOME_RES_ADDR) = 0;
  51:.\gnome.c     ****         #endif
  52:.\gnome.c     ****     #endif
  53:.\gnome.c     **** }
  54:.\gnome.c     **** 
ARM GAS  C:\Users\Javier\AppData\Local\Temp\cchQL9Vi.s 			page 3


  55:.\gnome.c     **** void gnome_power_on_reset() {
  61              		.loc 1 55 0
  62              		.cfi_startproc
  63              		@ args = 0, pretend = 0, frame = 0
  64              		@ frame_needed = 0, uses_anonymous_args = 0
  65              		.loc 1 55 0
  66 0000 10B5     		push	{r4, lr}
  67              		.cfi_def_cfa_offset 8
  68              		.cfi_offset 4, -8
  69              		.cfi_offset 14, -4
  56:.\gnome.c     ****     // Se realiza la lectura de los c贸digos de operacion a ejecutar desde la EEPROM.
  57:.\gnome.c     ****     // Inicializa EEPROM
  58:.\gnome.c     ****     EEPROM_Start();
  70              		.loc 1 58 0
  71 0002 FFF7FEFF 		bl	EEPROM_Start
  72              	.LVL0:
  59:.\gnome.c     ****     
  60:.\gnome.c     ****     // Inicializa contexto normal
  61:.\gnome.c     ****     normal_context.accumulator = 0;
  73              		.loc 1 61 0
  74 0006 1A4A     		ldr	r2, .L11
  75 0008 0023     		movs	r3, #0
  76 000a 1370     		strb	r3, [r2]
  62:.\gnome.c     ****     normal_context.flags.C = 0;
  77              		.loc 1 62 0
  78 000c 5370     		strb	r3, [r2, #1]
  63:.\gnome.c     ****     normal_context.flags.Z = 0;
  79              		.loc 1 63 0
  80 000e 9370     		strb	r3, [r2, #2]
  64:.\gnome.c     ****     normal_context.ind_addr_reg.data = 0;
  81              		.loc 1 64 0
  82 0010 5372     		strb	r3, [r2, #9]
  65:.\gnome.c     ****     normal_context.ind_addr_reg.ptr = 0;
  83              		.loc 1 65 0
  84 0012 9372     		strb	r3, [r2, #10]
  66:.\gnome.c     ****     normal_context.PC = GNOME_RESET_VECTOR;
  85              		.loc 1 66 0
  86 0014 D370     		strb	r3, [r2, #3]
  67:.\gnome.c     ****     normal_context.stack.ptr = 0;
  87              		.loc 1 67 0
  88 0016 1372     		strb	r3, [r2, #8]
  89              	.LVL1:
  68:.\gnome.c     ****     
  69:.\gnome.c     ****     int i = 0;
  70:.\gnome.c     ****     for (i = 0; i < GNOME_STACK_SIZE; i++) {
  90              		.loc 1 70 0
  91 0018 04E0     		b	.L4
  92              	.LVL2:
  93              	.L5:
  71:.\gnome.c     ****         normal_context.stack.data[i] = 0;
  94              		.loc 1 71 0 discriminator 3
  95 001a 154A     		ldr	r2, .L11
  96 001c 1A44     		add	r2, r2, r3
  97 001e 0021     		movs	r1, #0
  98 0020 1171     		strb	r1, [r2, #4]
  70:.\gnome.c     ****         normal_context.stack.data[i] = 0;
  99              		.loc 1 70 0 discriminator 3
ARM GAS  C:\Users\Javier\AppData\Local\Temp\cchQL9Vi.s 			page 4


 100 0022 0133     		adds	r3, r3, #1
 101              	.LVL3:
 102              	.L4:
  70:.\gnome.c     ****         normal_context.stack.data[i] = 0;
 103              		.loc 1 70 0 is_stmt 0 discriminator 1
 104 0024 032B     		cmp	r3, #3
 105 0026 F8DD     		ble	.L5
  72:.\gnome.c     ****     }
  73:.\gnome.c     ****     
  74:.\gnome.c     ****     // Inicializa contexto interrupci贸n
  75:.\gnome.c     ****     it_context.accumulator = 0;
 106              		.loc 1 75 0 is_stmt 1
 107 0028 124A     		ldr	r2, .L11+4
 108 002a 0023     		movs	r3, #0
 109              	.LVL4:
 110 002c 1370     		strb	r3, [r2]
  76:.\gnome.c     ****     it_context.flags.C = 0;
 111              		.loc 1 76 0
 112 002e 5370     		strb	r3, [r2, #1]
  77:.\gnome.c     ****     it_context.flags.Z = 0;
 113              		.loc 1 77 0
 114 0030 9370     		strb	r3, [r2, #2]
  78:.\gnome.c     ****     it_context.ind_addr_reg.data = 0;
 115              		.loc 1 78 0
 116 0032 5372     		strb	r3, [r2, #9]
  79:.\gnome.c     ****     it_context.ind_addr_reg.ptr = 0;
 117              		.loc 1 79 0
 118 0034 9372     		strb	r3, [r2, #10]
  80:.\gnome.c     ****     it_context.PC = GNOME_IT_VECTOR;
 119              		.loc 1 80 0
 120 0036 E021     		movs	r1, #224
 121 0038 D170     		strb	r1, [r2, #3]
  81:.\gnome.c     ****     it_context.stack.ptr = 0;
 122              		.loc 1 81 0
 123 003a 1372     		strb	r3, [r2, #8]
 124              	.LVL5:
  82:.\gnome.c     ****     
  83:.\gnome.c     ****     for (i = 0; i < GNOME_STACK_SIZE; i++) {
 125              		.loc 1 83 0
 126 003c 04E0     		b	.L6
 127              	.LVL6:
 128              	.L7:
  84:.\gnome.c     ****         it_context.stack.data[i] = 0;
 129              		.loc 1 84 0 discriminator 3
 130 003e 0D4A     		ldr	r2, .L11+4
 131 0040 1A44     		add	r2, r2, r3
 132 0042 0021     		movs	r1, #0
 133 0044 1171     		strb	r1, [r2, #4]
  83:.\gnome.c     ****         it_context.stack.data[i] = 0;
 134              		.loc 1 83 0 discriminator 3
 135 0046 0133     		adds	r3, r3, #1
 136              	.LVL7:
 137              	.L6:
  83:.\gnome.c     ****         it_context.stack.data[i] = 0;
 138              		.loc 1 83 0 is_stmt 0 discriminator 1
 139 0048 032B     		cmp	r3, #3
 140 004a F8DD     		ble	.L7
ARM GAS  C:\Users\Javier\AppData\Local\Temp\cchQL9Vi.s 			page 5


  85:.\gnome.c     ****     }
  86:.\gnome.c     ****     
  87:.\gnome.c     ****     // Inicializa puertos de memoria
  88:.\gnome.c     ****     via_state.port0_ptr = 0;
 141              		.loc 1 88 0 is_stmt 1
 142 004c 0A4B     		ldr	r3, .L11+8
 143              	.LVL8:
 144 004e 0024     		movs	r4, #0
 145 0050 5C70     		strb	r4, [r3, #1]
  89:.\gnome.c     ****     via_state.port1_ptr = 0;
 146              		.loc 1 89 0
 147 0052 9C70     		strb	r4, [r3, #2]
  90:.\gnome.c     ****     
  91:.\gnome.c     ****     // Asignamos el contexto de ejecuci贸n
  92:.\gnome.c     ****     current_context = &normal_context;
 148              		.loc 1 92 0
 149 0054 064A     		ldr	r2, .L11
 150 0056 094B     		ldr	r3, .L11+12
 151 0058 1A60     		str	r2, [r3]
 152              	.LVL9:
  93:.\gnome.c     ****     
  94:.\gnome.c     ****     // Carga la memoria de programa desde la EEPROM en RAM
  95:.\gnome.c     ****     for(i = 0; i < 256; i++) {
 153              		.loc 1 95 0
 154 005a 05E0     		b	.L8
 155              	.LVL10:
 156              	.L9:
  96:.\gnome.c     ****         rom[i] = EEPROM_ReadByte(i);
 157              		.loc 1 96 0 discriminator 3
 158 005c A0B2     		uxth	r0, r4
 159 005e FFF7FEFF 		bl	EEPROM_ReadByte
 160              	.LVL11:
 161 0062 074B     		ldr	r3, .L11+16
 162 0064 1855     		strb	r0, [r3, r4]
  95:.\gnome.c     ****         rom[i] = EEPROM_ReadByte(i);
 163              		.loc 1 95 0 discriminator 3
 164 0066 0134     		adds	r4, r4, #1
 165              	.LVL12:
 166              	.L8:
  95:.\gnome.c     ****         rom[i] = EEPROM_ReadByte(i);
 167              		.loc 1 95 0 is_stmt 0 discriminator 1
 168 0068 FF2C     		cmp	r4, #255
 169 006a F7DD     		ble	.L9
  97:.\gnome.c     ****     }
  98:.\gnome.c     ****     
  99:.\gnome.c     ****     gnome_assert_reset();
 100:.\gnome.c     **** }
 170              		.loc 1 100 0 is_stmt 1
 171 006c 10BD     		pop	{r4, pc}
 172              	.LVL13:
 173              	.L12:
 174 006e 00BF     		.align	2
 175              	.L11:
 176 0070 00000000 		.word	normal_context
 177 0074 00000000 		.word	it_context
 178 0078 00000000 		.word	via_state
 179 007c 00000000 		.word	current_context
ARM GAS  C:\Users\Javier\AppData\Local\Temp\cchQL9Vi.s 			page 6


 180 0080 00000000 		.word	rom
 181              		.cfi_endproc
 182              	.LFE65:
 183              		.size	gnome_power_on_reset, .-gnome_power_on_reset
 184              		.section	.text.gnome_start,"ax",%progbits
 185              		.align	2
 186              		.global	gnome_start
 187              		.thumb
 188              		.thumb_func
 189              		.type	gnome_start, %function
 190              	gnome_start:
 191              	.LFB66:
 101:.\gnome.c     **** 
 102:.\gnome.c     **** void gnome_start() {
 192              		.loc 1 102 0
 193              		.cfi_startproc
 194              		@ args = 0, pretend = 0, frame = 0
 195              		@ frame_needed = 0, uses_anonymous_args = 0
 196 0000 10B5     		push	{r4, lr}
 197              		.cfi_def_cfa_offset 8
 198              		.cfi_offset 4, -8
 199              		.cfi_offset 14, -4
 103:.\gnome.c     **** 
 104:.\gnome.c     ****     // Config LCD
 105:.\gnome.c     ****     setup_lcd(&lcd);
 200              		.loc 1 105 0
 201 0002 1048     		ldr	r0, .L16
 202 0004 FFF7FEFF 		bl	setup_lcd
 203              	.LVL14:
 106:.\gnome.c     ****     
 107:.\gnome.c     ****     // Reset del micro
 108:.\gnome.c     ****     gnome_power_on_reset();
 204              		.loc 1 108 0
 205 0008 FFF7FEFF 		bl	gnome_power_on_reset
 206              	.LVL15:
 109:.\gnome.c     ****     
 110:.\gnome.c     ****     // Inicializaci贸n del debugger
 111:.\gnome.c     ****     gnome_debug_init();
 207              		.loc 1 111 0
 208 000c FFF7FEFF 		bl	gnome_debug_init
 209              	.LVL16:
 112:.\gnome.c     ****     
 113:.\gnome.c     ****     // Habilitar interrupciones
 114:.\gnome.c     ****     gnome_it_init();
 210              		.loc 1 114 0
 211 0010 FFF7FEFF 		bl	gnome_it_init
 212              	.LVL17:
 115:.\gnome.c     ****     
 116:.\gnome.c     ****     uint8_t code = 0;
 213              		.loc 1 116 0
 214 0014 0024     		movs	r4, #0
 215              	.LVL18:
 216              	.L14:
 217              	.LBB2:
 117:.\gnome.c     ****     while(1) {
 118:.\gnome.c     ****         
 119:.\gnome.c     ****         gnome_debug_loop(code);
ARM GAS  C:\Users\Javier\AppData\Local\Temp\cchQL9Vi.s 			page 7


 218              		.loc 1 119 0 discriminator 1
 219 0016 2046     		mov	r0, r4
 220 0018 FFF7FEFF 		bl	gnome_debug_loop
 221              	.LVL19:
 120:.\gnome.c     ****         update_lcd(&lcd);
 222              		.loc 1 120 0 discriminator 1
 223 001c 0948     		ldr	r0, .L16
 224 001e FFF7FEFF 		bl	update_lcd
 225              	.LVL20:
 121:.\gnome.c     ****         
 122:.\gnome.c     ****         CyGlobalIntDisable;
 226              		.loc 1 122 0 discriminator 1
 227              	@ 122 ".\gnome.c" 1
 228 0022 72B6     		CPSID   i
 229              	@ 0 "" 2
 123:.\gnome.c     ****         
 124:.\gnome.c     ****         gnome_switch_clk();
 125:.\gnome.c     ****         
 126:.\gnome.c     ****         // Fetch Instruction & Increment PC
 127:.\gnome.c     ****         code = rom[current_context->PC & 0xFF]; 
 230              		.loc 1 127 0 discriminator 1
 231              		.thumb
 232 0024 084B     		ldr	r3, .L16+4
 233 0026 1A68     		ldr	r2, [r3]
 234 0028 D378     		ldrb	r3, [r2, #3]	@ zero_extendqisi2
 235 002a 0849     		ldr	r1, .L16+8
 236 002c CC5C     		ldrb	r4, [r1, r3]	@ zero_extendqisi2
 237              	.LVL21:
 128:.\gnome.c     ****         current_context->PC++;
 238              		.loc 1 128 0 discriminator 1
 239 002e 0133     		adds	r3, r3, #1
 240 0030 D370     		strb	r3, [r2, #3]
 129:.\gnome.c     ****         
 130:.\gnome.c     ****         gnome_switch_clk();
 131:.\gnome.c     ****         gnome_switch_clk();
 132:.\gnome.c     ****         
 133:.\gnome.c     ****         // Decode Instruction
 134:.\gnome.c     ****         inst_enum inst = decodeInstruction(code);
 241              		.loc 1 134 0 discriminator 1
 242 0032 2046     		mov	r0, r4
 243 0034 FFF7FEFF 		bl	decodeInstruction
 244              	.LVL22:
 135:.\gnome.c     ****         
 136:.\gnome.c     ****         gnome_switch_clk();
 137:.\gnome.c     ****         gnome_switch_clk();
 138:.\gnome.c     ****         
 139:.\gnome.c     ****         // Execute instruction
 140:.\gnome.c     ****         exectute(inst, code);
 245              		.loc 1 140 0 discriminator 1
 246 0038 2146     		mov	r1, r4
 247 003a FFF7FEFF 		bl	exectute
 248              	.LVL23:
 141:.\gnome.c     ****         
 142:.\gnome.c     ****         gnome_switch_clk();
 143:.\gnome.c     ****                 
 144:.\gnome.c     ****         // Habilitar interrupciones entre instrucciones
 145:.\gnome.c     ****         CYGlobalIntEnable;
ARM GAS  C:\Users\Javier\AppData\Local\Temp\cchQL9Vi.s 			page 8


 249              		.loc 1 145 0 discriminator 1
 250              	@ 145 ".\gnome.c" 1
 251 003e 62B6     		CPSIE   i
 252              	@ 0 "" 2
 253              		.thumb
 254              	.LBE2:
 146:.\gnome.c     ****     }
 255              		.loc 1 146 0 discriminator 1
 256 0040 E9E7     		b	.L14
 257              	.L17:
 258 0042 00BF     		.align	2
 259              	.L16:
 260 0044 00000000 		.word	lcd
 261 0048 00000000 		.word	current_context
 262 004c 00000000 		.word	rom
 263              		.cfi_endproc
 264              	.LFE66:
 265              		.size	gnome_start, .-gnome_start
 266              		.comm	gnome_console,16,4
 267              		.comm	gnome_debug_state,18,4
 268              		.comm	lcd_update,1,1
 269              		.comm	lcd,134,4
 270              		.comm	via_state,3,4
 271              		.comm	rom,256,4
 272              		.comm	registers,16,4
 273              		.comm	current_context,4,4
 274              		.comm	it_context,11,4
 275              		.comm	normal_context,11,4
 276              		.text
 277              	.Letext0:
 278              		.file 2 "c:\\program files (x86)\\cypress\\psoc creator\\3.3\\psoc creator\\import\\gnu\\arm\\4.9.
 279              		.file 3 "c:\\program files (x86)\\cypress\\psoc creator\\3.3\\psoc creator\\import\\gnu\\arm\\4.9.
 280              		.file 4 "Generated_Source\\PSoC5/cytypes.h"
 281              		.file 5 ".\\gnome_registers.h"
 282              		.file 6 ".\\gnome_memory.h"
 283              		.file 7 ".\\i2cLCD.h"
 284              		.file 8 ".\\gnome_debug.h"
 285              		.file 9 "Generated_Source\\PSoC5/core_cm3.h"
 286              		.file 10 ".\\gnome_lcd.h"
 287              		.file 11 "Generated_Source\\PSoC5/EEPROM.h"
 288              		.file 12 ".\\gnome_inst_decoder.h"
 289              		.file 13 ".\\gnome_execute.h"
 290              		.file 14 ".\\gnome_it.h"
 291              		.section	.debug_info,"",%progbits
 292              	.Ldebug_info0:
 293 0000 27060000 		.4byte	0x627
 294 0004 0400     		.2byte	0x4
 295 0006 00000000 		.4byte	.Ldebug_abbrev0
 296 000a 04       		.byte	0x4
 297 000b 01       		.uleb128 0x1
 298 000c D5000000 		.4byte	.LASF84
 299 0010 01       		.byte	0x1
 300 0011 A3000000 		.4byte	.LASF85
 301 0015 34020000 		.4byte	.LASF86
 302 0019 00000000 		.4byte	.Ldebug_ranges0+0
 303 001d 00000000 		.4byte	0
 304 0021 00000000 		.4byte	.Ldebug_line0
ARM GAS  C:\Users\Javier\AppData\Local\Temp\cchQL9Vi.s 			page 9


 305 0025 02       		.uleb128 0x2
 306 0026 01       		.byte	0x1
 307 0027 06       		.byte	0x6
 308 0028 C1010000 		.4byte	.LASF0
 309 002c 03       		.uleb128 0x3
 310 002d A3040000 		.4byte	.LASF4
 311 0031 02       		.byte	0x2
 312 0032 1D       		.byte	0x1d
 313 0033 37000000 		.4byte	0x37
 314 0037 02       		.uleb128 0x2
 315 0038 01       		.byte	0x1
 316 0039 08       		.byte	0x8
 317 003a D6020000 		.4byte	.LASF1
 318 003e 02       		.uleb128 0x2
 319 003f 02       		.byte	0x2
 320 0040 05       		.byte	0x5
 321 0041 47000000 		.4byte	.LASF2
 322 0045 02       		.uleb128 0x2
 323 0046 02       		.byte	0x2
 324 0047 07       		.byte	0x7
 325 0048 94030000 		.4byte	.LASF3
 326 004c 03       		.uleb128 0x3
 327 004d 1A040000 		.4byte	.LASF5
 328 0051 02       		.byte	0x2
 329 0052 3F       		.byte	0x3f
 330 0053 57000000 		.4byte	0x57
 331 0057 02       		.uleb128 0x2
 332 0058 04       		.byte	0x4
 333 0059 05       		.byte	0x5
 334 005a 6D040000 		.4byte	.LASF6
 335 005e 02       		.uleb128 0x2
 336 005f 04       		.byte	0x4
 337 0060 07       		.byte	0x7
 338 0061 CE030000 		.4byte	.LASF7
 339 0065 02       		.uleb128 0x2
 340 0066 08       		.byte	0x8
 341 0067 05       		.byte	0x5
 342 0068 7E000000 		.4byte	.LASF8
 343 006c 02       		.uleb128 0x2
 344 006d 08       		.byte	0x8
 345 006e 07       		.byte	0x7
 346 006f 08020000 		.4byte	.LASF9
 347 0073 04       		.uleb128 0x4
 348 0074 04       		.byte	0x4
 349 0075 05       		.byte	0x5
 350 0076 696E7400 		.ascii	"int\000"
 351 007a 02       		.uleb128 0x2
 352 007b 04       		.byte	0x4
 353 007c 07       		.byte	0x7
 354 007d 1F030000 		.4byte	.LASF10
 355 0081 03       		.uleb128 0x3
 356 0082 9A010000 		.4byte	.LASF11
 357 0086 03       		.byte	0x3
 358 0087 15       		.byte	0x15
 359 0088 2C000000 		.4byte	0x2c
 360 008c 03       		.uleb128 0x3
 361 008d 8C030000 		.4byte	.LASF12
ARM GAS  C:\Users\Javier\AppData\Local\Temp\cchQL9Vi.s 			page 10


 362 0091 03       		.byte	0x3
 363 0092 2C       		.byte	0x2c
 364 0093 4C000000 		.4byte	0x4c
 365 0097 05       		.uleb128 0x5
 366 0098 AD010000 		.4byte	.LASF13
 367 009c 04       		.byte	0x4
 368 009d 3801     		.2byte	0x138
 369 009f 37000000 		.4byte	0x37
 370 00a3 05       		.uleb128 0x5
 371 00a4 93010000 		.4byte	.LASF14
 372 00a8 04       		.byte	0x4
 373 00a9 3901     		.2byte	0x139
 374 00ab 45000000 		.4byte	0x45
 375 00af 02       		.uleb128 0x2
 376 00b0 04       		.byte	0x4
 377 00b1 04       		.byte	0x4
 378 00b2 D4010000 		.4byte	.LASF15
 379 00b6 02       		.uleb128 0x2
 380 00b7 08       		.byte	0x8
 381 00b8 04       		.byte	0x4
 382 00b9 EA030000 		.4byte	.LASF16
 383 00bd 02       		.uleb128 0x2
 384 00be 01       		.byte	0x1
 385 00bf 08       		.byte	0x8
 386 00c0 74030000 		.4byte	.LASF17
 387 00c4 02       		.uleb128 0x2
 388 00c5 04       		.byte	0x4
 389 00c6 07       		.byte	0x7
 390 00c7 5D040000 		.4byte	.LASF18
 391 00cb 06       		.uleb128 0x6
 392 00cc 81000000 		.4byte	0x81
 393 00d0 07       		.uleb128 0x7
 394 00d1 02       		.byte	0x2
 395 00d2 05       		.byte	0x5
 396 00d3 19       		.byte	0x19
 397 00d4 ED000000 		.4byte	0xed
 398 00d8 08       		.uleb128 0x8
 399 00d9 4300     		.ascii	"C\000"
 400 00db 05       		.byte	0x5
 401 00dc 1A       		.byte	0x1a
 402 00dd 81000000 		.4byte	0x81
 403 00e1 00       		.byte	0
 404 00e2 08       		.uleb128 0x8
 405 00e3 5A00     		.ascii	"Z\000"
 406 00e5 05       		.byte	0x5
 407 00e6 1B       		.byte	0x1b
 408 00e7 81000000 		.4byte	0x81
 409 00eb 01       		.byte	0x1
 410 00ec 00       		.byte	0
 411 00ed 03       		.uleb128 0x3
 412 00ee 3A040000 		.4byte	.LASF19
 413 00f2 05       		.byte	0x5
 414 00f3 1C       		.byte	0x1c
 415 00f4 D0000000 		.4byte	0xd0
 416 00f8 07       		.uleb128 0x7
 417 00f9 05       		.byte	0x5
 418 00fa 05       		.byte	0x5
ARM GAS  C:\Users\Javier\AppData\Local\Temp\cchQL9Vi.s 			page 11


 419 00fb 20       		.byte	0x20
 420 00fc 19010000 		.4byte	0x119
 421 0100 09       		.uleb128 0x9
 422 0101 C2030000 		.4byte	.LASF20
 423 0105 05       		.byte	0x5
 424 0106 21       		.byte	0x21
 425 0107 19010000 		.4byte	0x119
 426 010b 00       		.byte	0
 427 010c 08       		.uleb128 0x8
 428 010d 70747200 		.ascii	"ptr\000"
 429 0111 05       		.byte	0x5
 430 0112 22       		.byte	0x22
 431 0113 81000000 		.4byte	0x81
 432 0117 04       		.byte	0x4
 433 0118 00       		.byte	0
 434 0119 0A       		.uleb128 0xa
 435 011a 81000000 		.4byte	0x81
 436 011e 29010000 		.4byte	0x129
 437 0122 0B       		.uleb128 0xb
 438 0123 C4000000 		.4byte	0xc4
 439 0127 03       		.byte	0x3
 440 0128 00       		.byte	0
 441 0129 03       		.uleb128 0x3
 442 012a 67030000 		.4byte	.LASF21
 443 012e 05       		.byte	0x5
 444 012f 23       		.byte	0x23
 445 0130 F8000000 		.4byte	0xf8
 446 0134 07       		.uleb128 0x7
 447 0135 02       		.byte	0x2
 448 0136 05       		.byte	0x5
 449 0137 25       		.byte	0x25
 450 0138 55010000 		.4byte	0x155
 451 013c 09       		.uleb128 0x9
 452 013d C2030000 		.4byte	.LASF20
 453 0141 05       		.byte	0x5
 454 0142 26       		.byte	0x26
 455 0143 81000000 		.4byte	0x81
 456 0147 00       		.byte	0
 457 0148 08       		.uleb128 0x8
 458 0149 70747200 		.ascii	"ptr\000"
 459 014d 05       		.byte	0x5
 460 014e 27       		.byte	0x27
 461 014f 81000000 		.4byte	0x81
 462 0153 01       		.byte	0x1
 463 0154 00       		.byte	0
 464 0155 03       		.uleb128 0x3
 465 0156 28000000 		.4byte	.LASF22
 466 015a 05       		.byte	0x5
 467 015b 28       		.byte	0x28
 468 015c 34010000 		.4byte	0x134
 469 0160 0C       		.uleb128 0xc
 470 0161 01       		.byte	0x1
 471 0162 05       		.byte	0x5
 472 0163 2C       		.byte	0x2c
 473 0164 E1010000 		.4byte	0x1e1
 474 0168 0D       		.uleb128 0xd
 475 0169 51000000 		.4byte	.LASF23
ARM GAS  C:\Users\Javier\AppData\Local\Temp\cchQL9Vi.s 			page 12


 476 016d 00       		.sleb128 0
 477 016e 0D       		.uleb128 0xd
 478 016f 80020000 		.4byte	.LASF24
 479 0173 01       		.sleb128 1
 480 0174 0D       		.uleb128 0xd
 481 0175 21000000 		.4byte	.LASF25
 482 0179 02       		.sleb128 2
 483 017a 0D       		.uleb128 0xd
 484 017b 77000000 		.4byte	.LASF26
 485 017f 03       		.sleb128 3
 486 0180 0D       		.uleb128 0xd
 487 0181 B3010000 		.4byte	.LASF27
 488 0185 04       		.sleb128 4
 489 0186 0E       		.uleb128 0xe
 490 0187 72747300 		.ascii	"rts\000"
 491 018b 05       		.sleb128 5
 492 018c 0E       		.uleb128 0xe
 493 018d 6A737200 		.ascii	"jsr\000"
 494 0191 06       		.sleb128 6
 495 0192 0E       		.uleb128 0xe
 496 0193 72746900 		.ascii	"rti\000"
 497 0197 07       		.sleb128 7
 498 0198 0D       		.uleb128 0xd
 499 0199 66040000 		.4byte	.LASF28
 500 019d 08       		.sleb128 8
 501 019e 0E       		.uleb128 0xe
 502 019f 726F7200 		.ascii	"ror\000"
 503 01a3 09       		.sleb128 9
 504 01a4 0E       		.uleb128 0xe
 505 01a5 726F6C00 		.ascii	"rol\000"
 506 01a9 0A       		.sleb128 10
 507 01aa 0E       		.uleb128 0xe
 508 01ab 6E6F7000 		.ascii	"nop\000"
 509 01af 0B       		.sleb128 11
 510 01b0 0D       		.uleb128 0xd
 511 01b1 01020000 		.4byte	.LASF29
 512 01b5 0C       		.sleb128 12
 513 01b6 0D       		.uleb128 0xd
 514 01b7 8C000000 		.4byte	.LASF30
 515 01bb 0D       		.sleb128 13
 516 01bc 0D       		.uleb128 0xd
 517 01bd 1F020000 		.4byte	.LASF31
 518 01c1 0E       		.sleb128 14
 519 01c2 0D       		.uleb128 0xd
 520 01c3 49030000 		.4byte	.LASF32
 521 01c7 0F       		.sleb128 15
 522 01c8 0D       		.uleb128 0xd
 523 01c9 CF020000 		.4byte	.LASF33
 524 01cd 10       		.sleb128 16
 525 01ce 0D       		.uleb128 0xd
 526 01cf CD010000 		.4byte	.LASF34
 527 01d3 11       		.sleb128 17
 528 01d4 0D       		.uleb128 0xd
 529 01d5 9C040000 		.4byte	.LASF35
 530 01d9 12       		.sleb128 18
 531 01da 0D       		.uleb128 0xd
 532 01db 0B030000 		.4byte	.LASF36
ARM GAS  C:\Users\Javier\AppData\Local\Temp\cchQL9Vi.s 			page 13


 533 01df 13       		.sleb128 19
 534 01e0 00       		.byte	0
 535 01e1 03       		.uleb128 0x3
 536 01e2 89010000 		.4byte	.LASF37
 537 01e6 05       		.byte	0x5
 538 01e7 41       		.byte	0x41
 539 01e8 60010000 		.4byte	0x160
 540 01ec 07       		.uleb128 0x7
 541 01ed 0B       		.byte	0xb
 542 01ee 05       		.byte	0x5
 543 01ef 45       		.byte	0x45
 544 01f0 30020000 		.4byte	0x230
 545 01f4 09       		.uleb128 0x9
 546 01f5 EB010000 		.4byte	.LASF38
 547 01f9 05       		.byte	0x5
 548 01fa 46       		.byte	0x46
 549 01fb 81000000 		.4byte	0x81
 550 01ff 00       		.byte	0
 551 0200 09       		.uleb128 0x9
 552 0201 F9020000 		.4byte	.LASF39
 553 0205 05       		.byte	0x5
 554 0206 47       		.byte	0x47
 555 0207 ED000000 		.4byte	0xed
 556 020b 01       		.byte	0x1
 557 020c 08       		.uleb128 0x8
 558 020d 504300   		.ascii	"PC\000"
 559 0210 05       		.byte	0x5
 560 0211 48       		.byte	0x48
 561 0212 81000000 		.4byte	0x81
 562 0216 03       		.byte	0x3
 563 0217 09       		.uleb128 0x9
 564 0218 2C030000 		.4byte	.LASF40
 565 021c 05       		.byte	0x5
 566 021d 49       		.byte	0x49
 567 021e 29010000 		.4byte	0x129
 568 0222 04       		.byte	0x4
 569 0223 09       		.uleb128 0x9
 570 0224 14000000 		.4byte	.LASF41
 571 0228 05       		.byte	0x5
 572 0229 4A       		.byte	0x4a
 573 022a 55010000 		.4byte	0x155
 574 022e 09       		.byte	0x9
 575 022f 00       		.byte	0
 576 0230 03       		.uleb128 0x3
 577 0231 63000000 		.4byte	.LASF42
 578 0235 05       		.byte	0x5
 579 0236 4B       		.byte	0x4b
 580 0237 EC010000 		.4byte	0x1ec
 581 023b 07       		.uleb128 0x7
 582 023c 03       		.byte	0x3
 583 023d 06       		.byte	0x6
 584 023e 13       		.byte	0x13
 585 023f 68020000 		.4byte	0x268
 586 0243 09       		.uleb128 0x9
 587 0244 86020000 		.4byte	.LASF43
 588 0248 06       		.byte	0x6
 589 0249 14       		.byte	0x14
ARM GAS  C:\Users\Javier\AppData\Local\Temp\cchQL9Vi.s 			page 14


 590 024a 81000000 		.4byte	0x81
 591 024e 00       		.byte	0
 592 024f 09       		.uleb128 0x9
 593 0250 E0030000 		.4byte	.LASF44
 594 0254 06       		.byte	0x6
 595 0255 15       		.byte	0x15
 596 0256 81000000 		.4byte	0x81
 597 025a 01       		.byte	0x1
 598 025b 09       		.uleb128 0x9
 599 025c 59000000 		.4byte	.LASF45
 600 0260 06       		.byte	0x6
 601 0261 16       		.byte	0x16
 602 0262 81000000 		.4byte	0x81
 603 0266 02       		.byte	0x2
 604 0267 00       		.byte	0
 605 0268 03       		.uleb128 0x3
 606 0269 28020000 		.4byte	.LASF46
 607 026d 06       		.byte	0x6
 608 026e 17       		.byte	0x17
 609 026f 3B020000 		.4byte	0x23b
 610 0273 07       		.uleb128 0x7
 611 0274 86       		.byte	0x86
 612 0275 07       		.byte	0x7
 613 0276 3F       		.byte	0x3f
 614 0277 D0020000 		.4byte	0x2d0
 615 027b 09       		.uleb128 0x9
 616 027c A2010000 		.4byte	.LASF47
 617 0280 07       		.byte	0x7
 618 0281 40       		.byte	0x40
 619 0282 81000000 		.4byte	0x81
 620 0286 00       		.byte	0
 621 0287 09       		.uleb128 0x9
 622 0288 42040000 		.4byte	.LASF48
 623 028c 07       		.byte	0x7
 624 028d 41       		.byte	0x41
 625 028e 81000000 		.4byte	0x81
 626 0292 01       		.byte	0x1
 627 0293 09       		.uleb128 0x9
 628 0294 B8010000 		.4byte	.LASF49
 629 0298 07       		.byte	0x7
 630 0299 42       		.byte	0x42
 631 029a 81000000 		.4byte	0x81
 632 029e 02       		.byte	0x2
 633 029f 09       		.uleb128 0x9
 634 02a0 6D000000 		.4byte	.LASF50
 635 02a4 07       		.byte	0x7
 636 02a5 43       		.byte	0x43
 637 02a6 81000000 		.4byte	0x81
 638 02aa 03       		.byte	0x3
 639 02ab 09       		.uleb128 0x9
 640 02ac 07040000 		.4byte	.LASF51
 641 02b0 07       		.byte	0x7
 642 02b1 44       		.byte	0x44
 643 02b2 81000000 		.4byte	0x81
 644 02b6 04       		.byte	0x4
 645 02b7 09       		.uleb128 0x9
 646 02b8 75010000 		.4byte	.LASF52
ARM GAS  C:\Users\Javier\AppData\Local\Temp\cchQL9Vi.s 			page 15


 647 02bc 07       		.byte	0x7
 648 02bd 45       		.byte	0x45
 649 02be 81000000 		.4byte	0x81
 650 02c2 05       		.byte	0x5
 651 02c3 09       		.uleb128 0x9
 652 02c4 F1030000 		.4byte	.LASF53
 653 02c8 07       		.byte	0x7
 654 02c9 46       		.byte	0x46
 655 02ca D0020000 		.4byte	0x2d0
 656 02ce 06       		.byte	0x6
 657 02cf 00       		.byte	0
 658 02d0 0A       		.uleb128 0xa
 659 02d1 BD000000 		.4byte	0xbd
 660 02d5 E6020000 		.4byte	0x2e6
 661 02d9 0B       		.uleb128 0xb
 662 02da C4000000 		.4byte	0xc4
 663 02de 07       		.byte	0x7
 664 02df 0B       		.uleb128 0xb
 665 02e0 C4000000 		.4byte	0xc4
 666 02e4 0F       		.byte	0xf
 667 02e5 00       		.byte	0
 668 02e6 03       		.uleb128 0x3
 669 02e7 AD000000 		.4byte	.LASF54
 670 02eb 07       		.byte	0x7
 671 02ec 47       		.byte	0x47
 672 02ed 73020000 		.4byte	0x273
 673 02f1 07       		.uleb128 0x7
 674 02f2 02       		.byte	0x2
 675 02f3 08       		.byte	0x8
 676 02f4 13       		.byte	0x13
 677 02f5 11030000 		.4byte	0x311
 678 02f9 08       		.uleb128 0x8
 679 02fa 706300   		.ascii	"pc\000"
 680 02fd 08       		.byte	0x8
 681 02fe 14       		.byte	0x14
 682 02ff 81000000 		.4byte	0x81
 683 0303 00       		.byte	0
 684 0304 09       		.uleb128 0x9
 685 0305 9C000000 		.4byte	.LASF55
 686 0309 08       		.byte	0x8
 687 030a 15       		.byte	0x15
 688 030b 81000000 		.4byte	0x81
 689 030f 01       		.byte	0x1
 690 0310 00       		.byte	0
 691 0311 03       		.uleb128 0x3
 692 0312 79030000 		.4byte	.LASF56
 693 0316 08       		.byte	0x8
 694 0317 16       		.byte	0x16
 695 0318 F1020000 		.4byte	0x2f1
 696 031c 07       		.uleb128 0x7
 697 031d 12       		.byte	0x12
 698 031e 08       		.byte	0x8
 699 031f 18       		.byte	0x18
 700 0320 49030000 		.4byte	0x349
 701 0324 09       		.uleb128 0x9
 702 0325 9C000000 		.4byte	.LASF55
 703 0329 08       		.byte	0x8
ARM GAS  C:\Users\Javier\AppData\Local\Temp\cchQL9Vi.s 			page 16


 704 032a 19       		.byte	0x19
 705 032b 81000000 		.4byte	0x81
 706 032f 00       		.byte	0
 707 0330 09       		.uleb128 0x9
 708 0331 6F030000 		.4byte	.LASF57
 709 0335 08       		.byte	0x8
 710 0336 1A       		.byte	0x1a
 711 0337 CB000000 		.4byte	0xcb
 712 033b 01       		.byte	0x1
 713 033c 09       		.uleb128 0x9
 714 033d 13030000 		.4byte	.LASF58
 715 0341 08       		.byte	0x8
 716 0342 1B       		.byte	0x1b
 717 0343 49030000 		.4byte	0x349
 718 0347 02       		.byte	0x2
 719 0348 00       		.byte	0
 720 0349 0A       		.uleb128 0xa
 721 034a 11030000 		.4byte	0x311
 722 034e 59030000 		.4byte	0x359
 723 0352 0B       		.uleb128 0xb
 724 0353 C4000000 		.4byte	0xc4
 725 0357 07       		.byte	0x7
 726 0358 00       		.byte	0
 727 0359 03       		.uleb128 0x3
 728 035a 00000000 		.4byte	.LASF59
 729 035e 08       		.byte	0x8
 730 035f 1C       		.byte	0x1c
 731 0360 1C030000 		.4byte	0x31c
 732 0364 07       		.uleb128 0x7
 733 0365 10       		.byte	0x10
 734 0366 08       		.byte	0x8
 735 0367 20       		.byte	0x20
 736 0368 85030000 		.4byte	0x385
 737 036c 09       		.uleb128 0x9
 738 036d C7030000 		.4byte	.LASF60
 739 0371 08       		.byte	0x8
 740 0372 21       		.byte	0x21
 741 0373 85030000 		.4byte	0x385
 742 0377 00       		.byte	0
 743 0378 08       		.uleb128 0x8
 744 0379 70747200 		.ascii	"ptr\000"
 745 037d 08       		.byte	0x8
 746 037e 22       		.byte	0x22
 747 037f 81000000 		.4byte	0x81
 748 0383 0F       		.byte	0xf
 749 0384 00       		.byte	0
 750 0385 0A       		.uleb128 0xa
 751 0386 BD000000 		.4byte	0xbd
 752 038a 95030000 		.4byte	0x395
 753 038e 0B       		.uleb128 0xb
 754 038f C4000000 		.4byte	0xc4
 755 0393 0E       		.byte	0xe
 756 0394 00       		.byte	0
 757 0395 03       		.uleb128 0x3
 758 0396 24040000 		.4byte	.LASF61
 759 039a 08       		.byte	0x8
 760 039b 23       		.byte	0x23
ARM GAS  C:\Users\Javier\AppData\Local\Temp\cchQL9Vi.s 			page 17


 761 039c 64030000 		.4byte	0x364
 762 03a0 0F       		.uleb128 0xf
 763 03a1 DA010000 		.4byte	.LASF62
 764 03a5 01       		.byte	0x1
 765 03a6 16       		.byte	0x16
 766 03a7 00000000 		.4byte	.LFB63
 767 03ab 02000000 		.4byte	.LFE63-.LFB63
 768 03af 01       		.uleb128 0x1
 769 03b0 9C       		.byte	0x9c
 770 03b1 0F       		.uleb128 0xf
 771 03b2 C2000000 		.4byte	.LASF63
 772 03b6 01       		.byte	0x1
 773 03b7 25       		.byte	0x25
 774 03b8 00000000 		.4byte	.LFB64
 775 03bc 02000000 		.4byte	.LFE64-.LFB64
 776 03c0 01       		.uleb128 0x1
 777 03c1 9C       		.byte	0x9c
 778 03c2 10       		.uleb128 0x10
 779 03c3 E4020000 		.4byte	.LASF64
 780 03c7 01       		.byte	0x1
 781 03c8 37       		.byte	0x37
 782 03c9 00000000 		.4byte	.LFB65
 783 03cd 84000000 		.4byte	.LFE65-.LFB65
 784 03d1 01       		.uleb128 0x1
 785 03d2 9C       		.byte	0x9c
 786 03d3 FE030000 		.4byte	0x3fe
 787 03d7 11       		.uleb128 0x11
 788 03d8 6900     		.ascii	"i\000"
 789 03da 01       		.byte	0x1
 790 03db 45       		.byte	0x45
 791 03dc 73000000 		.4byte	0x73
 792 03e0 00000000 		.4byte	.LLST0
 793 03e4 12       		.uleb128 0x12
 794 03e5 06000000 		.4byte	.LVL0
 795 03e9 A2050000 		.4byte	0x5a2
 796 03ed 13       		.uleb128 0x13
 797 03ee 62000000 		.4byte	.LVL11
 798 03f2 A9050000 		.4byte	0x5a9
 799 03f6 14       		.uleb128 0x14
 800 03f7 01       		.uleb128 0x1
 801 03f8 50       		.byte	0x50
 802 03f9 02       		.uleb128 0x2
 803 03fa 74       		.byte	0x74
 804 03fb 00       		.sleb128 0
 805 03fc 00       		.byte	0
 806 03fd 00       		.byte	0
 807 03fe 10       		.uleb128 0x10
 808 03ff FF020000 		.4byte	.LASF65
 809 0403 01       		.byte	0x1
 810 0404 66       		.byte	0x66
 811 0405 00000000 		.4byte	.LFB66
 812 0409 50000000 		.4byte	.LFE66-.LFB66
 813 040d 01       		.uleb128 0x1
 814 040e 9C       		.byte	0x9c
 815 040f C1040000 		.4byte	0x4c1
 816 0413 15       		.uleb128 0x15
 817 0414 32030000 		.4byte	.LASF66
ARM GAS  C:\Users\Javier\AppData\Local\Temp\cchQL9Vi.s 			page 18


 818 0418 01       		.byte	0x1
 819 0419 74       		.byte	0x74
 820 041a 81000000 		.4byte	0x81
 821 041e 4D000000 		.4byte	.LLST1
 822 0422 16       		.uleb128 0x16
 823 0423 16000000 		.4byte	.LBB2
 824 0427 2A000000 		.4byte	.LBE2-.LBB2
 825 042b 8E040000 		.4byte	0x48e
 826 042f 15       		.uleb128 0x15
 827 0430 CA020000 		.4byte	.LASF67
 828 0434 01       		.byte	0x1
 829 0435 86       		.byte	0x86
 830 0436 E1010000 		.4byte	0x1e1
 831 043a 6C000000 		.4byte	.LLST2
 832 043e 17       		.uleb128 0x17
 833 043f 1C000000 		.4byte	.LVL19
 834 0443 BE050000 		.4byte	0x5be
 835 0447 52040000 		.4byte	0x452
 836 044b 14       		.uleb128 0x14
 837 044c 01       		.uleb128 0x1
 838 044d 50       		.byte	0x50
 839 044e 02       		.uleb128 0x2
 840 044f 74       		.byte	0x74
 841 0450 00       		.sleb128 0
 842 0451 00       		.byte	0
 843 0452 17       		.uleb128 0x17
 844 0453 22000000 		.4byte	.LVL20
 845 0457 CF050000 		.4byte	0x5cf
 846 045b 69040000 		.4byte	0x469
 847 045f 14       		.uleb128 0x14
 848 0460 01       		.uleb128 0x1
 849 0461 50       		.byte	0x50
 850 0462 05       		.uleb128 0x5
 851 0463 03       		.byte	0x3
 852 0464 00000000 		.4byte	lcd
 853 0468 00       		.byte	0
 854 0469 17       		.uleb128 0x17
 855 046a 38000000 		.4byte	.LVL22
 856 046e DC050000 		.4byte	0x5dc
 857 0472 7D040000 		.4byte	0x47d
 858 0476 14       		.uleb128 0x14
 859 0477 01       		.uleb128 0x1
 860 0478 50       		.byte	0x50
 861 0479 02       		.uleb128 0x2
 862 047a 74       		.byte	0x74
 863 047b 00       		.sleb128 0
 864 047c 00       		.byte	0
 865 047d 13       		.uleb128 0x13
 866 047e 3E000000 		.4byte	.LVL23
 867 0482 F1050000 		.4byte	0x5f1
 868 0486 14       		.uleb128 0x14
 869 0487 01       		.uleb128 0x1
 870 0488 51       		.byte	0x51
 871 0489 02       		.uleb128 0x2
 872 048a 74       		.byte	0x74
 873 048b 00       		.sleb128 0
 874 048c 00       		.byte	0
ARM GAS  C:\Users\Javier\AppData\Local\Temp\cchQL9Vi.s 			page 19


 875 048d 00       		.byte	0
 876 048e 17       		.uleb128 0x17
 877 048f 08000000 		.4byte	.LVL14
 878 0493 07060000 		.4byte	0x607
 879 0497 A5040000 		.4byte	0x4a5
 880 049b 14       		.uleb128 0x14
 881 049c 01       		.uleb128 0x1
 882 049d 50       		.byte	0x50
 883 049e 05       		.uleb128 0x5
 884 049f 03       		.byte	0x3
 885 04a0 00000000 		.4byte	lcd
 886 04a4 00       		.byte	0
 887 04a5 12       		.uleb128 0x12
 888 04a6 0C000000 		.4byte	.LVL15
 889 04aa C2030000 		.4byte	0x3c2
 890 04ae 12       		.uleb128 0x12
 891 04af 10000000 		.4byte	.LVL16
 892 04b3 14060000 		.4byte	0x614
 893 04b7 12       		.uleb128 0x12
 894 04b8 14000000 		.4byte	.LVL17
 895 04bc 21060000 		.4byte	0x621
 896 04c0 00       		.byte	0
 897 04c1 18       		.uleb128 0x18
 898 04c2 76040000 		.4byte	.LASF68
 899 04c6 09       		.byte	0x9
 900 04c7 5506     		.2byte	0x655
 901 04c9 CD040000 		.4byte	0x4cd
 902 04cd 06       		.uleb128 0x6
 903 04ce 8C000000 		.4byte	0x8c
 904 04d2 19       		.uleb128 0x19
 905 04d3 83040000 		.4byte	.LASF69
 906 04d7 05       		.byte	0x5
 907 04d8 51       		.byte	0x51
 908 04d9 30020000 		.4byte	0x230
 909 04dd 05       		.uleb128 0x5
 910 04de 03       		.byte	0x3
 911 04df 00000000 		.4byte	normal_context
 912 04e3 19       		.uleb128 0x19
 913 04e4 5C030000 		.4byte	.LASF70
 914 04e8 05       		.byte	0x5
 915 04e9 52       		.byte	0x52
 916 04ea 30020000 		.4byte	0x230
 917 04ee 05       		.uleb128 0x5
 918 04ef 03       		.byte	0x3
 919 04f0 00000000 		.4byte	it_context
 920 04f4 19       		.uleb128 0x19
 921 04f5 AC020000 		.4byte	.LASF71
 922 04f9 05       		.byte	0x5
 923 04fa 54       		.byte	0x54
 924 04fb 05050000 		.4byte	0x505
 925 04ff 05       		.uleb128 0x5
 926 0500 03       		.byte	0x3
 927 0501 00000000 		.4byte	current_context
 928 0505 1A       		.uleb128 0x1a
 929 0506 04       		.byte	0x4
 930 0507 30020000 		.4byte	0x230
 931 050b 0A       		.uleb128 0xa
ARM GAS  C:\Users\Javier\AppData\Local\Temp\cchQL9Vi.s 			page 20


 932 050c 81000000 		.4byte	0x81
 933 0510 1B050000 		.4byte	0x51b
 934 0514 0B       		.uleb128 0xb
 935 0515 C4000000 		.4byte	0xc4
 936 0519 0F       		.byte	0xf
 937 051a 00       		.byte	0
 938 051b 19       		.uleb128 0x19
 939 051c 92000000 		.4byte	.LASF72
 940 0520 05       		.byte	0x5
 941 0521 56       		.byte	0x56
 942 0522 0B050000 		.4byte	0x50b
 943 0526 05       		.uleb128 0x5
 944 0527 03       		.byte	0x3
 945 0528 00000000 		.4byte	registers
 946 052c 0A       		.uleb128 0xa
 947 052d 81000000 		.4byte	0x81
 948 0531 3C050000 		.4byte	0x53c
 949 0535 0B       		.uleb128 0xb
 950 0536 C4000000 		.4byte	0xc4
 951 053a FF       		.byte	0xff
 952 053b 00       		.byte	0
 953 053c 1B       		.uleb128 0x1b
 954 053d 726F6D00 		.ascii	"rom\000"
 955 0541 05       		.byte	0x5
 956 0542 59       		.byte	0x59
 957 0543 2C050000 		.4byte	0x52c
 958 0547 05       		.uleb128 0x5
 959 0548 03       		.byte	0x3
 960 0549 00000000 		.4byte	rom
 961 054d 19       		.uleb128 0x19
 962 054e 92040000 		.4byte	.LASF73
 963 0552 06       		.byte	0x6
 964 0553 19       		.byte	0x19
 965 0554 68020000 		.4byte	0x268
 966 0558 05       		.uleb128 0x5
 967 0559 03       		.byte	0x3
 968 055a 00000000 		.4byte	via_state
 969 055e 1B       		.uleb128 0x1b
 970 055f 6C636400 		.ascii	"lcd\000"
 971 0563 0A       		.byte	0xa
 972 0564 12       		.byte	0x12
 973 0565 E6020000 		.4byte	0x2e6
 974 0569 05       		.uleb128 0x5
 975 056a 03       		.byte	0x3
 976 056b 00000000 		.4byte	lcd
 977 056f 19       		.uleb128 0x19
 978 0570 51030000 		.4byte	.LASF74
 979 0574 0A       		.byte	0xa
 980 0575 14       		.byte	0x14
 981 0576 CB000000 		.4byte	0xcb
 982 057a 05       		.uleb128 0x5
 983 057b 03       		.byte	0x3
 984 057c 00000000 		.4byte	lcd_update
 985 0580 19       		.uleb128 0x19
 986 0581 37030000 		.4byte	.LASF75
 987 0585 08       		.byte	0x8
 988 0586 1E       		.byte	0x1e
ARM GAS  C:\Users\Javier\AppData\Local\Temp\cchQL9Vi.s 			page 21


 989 0587 59030000 		.4byte	0x359
 990 058b 05       		.uleb128 0x5
 991 058c 03       		.byte	0x3
 992 058d 00000000 		.4byte	gnome_debug_state
 993 0591 19       		.uleb128 0x19
 994 0592 BC020000 		.4byte	.LASF76
 995 0596 08       		.byte	0x8
 996 0597 25       		.byte	0x25
 997 0598 95030000 		.4byte	0x395
 998 059c 05       		.uleb128 0x5
 999 059d 03       		.byte	0x3
 1000 059e 00000000 		.4byte	gnome_console
 1001 05a2 1C       		.uleb128 0x1c
 1002 05a3 B5030000 		.4byte	.LASF87
 1003 05a7 0B       		.byte	0xb
 1004 05a8 1F       		.byte	0x1f
 1005 05a9 1D       		.uleb128 0x1d
 1006 05aa 37000000 		.4byte	.LASF77
 1007 05ae 0B       		.byte	0xb
 1008 05af 23       		.byte	0x23
 1009 05b0 97000000 		.4byte	0x97
 1010 05b4 BE050000 		.4byte	0x5be
 1011 05b8 1E       		.uleb128 0x1e
 1012 05b9 A3000000 		.4byte	0xa3
 1013 05bd 00       		.byte	0
 1014 05be 1F       		.uleb128 0x1f
 1015 05bf 92020000 		.4byte	.LASF79
 1016 05c3 08       		.byte	0x8
 1017 05c4 28       		.byte	0x28
 1018 05c5 CF050000 		.4byte	0x5cf
 1019 05c9 1E       		.uleb128 0x1e
 1020 05ca 81000000 		.4byte	0x81
 1021 05ce 00       		.byte	0
 1022 05cf 20       		.uleb128 0x20
 1023 05d0 0F040000 		.4byte	.LASF81
 1024 05d4 0A       		.byte	0xa
 1025 05d5 17       		.byte	0x17
 1026 05d6 DC050000 		.4byte	0x5dc
 1027 05da 21       		.uleb128 0x21
 1028 05db 00       		.byte	0
 1029 05dc 1D       		.uleb128 0x1d
 1030 05dd 63010000 		.4byte	.LASF78
 1031 05e1 0C       		.byte	0xc
 1032 05e2 13       		.byte	0x13
 1033 05e3 E1010000 		.4byte	0x1e1
 1034 05e7 F1050000 		.4byte	0x5f1
 1035 05eb 1E       		.uleb128 0x1e
 1036 05ec 81000000 		.4byte	0x81
 1037 05f0 00       		.byte	0
 1038 05f1 1F       		.uleb128 0x1f
 1039 05f2 A3020000 		.4byte	.LASF80
 1040 05f6 0D       		.byte	0xd
 1041 05f7 12       		.byte	0x12
 1042 05f8 07060000 		.4byte	0x607
 1043 05fc 1E       		.uleb128 0x1e
 1044 05fd E1010000 		.4byte	0x1e1
 1045 0601 1E       		.uleb128 0x1e
ARM GAS  C:\Users\Javier\AppData\Local\Temp\cchQL9Vi.s 			page 22


 1046 0602 81000000 		.4byte	0x81
 1047 0606 00       		.byte	0
 1048 0607 20       		.uleb128 0x20
 1049 0608 F7010000 		.4byte	.LASF82
 1050 060c 0A       		.byte	0xa
 1051 060d 16       		.byte	0x16
 1052 060e 14060000 		.4byte	0x614
 1053 0612 21       		.uleb128 0x21
 1054 0613 00       		.byte	0
 1055 0614 20       		.uleb128 0x20
 1056 0615 4C040000 		.4byte	.LASF83
 1057 0619 08       		.byte	0x8
 1058 061a 27       		.byte	0x27
 1059 061b 21060000 		.4byte	0x621
 1060 061f 21       		.uleb128 0x21
 1061 0620 00       		.byte	0
 1062 0621 22       		.uleb128 0x22
 1063 0622 A7030000 		.4byte	.LASF88
 1064 0626 0E       		.byte	0xe
 1065 0627 10       		.byte	0x10
 1066 0628 21       		.uleb128 0x21
 1067 0629 00       		.byte	0
 1068 062a 00       		.byte	0
 1069              		.section	.debug_abbrev,"",%progbits
 1070              	.Ldebug_abbrev0:
 1071 0000 01       		.uleb128 0x1
 1072 0001 11       		.uleb128 0x11
 1073 0002 01       		.byte	0x1
 1074 0003 25       		.uleb128 0x25
 1075 0004 0E       		.uleb128 0xe
 1076 0005 13       		.uleb128 0x13
 1077 0006 0B       		.uleb128 0xb
 1078 0007 03       		.uleb128 0x3
 1079 0008 0E       		.uleb128 0xe
 1080 0009 1B       		.uleb128 0x1b
 1081 000a 0E       		.uleb128 0xe
 1082 000b 55       		.uleb128 0x55
 1083 000c 17       		.uleb128 0x17
 1084 000d 11       		.uleb128 0x11
 1085 000e 01       		.uleb128 0x1
 1086 000f 10       		.uleb128 0x10
 1087 0010 17       		.uleb128 0x17
 1088 0011 00       		.byte	0
 1089 0012 00       		.byte	0
 1090 0013 02       		.uleb128 0x2
 1091 0014 24       		.uleb128 0x24
 1092 0015 00       		.byte	0
 1093 0016 0B       		.uleb128 0xb
 1094 0017 0B       		.uleb128 0xb
 1095 0018 3E       		.uleb128 0x3e
 1096 0019 0B       		.uleb128 0xb
 1097 001a 03       		.uleb128 0x3
 1098 001b 0E       		.uleb128 0xe
 1099 001c 00       		.byte	0
 1100 001d 00       		.byte	0
 1101 001e 03       		.uleb128 0x3
 1102 001f 16       		.uleb128 0x16
ARM GAS  C:\Users\Javier\AppData\Local\Temp\cchQL9Vi.s 			page 23


 1103 0020 00       		.byte	0
 1104 0021 03       		.uleb128 0x3
 1105 0022 0E       		.uleb128 0xe
 1106 0023 3A       		.uleb128 0x3a
 1107 0024 0B       		.uleb128 0xb
 1108 0025 3B       		.uleb128 0x3b
 1109 0026 0B       		.uleb128 0xb
 1110 0027 49       		.uleb128 0x49
 1111 0028 13       		.uleb128 0x13
 1112 0029 00       		.byte	0
 1113 002a 00       		.byte	0
 1114 002b 04       		.uleb128 0x4
 1115 002c 24       		.uleb128 0x24
 1116 002d 00       		.byte	0
 1117 002e 0B       		.uleb128 0xb
 1118 002f 0B       		.uleb128 0xb
 1119 0030 3E       		.uleb128 0x3e
 1120 0031 0B       		.uleb128 0xb
 1121 0032 03       		.uleb128 0x3
 1122 0033 08       		.uleb128 0x8
 1123 0034 00       		.byte	0
 1124 0035 00       		.byte	0
 1125 0036 05       		.uleb128 0x5
 1126 0037 16       		.uleb128 0x16
 1127 0038 00       		.byte	0
 1128 0039 03       		.uleb128 0x3
 1129 003a 0E       		.uleb128 0xe
 1130 003b 3A       		.uleb128 0x3a
 1131 003c 0B       		.uleb128 0xb
 1132 003d 3B       		.uleb128 0x3b
 1133 003e 05       		.uleb128 0x5
 1134 003f 49       		.uleb128 0x49
 1135 0040 13       		.uleb128 0x13
 1136 0041 00       		.byte	0
 1137 0042 00       		.byte	0
 1138 0043 06       		.uleb128 0x6
 1139 0044 35       		.uleb128 0x35
 1140 0045 00       		.byte	0
 1141 0046 49       		.uleb128 0x49
 1142 0047 13       		.uleb128 0x13
 1143 0048 00       		.byte	0
 1144 0049 00       		.byte	0
 1145 004a 07       		.uleb128 0x7
 1146 004b 13       		.uleb128 0x13
 1147 004c 01       		.byte	0x1
 1148 004d 0B       		.uleb128 0xb
 1149 004e 0B       		.uleb128 0xb
 1150 004f 3A       		.uleb128 0x3a
 1151 0050 0B       		.uleb128 0xb
 1152 0051 3B       		.uleb128 0x3b
 1153 0052 0B       		.uleb128 0xb
 1154 0053 01       		.uleb128 0x1
 1155 0054 13       		.uleb128 0x13
 1156 0055 00       		.byte	0
 1157 0056 00       		.byte	0
 1158 0057 08       		.uleb128 0x8
 1159 0058 0D       		.uleb128 0xd
ARM GAS  C:\Users\Javier\AppData\Local\Temp\cchQL9Vi.s 			page 24


 1160 0059 00       		.byte	0
 1161 005a 03       		.uleb128 0x3
 1162 005b 08       		.uleb128 0x8
 1163 005c 3A       		.uleb128 0x3a
 1164 005d 0B       		.uleb128 0xb
 1165 005e 3B       		.uleb128 0x3b
 1166 005f 0B       		.uleb128 0xb
 1167 0060 49       		.uleb128 0x49
 1168 0061 13       		.uleb128 0x13
 1169 0062 38       		.uleb128 0x38
 1170 0063 0B       		.uleb128 0xb
 1171 0064 00       		.byte	0
 1172 0065 00       		.byte	0
 1173 0066 09       		.uleb128 0x9
 1174 0067 0D       		.uleb128 0xd
 1175 0068 00       		.byte	0
 1176 0069 03       		.uleb128 0x3
 1177 006a 0E       		.uleb128 0xe
 1178 006b 3A       		.uleb128 0x3a
 1179 006c 0B       		.uleb128 0xb
 1180 006d 3B       		.uleb128 0x3b
 1181 006e 0B       		.uleb128 0xb
 1182 006f 49       		.uleb128 0x49
 1183 0070 13       		.uleb128 0x13
 1184 0071 38       		.uleb128 0x38
 1185 0072 0B       		.uleb128 0xb
 1186 0073 00       		.byte	0
 1187 0074 00       		.byte	0
 1188 0075 0A       		.uleb128 0xa
 1189 0076 01       		.uleb128 0x1
 1190 0077 01       		.byte	0x1
 1191 0078 49       		.uleb128 0x49
 1192 0079 13       		.uleb128 0x13
 1193 007a 01       		.uleb128 0x1
 1194 007b 13       		.uleb128 0x13
 1195 007c 00       		.byte	0
 1196 007d 00       		.byte	0
 1197 007e 0B       		.uleb128 0xb
 1198 007f 21       		.uleb128 0x21
 1199 0080 00       		.byte	0
 1200 0081 49       		.uleb128 0x49
 1201 0082 13       		.uleb128 0x13
 1202 0083 2F       		.uleb128 0x2f
 1203 0084 0B       		.uleb128 0xb
 1204 0085 00       		.byte	0
 1205 0086 00       		.byte	0
 1206 0087 0C       		.uleb128 0xc
 1207 0088 04       		.uleb128 0x4
 1208 0089 01       		.byte	0x1
 1209 008a 0B       		.uleb128 0xb
 1210 008b 0B       		.uleb128 0xb
 1211 008c 3A       		.uleb128 0x3a
 1212 008d 0B       		.uleb128 0xb
 1213 008e 3B       		.uleb128 0x3b
 1214 008f 0B       		.uleb128 0xb
 1215 0090 01       		.uleb128 0x1
 1216 0091 13       		.uleb128 0x13
ARM GAS  C:\Users\Javier\AppData\Local\Temp\cchQL9Vi.s 			page 25


 1217 0092 00       		.byte	0
 1218 0093 00       		.byte	0
 1219 0094 0D       		.uleb128 0xd
 1220 0095 28       		.uleb128 0x28
 1221 0096 00       		.byte	0
 1222 0097 03       		.uleb128 0x3
 1223 0098 0E       		.uleb128 0xe
 1224 0099 1C       		.uleb128 0x1c
 1225 009a 0D       		.uleb128 0xd
 1226 009b 00       		.byte	0
 1227 009c 00       		.byte	0
 1228 009d 0E       		.uleb128 0xe
 1229 009e 28       		.uleb128 0x28
 1230 009f 00       		.byte	0
 1231 00a0 03       		.uleb128 0x3
 1232 00a1 08       		.uleb128 0x8
 1233 00a2 1C       		.uleb128 0x1c
 1234 00a3 0D       		.uleb128 0xd
 1235 00a4 00       		.byte	0
 1236 00a5 00       		.byte	0
 1237 00a6 0F       		.uleb128 0xf
 1238 00a7 2E       		.uleb128 0x2e
 1239 00a8 00       		.byte	0
 1240 00a9 3F       		.uleb128 0x3f
 1241 00aa 19       		.uleb128 0x19
 1242 00ab 03       		.uleb128 0x3
 1243 00ac 0E       		.uleb128 0xe
 1244 00ad 3A       		.uleb128 0x3a
 1245 00ae 0B       		.uleb128 0xb
 1246 00af 3B       		.uleb128 0x3b
 1247 00b0 0B       		.uleb128 0xb
 1248 00b1 11       		.uleb128 0x11
 1249 00b2 01       		.uleb128 0x1
 1250 00b3 12       		.uleb128 0x12
 1251 00b4 06       		.uleb128 0x6
 1252 00b5 40       		.uleb128 0x40
 1253 00b6 18       		.uleb128 0x18
 1254 00b7 9742     		.uleb128 0x2117
 1255 00b9 19       		.uleb128 0x19
 1256 00ba 00       		.byte	0
 1257 00bb 00       		.byte	0
 1258 00bc 10       		.uleb128 0x10
 1259 00bd 2E       		.uleb128 0x2e
 1260 00be 01       		.byte	0x1
 1261 00bf 3F       		.uleb128 0x3f
 1262 00c0 19       		.uleb128 0x19
 1263 00c1 03       		.uleb128 0x3
 1264 00c2 0E       		.uleb128 0xe
 1265 00c3 3A       		.uleb128 0x3a
 1266 00c4 0B       		.uleb128 0xb
 1267 00c5 3B       		.uleb128 0x3b
 1268 00c6 0B       		.uleb128 0xb
 1269 00c7 11       		.uleb128 0x11
 1270 00c8 01       		.uleb128 0x1
 1271 00c9 12       		.uleb128 0x12
 1272 00ca 06       		.uleb128 0x6
 1273 00cb 40       		.uleb128 0x40
ARM GAS  C:\Users\Javier\AppData\Local\Temp\cchQL9Vi.s 			page 26


 1274 00cc 18       		.uleb128 0x18
 1275 00cd 9742     		.uleb128 0x2117
 1276 00cf 19       		.uleb128 0x19
 1277 00d0 01       		.uleb128 0x1
 1278 00d1 13       		.uleb128 0x13
 1279 00d2 00       		.byte	0
 1280 00d3 00       		.byte	0
 1281 00d4 11       		.uleb128 0x11
 1282 00d5 34       		.uleb128 0x34
 1283 00d6 00       		.byte	0
 1284 00d7 03       		.uleb128 0x3
 1285 00d8 08       		.uleb128 0x8
 1286 00d9 3A       		.uleb128 0x3a
 1287 00da 0B       		.uleb128 0xb
 1288 00db 3B       		.uleb128 0x3b
 1289 00dc 0B       		.uleb128 0xb
 1290 00dd 49       		.uleb128 0x49
 1291 00de 13       		.uleb128 0x13
 1292 00df 02       		.uleb128 0x2
 1293 00e0 17       		.uleb128 0x17
 1294 00e1 00       		.byte	0
 1295 00e2 00       		.byte	0
 1296 00e3 12       		.uleb128 0x12
 1297 00e4 898201   		.uleb128 0x4109
 1298 00e7 00       		.byte	0
 1299 00e8 11       		.uleb128 0x11
 1300 00e9 01       		.uleb128 0x1
 1301 00ea 31       		.uleb128 0x31
 1302 00eb 13       		.uleb128 0x13
 1303 00ec 00       		.byte	0
 1304 00ed 00       		.byte	0
 1305 00ee 13       		.uleb128 0x13
 1306 00ef 898201   		.uleb128 0x4109
 1307 00f2 01       		.byte	0x1
 1308 00f3 11       		.uleb128 0x11
 1309 00f4 01       		.uleb128 0x1
 1310 00f5 31       		.uleb128 0x31
 1311 00f6 13       		.uleb128 0x13
 1312 00f7 00       		.byte	0
 1313 00f8 00       		.byte	0
 1314 00f9 14       		.uleb128 0x14
 1315 00fa 8A8201   		.uleb128 0x410a
 1316 00fd 00       		.byte	0
 1317 00fe 02       		.uleb128 0x2
 1318 00ff 18       		.uleb128 0x18
 1319 0100 9142     		.uleb128 0x2111
 1320 0102 18       		.uleb128 0x18
 1321 0103 00       		.byte	0
 1322 0104 00       		.byte	0
 1323 0105 15       		.uleb128 0x15
 1324 0106 34       		.uleb128 0x34
 1325 0107 00       		.byte	0
 1326 0108 03       		.uleb128 0x3
 1327 0109 0E       		.uleb128 0xe
 1328 010a 3A       		.uleb128 0x3a
 1329 010b 0B       		.uleb128 0xb
 1330 010c 3B       		.uleb128 0x3b
ARM GAS  C:\Users\Javier\AppData\Local\Temp\cchQL9Vi.s 			page 27


 1331 010d 0B       		.uleb128 0xb
 1332 010e 49       		.uleb128 0x49
 1333 010f 13       		.uleb128 0x13
 1334 0110 02       		.uleb128 0x2
 1335 0111 17       		.uleb128 0x17
 1336 0112 00       		.byte	0
 1337 0113 00       		.byte	0
 1338 0114 16       		.uleb128 0x16
 1339 0115 0B       		.uleb128 0xb
 1340 0116 01       		.byte	0x1
 1341 0117 11       		.uleb128 0x11
 1342 0118 01       		.uleb128 0x1
 1343 0119 12       		.uleb128 0x12
 1344 011a 06       		.uleb128 0x6
 1345 011b 01       		.uleb128 0x1
 1346 011c 13       		.uleb128 0x13
 1347 011d 00       		.byte	0
 1348 011e 00       		.byte	0
 1349 011f 17       		.uleb128 0x17
 1350 0120 898201   		.uleb128 0x4109
 1351 0123 01       		.byte	0x1
 1352 0124 11       		.uleb128 0x11
 1353 0125 01       		.uleb128 0x1
 1354 0126 31       		.uleb128 0x31
 1355 0127 13       		.uleb128 0x13
 1356 0128 01       		.uleb128 0x1
 1357 0129 13       		.uleb128 0x13
 1358 012a 00       		.byte	0
 1359 012b 00       		.byte	0
 1360 012c 18       		.uleb128 0x18
 1361 012d 34       		.uleb128 0x34
 1362 012e 00       		.byte	0
 1363 012f 03       		.uleb128 0x3
 1364 0130 0E       		.uleb128 0xe
 1365 0131 3A       		.uleb128 0x3a
 1366 0132 0B       		.uleb128 0xb
 1367 0133 3B       		.uleb128 0x3b
 1368 0134 05       		.uleb128 0x5
 1369 0135 49       		.uleb128 0x49
 1370 0136 13       		.uleb128 0x13
 1371 0137 3F       		.uleb128 0x3f
 1372 0138 19       		.uleb128 0x19
 1373 0139 3C       		.uleb128 0x3c
 1374 013a 19       		.uleb128 0x19
 1375 013b 00       		.byte	0
 1376 013c 00       		.byte	0
 1377 013d 19       		.uleb128 0x19
 1378 013e 34       		.uleb128 0x34
 1379 013f 00       		.byte	0
 1380 0140 03       		.uleb128 0x3
 1381 0141 0E       		.uleb128 0xe
 1382 0142 3A       		.uleb128 0x3a
 1383 0143 0B       		.uleb128 0xb
 1384 0144 3B       		.uleb128 0x3b
 1385 0145 0B       		.uleb128 0xb
 1386 0146 49       		.uleb128 0x49
 1387 0147 13       		.uleb128 0x13
ARM GAS  C:\Users\Javier\AppData\Local\Temp\cchQL9Vi.s 			page 28


 1388 0148 3F       		.uleb128 0x3f
 1389 0149 19       		.uleb128 0x19
 1390 014a 02       		.uleb128 0x2
 1391 014b 18       		.uleb128 0x18
 1392 014c 00       		.byte	0
 1393 014d 00       		.byte	0
 1394 014e 1A       		.uleb128 0x1a
 1395 014f 0F       		.uleb128 0xf
 1396 0150 00       		.byte	0
 1397 0151 0B       		.uleb128 0xb
 1398 0152 0B       		.uleb128 0xb
 1399 0153 49       		.uleb128 0x49
 1400 0154 13       		.uleb128 0x13
 1401 0155 00       		.byte	0
 1402 0156 00       		.byte	0
 1403 0157 1B       		.uleb128 0x1b
 1404 0158 34       		.uleb128 0x34
 1405 0159 00       		.byte	0
 1406 015a 03       		.uleb128 0x3
 1407 015b 08       		.uleb128 0x8
 1408 015c 3A       		.uleb128 0x3a
 1409 015d 0B       		.uleb128 0xb
 1410 015e 3B       		.uleb128 0x3b
 1411 015f 0B       		.uleb128 0xb
 1412 0160 49       		.uleb128 0x49
 1413 0161 13       		.uleb128 0x13
 1414 0162 3F       		.uleb128 0x3f
 1415 0163 19       		.uleb128 0x19
 1416 0164 02       		.uleb128 0x2
 1417 0165 18       		.uleb128 0x18
 1418 0166 00       		.byte	0
 1419 0167 00       		.byte	0
 1420 0168 1C       		.uleb128 0x1c
 1421 0169 2E       		.uleb128 0x2e
 1422 016a 00       		.byte	0
 1423 016b 3F       		.uleb128 0x3f
 1424 016c 19       		.uleb128 0x19
 1425 016d 03       		.uleb128 0x3
 1426 016e 0E       		.uleb128 0xe
 1427 016f 3A       		.uleb128 0x3a
 1428 0170 0B       		.uleb128 0xb
 1429 0171 3B       		.uleb128 0x3b
 1430 0172 0B       		.uleb128 0xb
 1431 0173 27       		.uleb128 0x27
 1432 0174 19       		.uleb128 0x19
 1433 0175 3C       		.uleb128 0x3c
 1434 0176 19       		.uleb128 0x19
 1435 0177 00       		.byte	0
 1436 0178 00       		.byte	0
 1437 0179 1D       		.uleb128 0x1d
 1438 017a 2E       		.uleb128 0x2e
 1439 017b 01       		.byte	0x1
 1440 017c 3F       		.uleb128 0x3f
 1441 017d 19       		.uleb128 0x19
 1442 017e 03       		.uleb128 0x3
 1443 017f 0E       		.uleb128 0xe
 1444 0180 3A       		.uleb128 0x3a
ARM GAS  C:\Users\Javier\AppData\Local\Temp\cchQL9Vi.s 			page 29


 1445 0181 0B       		.uleb128 0xb
 1446 0182 3B       		.uleb128 0x3b
 1447 0183 0B       		.uleb128 0xb
 1448 0184 27       		.uleb128 0x27
 1449 0185 19       		.uleb128 0x19
 1450 0186 49       		.uleb128 0x49
 1451 0187 13       		.uleb128 0x13
 1452 0188 3C       		.uleb128 0x3c
 1453 0189 19       		.uleb128 0x19
 1454 018a 01       		.uleb128 0x1
 1455 018b 13       		.uleb128 0x13
 1456 018c 00       		.byte	0
 1457 018d 00       		.byte	0
 1458 018e 1E       		.uleb128 0x1e
 1459 018f 05       		.uleb128 0x5
 1460 0190 00       		.byte	0
 1461 0191 49       		.uleb128 0x49
 1462 0192 13       		.uleb128 0x13
 1463 0193 00       		.byte	0
 1464 0194 00       		.byte	0
 1465 0195 1F       		.uleb128 0x1f
 1466 0196 2E       		.uleb128 0x2e
 1467 0197 01       		.byte	0x1
 1468 0198 3F       		.uleb128 0x3f
 1469 0199 19       		.uleb128 0x19
 1470 019a 03       		.uleb128 0x3
 1471 019b 0E       		.uleb128 0xe
 1472 019c 3A       		.uleb128 0x3a
 1473 019d 0B       		.uleb128 0xb
 1474 019e 3B       		.uleb128 0x3b
 1475 019f 0B       		.uleb128 0xb
 1476 01a0 27       		.uleb128 0x27
 1477 01a1 19       		.uleb128 0x19
 1478 01a2 3C       		.uleb128 0x3c
 1479 01a3 19       		.uleb128 0x19
 1480 01a4 01       		.uleb128 0x1
 1481 01a5 13       		.uleb128 0x13
 1482 01a6 00       		.byte	0
 1483 01a7 00       		.byte	0
 1484 01a8 20       		.uleb128 0x20
 1485 01a9 2E       		.uleb128 0x2e
 1486 01aa 01       		.byte	0x1
 1487 01ab 3F       		.uleb128 0x3f
 1488 01ac 19       		.uleb128 0x19
 1489 01ad 03       		.uleb128 0x3
 1490 01ae 0E       		.uleb128 0xe
 1491 01af 3A       		.uleb128 0x3a
 1492 01b0 0B       		.uleb128 0xb
 1493 01b1 3B       		.uleb128 0x3b
 1494 01b2 0B       		.uleb128 0xb
 1495 01b3 3C       		.uleb128 0x3c
 1496 01b4 19       		.uleb128 0x19
 1497 01b5 01       		.uleb128 0x1
 1498 01b6 13       		.uleb128 0x13
 1499 01b7 00       		.byte	0
 1500 01b8 00       		.byte	0
 1501 01b9 21       		.uleb128 0x21
ARM GAS  C:\Users\Javier\AppData\Local\Temp\cchQL9Vi.s 			page 30


 1502 01ba 18       		.uleb128 0x18
 1503 01bb 00       		.byte	0
 1504 01bc 00       		.byte	0
 1505 01bd 00       		.byte	0
 1506 01be 22       		.uleb128 0x22
 1507 01bf 2E       		.uleb128 0x2e
 1508 01c0 01       		.byte	0x1
 1509 01c1 3F       		.uleb128 0x3f
 1510 01c2 19       		.uleb128 0x19
 1511 01c3 03       		.uleb128 0x3
 1512 01c4 0E       		.uleb128 0xe
 1513 01c5 3A       		.uleb128 0x3a
 1514 01c6 0B       		.uleb128 0xb
 1515 01c7 3B       		.uleb128 0x3b
 1516 01c8 0B       		.uleb128 0xb
 1517 01c9 3C       		.uleb128 0x3c
 1518 01ca 19       		.uleb128 0x19
 1519 01cb 00       		.byte	0
 1520 01cc 00       		.byte	0
 1521 01cd 00       		.byte	0
 1522              		.section	.debug_loc,"",%progbits
 1523              	.Ldebug_loc0:
 1524              	.LLST0:
 1525 0000 18000000 		.4byte	.LVL1
 1526 0004 1A000000 		.4byte	.LVL2
 1527 0008 0200     		.2byte	0x2
 1528 000a 30       		.byte	0x30
 1529 000b 9F       		.byte	0x9f
 1530 000c 1A000000 		.4byte	.LVL2
 1531 0010 2C000000 		.4byte	.LVL4
 1532 0014 0100     		.2byte	0x1
 1533 0016 53       		.byte	0x53
 1534 0017 3C000000 		.4byte	.LVL5
 1535 001b 3E000000 		.4byte	.LVL6
 1536 001f 0200     		.2byte	0x2
 1537 0021 30       		.byte	0x30
 1538 0022 9F       		.byte	0x9f
 1539 0023 3E000000 		.4byte	.LVL6
 1540 0027 4E000000 		.4byte	.LVL8
 1541 002b 0100     		.2byte	0x1
 1542 002d 53       		.byte	0x53
 1543 002e 5A000000 		.4byte	.LVL9
 1544 0032 5C000000 		.4byte	.LVL10
 1545 0036 0200     		.2byte	0x2
 1546 0038 30       		.byte	0x30
 1547 0039 9F       		.byte	0x9f
 1548 003a 5C000000 		.4byte	.LVL10
 1549 003e 6E000000 		.4byte	.LVL13
 1550 0042 0100     		.2byte	0x1
 1551 0044 54       		.byte	0x54
 1552 0045 00000000 		.4byte	0
 1553 0049 00000000 		.4byte	0
 1554              	.LLST1:
 1555 004d 14000000 		.4byte	.LVL17
 1556 0051 16000000 		.4byte	.LVL18
 1557 0055 0200     		.2byte	0x2
 1558 0057 30       		.byte	0x30
ARM GAS  C:\Users\Javier\AppData\Local\Temp\cchQL9Vi.s 			page 31


 1559 0058 9F       		.byte	0x9f
 1560 0059 16000000 		.4byte	.LVL18
 1561 005d 50000000 		.4byte	.LFE66
 1562 0061 0100     		.2byte	0x1
 1563 0063 54       		.byte	0x54
 1564 0064 00000000 		.4byte	0
 1565 0068 00000000 		.4byte	0
 1566              	.LLST2:
 1567 006c 38000000 		.4byte	.LVL22
 1568 0070 3D000000 		.4byte	.LVL23-1
 1569 0074 0100     		.2byte	0x1
 1570 0076 50       		.byte	0x50
 1571 0077 00000000 		.4byte	0
 1572 007b 00000000 		.4byte	0
 1573              		.section	.debug_aranges,"",%progbits
 1574 0000 34000000 		.4byte	0x34
 1575 0004 0200     		.2byte	0x2
 1576 0006 00000000 		.4byte	.Ldebug_info0
 1577 000a 04       		.byte	0x4
 1578 000b 00       		.byte	0
 1579 000c 0000     		.2byte	0
 1580 000e 0000     		.2byte	0
 1581 0010 00000000 		.4byte	.LFB63
 1582 0014 02000000 		.4byte	.LFE63-.LFB63
 1583 0018 00000000 		.4byte	.LFB64
 1584 001c 02000000 		.4byte	.LFE64-.LFB64
 1585 0020 00000000 		.4byte	.LFB65
 1586 0024 84000000 		.4byte	.LFE65-.LFB65
 1587 0028 00000000 		.4byte	.LFB66
 1588 002c 50000000 		.4byte	.LFE66-.LFB66
 1589 0030 00000000 		.4byte	0
 1590 0034 00000000 		.4byte	0
 1591              		.section	.debug_ranges,"",%progbits
 1592              	.Ldebug_ranges0:
 1593 0000 00000000 		.4byte	.LFB63
 1594 0004 02000000 		.4byte	.LFE63
 1595 0008 00000000 		.4byte	.LFB64
 1596 000c 02000000 		.4byte	.LFE64
 1597 0010 00000000 		.4byte	.LFB65
 1598 0014 84000000 		.4byte	.LFE65
 1599 0018 00000000 		.4byte	.LFB66
 1600 001c 50000000 		.4byte	.LFE66
 1601 0020 00000000 		.4byte	0
 1602 0024 00000000 		.4byte	0
 1603              		.section	.debug_line,"",%progbits
 1604              	.Ldebug_line0:
 1605 0000 B1020000 		.section	.debug_str,"MS",%progbits,1
 1605      0200F201 
 1605      00000201 
 1605      FB0E0D00 
 1605      01010101 
 1606              	.LASF59:
 1607 0000 44656275 		.ascii	"Debug_state_typedef\000"
 1607      675F7374 
 1607      6174655F 
 1607      74797065 
 1607      64656600 
ARM GAS  C:\Users\Javier\AppData\Local\Temp\cchQL9Vi.s 			page 32


 1608              	.LASF41:
 1609 0014 696E645F 		.ascii	"ind_addr_reg\000"
 1609      61646472 
 1609      5F726567 
 1609      00
 1610              	.LASF25:
 1611 0021 736B6970 		.ascii	"skip_c\000"
 1611      5F6300
 1612              	.LASF22:
 1613 0028 696E645F 		.ascii	"ind_addr_reg_t\000"
 1613      61646472 
 1613      5F726567 
 1613      5F7400
 1614              	.LASF77:
 1615 0037 45455052 		.ascii	"EEPROM_ReadByte\000"
 1615      4F4D5F52 
 1615      65616442 
 1615      79746500 
 1616              	.LASF2:
 1617 0047 73686F72 		.ascii	"short int\000"
 1617      7420696E 
 1617      7400
 1618              	.LASF23:
 1619 0051 636C6561 		.ascii	"clear_c\000"
 1619      725F6300 
 1620              	.LASF45:
 1621 0059 706F7274 		.ascii	"port1_ptr\000"
 1621      315F7074 
 1621      7200
 1622              	.LASF42:
 1623 0063 636F6E74 		.ascii	"context_t\000"
 1623      6578745F 
 1623      7400
 1624              	.LASF50:
 1625 006d 64697370 		.ascii	"displayON\000"
 1625      6C61794F 
 1625      4E00
 1626              	.LASF26:
 1627 0077 736B6970 		.ascii	"skip_z\000"
 1627      5F7A00
 1628              	.LASF8:
 1629 007e 6C6F6E67 		.ascii	"long long int\000"
 1629      206C6F6E 
 1629      6720696E 
 1629      7400
 1630              	.LASF30:
 1631 008c 6164645F 		.ascii	"add_d\000"
 1631      6400
 1632              	.LASF72:
 1633 0092 72656769 		.ascii	"registers\000"
 1633      73746572 
 1633      7300
 1634              	.LASF55:
 1635 009c 61637469 		.ascii	"active\000"
 1635      766500
 1636              	.LASF85:
 1637 00a3 2E5C676E 		.ascii	".\\gnome.c\000"
ARM GAS  C:\Users\Javier\AppData\Local\Temp\cchQL9Vi.s 			page 33


 1637      6F6D652E 
 1637      6300
 1638              	.LASF54:
 1639 00ad 6932634C 		.ascii	"i2cLCD_HandleTypeDef\000"
 1639      43445F48 
 1639      616E646C 
 1639      65547970 
 1639      65446566 
 1640              	.LASF63:
 1641 00c2 676E6F6D 		.ascii	"gnome_assert_reset\000"
 1641      655F6173 
 1641      73657274 
 1641      5F726573 
 1641      657400
 1642              	.LASF84:
 1643 00d5 474E5520 		.ascii	"GNU C 4.9.3 20150303 (release) [ARM/embedded-4_9-br"
 1643      4320342E 
 1643      392E3320 
 1643      32303135 
 1643      30333033 
 1644 0108 616E6368 		.ascii	"anch revision 221220] -mcpu=cortex-m3 -mthumb -g -O"
 1644      20726576 
 1644      6973696F 
 1644      6E203232 
 1644      31323230 
 1645 013b 67202D66 		.ascii	"g -ffunction-sections -ffat-lto-objects\000"
 1645      66756E63 
 1645      74696F6E 
 1645      2D736563 
 1645      74696F6E 
 1646              	.LASF78:
 1647 0163 6465636F 		.ascii	"decodeInstruction\000"
 1647      6465496E 
 1647      73747275 
 1647      6374696F 
 1647      6E00
 1648              	.LASF52:
 1649 0175 6E756D62 		.ascii	"numberOfCustomChars\000"
 1649      65724F66 
 1649      43757374 
 1649      6F6D4368 
 1649      61727300 
 1650              	.LASF37:
 1651 0189 696E7374 		.ascii	"inst_enum\000"
 1651      5F656E75 
 1651      6D00
 1652              	.LASF14:
 1653 0193 75696E74 		.ascii	"uint16\000"
 1653      313600
 1654              	.LASF11:
 1655 019a 75696E74 		.ascii	"uint8_t\000"
 1655      385F7400 
 1656              	.LASF47:
 1657 01a2 64657641 		.ascii	"devAddress\000"
 1657      64647265 
 1657      737300
 1658              	.LASF13:
ARM GAS  C:\Users\Javier\AppData\Local\Temp\cchQL9Vi.s 			page 34


 1659 01ad 75696E74 		.ascii	"uint8\000"
 1659      3800
 1660              	.LASF27:
 1661 01b3 70757368 		.ascii	"push\000"
 1661      00
 1662              	.LASF49:
 1663 01b8 63757273 		.ascii	"cursorON\000"
 1663      6F724F4E 
 1663      00
 1664              	.LASF0:
 1665 01c1 7369676E 		.ascii	"signed char\000"
 1665      65642063 
 1665      68617200 
 1666              	.LASF34:
 1667 01cd 786F725F 		.ascii	"xor_rd\000"
 1667      726400
 1668              	.LASF15:
 1669 01d4 666C6F61 		.ascii	"float\000"
 1669      7400
 1670              	.LASF62:
 1671 01da 676E6F6D 		.ascii	"gnome_switch_clk\000"
 1671      655F7377 
 1671      69746368 
 1671      5F636C6B 
 1671      00
 1672              	.LASF38:
 1673 01eb 61636375 		.ascii	"accumulator\000"
 1673      6D756C61 
 1673      746F7200 
 1674              	.LASF82:
 1675 01f7 73657475 		.ascii	"setup_lcd\000"
 1675      705F6C63 
 1675      6400
 1676              	.LASF29:
 1677 0201 6C6F6164 		.ascii	"load_d\000"
 1677      5F6400
 1678              	.LASF9:
 1679 0208 6C6F6E67 		.ascii	"long long unsigned int\000"
 1679      206C6F6E 
 1679      6720756E 
 1679      7369676E 
 1679      65642069 
 1680              	.LASF31:
 1681 021f 73746F72 		.ascii	"store_rd\000"
 1681      655F7264 
 1681      00
 1682              	.LASF46:
 1683 0228 7669615F 		.ascii	"via_state_t\000"
 1683      73746174 
 1683      655F7400 
 1684              	.LASF86:
 1685 0234 433A5C55 		.ascii	"C:\\Users\\Javier\\Documents\\PSoC Creator\\gnome_w"
 1685      73657273 
 1685      5C4A6176 
 1685      6965725C 
 1685      446F6375 
 1686 0262 6F726B73 		.ascii	"orkspace\\gnome_template.cydsn\000"
ARM GAS  C:\Users\Javier\AppData\Local\Temp\cchQL9Vi.s 			page 35


 1686      70616365 
 1686      5C676E6F 
 1686      6D655F74 
 1686      656D706C 
 1687              	.LASF24:
 1688 0280 7365745F 		.ascii	"set_c\000"
 1688      6300
 1689              	.LASF43:
 1690 0286 636F6E66 		.ascii	"config_mask\000"
 1690      69675F6D 
 1690      61736B00 
 1691              	.LASF79:
 1692 0292 676E6F6D 		.ascii	"gnome_debug_loop\000"
 1692      655F6465 
 1692      6275675F 
 1692      6C6F6F70 
 1692      00
 1693              	.LASF80:
 1694 02a3 65786563 		.ascii	"exectute\000"
 1694      74757465 
 1694      00
 1695              	.LASF71:
 1696 02ac 63757272 		.ascii	"current_context\000"
 1696      656E745F 
 1696      636F6E74 
 1696      65787400 
 1697              	.LASF76:
 1698 02bc 676E6F6D 		.ascii	"gnome_console\000"
 1698      655F636F 
 1698      6E736F6C 
 1698      6500
 1699              	.LASF67:
 1700 02ca 696E7374 		.ascii	"inst\000"
 1700      00
 1701              	.LASF33:
 1702 02cf 6164645F 		.ascii	"add_rd\000"
 1702      726400
 1703              	.LASF1:
 1704 02d6 756E7369 		.ascii	"unsigned char\000"
 1704      676E6564 
 1704      20636861 
 1704      7200
 1705              	.LASF64:
 1706 02e4 676E6F6D 		.ascii	"gnome_power_on_reset\000"
 1706      655F706F 
 1706      7765725F 
 1706      6F6E5F72 
 1706      65736574 
 1707              	.LASF39:
 1708 02f9 666C6167 		.ascii	"flags\000"
 1708      7300
 1709              	.LASF65:
 1710 02ff 676E6F6D 		.ascii	"gnome_start\000"
 1710      655F7374 
 1710      61727400 
 1711              	.LASF36:
 1712 030b 6A6D705F 		.ascii	"jmp_add\000"
ARM GAS  C:\Users\Javier\AppData\Local\Temp\cchQL9Vi.s 			page 36


 1712      61646400 
 1713              	.LASF58:
 1714 0313 62726561 		.ascii	"breakpoints\000"
 1714      6B706F69 
 1714      6E747300 
 1715              	.LASF10:
 1716 031f 756E7369 		.ascii	"unsigned int\000"
 1716      676E6564 
 1716      20696E74 
 1716      00
 1717              	.LASF40:
 1718 032c 73746163 		.ascii	"stack\000"
 1718      6B00
 1719              	.LASF66:
 1720 0332 636F6465 		.ascii	"code\000"
 1720      00
 1721              	.LASF75:
 1722 0337 676E6F6D 		.ascii	"gnome_debug_state\000"
 1722      655F6465 
 1722      6275675F 
 1722      73746174 
 1722      6500
 1723              	.LASF32:
 1724 0349 6C6F6164 		.ascii	"load_rd\000"
 1724      5F726400 
 1725              	.LASF74:
 1726 0351 6C63645F 		.ascii	"lcd_update\000"
 1726      75706461 
 1726      746500
 1727              	.LASF70:
 1728 035c 69745F63 		.ascii	"it_context\000"
 1728      6F6E7465 
 1728      787400
 1729              	.LASF21:
 1730 0367 73746163 		.ascii	"stack_t\000"
 1730      6B5F7400 
 1731              	.LASF57:
 1732 036f 73746F70 		.ascii	"stop\000"
 1732      00
 1733              	.LASF17:
 1734 0374 63686172 		.ascii	"char\000"
 1734      00
 1735              	.LASF56:
 1736 0379 42726561 		.ascii	"Breakpoint_typedef\000"
 1736      6B706F69 
 1736      6E745F74 
 1736      79706564 
 1736      656600
 1737              	.LASF12:
 1738 038c 696E7433 		.ascii	"int32_t\000"
 1738      325F7400 
 1739              	.LASF3:
 1740 0394 73686F72 		.ascii	"short unsigned int\000"
 1740      7420756E 
 1740      7369676E 
 1740      65642069 
 1740      6E7400
ARM GAS  C:\Users\Javier\AppData\Local\Temp\cchQL9Vi.s 			page 37


 1741              	.LASF88:
 1742 03a7 676E6F6D 		.ascii	"gnome_it_init\000"
 1742      655F6974 
 1742      5F696E69 
 1742      7400
 1743              	.LASF87:
 1744 03b5 45455052 		.ascii	"EEPROM_Start\000"
 1744      4F4D5F53 
 1744      74617274 
 1744      00
 1745              	.LASF20:
 1746 03c2 64617461 		.ascii	"data\000"
 1746      00
 1747              	.LASF60:
 1748 03c7 62756666 		.ascii	"buffer\000"
 1748      657200
 1749              	.LASF7:
 1750 03ce 6C6F6E67 		.ascii	"long unsigned int\000"
 1750      20756E73 
 1750      69676E65 
 1750      6420696E 
 1750      7400
 1751              	.LASF44:
 1752 03e0 706F7274 		.ascii	"port0_ptr\000"
 1752      305F7074 
 1752      7200
 1753              	.LASF16:
 1754 03ea 646F7562 		.ascii	"double\000"
 1754      6C6500
 1755              	.LASF53:
 1756 03f1 63757374 		.ascii	"customCharIdentifiers\000"
 1756      6F6D4368 
 1756      61724964 
 1756      656E7469 
 1756      66696572 
 1757              	.LASF51:
 1758 0407 626C696E 		.ascii	"blinkON\000"
 1758      6B4F4E00 
 1759              	.LASF81:
 1760 040f 75706461 		.ascii	"update_lcd\000"
 1760      74655F6C 
 1760      636400
 1761              	.LASF5:
 1762 041a 5F5F696E 		.ascii	"__int32_t\000"
 1762      7433325F 
 1762      7400
 1763              	.LASF61:
 1764 0424 44656275 		.ascii	"Debug_console_typedef\000"
 1764      675F636F 
 1764      6E736F6C 
 1764      655F7479 
 1764      70656465 
 1765              	.LASF19:
 1766 043a 666C6167 		.ascii	"flags_t\000"
 1766      735F7400 
 1767              	.LASF48:
 1768 0442 6261636B 		.ascii	"backlight\000"
ARM GAS  C:\Users\Javier\AppData\Local\Temp\cchQL9Vi.s 			page 38


 1768      6C696768 
 1768      7400
 1769              	.LASF83:
 1770 044c 676E6F6D 		.ascii	"gnome_debug_init\000"
 1770      655F6465 
 1770      6275675F 
 1770      696E6974 
 1770      00
 1771              	.LASF18:
 1772 045d 73697A65 		.ascii	"sizetype\000"
 1772      74797065 
 1772      00
 1773              	.LASF28:
 1774 0466 6272616E 		.ascii	"branch\000"
 1774      636800
 1775              	.LASF6:
 1776 046d 6C6F6E67 		.ascii	"long int\000"
 1776      20696E74 
 1776      00
 1777              	.LASF68:
 1778 0476 49544D5F 		.ascii	"ITM_RxBuffer\000"
 1778      52784275 
 1778      66666572 
 1778      00
 1779              	.LASF69:
 1780 0483 6E6F726D 		.ascii	"normal_context\000"
 1780      616C5F63 
 1780      6F6E7465 
 1780      787400
 1781              	.LASF73:
 1782 0492 7669615F 		.ascii	"via_state\000"
 1782      73746174 
 1782      6500
 1783              	.LASF35:
 1784 049c 616E645F 		.ascii	"and_rd\000"
 1784      726400
 1785              	.LASF4:
 1786 04a3 5F5F7569 		.ascii	"__uint8_t\000"
 1786      6E74385F 
 1786      7400
 1787              		.ident	"GCC: (GNU Tools for ARM Embedded Processors) 4.9.3 20150303 (release) [ARM/embedded-4_9-br
